[0.010s] Invoking command in '/root/ws_moveit/build/robotiq_driver': CMAKE_PREFIX_PATH=/root/ws_moveit/install/serial:/root/ws_moveit/install/robotiq_hardware_tests:/root/ws_moveit/install/moveit2_tutorials:/root/ws_moveit/install/moveit_visual_tools:/root/ws_moveit/install/rviz_visual_tools:/root/ws_moveit/install/moveit_task_constructor_visualization:/root/ws_moveit/install/moveit_task_constructor_demo:/root/ws_moveit/install/moveit_task_constructor_capabilities:/root/ws_moveit/install/moveit_task_constructor_core:/root/ws_moveit/install/rviz_marker_tools:/root/ws_moveit/install/kortex_bringup:/root/ws_moveit/install/kinova_gen3_7dof_robotiq_2f_85_moveit_config:/root/ws_moveit/install/kinova_gen3_6dof_robotiq_2f_85_moveit_config:/root/ws_moveit/install/kortex_description:/root/ws_moveit/install/robotiq_description:/root/ws_moveit/install/robotiq_controllers:/root/ws_moveit/install/pilz_industrial_motion_planner_testutils:/root/ws_moveit/install/moveit_runtime:/root/ws_moveit/install/moveit:/root/ws_moveit/install/moveit_planners:/root/ws_moveit/install/pilz_industrial_motion_planner:/root/ws_moveit/install/pick_ik:/root/ws_moveit/install/my_robot:/root/ws_moveit/install/moveit_task_constructor_msgs:/root/ws_moveit/install/moveit_ros_control_interface:/root/ws_moveit/install/moveit_plugins:/root/ws_moveit/install/moveit_simple_controller_manager:/root/ws_moveit/install/moveit_setup_assistant:/root/ws_moveit/install/moveit_setup_srdf_plugins:/root/ws_moveit/install/moveit_setup_core_plugins:/root/ws_moveit/install/moveit_setup_controllers:/root/ws_moveit/install/moveit_setup_app_plugins:/root/ws_moveit/install/moveit_setup_framework:/root/ws_moveit/install/moveit_servo:/root/ws_moveit/install/moveit_ros:/root/ws_moveit/install/moveit_ros_visualization:/root/ws_moveit/install/moveit_py:/root/ws_moveit/install/moveit_hybrid_planning:/root/ws_moveit/install/moveit_ros_planning_interface:/root/ws_moveit/install/moveit_ros_benchmarks:/root/ws_moveit/install/moveit_ros_warehouse:/root/ws_moveit/install/moveit_ros_robot_interaction:/root/ws_moveit/install/moveit_ros_perception:/root/ws_moveit/install/moveit_resources_prbt_pg70_support:/root/ws_moveit/install/moveit_resources_prbt_moveit_config:/root/ws_moveit/install/moveit_ros_move_group:/root/ws_moveit/install/moveit_planners_ompl:/root/ws_moveit/install/moveit_kinematics:/root/ws_moveit/install/moveit_ros_planning:/root/ws_moveit/install/moveit_ros_occupancy_map_monitor:/root/ws_moveit/install/moveit_resources_prbt_support:/root/ws_moveit/install/moveit_resources_prbt_ikfast_manipulator_plugin:/root/ws_moveit/install/moveit_resources:/root/ws_moveit/install/moveit_resources_pr2_description:/root/ws_moveit/install/moveit_resources_panda_moveit_config:/root/ws_moveit/install/dual_arm_panda_moveit_config:/root/ws_moveit/install/moveit_resources_panda_description:/root/ws_moveit/install/moveit_resources_fanuc_moveit_config:/root/ws_moveit/install/moveit_resources_fanuc_description:/root/ws_moveit/install/moveit_planners_stomp:/root/ws_moveit/install/moveit_planners_chomp:/root/ws_moveit/install/chomp_motion_planner:/root/ws_moveit/install/moveit_core:/root/ws_moveit/install/moveit_msgs:/root/ws_moveit/install/moveit_common:/root/ws_moveit/install/kortex_driver:/root/ws_moveit/install/kortex_api:/root/ws_moveit/install/robotiq_driver:/root/ws_moveit/install/moveit_configs_utils:/opt/ros/humble /usr/bin/cmake /root/ws_moveit/src/ros2_robotiq_gripper/robotiq_driver -DCMAKE_INSTALL_PREFIX=/root/ws_moveit/install/robotiq_driver
[0.064s] -- The CXX compiler identification is GNU 11.4.0
[0.070s] -- Detecting CXX compiler ABI info
[0.143s] -- Detecting CXX compiler ABI info - done
[0.148s] -- Check for working CXX compiler: /usr/bin/c++ - skipped
[0.148s] -- Detecting CXX compile features
[0.148s] -- Detecting CXX compile features - done
[0.152s] -- Found ament_cmake: 1.3.9 (/opt/ros/humble/share/ament_cmake/cmake)
[0.261s] -- Found Python3: /usr/bin/python3 (found version "3.10.12") found components: Interpreter 
[0.352s] -- Found hardware_interface: 2.41.0 (/opt/ros/humble/share/hardware_interface/cmake)
[0.397s] -- Found rosidl_generator_c: 3.1.5 (/opt/ros/humble/share/rosidl_generator_c/cmake)
[0.404s] -- Found rosidl_adapter: 3.1.5 (/opt/ros/humble/share/rosidl_adapter/cmake)
[0.413s] -- Found rosidl_generator_cpp: 3.1.5 (/opt/ros/humble/share/rosidl_generator_cpp/cmake)
[0.427s] -- Using all available rosidl_typesupport_c: rosidl_typesupport_fastrtps_c;rosidl_typesupport_introspection_c
[0.450s] -- Using all available rosidl_typesupport_cpp: rosidl_typesupport_fastrtps_cpp;rosidl_typesupport_introspection_cpp
[0.967s] -- Found rmw_implementation_cmake: 6.1.2 (/opt/ros/humble/share/rmw_implementation_cmake/cmake)
[0.972s] -- Found rmw_fastrtps_cpp: 6.2.6 (/opt/ros/humble/share/rmw_fastrtps_cpp/cmake)
[1.004s] -- Found TinyXML2 via Config file: TinyXML2_DIR-NOTFOUND
[1.051s] -- Found OpenSSL: /usr/lib/x86_64-linux-gnu/libcrypto.so (found version "3.0.2")  
[1.053s] -- Found TinyXML2 via Config file: TinyXML2_DIR-NOTFOUND
[1.063s] -- Found FastRTPS: /opt/ros/humble/include  
[1.068s] -- Found TinyXML2 via Config file: TinyXML2_DIR-NOTFOUND
[1.074s] -- Found TinyXML2 via Config file: TinyXML2_DIR-NOTFOUND
[1.082s] -- Using RMW implementation 'rmw_fastrtps_cpp' as default
[1.096s] -- Looking for C++ include pthread.h
[1.163s] -- Looking for C++ include pthread.h - found
[1.164s] -- Performing Test CMAKE_HAVE_LIBC_PTHREAD
[1.236s] -- Performing Test CMAKE_HAVE_LIBC_PTHREAD - Success
[1.237s] -- Found Threads: TRUE  
[1.351s] -- Found serial: 1.2.1 (/root/ws_moveit/install/serial/share/serial/cmake)
[1.407s] -- Found ament_cmake_gtest: 1.3.9 (/opt/ros/humble/share/ament_cmake_gtest/cmake)
[1.410s] -- Found ament_cmake_gmock: 1.3.9 (/opt/ros/humble/share/ament_cmake_gmock/cmake)
[1.413s] -- Found ament_lint_auto: 0.12.11 (/opt/ros/humble/share/ament_lint_auto/cmake)
[1.417s] -- Found ros2_control_test_assets: 2.41.0 (/opt/ros/humble/share/ros2_control_test_assets/cmake)
[1.504s] -- Found gmock sources under '/opt/ros/humble/src/gmock_vendor': C++ tests using 'Google Mock' will be built
[1.538s] -- The C compiler identification is GNU 11.4.0
[1.542s] -- Detecting C compiler ABI info
[1.592s] -- Detecting C compiler ABI info - done
[1.597s] -- Check for working C compiler: /usr/bin/cc - skipped
[1.597s] -- Detecting C compile features
[1.598s] -- Detecting C compile features - done
[1.605s] -- Found gtest sources under '/opt/ros/humble/src/gtest_vendor': C++ tests using 'Google Test' will be built
[1.655s] -- Configuring done
[1.733s] -- Generating done
[1.736s] -- Build files have been written to: /root/ws_moveit/build/robotiq_driver
[1.744s] Invoked command in '/root/ws_moveit/build/robotiq_driver' returned '0': CMAKE_PREFIX_PATH=/root/ws_moveit/install/serial:/root/ws_moveit/install/robotiq_hardware_tests:/root/ws_moveit/install/moveit2_tutorials:/root/ws_moveit/install/moveit_visual_tools:/root/ws_moveit/install/rviz_visual_tools:/root/ws_moveit/install/moveit_task_constructor_visualization:/root/ws_moveit/install/moveit_task_constructor_demo:/root/ws_moveit/install/moveit_task_constructor_capabilities:/root/ws_moveit/install/moveit_task_constructor_core:/root/ws_moveit/install/rviz_marker_tools:/root/ws_moveit/install/kortex_bringup:/root/ws_moveit/install/kinova_gen3_7dof_robotiq_2f_85_moveit_config:/root/ws_moveit/install/kinova_gen3_6dof_robotiq_2f_85_moveit_config:/root/ws_moveit/install/kortex_description:/root/ws_moveit/install/robotiq_description:/root/ws_moveit/install/robotiq_controllers:/root/ws_moveit/install/pilz_industrial_motion_planner_testutils:/root/ws_moveit/install/moveit_runtime:/root/ws_moveit/install/moveit:/root/ws_moveit/install/moveit_planners:/root/ws_moveit/install/pilz_industrial_motion_planner:/root/ws_moveit/install/pick_ik:/root/ws_moveit/install/my_robot:/root/ws_moveit/install/moveit_task_constructor_msgs:/root/ws_moveit/install/moveit_ros_control_interface:/root/ws_moveit/install/moveit_plugins:/root/ws_moveit/install/moveit_simple_controller_manager:/root/ws_moveit/install/moveit_setup_assistant:/root/ws_moveit/install/moveit_setup_srdf_plugins:/root/ws_moveit/install/moveit_setup_core_plugins:/root/ws_moveit/install/moveit_setup_controllers:/root/ws_moveit/install/moveit_setup_app_plugins:/root/ws_moveit/install/moveit_setup_framework:/root/ws_moveit/install/moveit_servo:/root/ws_moveit/install/moveit_ros:/root/ws_moveit/install/moveit_ros_visualization:/root/ws_moveit/install/moveit_py:/root/ws_moveit/install/moveit_hybrid_planning:/root/ws_moveit/install/moveit_ros_planning_interface:/root/ws_moveit/install/moveit_ros_benchmarks:/root/ws_moveit/install/moveit_ros_warehouse:/root/ws_moveit/install/moveit_ros_robot_interaction:/root/ws_moveit/install/moveit_ros_perception:/root/ws_moveit/install/moveit_resources_prbt_pg70_support:/root/ws_moveit/install/moveit_resources_prbt_moveit_config:/root/ws_moveit/install/moveit_ros_move_group:/root/ws_moveit/install/moveit_planners_ompl:/root/ws_moveit/install/moveit_kinematics:/root/ws_moveit/install/moveit_ros_planning:/root/ws_moveit/install/moveit_ros_occupancy_map_monitor:/root/ws_moveit/install/moveit_resources_prbt_support:/root/ws_moveit/install/moveit_resources_prbt_ikfast_manipulator_plugin:/root/ws_moveit/install/moveit_resources:/root/ws_moveit/install/moveit_resources_pr2_description:/root/ws_moveit/install/moveit_resources_panda_moveit_config:/root/ws_moveit/install/dual_arm_panda_moveit_config:/root/ws_moveit/install/moveit_resources_panda_description:/root/ws_moveit/install/moveit_resources_fanuc_moveit_config:/root/ws_moveit/install/moveit_resources_fanuc_description:/root/ws_moveit/install/moveit_planners_stomp:/root/ws_moveit/install/moveit_planners_chomp:/root/ws_moveit/install/chomp_motion_planner:/root/ws_moveit/install/moveit_core:/root/ws_moveit/install/moveit_msgs:/root/ws_moveit/install/moveit_common:/root/ws_moveit/install/kortex_driver:/root/ws_moveit/install/kortex_api:/root/ws_moveit/install/robotiq_driver:/root/ws_moveit/install/moveit_configs_utils:/opt/ros/humble /usr/bin/cmake /root/ws_moveit/src/ros2_robotiq_gripper/robotiq_driver -DCMAKE_INSTALL_PREFIX=/root/ws_moveit/install/robotiq_driver
[1.745s] Invoking command in '/root/ws_moveit/build/robotiq_driver': CMAKE_PREFIX_PATH=/root/ws_moveit/install/serial:/root/ws_moveit/install/robotiq_hardware_tests:/root/ws_moveit/install/moveit2_tutorials:/root/ws_moveit/install/moveit_visual_tools:/root/ws_moveit/install/rviz_visual_tools:/root/ws_moveit/install/moveit_task_constructor_visualization:/root/ws_moveit/install/moveit_task_constructor_demo:/root/ws_moveit/install/moveit_task_constructor_capabilities:/root/ws_moveit/install/moveit_task_constructor_core:/root/ws_moveit/install/rviz_marker_tools:/root/ws_moveit/install/kortex_bringup:/root/ws_moveit/install/kinova_gen3_7dof_robotiq_2f_85_moveit_config:/root/ws_moveit/install/kinova_gen3_6dof_robotiq_2f_85_moveit_config:/root/ws_moveit/install/kortex_description:/root/ws_moveit/install/robotiq_description:/root/ws_moveit/install/robotiq_controllers:/root/ws_moveit/install/pilz_industrial_motion_planner_testutils:/root/ws_moveit/install/moveit_runtime:/root/ws_moveit/install/moveit:/root/ws_moveit/install/moveit_planners:/root/ws_moveit/install/pilz_industrial_motion_planner:/root/ws_moveit/install/pick_ik:/root/ws_moveit/install/my_robot:/root/ws_moveit/install/moveit_task_constructor_msgs:/root/ws_moveit/install/moveit_ros_control_interface:/root/ws_moveit/install/moveit_plugins:/root/ws_moveit/install/moveit_simple_controller_manager:/root/ws_moveit/install/moveit_setup_assistant:/root/ws_moveit/install/moveit_setup_srdf_plugins:/root/ws_moveit/install/moveit_setup_core_plugins:/root/ws_moveit/install/moveit_setup_controllers:/root/ws_moveit/install/moveit_setup_app_plugins:/root/ws_moveit/install/moveit_setup_framework:/root/ws_moveit/install/moveit_servo:/root/ws_moveit/install/moveit_ros:/root/ws_moveit/install/moveit_ros_visualization:/root/ws_moveit/install/moveit_py:/root/ws_moveit/install/moveit_hybrid_planning:/root/ws_moveit/install/moveit_ros_planning_interface:/root/ws_moveit/install/moveit_ros_benchmarks:/root/ws_moveit/install/moveit_ros_warehouse:/root/ws_moveit/install/moveit_ros_robot_interaction:/root/ws_moveit/install/moveit_ros_perception:/root/ws_moveit/install/moveit_resources_prbt_pg70_support:/root/ws_moveit/install/moveit_resources_prbt_moveit_config:/root/ws_moveit/install/moveit_ros_move_group:/root/ws_moveit/install/moveit_planners_ompl:/root/ws_moveit/install/moveit_kinematics:/root/ws_moveit/install/moveit_ros_planning:/root/ws_moveit/install/moveit_ros_occupancy_map_monitor:/root/ws_moveit/install/moveit_resources_prbt_support:/root/ws_moveit/install/moveit_resources_prbt_ikfast_manipulator_plugin:/root/ws_moveit/install/moveit_resources:/root/ws_moveit/install/moveit_resources_pr2_description:/root/ws_moveit/install/moveit_resources_panda_moveit_config:/root/ws_moveit/install/dual_arm_panda_moveit_config:/root/ws_moveit/install/moveit_resources_panda_description:/root/ws_moveit/install/moveit_resources_fanuc_moveit_config:/root/ws_moveit/install/moveit_resources_fanuc_description:/root/ws_moveit/install/moveit_planners_stomp:/root/ws_moveit/install/moveit_planners_chomp:/root/ws_moveit/install/chomp_motion_planner:/root/ws_moveit/install/moveit_core:/root/ws_moveit/install/moveit_msgs:/root/ws_moveit/install/moveit_common:/root/ws_moveit/install/kortex_driver:/root/ws_moveit/install/kortex_api:/root/ws_moveit/install/robotiq_driver:/root/ws_moveit/install/moveit_configs_utils:/opt/ros/humble /usr/bin/cmake --build /root/ws_moveit/build/robotiq_driver -- -j20 -l20
[1.791s] [  4%] [32mBuilding CXX object CMakeFiles/robotiq_driver.dir/src/data_utils.cpp.o[0m
[1.791s] [  8%] [32mBuilding CXX object CMakeFiles/robotiq_driver.dir/src/default_driver.cpp.o[0m
[1.791s] [ 16%] [32mBuilding CXX object CMakeFiles/robotiq_driver.dir/src/default_driver_factory.cpp.o[0m
[1.791s] [ 16%] [32mBuilding CXX object CMakeFiles/robotiq_driver.dir/src/fake/fake_driver.cpp.o[0m
[1.791s] [ 25%] [32mBuilding CXX object CMakeFiles/robotiq_driver.dir/src/hardware_interface.cpp.o[0m
[1.791s] [ 25%] [32mBuilding CXX object CMakeFiles/robotiq_driver.dir/src/default_serial_factory.cpp.o[0m
[1.791s] [ 29%] [32mBuilding CXX object gmock/CMakeFiles/gmock_main.dir/src/gmock_main.cc.o[0m
[1.791s] [ 33%] [32mBuilding CXX object CMakeFiles/robotiq_driver.dir/src/default_serial.cpp.o[0m
[1.791s] [ 37%] [32mBuilding CXX object gmock/CMakeFiles/gmock.dir/opt/ros/humble/src/gtest_vendor/src/gtest-all.cc.o[0m
[1.792s] [ 41%] [32mBuilding CXX object gmock/CMakeFiles/gmock.dir/src/gmock-all.cc.o[0m
[1.792s] [ 45%] [32mBuilding CXX object CMakeFiles/robotiq_driver.dir/src/crc_utils.cpp.o[0m
[3.117s] [ 50%] [32m[1mLinking CXX static library libgmock_main.a[0m
[3.184s] [ 50%] Built target gmock_main
[4.500s] [ 54%] [32m[1mLinking CXX static library libgmock.a[0m
[4.576s] [ 54%] Built target gmock
[5.509s] [ 58%] [32m[1mLinking CXX shared library librobotiq_driver.so[0m
[5.659s] [ 58%] Built target robotiq_driver
[5.680s] [ 62%] [32mBuilding CXX object tests/CMakeFiles/test_data_utils.dir/test_data_utils.cpp.o[0m
[5.680s] [ 70%] [32mBuilding CXX object tests/CMakeFiles/test_default_serial_factory.dir/test_default_serial_factory.cpp.o[0m
[5.680s] [ 70%] [32mBuilding CXX object tests/CMakeFiles/test_default_driver_factory.dir/test_default_driver_factory.cpp.o[0m
[5.681s] [ 75%] [32mBuilding CXX object tests/CMakeFiles/test_robotiq_gripper_hardware_interface.dir/test_robotiq_gripper_hardware_interface.cpp.o[0m
[5.681s] [ 79%] [32mBuilding CXX object tests/CMakeFiles/test_crc_utils.dir/test_crc_utils.cpp.o[0m
[6.689s] [ 83%] [32m[1mLinking CXX executable test_crc_utils[0m
[6.901s] [ 87%] [32m[1mLinking CXX executable test_data_utils[0m
[7.099s] [ 87%] Built target test_crc_utils
[7.165s] [ 87%] Built target test_data_utils
[8.091s] [ 91%] [32m[1mLinking CXX executable test_default_serial_factory[0m
[8.351s] [ 91%] Built target test_default_serial_factory
[9.075s] [ 95%] [32m[1mLinking CXX executable test_robotiq_gripper_hardware_interface[0m
[9.278s] [ 95%] Built target test_robotiq_gripper_hardware_interface
[9.353s] [100%] [32m[1mLinking CXX executable test_default_driver_factory[0m
[9.612s] [100%] Built target test_default_driver_factory
[9.628s] Invoked command in '/root/ws_moveit/build/robotiq_driver' returned '0': CMAKE_PREFIX_PATH=/root/ws_moveit/install/serial:/root/ws_moveit/install/robotiq_hardware_tests:/root/ws_moveit/install/moveit2_tutorials:/root/ws_moveit/install/moveit_visual_tools:/root/ws_moveit/install/rviz_visual_tools:/root/ws_moveit/install/moveit_task_constructor_visualization:/root/ws_moveit/install/moveit_task_constructor_demo:/root/ws_moveit/install/moveit_task_constructor_capabilities:/root/ws_moveit/install/moveit_task_constructor_core:/root/ws_moveit/install/rviz_marker_tools:/root/ws_moveit/install/kortex_bringup:/root/ws_moveit/install/kinova_gen3_7dof_robotiq_2f_85_moveit_config:/root/ws_moveit/install/kinova_gen3_6dof_robotiq_2f_85_moveit_config:/root/ws_moveit/install/kortex_description:/root/ws_moveit/install/robotiq_description:/root/ws_moveit/install/robotiq_controllers:/root/ws_moveit/install/pilz_industrial_motion_planner_testutils:/root/ws_moveit/install/moveit_runtime:/root/ws_moveit/install/moveit:/root/ws_moveit/install/moveit_planners:/root/ws_moveit/install/pilz_industrial_motion_planner:/root/ws_moveit/install/pick_ik:/root/ws_moveit/install/my_robot:/root/ws_moveit/install/moveit_task_constructor_msgs:/root/ws_moveit/install/moveit_ros_control_interface:/root/ws_moveit/install/moveit_plugins:/root/ws_moveit/install/moveit_simple_controller_manager:/root/ws_moveit/install/moveit_setup_assistant:/root/ws_moveit/install/moveit_setup_srdf_plugins:/root/ws_moveit/install/moveit_setup_core_plugins:/root/ws_moveit/install/moveit_setup_controllers:/root/ws_moveit/install/moveit_setup_app_plugins:/root/ws_moveit/install/moveit_setup_framework:/root/ws_moveit/install/moveit_servo:/root/ws_moveit/install/moveit_ros:/root/ws_moveit/install/moveit_ros_visualization:/root/ws_moveit/install/moveit_py:/root/ws_moveit/install/moveit_hybrid_planning:/root/ws_moveit/install/moveit_ros_planning_interface:/root/ws_moveit/install/moveit_ros_benchmarks:/root/ws_moveit/install/moveit_ros_warehouse:/root/ws_moveit/install/moveit_ros_robot_interaction:/root/ws_moveit/install/moveit_ros_perception:/root/ws_moveit/install/moveit_resources_prbt_pg70_support:/root/ws_moveit/install/moveit_resources_prbt_moveit_config:/root/ws_moveit/install/moveit_ros_move_group:/root/ws_moveit/install/moveit_planners_ompl:/root/ws_moveit/install/moveit_kinematics:/root/ws_moveit/install/moveit_ros_planning:/root/ws_moveit/install/moveit_ros_occupancy_map_monitor:/root/ws_moveit/install/moveit_resources_prbt_support:/root/ws_moveit/install/moveit_resources_prbt_ikfast_manipulator_plugin:/root/ws_moveit/install/moveit_resources:/root/ws_moveit/install/moveit_resources_pr2_description:/root/ws_moveit/install/moveit_resources_panda_moveit_config:/root/ws_moveit/install/dual_arm_panda_moveit_config:/root/ws_moveit/install/moveit_resources_panda_description:/root/ws_moveit/install/moveit_resources_fanuc_moveit_config:/root/ws_moveit/install/moveit_resources_fanuc_description:/root/ws_moveit/install/moveit_planners_stomp:/root/ws_moveit/install/moveit_planners_chomp:/root/ws_moveit/install/chomp_motion_planner:/root/ws_moveit/install/moveit_core:/root/ws_moveit/install/moveit_msgs:/root/ws_moveit/install/moveit_common:/root/ws_moveit/install/kortex_driver:/root/ws_moveit/install/kortex_api:/root/ws_moveit/install/robotiq_driver:/root/ws_moveit/install/moveit_configs_utils:/opt/ros/humble /usr/bin/cmake --build /root/ws_moveit/build/robotiq_driver -- -j20 -l20
[9.769s] Invoking command in '/root/ws_moveit/build/robotiq_driver': CMAKE_PREFIX_PATH=/root/ws_moveit/install/serial:/root/ws_moveit/install/robotiq_hardware_tests:/root/ws_moveit/install/moveit2_tutorials:/root/ws_moveit/install/moveit_visual_tools:/root/ws_moveit/install/rviz_visual_tools:/root/ws_moveit/install/moveit_task_constructor_visualization:/root/ws_moveit/install/moveit_task_constructor_demo:/root/ws_moveit/install/moveit_task_constructor_capabilities:/root/ws_moveit/install/moveit_task_constructor_core:/root/ws_moveit/install/rviz_marker_tools:/root/ws_moveit/install/kortex_bringup:/root/ws_moveit/install/kinova_gen3_7dof_robotiq_2f_85_moveit_config:/root/ws_moveit/install/kinova_gen3_6dof_robotiq_2f_85_moveit_config:/root/ws_moveit/install/kortex_description:/root/ws_moveit/install/robotiq_description:/root/ws_moveit/install/robotiq_controllers:/root/ws_moveit/install/pilz_industrial_motion_planner_testutils:/root/ws_moveit/install/moveit_runtime:/root/ws_moveit/install/moveit:/root/ws_moveit/install/moveit_planners:/root/ws_moveit/install/pilz_industrial_motion_planner:/root/ws_moveit/install/pick_ik:/root/ws_moveit/install/my_robot:/root/ws_moveit/install/moveit_task_constructor_msgs:/root/ws_moveit/install/moveit_ros_control_interface:/root/ws_moveit/install/moveit_plugins:/root/ws_moveit/install/moveit_simple_controller_manager:/root/ws_moveit/install/moveit_setup_assistant:/root/ws_moveit/install/moveit_setup_srdf_plugins:/root/ws_moveit/install/moveit_setup_core_plugins:/root/ws_moveit/install/moveit_setup_controllers:/root/ws_moveit/install/moveit_setup_app_plugins:/root/ws_moveit/install/moveit_setup_framework:/root/ws_moveit/install/moveit_servo:/root/ws_moveit/install/moveit_ros:/root/ws_moveit/install/moveit_ros_visualization:/root/ws_moveit/install/moveit_py:/root/ws_moveit/install/moveit_hybrid_planning:/root/ws_moveit/install/moveit_ros_planning_interface:/root/ws_moveit/install/moveit_ros_benchmarks:/root/ws_moveit/install/moveit_ros_warehouse:/root/ws_moveit/install/moveit_ros_robot_interaction:/root/ws_moveit/install/moveit_ros_perception:/root/ws_moveit/install/moveit_resources_prbt_pg70_support:/root/ws_moveit/install/moveit_resources_prbt_moveit_config:/root/ws_moveit/install/moveit_ros_move_group:/root/ws_moveit/install/moveit_planners_ompl:/root/ws_moveit/install/moveit_kinematics:/root/ws_moveit/install/moveit_ros_planning:/root/ws_moveit/install/moveit_ros_occupancy_map_monitor:/root/ws_moveit/install/moveit_resources_prbt_support:/root/ws_moveit/install/moveit_resources_prbt_ikfast_manipulator_plugin:/root/ws_moveit/install/moveit_resources:/root/ws_moveit/install/moveit_resources_pr2_description:/root/ws_moveit/install/moveit_resources_panda_moveit_config:/root/ws_moveit/install/dual_arm_panda_moveit_config:/root/ws_moveit/install/moveit_resources_panda_description:/root/ws_moveit/install/moveit_resources_fanuc_moveit_config:/root/ws_moveit/install/moveit_resources_fanuc_description:/root/ws_moveit/install/moveit_planners_stomp:/root/ws_moveit/install/moveit_planners_chomp:/root/ws_moveit/install/chomp_motion_planner:/root/ws_moveit/install/moveit_core:/root/ws_moveit/install/moveit_msgs:/root/ws_moveit/install/moveit_common:/root/ws_moveit/install/kortex_driver:/root/ws_moveit/install/kortex_api:/root/ws_moveit/install/robotiq_driver:/root/ws_moveit/install/moveit_configs_utils:/opt/ros/humble /usr/bin/cmake --install /root/ws_moveit/build/robotiq_driver
[9.775s] -- Install configuration: ""
[9.775s] -- Installing: /root/ws_moveit/install/robotiq_driver/share/robotiq_driver/hardware_interface_plugin.xml
[9.785s] -- Installing: /root/ws_moveit/install/robotiq_driver/share/robotiq_driver/environment/library_path.sh
[9.785s] -- Installing: /root/ws_moveit/install/robotiq_driver/share/robotiq_driver/environment/library_path.dsv
[9.785s] -- Installing: /root/ws_moveit/install/robotiq_driver/include
[9.785s] -- Installing: /root/ws_moveit/install/robotiq_driver/include/robotiq_driver
[9.785s] -- Installing: /root/ws_moveit/install/robotiq_driver/include/robotiq_driver/default_serial_factory.hpp
[9.785s] -- Installing: /root/ws_moveit/install/robotiq_driver/include/robotiq_driver/serial_factory.hpp
[9.785s] -- Installing: /root/ws_moveit/install/robotiq_driver/include/robotiq_driver/default_driver_factory.hpp
[9.785s] -- Installing: /root/ws_moveit/install/robotiq_driver/include/robotiq_driver/driver_factory.hpp
[9.785s] -- Installing: /root/ws_moveit/install/robotiq_driver/include/robotiq_driver/visibility_control.hpp
[9.785s] -- Installing: /root/ws_moveit/install/robotiq_driver/include/robotiq_driver/driver.hpp
[9.785s] -- Installing: /root/ws_moveit/install/robotiq_driver/include/robotiq_driver/serial.hpp
[9.786s] -- Installing: /root/ws_moveit/install/robotiq_driver/include/robotiq_driver/hardware_interface.hpp
[9.786s] -- Installing: /root/ws_moveit/install/robotiq_driver/include/robotiq_driver/default_driver.hpp
[9.786s] -- Installing: /root/ws_moveit/install/robotiq_driver/include/robotiq_driver/default_serial.hpp
[9.786s] -- Installing: /root/ws_moveit/install/robotiq_driver/include/robotiq_driver/fake
[9.786s] -- Installing: /root/ws_moveit/install/robotiq_driver/include/robotiq_driver/fake/fake_driver.hpp
[9.786s] -- Installing: /root/ws_moveit/install/robotiq_driver/include/robotiq_driver/data_utils.hpp
[9.786s] -- Installing: /root/ws_moveit/install/robotiq_driver/include/robotiq_driver/driver_exception.hpp
[9.786s] -- Installing: /root/ws_moveit/install/robotiq_driver/include/robotiq_driver/crc_utils.hpp
[9.786s] -- Installing: /root/ws_moveit/install/robotiq_driver/lib/librobotiq_driver.so
[9.789s] -- Set runtime path of "/root/ws_moveit/install/robotiq_driver/lib/librobotiq_driver.so" to ""
[9.789s] -- Installing: /root/ws_moveit/install/robotiq_driver/share/ament_index/resource_index/package_run_dependencies/robotiq_driver
[9.789s] -- Installing: /root/ws_moveit/install/robotiq_driver/share/ament_index/resource_index/parent_prefix_path/robotiq_driver
[9.789s] -- Installing: /root/ws_moveit/install/robotiq_driver/share/robotiq_driver/environment/ament_prefix_path.sh
[9.789s] -- Installing: /root/ws_moveit/install/robotiq_driver/share/robotiq_driver/environment/ament_prefix_path.dsv
[9.789s] -- Installing: /root/ws_moveit/install/robotiq_driver/share/robotiq_driver/environment/path.sh
[9.789s] -- Installing: /root/ws_moveit/install/robotiq_driver/share/robotiq_driver/environment/path.dsv
[9.789s] -- Installing: /root/ws_moveit/install/robotiq_driver/share/robotiq_driver/local_setup.bash
[9.789s] -- Installing: /root/ws_moveit/install/robotiq_driver/share/robotiq_driver/local_setup.sh
[9.789s] -- Installing: /root/ws_moveit/install/robotiq_driver/share/robotiq_driver/local_setup.zsh
[9.789s] -- Installing: /root/ws_moveit/install/robotiq_driver/share/robotiq_driver/local_setup.dsv
[9.789s] -- Installing: /root/ws_moveit/install/robotiq_driver/share/robotiq_driver/package.dsv
[9.789s] -- Installing: /root/ws_moveit/install/robotiq_driver/share/ament_index/resource_index/packages/robotiq_driver
[9.789s] -- Installing: /root/ws_moveit/install/robotiq_driver/share/ament_index/resource_index/hardware_interface__pluginlib__plugin/robotiq_driver
[9.789s] -- Installing: /root/ws_moveit/install/robotiq_driver/share/robotiq_driver/cmake/robotiq_driver_targetsExport.cmake
[9.789s] -- Installing: /root/ws_moveit/install/robotiq_driver/share/robotiq_driver/cmake/robotiq_driver_targetsExport-noconfig.cmake
[9.790s] -- Installing: /root/ws_moveit/install/robotiq_driver/share/robotiq_driver/cmake/ament_cmake_export_targets-extras.cmake
[9.790s] -- Installing: /root/ws_moveit/install/robotiq_driver/share/robotiq_driver/cmake/ament_cmake_export_dependencies-extras.cmake
[9.790s] -- Installing: /root/ws_moveit/install/robotiq_driver/share/robotiq_driver/cmake/ament_cmake_export_include_directories-extras.cmake
[9.790s] -- Installing: /root/ws_moveit/install/robotiq_driver/share/robotiq_driver/cmake/ament_cmake_export_libraries-extras.cmake
[9.790s] -- Installing: /root/ws_moveit/install/robotiq_driver/share/robotiq_driver/cmake/robotiq_driverConfig.cmake
[9.790s] -- Installing: /root/ws_moveit/install/robotiq_driver/share/robotiq_driver/cmake/robotiq_driverConfig-version.cmake
[9.790s] -- Installing: /root/ws_moveit/install/robotiq_driver/share/robotiq_driver/package.xml
[9.793s] Invoked command in '/root/ws_moveit/build/robotiq_driver' returned '0': CMAKE_PREFIX_PATH=/root/ws_moveit/install/serial:/root/ws_moveit/install/robotiq_hardware_tests:/root/ws_moveit/install/moveit2_tutorials:/root/ws_moveit/install/moveit_visual_tools:/root/ws_moveit/install/rviz_visual_tools:/root/ws_moveit/install/moveit_task_constructor_visualization:/root/ws_moveit/install/moveit_task_constructor_demo:/root/ws_moveit/install/moveit_task_constructor_capabilities:/root/ws_moveit/install/moveit_task_constructor_core:/root/ws_moveit/install/rviz_marker_tools:/root/ws_moveit/install/kortex_bringup:/root/ws_moveit/install/kinova_gen3_7dof_robotiq_2f_85_moveit_config:/root/ws_moveit/install/kinova_gen3_6dof_robotiq_2f_85_moveit_config:/root/ws_moveit/install/kortex_description:/root/ws_moveit/install/robotiq_description:/root/ws_moveit/install/robotiq_controllers:/root/ws_moveit/install/pilz_industrial_motion_planner_testutils:/root/ws_moveit/install/moveit_runtime:/root/ws_moveit/install/moveit:/root/ws_moveit/install/moveit_planners:/root/ws_moveit/install/pilz_industrial_motion_planner:/root/ws_moveit/install/pick_ik:/root/ws_moveit/install/my_robot:/root/ws_moveit/install/moveit_task_constructor_msgs:/root/ws_moveit/install/moveit_ros_control_interface:/root/ws_moveit/install/moveit_plugins:/root/ws_moveit/install/moveit_simple_controller_manager:/root/ws_moveit/install/moveit_setup_assistant:/root/ws_moveit/install/moveit_setup_srdf_plugins:/root/ws_moveit/install/moveit_setup_core_plugins:/root/ws_moveit/install/moveit_setup_controllers:/root/ws_moveit/install/moveit_setup_app_plugins:/root/ws_moveit/install/moveit_setup_framework:/root/ws_moveit/install/moveit_servo:/root/ws_moveit/install/moveit_ros:/root/ws_moveit/install/moveit_ros_visualization:/root/ws_moveit/install/moveit_py:/root/ws_moveit/install/moveit_hybrid_planning:/root/ws_moveit/install/moveit_ros_planning_interface:/root/ws_moveit/install/moveit_ros_benchmarks:/root/ws_moveit/install/moveit_ros_warehouse:/root/ws_moveit/install/moveit_ros_robot_interaction:/root/ws_moveit/install/moveit_ros_perception:/root/ws_moveit/install/moveit_resources_prbt_pg70_support:/root/ws_moveit/install/moveit_resources_prbt_moveit_config:/root/ws_moveit/install/moveit_ros_move_group:/root/ws_moveit/install/moveit_planners_ompl:/root/ws_moveit/install/moveit_kinematics:/root/ws_moveit/install/moveit_ros_planning:/root/ws_moveit/install/moveit_ros_occupancy_map_monitor:/root/ws_moveit/install/moveit_resources_prbt_support:/root/ws_moveit/install/moveit_resources_prbt_ikfast_manipulator_plugin:/root/ws_moveit/install/moveit_resources:/root/ws_moveit/install/moveit_resources_pr2_description:/root/ws_moveit/install/moveit_resources_panda_moveit_config:/root/ws_moveit/install/dual_arm_panda_moveit_config:/root/ws_moveit/install/moveit_resources_panda_description:/root/ws_moveit/install/moveit_resources_fanuc_moveit_config:/root/ws_moveit/install/moveit_resources_fanuc_description:/root/ws_moveit/install/moveit_planners_stomp:/root/ws_moveit/install/moveit_planners_chomp:/root/ws_moveit/install/chomp_motion_planner:/root/ws_moveit/install/moveit_core:/root/ws_moveit/install/moveit_msgs:/root/ws_moveit/install/moveit_common:/root/ws_moveit/install/kortex_driver:/root/ws_moveit/install/kortex_api:/root/ws_moveit/install/robotiq_driver:/root/ws_moveit/install/moveit_configs_utils:/opt/ros/humble /usr/bin/cmake --install /root/ws_moveit/build/robotiq_driver
