[0.039s] Invoking command in '/root/ws_moveit/build/moveit_resources_panda_description': CMAKE_PREFIX_PATH=${CMAKE_PREFIX_PATH}:/root/ws_moveit/install/robotiq_driver:/root/ws_moveit/install/moveit_configs_utils:/opt/ros/humble /usr/bin/cmake /root/ws_moveit/src/moveit_resources/panda_description -DCMAKE_INSTALL_PREFIX=/root/ws_moveit/install/moveit_resources_panda_description
[0.194s] -- The C compiler identification is GNU 11.4.0
[0.195s] -- The CXX compiler identification is GNU 11.4.0
[0.196s] -- Detecting C compiler ABI info
[0.203s] -- Detecting C compiler ABI info - done
[0.209s] -- Check for working C compiler: /usr/bin/cc - skipped
[0.209s] -- Detecting C compile features
[0.209s] -- Detecting C compile features - done
[0.212s] -- Detecting CXX compiler ABI info
[0.297s] -- Detecting CXX compiler ABI info - done
[0.301s] -- Check for working CXX compiler: /usr/bin/c++ - skipped
[0.301s] -- Detecting CXX compile features
[0.302s] -- Detecting CXX compile features - done
[0.306s] -- Found ament_cmake: 1.3.9 (/opt/ros/humble/share/ament_cmake/cmake)
[0.469s] -- Found Python3: /usr/bin/python3 (found version "3.10.12") found components: Interpreter 
[0.638s] -- Configuring done
[0.640s] -- Generating done
[0.640s] -- Build files have been written to: /root/ws_moveit/build/moveit_resources_panda_description
[0.644s] Invoked command in '/root/ws_moveit/build/moveit_resources_panda_description' returned '0': CMAKE_PREFIX_PATH=${CMAKE_PREFIX_PATH}:/root/ws_moveit/install/robotiq_driver:/root/ws_moveit/install/moveit_configs_utils:/opt/ros/humble /usr/bin/cmake /root/ws_moveit/src/moveit_resources/panda_description -DCMAKE_INSTALL_PREFIX=/root/ws_moveit/install/moveit_resources_panda_description
[0.645s] Invoking command in '/root/ws_moveit/build/moveit_resources_panda_description': CMAKE_PREFIX_PATH=${CMAKE_PREFIX_PATH}:/root/ws_moveit/install/robotiq_driver:/root/ws_moveit/install/moveit_configs_utils:/opt/ros/humble /usr/bin/cmake --build /root/ws_moveit/build/moveit_resources_panda_description -- -j20 -l20
[0.685s] Invoked command in '/root/ws_moveit/build/moveit_resources_panda_description' returned '0': CMAKE_PREFIX_PATH=${CMAKE_PREFIX_PATH}:/root/ws_moveit/install/robotiq_driver:/root/ws_moveit/install/moveit_configs_utils:/opt/ros/humble /usr/bin/cmake --build /root/ws_moveit/build/moveit_resources_panda_description -- -j20 -l20
[0.713s] Invoking command in '/root/ws_moveit/build/moveit_resources_panda_description': CMAKE_PREFIX_PATH=${CMAKE_PREFIX_PATH}:/root/ws_moveit/install/robotiq_driver:/root/ws_moveit/install/moveit_configs_utils:/opt/ros/humble /usr/bin/cmake --install /root/ws_moveit/build/moveit_resources_panda_description
[0.729s] -- Install configuration: ""
[0.729s] -- Installing: /root/ws_moveit/install/moveit_resources_panda_description/share/ament_index/resource_index/package_run_dependencies/moveit_resources_panda_description
[0.729s] -- Installing: /root/ws_moveit/install/moveit_resources_panda_description/share/ament_index/resource_index/parent_prefix_path/moveit_resources_panda_description
[0.729s] -- Installing: /root/ws_moveit/install/moveit_resources_panda_description/share/moveit_resources_panda_description/environment/ament_prefix_path.sh
[0.729s] -- Installing: /root/ws_moveit/install/moveit_resources_panda_description/share/moveit_resources_panda_description/environment/ament_prefix_path.dsv
[0.729s] -- Installing: /root/ws_moveit/install/moveit_resources_panda_description/share/moveit_resources_panda_description/environment/path.sh
[0.729s] -- Installing: /root/ws_moveit/install/moveit_resources_panda_description/share/moveit_resources_panda_description/environment/path.dsv
[0.729s] -- Installing: /root/ws_moveit/install/moveit_resources_panda_description/share/moveit_resources_panda_description/local_setup.bash
[0.729s] -- Installing: /root/ws_moveit/install/moveit_resources_panda_description/share/moveit_resources_panda_description/local_setup.sh
[0.730s] -- Installing: /root/ws_moveit/install/moveit_resources_panda_description/share/moveit_resources_panda_description/local_setup.zsh
[0.730s] -- Installing: /root/ws_moveit/install/moveit_resources_panda_description/share/moveit_resources_panda_description/local_setup.dsv
[0.730s] -- Installing: /root/ws_moveit/install/moveit_resources_panda_description/share/moveit_resources_panda_description/package.dsv
[0.730s] -- Installing: /root/ws_moveit/install/moveit_resources_panda_description/share/ament_index/resource_index/packages/moveit_resources_panda_description
[0.730s] -- Installing: /root/ws_moveit/install/moveit_resources_panda_description/share/moveit_resources_panda_description/cmake/moveit_resources_panda_descriptionConfig.cmake
[0.730s] -- Installing: /root/ws_moveit/install/moveit_resources_panda_description/share/moveit_resources_panda_description/cmake/moveit_resources_panda_descriptionConfig-version.cmake
[0.730s] -- Installing: /root/ws_moveit/install/moveit_resources_panda_description/share/moveit_resources_panda_description/package.xml
[0.730s] -- Installing: /root/ws_moveit/install/moveit_resources_panda_description/share/moveit_resources_panda_description/meshes
[0.730s] -- Installing: /root/ws_moveit/install/moveit_resources_panda_description/share/moveit_resources_panda_description/meshes/visual
[0.730s] -- Installing: /root/ws_moveit/install/moveit_resources_panda_description/share/moveit_resources_panda_description/meshes/visual/link1.dae
[0.730s] -- Installing: /root/ws_moveit/install/moveit_resources_panda_description/share/moveit_resources_panda_description/meshes/visual/link4.dae
[0.730s] -- Installing: /root/ws_moveit/install/moveit_resources_panda_description/share/moveit_resources_panda_description/meshes/visual/finger.dae
[0.730s] -- Installing: /root/ws_moveit/install/moveit_resources_panda_description/share/moveit_resources_panda_description/meshes/visual/link3.dae
[0.730s] -- Installing: /root/ws_moveit/install/moveit_resources_panda_description/share/moveit_resources_panda_description/meshes/visual/link6.dae
[0.731s] -- Installing: /root/ws_moveit/install/moveit_resources_panda_description/share/moveit_resources_panda_description/meshes/visual/hand.dae
[0.734s] -- Installing: /root/ws_moveit/install/moveit_resources_panda_description/share/moveit_resources_panda_description/meshes/visual/link7.dae
[0.734s] -- Installing: /root/ws_moveit/install/moveit_resources_panda_description/share/moveit_resources_panda_description/meshes/visual/link2.dae
[0.735s] -- Installing: /root/ws_moveit/install/moveit_resources_panda_description/share/moveit_resources_panda_description/meshes/visual/link0.dae
[0.738s] -- Installing: /root/ws_moveit/install/moveit_resources_panda_description/share/moveit_resources_panda_description/meshes/visual/link5.dae
[0.741s] -- Installing: /root/ws_moveit/install/moveit_resources_panda_description/share/moveit_resources_panda_description/meshes/collision
[0.741s] -- Installing: /root/ws_moveit/install/moveit_resources_panda_description/share/moveit_resources_panda_description/meshes/collision/link6.stl
[0.741s] -- Installing: /root/ws_moveit/install/moveit_resources_panda_description/share/moveit_resources_panda_description/meshes/collision/link1.stl
[0.741s] -- Installing: /root/ws_moveit/install/moveit_resources_panda_description/share/moveit_resources_panda_description/meshes/collision/link0.stl
[0.741s] -- Installing: /root/ws_moveit/install/moveit_resources_panda_description/share/moveit_resources_panda_description/meshes/collision/finger.stl
[0.742s] -- Installing: /root/ws_moveit/install/moveit_resources_panda_description/share/moveit_resources_panda_description/meshes/collision/link4.stl
[0.742s] -- Installing: /root/ws_moveit/install/moveit_resources_panda_description/share/moveit_resources_panda_description/meshes/collision/link3.stl
[0.742s] -- Installing: /root/ws_moveit/install/moveit_resources_panda_description/share/moveit_resources_panda_description/meshes/collision/link5.stl
[0.743s] -- Installing: /root/ws_moveit/install/moveit_resources_panda_description/share/moveit_resources_panda_description/meshes/collision/link7.stl
[0.743s] -- Installing: /root/ws_moveit/install/moveit_resources_panda_description/share/moveit_resources_panda_description/meshes/collision/hand.stl
[0.743s] -- Installing: /root/ws_moveit/install/moveit_resources_panda_description/share/moveit_resources_panda_description/meshes/collision/link2.stl
[0.743s] -- Installing: /root/ws_moveit/install/moveit_resources_panda_description/share/moveit_resources_panda_description/urdf
[0.743s] -- Installing: /root/ws_moveit/install/moveit_resources_panda_description/share/moveit_resources_panda_description/urdf/panda.urdf
[0.744s] -- Installing: /root/ws_moveit/install/moveit_resources_panda_description/share/moveit_resources_panda_description/urdf/panda.urdf.xacro
[0.745s] Invoked command in '/root/ws_moveit/build/moveit_resources_panda_description' returned '0': CMAKE_PREFIX_PATH=${CMAKE_PREFIX_PATH}:/root/ws_moveit/install/robotiq_driver:/root/ws_moveit/install/moveit_configs_utils:/opt/ros/humble /usr/bin/cmake --install /root/ws_moveit/build/moveit_resources_panda_description
