[0.012s] Invoking command in '/root/ws_moveit/build/moveit_core': CMAKE_PREFIX_PATH=/root/ws_moveit/install/moveit_resources_panda_moveit_config:/root/ws_moveit/install/moveit_resources_pr2_description:/root/ws_moveit/install/moveit_resources_panda_description:/root/ws_moveit/install/moveit_msgs:/root/ws_moveit/install/moveit_common:/root/ws_moveit/install/robotiq_hardware_tests:/root/ws_moveit/install/serial:/root/ws_moveit/install/moveit2_tutorials:/root/ws_moveit/install/moveit_visual_tools:/root/ws_moveit/install/rviz_visual_tools:/root/ws_moveit/install/moveit_task_constructor_visualization:/root/ws_moveit/install/moveit_task_constructor_demo:/root/ws_moveit/install/moveit_task_constructor_capabilities:/root/ws_moveit/install/moveit_task_constructor_core:/root/ws_moveit/install/rviz_marker_tools:/root/ws_moveit/install/kortex_bringup:/root/ws_moveit/install/kinova_gen3_7dof_robotiq_2f_85_moveit_config:/root/ws_moveit/install/kinova_gen3_6dof_robotiq_2f_85_moveit_config:/root/ws_moveit/install/kortex_description:/root/ws_moveit/install/robotiq_description:/root/ws_moveit/install/robotiq_controllers:/root/ws_moveit/install/pilz_industrial_motion_planner_testutils:/root/ws_moveit/install/moveit_runtime:/root/ws_moveit/install/moveit:/root/ws_moveit/install/moveit_planners:/root/ws_moveit/install/pilz_industrial_motion_planner:/root/ws_moveit/install/pick_ik:/root/ws_moveit/install/my_robot:/root/ws_moveit/install/moveit_task_constructor_msgs:/root/ws_moveit/install/moveit_ros_control_interface:/root/ws_moveit/install/moveit_plugins:/root/ws_moveit/install/moveit_simple_controller_manager:/root/ws_moveit/install/moveit_setup_assistant:/root/ws_moveit/install/moveit_setup_srdf_plugins:/root/ws_moveit/install/moveit_setup_core_plugins:/root/ws_moveit/install/moveit_setup_controllers:/root/ws_moveit/install/moveit_setup_app_plugins:/root/ws_moveit/install/moveit_setup_framework:/root/ws_moveit/install/moveit_servo:/root/ws_moveit/install/moveit_ros:/root/ws_moveit/install/moveit_ros_visualization:/root/ws_moveit/install/moveit_py:/root/ws_moveit/install/moveit_hybrid_planning:/root/ws_moveit/install/moveit_ros_planning_interface:/root/ws_moveit/install/moveit_ros_benchmarks:/root/ws_moveit/install/moveit_ros_warehouse:/root/ws_moveit/install/moveit_ros_robot_interaction:/root/ws_moveit/install/moveit_ros_perception:/root/ws_moveit/install/moveit_resources_prbt_pg70_support:/root/ws_moveit/install/moveit_resources_prbt_moveit_config:/root/ws_moveit/install/moveit_ros_move_group:/root/ws_moveit/install/moveit_planners_ompl:/root/ws_moveit/install/moveit_kinematics:/root/ws_moveit/install/moveit_ros_planning:/root/ws_moveit/install/moveit_ros_occupancy_map_monitor:/root/ws_moveit/install/moveit_resources_prbt_support:/root/ws_moveit/install/moveit_resources_prbt_ikfast_manipulator_plugin:/root/ws_moveit/install/moveit_resources:/root/ws_moveit/install/dual_arm_panda_moveit_config:/root/ws_moveit/install/moveit_resources_fanuc_moveit_config:/root/ws_moveit/install/moveit_resources_fanuc_description:/root/ws_moveit/install/moveit_planners_stomp:/root/ws_moveit/install/moveit_planners_chomp:/root/ws_moveit/install/chomp_motion_planner:/root/ws_moveit/install/moveit_core:/root/ws_moveit/install/kortex_driver:/root/ws_moveit/install/kortex_api:/root/ws_moveit/install/robotiq_driver:/root/ws_moveit/install/moveit_configs_utils:/opt/ros/humble LD_LIBRARY_PATH=/root/ws_moveit/install/moveit_msgs/lib:/root/ws_moveit/install/robotiq_driver/lib:/root/ws_moveit/install/serial/lib:/root/ws_moveit/install/moveit_visual_tools/lib:/root/ws_moveit/install/rviz_visual_tools/lib:/root/ws_moveit/install/moveit_task_constructor_visualization/lib:/root/ws_moveit/install/moveit_task_constructor_demo/lib:/root/ws_moveit/install/moveit_task_constructor_capabilities/lib:/root/ws_moveit/install/moveit_task_constructor_core/lib:/root/ws_moveit/install/rviz_marker_tools/lib:/root/ws_moveit/install/robotiq_controllers/lib:/root/ws_moveit/install/pilz_industrial_motion_planner_testutils/lib:/root/ws_moveit/install/pilz_industrial_motion_planner/lib:/root/ws_moveit/install/pick_ik/lib:/root/ws_moveit/install/moveit_task_constructor_msgs/lib:/root/ws_moveit/install/moveit_ros_control_interface/lib:/root/ws_moveit/install/moveit_simple_controller_manager/lib:/root/ws_moveit/install/moveit_setup_assistant/lib:/root/ws_moveit/install/moveit_setup_srdf_plugins/lib:/root/ws_moveit/install/moveit_setup_core_plugins/lib:/root/ws_moveit/install/moveit_setup_controllers/lib:/root/ws_moveit/install/moveit_setup_app_plugins/lib:/root/ws_moveit/install/moveit_setup_framework/lib:/root/ws_moveit/install/moveit_servo/lib:/root/ws_moveit/install/moveit_ros_visualization/lib:/root/ws_moveit/install/moveit_py/lib:/root/ws_moveit/install/moveit_hybrid_planning/lib:/root/ws_moveit/install/moveit_ros_planning_interface/lib:/root/ws_moveit/install/moveit_ros_benchmarks/lib:/root/ws_moveit/install/moveit_ros_warehouse/lib:/root/ws_moveit/install/moveit_ros_robot_interaction/lib:/root/ws_moveit/install/moveit_ros_perception/lib:/root/ws_moveit/install/moveit_ros_move_group/lib:/root/ws_moveit/install/moveit_planners_ompl/lib:/root/ws_moveit/install/moveit_kinematics/lib:/root/ws_moveit/install/moveit_ros_planning/lib:/root/ws_moveit/install/moveit_ros_occupancy_map_monitor/lib:/root/ws_moveit/install/moveit_resources_prbt_ikfast_manipulator_plugin/lib:/root/ws_moveit/install/moveit_planners_stomp/lib:/root/ws_moveit/install/moveit_planners_chomp/lib:/root/ws_moveit/install/chomp_motion_planner/lib:/root/ws_moveit/install/moveit_core/lib:/root/ws_moveit/install/kortex_driver/lib:/opt/ros/humble/opt/rviz_ogre_vendor/lib:/opt/ros/humble/lib/x86_64-linux-gnu:/opt/ros/humble/lib /usr/bin/cmake /root/ws_moveit/src/moveit2/moveit_core -DCMAKE_INSTALL_PREFIX=/root/ws_moveit/install/moveit_core
[0.059s] -- The CXX compiler identification is GNU 11.4.0
[0.064s] -- Detecting CXX compiler ABI info
[0.119s] -- Detecting CXX compiler ABI info - done
[0.125s] -- Check for working CXX compiler: /usr/bin/c++ - skipped
[0.125s] -- Detecting CXX compile features
[0.125s] -- Detecting CXX compile features - done
[0.126s] -- Found moveit_common: 2.9.0 (/root/ws_moveit/install/moveit_common/share/moveit_common/cmake)
[0.129s] -- Found ament_cmake: 1.3.9 (/opt/ros/humble/share/ament_cmake/cmake)
[0.236s] -- Found Python3: /usr/bin/python3 (found version "3.10.12") found components: Interpreter 
[0.376s] -- Found libdw: /usr/lib/x86_64-linux-gnu/libdw.so  
[0.380s] -- Could NOT find libbfd (missing: LIBBFD_LIBRARY LIBBFD_INCLUDE_DIR) 
[0.380s] -- BACKWARD_HAS_UNWIND=1
[0.380s] -- BACKWARD_HAS_BACKTRACE=0
[0.380s] -- BACKWARD_HAS_BACKTRACE_SYMBOL=0
[0.380s] -- BACKWARD_HAS_DW=1
[0.380s] -- BACKWARD_HAS_BFD=0
[0.380s] -- Found Backward: /opt/ros/humble/share/backward_ros/cmake  
[0.381s] [0mmoveit_core: You did not request a specific build type: Choosing 'Release' for maximum performance[0m
[0.392s] -- Found angles: 1.15.0 (/opt/ros/humble/share/angles/cmake)
[0.405s] -- Found Bullet: /usr/lib/x86_64-linux-gnu/libBulletDynamics.so (Required is at least version "2.87") 
[0.408s] -- Found common_interfaces: 4.2.4 (/opt/ros/humble/share/common_interfaces/cmake)
[0.411s] -- Found eigen_stl_containers: 1.0.0 (/opt/ros/humble/share/eigen_stl_containers/cmake)
[0.421s] -- Found eigen3_cmake_module: 0.1.1 (/opt/ros/humble/share/eigen3_cmake_module/cmake)
[0.426s] -- Found Eigen3: TRUE (found version "3.4.0") 
[0.434s] -- Found generate_parameter_library: 0.3.8 (/opt/ros/humble/share/generate_parameter_library/cmake)
[0.440s] -- Found parameter_traits: 0.3.8 (/opt/ros/humble/share/parameter_traits/cmake)
[0.486s] -- Found rosidl_generator_c: 3.1.5 (/opt/ros/humble/share/rosidl_generator_c/cmake)
[0.493s] -- Found rosidl_adapter: 3.1.5 (/opt/ros/humble/share/rosidl_adapter/cmake)
[0.503s] -- Found rosidl_generator_cpp: 3.1.5 (/opt/ros/humble/share/rosidl_generator_cpp/cmake)
[0.520s] -- Using all available rosidl_typesupport_c: rosidl_typesupport_fastrtps_c;rosidl_typesupport_introspection_c
[0.543s] -- Using all available rosidl_typesupport_cpp: rosidl_typesupport_fastrtps_cpp;rosidl_typesupport_introspection_cpp
[0.608s] -- Found rmw_implementation_cmake: 6.1.2 (/opt/ros/humble/share/rmw_implementation_cmake/cmake)
[0.613s] -- Found rmw_fastrtps_cpp: 6.2.6 (/opt/ros/humble/share/rmw_fastrtps_cpp/cmake)
[0.700s] -- Found OpenSSL: /usr/lib/x86_64-linux-gnu/libcrypto.so (found version "3.0.2")  
[0.722s] -- Found FastRTPS: /opt/ros/humble/include  
[0.765s] -- Using RMW implementation 'rmw_fastrtps_cpp' as default
[0.779s] -- Looking for C++ include pthread.h
[0.850s] -- Looking for C++ include pthread.h - found
[0.851s] -- Performing Test CMAKE_HAVE_LIBC_PTHREAD
[0.929s] -- Performing Test CMAKE_HAVE_LIBC_PTHREAD - Success
[0.930s] -- Found Threads: TRUE  
[1.070s] -- Found rclcpp_lifecycle: 16.0.9 (/opt/ros/humble/share/rclcpp_lifecycle/cmake)
[1.103s] -- Found geometric_shapes: 2.1.3 (/opt/ros/humble/share/geometric_shapes/cmake)
[1.120s] -- Found Boost: /usr/lib/x86_64-linux-gnu/cmake/Boost-1.74.0/BoostConfig.cmake (found version "1.74.0") found components: filesystem 
[1.241s] -- library: /usr/lib/x86_64-linux-gnu/libcurl.so
[1.426s] -- Found kdl_parser: 2.6.4 (/opt/ros/humble/share/kdl_parser/cmake)
[1.435s] -- Ensuring Eigen3 include directory is part of orocos-kdl CMake target
[1.441s] -- Found moveit_msgs: 2.4.0 (/root/ws_moveit/install/moveit_msgs/share/moveit_msgs/cmake)
[1.834s] -- Found pluginlib: 5.1.0 (/opt/ros/humble/share/pluginlib/cmake)
[1.865s] -- Found srdfdom: 2.0.4 (/opt/ros/humble/share/srdfdom/cmake)
[1.884s] -- Found tf2_eigen: 0.25.7 (/opt/ros/humble/share/tf2_eigen/cmake)
[2.088s] -- Found tf2_geometry_msgs: 0.25.7 (/opt/ros/humble/share/tf2_geometry_msgs/cmake)
[2.099s] -- Found tf2_kdl: 0.25.7 (/opt/ros/humble/share/tf2_kdl/cmake)
[2.155s] -- Found Boost: /usr/lib/x86_64-linux-gnu/cmake/Boost-1.74.0/BoostConfig.cmake (found version "1.74.0") found components: chrono date_time filesystem iostreams program_options regex serialization system thread 
[2.159s] -- Performing Test COMPILER_HAS_HIDDEN_VISIBILITY
[2.231s] -- Performing Test COMPILER_HAS_HIDDEN_VISIBILITY - Success
[2.231s] -- Performing Test COMPILER_HAS_HIDDEN_INLINE_VISIBILITY
[2.303s] -- Performing Test COMPILER_HAS_HIDDEN_INLINE_VISIBILITY - Success
[2.303s] -- Performing Test COMPILER_HAS_DEPRECATED_ATTR
[2.370s] -- Performing Test COMPILER_HAS_DEPRECATED_ATTR - Success
[2.393s] -- Found ament_cmake_gtest: 1.3.9 (/opt/ros/humble/share/ament_cmake_gtest/cmake)
[2.397s] -- Found gtest sources under '/opt/ros/humble/src/gtest_vendor': C++ tests using 'Google Test' will be built
[2.426s] -- The C compiler identification is GNU 11.4.0
[2.431s] -- Detecting C compiler ABI info
[2.497s] -- Detecting C compiler ABI info - done
[2.502s] -- Check for working C compiler: /usr/bin/cc - skipped
[2.502s] -- Detecting C compile features
[2.502s] -- Detecting C compile features - done
[2.521s] -- Found gtest sources under '/opt/ros/humble/src/gtest_vendor': C++ tests using 'Google Test' will be built
[2.539s] -- Found gtest sources under '/opt/ros/humble/src/gtest_vendor': C++ tests using 'Google Test' will be built
[2.553s] -- Found ament_cmake_gtest: 1.3.9 (/opt/ros/humble/share/ament_cmake_gtest/cmake)
[2.554s] -- Found gtest sources under '/opt/ros/humble/src/gtest_vendor': C++ tests using 'Google Test' will be built
[2.573s] -- Found ament_cmake_gmock: 1.3.9 (/opt/ros/humble/share/ament_cmake_gmock/cmake)
[2.579s] -- Found gmock sources under '/opt/ros/humble/src/gmock_vendor': C++ tests using 'Google Mock' will be built
[2.581s] -- Found ament_cmake_gtest: 1.3.9 (/opt/ros/humble/share/ament_cmake_gtest/cmake)
[2.582s] -- Found gtest sources under '/opt/ros/humble/src/gtest_vendor': C++ tests using 'Google Test' will be built
[2.599s] -- Found ament_cmake_gtest: 1.3.9 (/opt/ros/humble/share/ament_cmake_gtest/cmake)
[2.599s] -- Found gtest sources under '/opt/ros/humble/src/gtest_vendor': C++ tests using 'Google Test' will be built
[2.632s] -- Found ament_cmake_gtest: 1.3.9 (/opt/ros/humble/share/ament_cmake_gtest/cmake)
[2.633s] -- Found gtest sources under '/opt/ros/humble/src/gtest_vendor': C++ tests using 'Google Test' will be built
[2.669s] -- Found ament_cmake_gtest: 1.3.9 (/opt/ros/humble/share/ament_cmake_gtest/cmake)
[2.669s] -- Found gtest sources under '/opt/ros/humble/src/gtest_vendor': C++ tests using 'Google Test' will be built
[2.694s] -- Found ament_cmake_gtest: 1.3.9 (/opt/ros/humble/share/ament_cmake_gtest/cmake)
[2.695s] -- Found gtest sources under '/opt/ros/humble/src/gtest_vendor': C++ tests using 'Google Test' will be built
[2.716s] -- Found ament_cmake_gtest: 1.3.9 (/opt/ros/humble/share/ament_cmake_gtest/cmake)
[2.716s] -- Found gtest sources under '/opt/ros/humble/src/gtest_vendor': C++ tests using 'Google Test' will be built
[2.733s] -- Found ament_cmake_google_benchmark: 1.3.9 (/opt/ros/humble/share/ament_cmake_google_benchmark/cmake)
[2.735s] -- Found ament_cmake_gtest: 1.3.9 (/opt/ros/humble/share/ament_cmake_gtest/cmake)
[2.740s] -- Found gtest sources under '/opt/ros/humble/src/gtest_vendor': C++ tests using 'Google Test' will be built
[2.745s] -- Performance tests are disabled by default, so Google Benchmark tests will be skipped. To enable these tests, set the CMake variable 'AMENT_RUN_PERFORMANCE_TESTS'.
[2.753s] -- Found gtest sources under '/opt/ros/humble/src/gtest_vendor': C++ tests using 'Google Test' will be built
[2.764s] -- Found ament_cmake_google_benchmark: 1.3.9 (/opt/ros/humble/share/ament_cmake_google_benchmark/cmake)
[2.765s] -- Found ament_cmake_gtest: 1.3.9 (/opt/ros/humble/share/ament_cmake_gtest/cmake)
[2.765s] -- Found gtest sources under '/opt/ros/humble/src/gtest_vendor': C++ tests using 'Google Test' will be built
[2.768s] -- Performance tests are disabled by default, so Google Benchmark tests will be skipped. To enable these tests, set the CMake variable 'AMENT_RUN_PERFORMANCE_TESTS'.
[2.784s] -- Found ament_cmake_gtest: 1.3.9 (/opt/ros/humble/share/ament_cmake_gtest/cmake)
[2.784s] -- Found gtest sources under '/opt/ros/humble/src/gtest_vendor': C++ tests using 'Google Test' will be built
[2.812s] -- Found launch_testing_ament_cmake: 1.0.6 (/opt/ros/humble/share/launch_testing_ament_cmake/cmake)
[2.815s] -- Found python_cmake_module: 0.10.0 (/opt/ros/humble/share/python_cmake_module/cmake)
[2.831s] -- Found PythonInterp: /usr/bin/python3 (found suitable version "3.10.12", minimum required is "3.6") 
[2.835s] -- Found PythonLibs: /usr/lib/x86_64-linux-gnu/libpython3.10.so (found suitable version "3.10.12", minimum required is "3.5") 
[2.835s] -- Using PYTHON_EXECUTABLE: /usr/bin/python3
[2.836s] -- Using PYTHON_INCLUDE_DIRS: /usr/include/python3.10
[2.836s] -- Using PYTHON_LIBRARIES: /usr/lib/x86_64-linux-gnu/libpython3.10.so
[2.852s] -- Found PythonExtra: .so  
[2.854s] --  *** Building MoveIt 2.9.0 devel ***
[2.859s] -- Configuring done
[3.343s] -- Generating done
[3.348s] -- Build files have been written to: /root/ws_moveit/build/moveit_core
[3.374s] Invoked command in '/root/ws_moveit/build/moveit_core' returned '0': CMAKE_PREFIX_PATH=/root/ws_moveit/install/moveit_resources_panda_moveit_config:/root/ws_moveit/install/moveit_resources_pr2_description:/root/ws_moveit/install/moveit_resources_panda_description:/root/ws_moveit/install/moveit_msgs:/root/ws_moveit/install/moveit_common:/root/ws_moveit/install/robotiq_hardware_tests:/root/ws_moveit/install/serial:/root/ws_moveit/install/moveit2_tutorials:/root/ws_moveit/install/moveit_visual_tools:/root/ws_moveit/install/rviz_visual_tools:/root/ws_moveit/install/moveit_task_constructor_visualization:/root/ws_moveit/install/moveit_task_constructor_demo:/root/ws_moveit/install/moveit_task_constructor_capabilities:/root/ws_moveit/install/moveit_task_constructor_core:/root/ws_moveit/install/rviz_marker_tools:/root/ws_moveit/install/kortex_bringup:/root/ws_moveit/install/kinova_gen3_7dof_robotiq_2f_85_moveit_config:/root/ws_moveit/install/kinova_gen3_6dof_robotiq_2f_85_moveit_config:/root/ws_moveit/install/kortex_description:/root/ws_moveit/install/robotiq_description:/root/ws_moveit/install/robotiq_controllers:/root/ws_moveit/install/pilz_industrial_motion_planner_testutils:/root/ws_moveit/install/moveit_runtime:/root/ws_moveit/install/moveit:/root/ws_moveit/install/moveit_planners:/root/ws_moveit/install/pilz_industrial_motion_planner:/root/ws_moveit/install/pick_ik:/root/ws_moveit/install/my_robot:/root/ws_moveit/install/moveit_task_constructor_msgs:/root/ws_moveit/install/moveit_ros_control_interface:/root/ws_moveit/install/moveit_plugins:/root/ws_moveit/install/moveit_simple_controller_manager:/root/ws_moveit/install/moveit_setup_assistant:/root/ws_moveit/install/moveit_setup_srdf_plugins:/root/ws_moveit/install/moveit_setup_core_plugins:/root/ws_moveit/install/moveit_setup_controllers:/root/ws_moveit/install/moveit_setup_app_plugins:/root/ws_moveit/install/moveit_setup_framework:/root/ws_moveit/install/moveit_servo:/root/ws_moveit/install/moveit_ros:/root/ws_moveit/install/moveit_ros_visualization:/root/ws_moveit/install/moveit_py:/root/ws_moveit/install/moveit_hybrid_planning:/root/ws_moveit/install/moveit_ros_planning_interface:/root/ws_moveit/install/moveit_ros_benchmarks:/root/ws_moveit/install/moveit_ros_warehouse:/root/ws_moveit/install/moveit_ros_robot_interaction:/root/ws_moveit/install/moveit_ros_perception:/root/ws_moveit/install/moveit_resources_prbt_pg70_support:/root/ws_moveit/install/moveit_resources_prbt_moveit_config:/root/ws_moveit/install/moveit_ros_move_group:/root/ws_moveit/install/moveit_planners_ompl:/root/ws_moveit/install/moveit_kinematics:/root/ws_moveit/install/moveit_ros_planning:/root/ws_moveit/install/moveit_ros_occupancy_map_monitor:/root/ws_moveit/install/moveit_resources_prbt_support:/root/ws_moveit/install/moveit_resources_prbt_ikfast_manipulator_plugin:/root/ws_moveit/install/moveit_resources:/root/ws_moveit/install/dual_arm_panda_moveit_config:/root/ws_moveit/install/moveit_resources_fanuc_moveit_config:/root/ws_moveit/install/moveit_resources_fanuc_description:/root/ws_moveit/install/moveit_planners_stomp:/root/ws_moveit/install/moveit_planners_chomp:/root/ws_moveit/install/chomp_motion_planner:/root/ws_moveit/install/moveit_core:/root/ws_moveit/install/kortex_driver:/root/ws_moveit/install/kortex_api:/root/ws_moveit/install/robotiq_driver:/root/ws_moveit/install/moveit_configs_utils:/opt/ros/humble LD_LIBRARY_PATH=/root/ws_moveit/install/moveit_msgs/lib:/root/ws_moveit/install/robotiq_driver/lib:/root/ws_moveit/install/serial/lib:/root/ws_moveit/install/moveit_visual_tools/lib:/root/ws_moveit/install/rviz_visual_tools/lib:/root/ws_moveit/install/moveit_task_constructor_visualization/lib:/root/ws_moveit/install/moveit_task_constructor_demo/lib:/root/ws_moveit/install/moveit_task_constructor_capabilities/lib:/root/ws_moveit/install/moveit_task_constructor_core/lib:/root/ws_moveit/install/rviz_marker_tools/lib:/root/ws_moveit/install/robotiq_controllers/lib:/root/ws_moveit/install/pilz_industrial_motion_planner_testutils/lib:/root/ws_moveit/install/pilz_industrial_motion_planner/lib:/root/ws_moveit/install/pick_ik/lib:/root/ws_moveit/install/moveit_task_constructor_msgs/lib:/root/ws_moveit/install/moveit_ros_control_interface/lib:/root/ws_moveit/install/moveit_simple_controller_manager/lib:/root/ws_moveit/install/moveit_setup_assistant/lib:/root/ws_moveit/install/moveit_setup_srdf_plugins/lib:/root/ws_moveit/install/moveit_setup_core_plugins/lib:/root/ws_moveit/install/moveit_setup_controllers/lib:/root/ws_moveit/install/moveit_setup_app_plugins/lib:/root/ws_moveit/install/moveit_setup_framework/lib:/root/ws_moveit/install/moveit_servo/lib:/root/ws_moveit/install/moveit_ros_visualization/lib:/root/ws_moveit/install/moveit_py/lib:/root/ws_moveit/install/moveit_hybrid_planning/lib:/root/ws_moveit/install/moveit_ros_planning_interface/lib:/root/ws_moveit/install/moveit_ros_benchmarks/lib:/root/ws_moveit/install/moveit_ros_warehouse/lib:/root/ws_moveit/install/moveit_ros_robot_interaction/lib:/root/ws_moveit/install/moveit_ros_perception/lib:/root/ws_moveit/install/moveit_ros_move_group/lib:/root/ws_moveit/install/moveit_planners_ompl/lib:/root/ws_moveit/install/moveit_kinematics/lib:/root/ws_moveit/install/moveit_ros_planning/lib:/root/ws_moveit/install/moveit_ros_occupancy_map_monitor/lib:/root/ws_moveit/install/moveit_resources_prbt_ikfast_manipulator_plugin/lib:/root/ws_moveit/install/moveit_planners_stomp/lib:/root/ws_moveit/install/moveit_planners_chomp/lib:/root/ws_moveit/install/chomp_motion_planner/lib:/root/ws_moveit/install/moveit_core/lib:/root/ws_moveit/install/kortex_driver/lib:/opt/ros/humble/opt/rviz_ogre_vendor/lib:/opt/ros/humble/lib/x86_64-linux-gnu:/opt/ros/humble/lib /usr/bin/cmake /root/ws_moveit/src/moveit2/moveit_core -DCMAKE_INSTALL_PREFIX=/root/ws_moveit/install/moveit_core
[3.376s] Invoking command in '/root/ws_moveit/build/moveit_core': CMAKE_PREFIX_PATH=/root/ws_moveit/install/moveit_resources_panda_moveit_config:/root/ws_moveit/install/moveit_resources_pr2_description:/root/ws_moveit/install/moveit_resources_panda_description:/root/ws_moveit/install/moveit_msgs:/root/ws_moveit/install/moveit_common:/root/ws_moveit/install/robotiq_hardware_tests:/root/ws_moveit/install/serial:/root/ws_moveit/install/moveit2_tutorials:/root/ws_moveit/install/moveit_visual_tools:/root/ws_moveit/install/rviz_visual_tools:/root/ws_moveit/install/moveit_task_constructor_visualization:/root/ws_moveit/install/moveit_task_constructor_demo:/root/ws_moveit/install/moveit_task_constructor_capabilities:/root/ws_moveit/install/moveit_task_constructor_core:/root/ws_moveit/install/rviz_marker_tools:/root/ws_moveit/install/kortex_bringup:/root/ws_moveit/install/kinova_gen3_7dof_robotiq_2f_85_moveit_config:/root/ws_moveit/install/kinova_gen3_6dof_robotiq_2f_85_moveit_config:/root/ws_moveit/install/kortex_description:/root/ws_moveit/install/robotiq_description:/root/ws_moveit/install/robotiq_controllers:/root/ws_moveit/install/pilz_industrial_motion_planner_testutils:/root/ws_moveit/install/moveit_runtime:/root/ws_moveit/install/moveit:/root/ws_moveit/install/moveit_planners:/root/ws_moveit/install/pilz_industrial_motion_planner:/root/ws_moveit/install/pick_ik:/root/ws_moveit/install/my_robot:/root/ws_moveit/install/moveit_task_constructor_msgs:/root/ws_moveit/install/moveit_ros_control_interface:/root/ws_moveit/install/moveit_plugins:/root/ws_moveit/install/moveit_simple_controller_manager:/root/ws_moveit/install/moveit_setup_assistant:/root/ws_moveit/install/moveit_setup_srdf_plugins:/root/ws_moveit/install/moveit_setup_core_plugins:/root/ws_moveit/install/moveit_setup_controllers:/root/ws_moveit/install/moveit_setup_app_plugins:/root/ws_moveit/install/moveit_setup_framework:/root/ws_moveit/install/moveit_servo:/root/ws_moveit/install/moveit_ros:/root/ws_moveit/install/moveit_ros_visualization:/root/ws_moveit/install/moveit_py:/root/ws_moveit/install/moveit_hybrid_planning:/root/ws_moveit/install/moveit_ros_planning_interface:/root/ws_moveit/install/moveit_ros_benchmarks:/root/ws_moveit/install/moveit_ros_warehouse:/root/ws_moveit/install/moveit_ros_robot_interaction:/root/ws_moveit/install/moveit_ros_perception:/root/ws_moveit/install/moveit_resources_prbt_pg70_support:/root/ws_moveit/install/moveit_resources_prbt_moveit_config:/root/ws_moveit/install/moveit_ros_move_group:/root/ws_moveit/install/moveit_planners_ompl:/root/ws_moveit/install/moveit_kinematics:/root/ws_moveit/install/moveit_ros_planning:/root/ws_moveit/install/moveit_ros_occupancy_map_monitor:/root/ws_moveit/install/moveit_resources_prbt_support:/root/ws_moveit/install/moveit_resources_prbt_ikfast_manipulator_plugin:/root/ws_moveit/install/moveit_resources:/root/ws_moveit/install/dual_arm_panda_moveit_config:/root/ws_moveit/install/moveit_resources_fanuc_moveit_config:/root/ws_moveit/install/moveit_resources_fanuc_description:/root/ws_moveit/install/moveit_planners_stomp:/root/ws_moveit/install/moveit_planners_chomp:/root/ws_moveit/install/chomp_motion_planner:/root/ws_moveit/install/moveit_core:/root/ws_moveit/install/kortex_driver:/root/ws_moveit/install/kortex_api:/root/ws_moveit/install/robotiq_driver:/root/ws_moveit/install/moveit_configs_utils:/opt/ros/humble LD_LIBRARY_PATH=/root/ws_moveit/install/moveit_msgs/lib:/root/ws_moveit/install/robotiq_driver/lib:/root/ws_moveit/install/serial/lib:/root/ws_moveit/install/moveit_visual_tools/lib:/root/ws_moveit/install/rviz_visual_tools/lib:/root/ws_moveit/install/moveit_task_constructor_visualization/lib:/root/ws_moveit/install/moveit_task_constructor_demo/lib:/root/ws_moveit/install/moveit_task_constructor_capabilities/lib:/root/ws_moveit/install/moveit_task_constructor_core/lib:/root/ws_moveit/install/rviz_marker_tools/lib:/root/ws_moveit/install/robotiq_controllers/lib:/root/ws_moveit/install/pilz_industrial_motion_planner_testutils/lib:/root/ws_moveit/install/pilz_industrial_motion_planner/lib:/root/ws_moveit/install/pick_ik/lib:/root/ws_moveit/install/moveit_task_constructor_msgs/lib:/root/ws_moveit/install/moveit_ros_control_interface/lib:/root/ws_moveit/install/moveit_simple_controller_manager/lib:/root/ws_moveit/install/moveit_setup_assistant/lib:/root/ws_moveit/install/moveit_setup_srdf_plugins/lib:/root/ws_moveit/install/moveit_setup_core_plugins/lib:/root/ws_moveit/install/moveit_setup_controllers/lib:/root/ws_moveit/install/moveit_setup_app_plugins/lib:/root/ws_moveit/install/moveit_setup_framework/lib:/root/ws_moveit/install/moveit_servo/lib:/root/ws_moveit/install/moveit_ros_visualization/lib:/root/ws_moveit/install/moveit_py/lib:/root/ws_moveit/install/moveit_hybrid_planning/lib:/root/ws_moveit/install/moveit_ros_planning_interface/lib:/root/ws_moveit/install/moveit_ros_benchmarks/lib:/root/ws_moveit/install/moveit_ros_warehouse/lib:/root/ws_moveit/install/moveit_ros_robot_interaction/lib:/root/ws_moveit/install/moveit_ros_perception/lib:/root/ws_moveit/install/moveit_ros_move_group/lib:/root/ws_moveit/install/moveit_planners_ompl/lib:/root/ws_moveit/install/moveit_kinematics/lib:/root/ws_moveit/install/moveit_ros_planning/lib:/root/ws_moveit/install/moveit_ros_occupancy_map_monitor/lib:/root/ws_moveit/install/moveit_resources_prbt_ikfast_manipulator_plugin/lib:/root/ws_moveit/install/moveit_planners_stomp/lib:/root/ws_moveit/install/moveit_planners_chomp/lib:/root/ws_moveit/install/chomp_motion_planner/lib:/root/ws_moveit/install/moveit_core/lib:/root/ws_moveit/install/kortex_driver/lib:/opt/ros/humble/opt/rviz_ogre_vendor/lib:/opt/ros/humble/lib/x86_64-linux-gnu:/opt/ros/humble/lib /usr/bin/cmake --build /root/ws_moveit/build/moveit_core -- -j20 -l20
[3.419s] [  1%] [32mBuilding CXX object utils/CMakeFiles/moveit_utils.dir/src/message_checks.cpp.o[0m
[3.420s] [  1%] [32mBuilding CXX object utils/CMakeFiles/moveit_utils.dir/src/lexical_casts.cpp.o[0m
[3.420s] [  1%] [32mBuilding CXX object utils/CMakeFiles/moveit_utils.dir/src/rclcpp_utils.cpp.o[0m
[3.421s] [  1%] [32mBuilding CXX object gtest/CMakeFiles/gtest_main.dir/src/gtest_main.cc.o[0m
[3.424s] [  2%] [32mBuilding CXX object utils/CMakeFiles/moveit_utils.dir/src/logger.cpp.o[0m
[3.424s] [  2%] [32mBuilding CXX object gtest/CMakeFiles/gtest.dir/src/gtest-all.cc.o[0m
[3.424s] [  3%] [34m[1mGenerate version header[0m
[3.426s] [  4%] [34m[1mRunning `/opt/ros/humble/bin/generate_parameter_library_cpp /root/ws_moveit/build/moveit_core/online_signal_smoothing/moveit_acceleration_filter_parameters/include//moveit_acceleration_filter_parameters.hpp /root/ws_moveit/src/moveit2/moveit_core/online_signal_smoothing/src/acceleration_filter_parameters.yaml `[0m
[3.426s] [  4%] [32mBuilding CXX object gmock/CMakeFiles/gmock.dir/opt/ros/humble/src/gtest_vendor/src/gtest-all.cc.o[0m
[3.426s] [  5%] [34m[1mRunning `/opt/ros/humble/bin/generate_parameter_library_cpp /root/ws_moveit/build/moveit_core/online_signal_smoothing/moveit_butterworth_filter_parameters/include//moveit_butterworth_filter_parameters.hpp /root/ws_moveit/src/moveit2/moveit_core/online_signal_smoothing/src/butterworth_parameters.yaml `[0m
[3.428s] [  5%] [32mBuilding CXX object online_signal_smoothing/CMakeFiles/moveit_smoothing_base.dir/src/smoothing_base_class.cpp.o[0m
[3.428s] [  5%] [32mBuilding CXX object gmock/CMakeFiles/gmock_main.dir/src/gmock_main.cc.o[0m
[3.430s] [  6%] [32mBuilding CXX object gmock/CMakeFiles/gmock.dir/src/gmock-all.cc.o[0m
[3.466s] [  7%] [34m[1mGenerating version.h[0m
[3.475s] [  7%] Built target version_h
[3.510s] [  8%] [32mBuilding CXX object version/CMakeFiles/moveit_version.dir/version.cpp.o[0m
[3.624s] [  8%] Built target moveit_butterworth_filter_parameters
[3.632s] [  8%] Built target moveit_acceleration_filter_parameters
[3.866s] [  9%] [32m[1mLinking CXX executable moveit_version[0m
[4.083s] [  9%] Built target moveit_version
[4.633s] [ 10%] [32m[1mLinking CXX static library libgtest_main.a[0m
[4.779s] [ 10%] Built target gtest_main
[5.204s] [ 11%] [32m[1mLinking CXX static library libgmock_main.a[0m
[5.332s] [ 11%] Built target gmock_main
[6.892s] [ 12%] [32m[1mLinking CXX shared library libmoveit_smoothing_base.so[0m
[7.040s] [ 12%] Built target moveit_smoothing_base
[7.344s] [ 12%] [32m[1mLinking CXX shared library libmoveit_utils.so[0m
[7.441s] [ 12%] Built target moveit_utils
[7.457s] [ 13%] [32mBuilding CXX object exceptions/CMakeFiles/moveit_exceptions.dir/src/exceptions.cpp.o[0m
[7.461s] [ 15%] [32mBuilding CXX object transforms/CMakeFiles/moveit_transforms.dir/src/transforms.cpp.o[0m
[7.461s] [ 15%] [32mBuilding CXX object utils/test/CMakeFiles/logger_dut.dir/logger_dut.cpp.o[0m
[7.464s] [ 16%] [32mBuilding CXX object distance_field/CMakeFiles/moveit_distance_field.dir/src/find_internal_points.cpp.o[0m
[7.464s] [ 16%] [32mBuilding CXX object distance_field/CMakeFiles/moveit_distance_field.dir/src/distance_field.cpp.o[0m
[7.465s] [ 17%] [32mBuilding CXX object distance_field/CMakeFiles/moveit_distance_field.dir/src/propagation_distance_field.cpp.o[0m
[7.970s] [ 18%] [32m[1mLinking CXX shared library libmoveit_exceptions.so[0m
[8.064s] [ 18%] Built target moveit_exceptions
[8.085s] [ 19%] [32mBuilding CXX object robot_model/CMakeFiles/moveit_robot_model.dir/src/planar_joint_model.cpp.o[0m
[8.085s] [ 19%] [32mBuilding CXX object robot_model/CMakeFiles/moveit_robot_model.dir/src/link_model.cpp.o[0m
[8.085s] [ 20%] [32mBuilding CXX object robot_model/CMakeFiles/moveit_robot_model.dir/src/joint_model.cpp.o[0m
[8.086s] [ 20%] [32mBuilding CXX object robot_model/CMakeFiles/moveit_robot_model.dir/src/floating_joint_model.cpp.o[0m
[8.086s] [ 20%] [32mBuilding CXX object robot_model/CMakeFiles/moveit_robot_model.dir/src/robot_model.cpp.o[0m
[8.086s] [ 21%] [32mBuilding CXX object robot_model/CMakeFiles/moveit_robot_model.dir/src/prismatic_joint_model.cpp.o[0m
[8.089s] [ 23%] [32mBuilding CXX object robot_model/CMakeFiles/moveit_robot_model.dir/src/aabb.cpp.o[0m
[8.089s] [ 23%] [32mBuilding CXX object robot_model/CMakeFiles/moveit_robot_model.dir/src/joint_model_group.cpp.o[0m
[8.089s] [ 23%] [32mBuilding CXX object robot_model/CMakeFiles/moveit_robot_model.dir/src/revolute_joint_model.cpp.o[0m
[8.089s] [ 24%] [32mBuilding CXX object robot_model/CMakeFiles/moveit_robot_model.dir/src/fixed_joint_model.cpp.o[0m
[10.603s] [ 25%] [32m[1mLinking CXX static library libgtest.a[0m
[10.651s] [ 25%] [32m[1mLinking CXX executable logger_dut[0m
[10.682s] [ 25%] Built target gtest
[10.775s] [ 25%] Built target logger_dut
[11.439s] [ 26%] [32m[1mLinking CXX static library libgmock.a[0m
[11.497s] [ 26%] Built target gmock
[13.035s] [ 27%] [32m[1mLinking CXX shared library libmoveit_transforms.so[0m
[13.139s] [ 27%] Built target moveit_transforms
[13.158s] [ 27%] [32mBuilding CXX object transforms/CMakeFiles/test_transforms.dir/test/test_transforms.cpp.o[0m
[13.663s] [ 27%] [32m[1mLinking CXX shared library libmoveit_distance_field.so[0m
[13.788s] [ 27%] Built target moveit_distance_field
[13.806s] [ 27%] [32mBuilding CXX object distance_field/CMakeFiles/test_voxel_grid.dir/test/test_voxel_grid.cpp.o[0m
[13.806s] [ 27%] [32mBuilding CXX object distance_field/CMakeFiles/test_distance_field.dir/test/test_distance_field.cpp.o[0m
[14.973s] [ 28%] [32m[1mLinking CXX executable test_transforms[0m
[15.070s] [ 28%] Built target test_transforms
[15.435s] [ 29%] [32m[1mLinking CXX shared library libmoveit_robot_model.so[0m
[15.539s] [ 29%] Built target moveit_robot_model
[15.555s] [ 30%] [32mBuilding CXX object kinematics_base/CMakeFiles/moveit_kinematics_base.dir/src/kinematics_base.cpp.o[0m
[15.556s] [ 30%] [32mBuilding CXX object online_signal_smoothing/CMakeFiles/moveit_butterworth_filter.dir/src/butterworth_filter.cpp.o[0m
[16.475s] [ 31%] [32m[1mLinking CXX executable test_voxel_grid[0m
[16.575s] [ 31%] Built target test_voxel_grid
[18.340s] [ 31%] [32m[1mLinking CXX shared library libmoveit_kinematics_base.so[0m
[18.411s] [ 31%] Built target moveit_kinematics_base
[18.430s] [ 31%] [32mBuilding CXX object robot_state/CMakeFiles/moveit_robot_state.dir/src/cartesian_interpolator.cpp.o[0m
[18.430s] [ 31%] [32mBuilding CXX object robot_state/CMakeFiles/moveit_robot_state.dir/src/attached_body.cpp.o[0m
[18.430s] [ 32%] [32mBuilding CXX object robot_state/CMakeFiles/moveit_robot_state.dir/src/conversions.cpp.o[0m
[18.430s] [ 33%] [32mBuilding CXX object robot_state/CMakeFiles/moveit_robot_state.dir/src/robot_state.cpp.o[0m
[18.433s] [ 34%] [32mBuilding CXX object utils/CMakeFiles/moveit_test_utils.dir/src/robot_model_test_utils.cpp.o[0m
[19.432s] [ 35%] [32m[1mLinking CXX shared library libmoveit_butterworth_filter.so[0m
[19.543s] [ 35%] Built target moveit_butterworth_filter
[19.561s] [ 35%] [32mBuilding CXX object online_signal_smoothing/CMakeFiles/test_butterworth_filter.dir/test/test_butterworth_filter.cpp.o[0m
[19.951s] [ 36%] [32m[1mLinking CXX executable test_distance_field[0m
[20.120s] [ 36%] Built target test_distance_field
[23.670s] [ 37%] [32m[1mLinking CXX executable test_butterworth_filter[0m
[23.775s] [ 37%] Built target test_butterworth_filter
[27.634s] [ 37%] [32m[1mLinking CXX shared library libmoveit_test_utils.so[0m
[27.737s] [ 37%] Built target moveit_test_utils
[27.752s] [ 37%] [32mBuilding CXX object robot_model/CMakeFiles/test_robot_model.dir/test/test.cpp.o[0m
[31.057s] [ 38%] [32m[1mLinking CXX executable test_robot_model[0m
[31.228s] [ 38%] Built target test_robot_model
[32.637s] [ 39%] [32m[1mLinking CXX shared library libmoveit_robot_state.so[0m
[32.756s] [ 39%] Built target moveit_robot_state
[32.801s] [ 40%] [32mBuilding CXX object online_signal_smoothing/CMakeFiles/moveit_acceleration_filter.dir/src/acceleration_filter.cpp.o[0m
[32.801s] [ 42%] [32mBuilding CXX object collision_detection/CMakeFiles/moveit_collision_detection.dir/src/world.cpp.o[0m
[32.801s] [ 42%] [32mBuilding CXX object collision_detection/CMakeFiles/moveit_collision_detection.dir/src/collision_octomap_filter.cpp.o[0m
[32.802s] [ 42%] [32mBuilding CXX object collision_detection/CMakeFiles/moveit_collision_detection.dir/src/collision_env.cpp.o[0m
[32.802s] [ 43%] [32mBuilding CXX object collision_detection/CMakeFiles/moveit_collision_detection.dir/src/collision_tools.cpp.o[0m
[32.802s] [ 43%] [32mBuilding CXX object collision_detection/CMakeFiles/moveit_collision_detection.dir/src/collision_common.cpp.o[0m
[32.802s] [ 44%] [32mBuilding CXX object collision_detection/CMakeFiles/moveit_collision_detection.dir/src/collision_plugin_cache.cpp.o[0m
[32.804s] [ 44%] [32mBuilding CXX object collision_detection/CMakeFiles/moveit_collision_detection.dir/src/collision_matrix.cpp.o[0m
[32.805s] [ 45%] [32mBuilding CXX object collision_detection/CMakeFiles/moveit_collision_detection.dir/src/world_diff.cpp.o[0m
[32.806s] [ 46%] [32mBuilding CXX object kinematics_metrics/CMakeFiles/moveit_kinematics_metrics.dir/src/kinematics_metrics.cpp.o[0m
[32.806s] [ 46%] [32mBuilding CXX object collision_detection/CMakeFiles/moveit_collision_detection.dir/src/allvalid/collision_env_allvalid.cpp.o[0m
[32.806s] [ 47%] [32mBuilding CXX object robot_state/CMakeFiles/test_robot_state_complex.dir/test/test_kinematic_complex.cpp.o[0m
[32.806s] [ 48%] [32mBuilding CXX object dynamics_solver/CMakeFiles/moveit_dynamics_solver.dir/src/dynamics_solver.cpp.o[0m
[32.809s] [ 48%] [32mBuilding CXX object robot_trajectory/CMakeFiles/moveit_robot_trajectory.dir/src/robot_trajectory.cpp.o[0m
[32.810s] [ 48%] [32mBuilding CXX object robot_state/CMakeFiles/test_cartesian_interpolator.dir/test/test_cartesian_interpolator.cpp.o[0m
[32.810s] [ 48%] [32mBuilding CXX object robot_state/CMakeFiles/robot_state_benchmark.dir/test/robot_state_benchmark.cpp.o[0m
[32.810s] [ 48%] [32mBuilding CXX object robot_state/CMakeFiles/test_aabb.dir/test/test_aabb.cpp.o[0m
[32.820s] [ 49%] [32mBuilding CXX object robot_state/CMakeFiles/test_robot_state.dir/test/robot_state_test.cpp.o[0m
[39.766s] [ 49%] [32m[1mLinking CXX shared library libmoveit_dynamics_solver.so[0m
[39.884s] [ 50%] [32m[1mLinking CXX executable test_cartesian_interpolator[0m
[39.895s] [ 50%] Built target moveit_dynamics_solver
[40.121s] [ 50%] Built target test_cartesian_interpolator
[40.899s] [ 50%] [32m[1mLinking CXX executable test_robot_state_complex[0m
[41.083s] [ 51%] [32m[1mLinking CXX executable test_aabb[0m
[41.137s] [ 51%] Built target test_robot_state_complex
[41.332s] [ 51%] Built target test_aabb
[41.381s] [ 52%] [32m[1mLinking CXX executable robot_state_benchmark[0m
[41.520s] [ 53%] [32m[1mLinking CXX shared library libmoveit_robot_trajectory.so[0m
[41.621s] [ 53%] Built target robot_state_benchmark
[41.656s] [ 53%] Built target moveit_robot_trajectory
[41.675s] [ 54%] [32mBuilding CXX object trajectory_processing/CMakeFiles/moveit_trajectory_processing.dir/src/ruckig_traj_smoothing.cpp.o[0m
[41.675s] [ 54%] [32mBuilding CXX object trajectory_processing/CMakeFiles/moveit_trajectory_processing.dir/src/trajectory_tools.cpp.o[0m
[41.676s] [ 55%] [32mBuilding CXX object robot_trajectory/CMakeFiles/test_robot_trajectory.dir/test/test_robot_trajectory.cpp.o[0m
[41.677s] [ 56%] [32mBuilding CXX object trajectory_processing/CMakeFiles/moveit_trajectory_processing.dir/src/time_optimal_trajectory_generation.cpp.o[0m
[42.157s] [ 56%] [32m[1mLinking CXX shared library libmoveit_acceleration_filter.so[0m
[42.317s] [ 56%] Built target moveit_acceleration_filter
[42.335s] [ 57%] [32mBuilding CXX object online_signal_smoothing/CMakeFiles/test_acceleration_filter.dir/test/test_acceleration_filter.cpp.o[0m
[44.376s] [ 57%] [32m[1mLinking CXX shared library libmoveit_collision_detection.so[0m
[44.623s] [ 57%] Built target moveit_collision_detection
[44.644s] [ 58%] [32mBuilding CXX object collision_detection/CMakeFiles/test_world_diff.dir/test/test_world_diff.cpp.o[0m
[44.644s] [ 59%] [32mBuilding CXX object collision_detection/CMakeFiles/test_all_valid.dir/test/test_all_valid.cpp.o[0m
[44.649s] [ 59%] [32mBuilding CXX object collision_detection_bullet/CMakeFiles/moveit_collision_detection_bullet.dir/src/bullet_integration/bullet_discrete_bvh_manager.cpp.o[0m
[44.649s] [ 60%] [32mBuilding CXX object collision_detection_bullet/CMakeFiles/moveit_collision_detection_bullet.dir/src/bullet_integration/bullet_bvh_manager.cpp.o[0m
[44.649s] [ 60%] [32mBuilding CXX object collision_detection_bullet/CMakeFiles/moveit_collision_detection_bullet.dir/src/bullet_integration/bullet_utils.cpp.o[0m
[44.649s] [ 61%] [32mBuilding CXX object collision_detection_bullet/CMakeFiles/moveit_collision_detection_bullet.dir/src/bullet_integration/ros_bullet_utils.cpp.o[0m
[44.649s] [ 61%] [32mBuilding CXX object collision_detection_bullet/CMakeFiles/moveit_collision_detection_bullet.dir/src/collision_env_bullet.cpp.o[0m
[44.653s] [ 63%] [32mBuilding CXX object collision_detection_bullet/CMakeFiles/moveit_collision_detection_bullet.dir/src/bullet_integration/contact_checker_common.cpp.o[0m
[44.655s] [ 63%] [32mBuilding CXX object collision_detection_bullet/CMakeFiles/moveit_collision_detection_bullet.dir/src/bullet_integration/bullet_cast_bvh_manager.cpp.o[0m
[44.655s] [ 63%] [32mBuilding CXX object collision_detection_fcl/CMakeFiles/moveit_collision_detection_fcl.dir/src/collision_common.cpp.o[0m
[44.655s] [ 64%] [32mBuilding CXX object collision_detection/CMakeFiles/test_world.dir/test/test_world.cpp.o[0m
[44.656s] [ 65%] [32mBuilding CXX object collision_detection_fcl/CMakeFiles/moveit_collision_detection_fcl.dir/src/collision_env_fcl.cpp.o[0m
[46.957s] [ 65%] [32m[1mLinking CXX executable test_robot_state[0m
[47.461s] [ 65%] Built target test_robot_state
[50.233s] [ 65%] [32m[1mLinking CXX executable test_world_diff[0m
[50.292s] [ 65%] [32m[1mLinking CXX executable test_robot_trajectory[0m
[50.599s] [ 65%] Built target test_world_diff
[50.633s] [ 65%] Built target test_robot_trajectory
[51.178s] [ 65%] [32m[1mLinking CXX executable test_world[0m
[51.388s] [ 65%] Built target test_world
[51.732s] [ 65%] [32m[1mLinking CXX executable test_all_valid[0m
[51.870s] [ 65%] [32m[1mLinking CXX executable test_acceleration_filter[0m
[51.922s] [ 65%] Built target test_all_valid
[52.084s] [ 65%] Built target test_acceleration_filter
[52.434s] [ 65%] [32m[1mLinking CXX shared library libmoveit_trajectory_processing.so[0m
[52.539s] [ 65%] Built target moveit_trajectory_processing
[52.556s] [ 65%] [32mBuilding CXX object trajectory_processing/CMakeFiles/test_time_optimal_trajectory_generation.dir/test/test_time_optimal_trajectory_generation.cpp.o[0m
[52.558s] [ 66%] [32mBuilding CXX object trajectory_processing/CMakeFiles/test_ruckig_traj_smoothing.dir/test/test_ruckig_traj_smoothing.cpp.o[0m
[52.558s] [ 66%] [32mBuilding CXX object trajectory_processing/CMakeFiles/robot_trajectory_benchmark.dir/test/robot_trajectory_benchmark.cpp.o[0m
[52.793s] [ 67%] [32m[1mLinking CXX shared library libmoveit_kinematics_metrics.so[0m
[52.898s] [ 67%] Built target moveit_kinematics_metrics
[53.035s] [ 68%] [32m[1mLinking CXX shared library libmoveit_collision_detection_bullet.so[0m
[53.166s] [ 68%] Built target moveit_collision_detection_bullet
[53.184s] [ 69%] [32mBuilding CXX object collision_detection_bullet/CMakeFiles/test_bullet_collision_detection_panda.dir/test/test_bullet_collision_detection_panda.cpp.o[0m
[53.186s] [ 70%] [32mBuilding CXX object collision_detection_bullet/CMakeFiles/test_bullet_collision_detection.dir/test/test_bullet_collision_detection_pr2.cpp.o[0m
[53.186s] [ 70%] [32mBuilding CXX object collision_detection_bullet/CMakeFiles/test_bullet_continuous_collision_checking.dir/test/test_bullet_continuous_collision_checking.cpp.o[0m
[53.744s] [ 71%] [32m[1mLinking CXX shared library libmoveit_collision_detection_fcl.so[0m
[53.926s] [ 71%] Built target moveit_collision_detection_fcl
[53.944s] [ 72%] [32mBuilding CXX object kinematic_constraints/CMakeFiles/moveit_kinematic_constraints.dir/src/kinematic_constraint.cpp.o[0m
[53.944s] [ 72%] [32mBuilding CXX object kinematic_constraints/CMakeFiles/moveit_kinematic_constraints.dir/src/utils.cpp.o[0m
[53.944s] [ 73%] [32mBuilding CXX object collision_detection_fcl/CMakeFiles/test_fcl_collision_detection_panda.dir/test/test_fcl_collision_detection_panda.cpp.o[0m
[53.947s] [ 74%] [32mBuilding CXX object collision_detection_fcl/CMakeFiles/test_fcl_collision_detection.dir/test/test_fcl_collision_detection_pr2.cpp.o[0m
[53.951s] [ 75%] [32mBuilding CXX object collision_detection_fcl/CMakeFiles/test_fcl_collision_env.dir/test/test_fcl_env.cpp.o[0m
[58.305s] [ 76%] [32m[1mLinking CXX executable robot_trajectory_benchmark[0m
[58.534s] [ 76%] Built target robot_trajectory_benchmark
[58.619s] [ 77%] [32m[1mLinking CXX executable test_ruckig_traj_smoothing[0m
[58.971s] [ 77%] Built target test_ruckig_traj_smoothing
[60.083s] [ 78%] [32m[1mLinking CXX executable test_time_optimal_trajectory_generation[0m
[60.178s] [ 79%] [32m[1mLinking CXX executable test_bullet_collision_detection_panda[0m
[60.324s] [ 79%] Built target test_time_optimal_trajectory_generation
[60.449s] [ 79%] Built target test_bullet_collision_detection_panda
[60.804s] [ 79%] [32m[1mLinking CXX executable test_fcl_collision_env[0m
[61.041s] [ 79%] Built target test_fcl_collision_env
[61.632s] [ 79%] [32m[1mLinking CXX executable test_fcl_collision_detection_panda[0m
[61.832s] [ 79%] Built target test_fcl_collision_detection_panda
[62.222s] [ 79%] [32m[1mLinking CXX executable test_fcl_collision_detection[0m
[62.441s] [ 79%] Built target test_fcl_collision_detection
[62.510s] [ 79%] [32m[1mLinking CXX executable test_bullet_collision_detection[0m
[62.723s] [ 79%] Built target test_bullet_collision_detection
[62.961s] [ 80%] [32m[1mLinking CXX executable test_bullet_continuous_collision_checking[0m
[63.152s] [ 80%] Built target test_bullet_continuous_collision_checking
[64.426s] [ 80%] [32m[1mLinking CXX shared library libmoveit_kinematic_constraints.so[0m
[64.555s] [ 80%] Built target moveit_kinematic_constraints
[64.573s] [ 80%] [32mBuilding CXX object kinematic_constraints/CMakeFiles/test_orientation_constraints.dir/test/test_orientation_constraints.cpp.o[0m
[64.573s] [ 80%] [32mBuilding CXX object kinematic_constraints/CMakeFiles/test_constraints.dir/test/test_constraints.cpp.o[0m
[64.575s] [ 81%] [32mBuilding CXX object planning_scene/CMakeFiles/moveit_planning_scene.dir/src/planning_scene.cpp.o[0m
[70.511s] [ 82%] [32m[1mLinking CXX executable test_orientation_constraints[0m
[70.703s] [ 82%] Built target test_orientation_constraints
[71.402s] [ 83%] [32m[1mLinking CXX executable test_constraints[0m
[71.600s] [ 83%] Built target test_constraints
[75.927s] [ 83%] [32m[1mLinking CXX shared library libmoveit_planning_scene.so[0m
[76.043s] [ 83%] Built target moveit_planning_scene
[76.067s] [ 83%] [32mBuilding CXX object collision_detection_bullet/CMakeFiles/collision_detector_bullet_plugin.dir/src/collision_detector_bullet_plugin_loader.cpp.o[0m
[76.067s] [ 83%] [32mBuilding CXX object planning_interface/CMakeFiles/moveit_planning_interface.dir/src/planning_interface.cpp.o[0m
[76.067s] [ 84%] [32mBuilding CXX object planning_interface/CMakeFiles/moveit_planning_interface.dir/src/planning_response.cpp.o[0m
[76.068s] [ 84%] [32mBuilding CXX object collision_detection_fcl/CMakeFiles/collision_detector_fcl_plugin.dir/src/collision_detector_fcl_plugin_loader.cpp.o[0m
[76.071s] [ 85%] [32mBuilding CXX object planning_scene/CMakeFiles/test_collision_objects.dir/test/test_collision_objects.cpp.o[0m
[76.072s] [ 86%] [32mBuilding CXX object planning_scene/CMakeFiles/test_multi_threaded.dir/test/test_multi_threaded.cpp.o[0m
[76.076s] [ 87%] [32mBuilding CXX object collision_distance_field/CMakeFiles/moveit_collision_distance_field.dir/src/collision_env_distance_field.cpp.o[0m
[76.076s] [ 87%] [32mBuilding CXX object collision_distance_field/CMakeFiles/moveit_collision_distance_field.dir/src/collision_common_distance_field.cpp.o[0m
[76.076s] [ 89%] [32mBuilding CXX object constraint_samplers/CMakeFiles/moveit_constraint_samplers.dir/src/default_constraint_samplers.cpp.o[0m
[76.076s] [ 89%] [32mBuilding CXX object collision_distance_field/CMakeFiles/moveit_collision_distance_field.dir/src/collision_env_hybrid.cpp.o[0m
[76.076s] [ 89%] [32mBuilding CXX object constraint_samplers/CMakeFiles/moveit_constraint_samplers.dir/src/union_constraint_sampler.cpp.o[0m
[76.077s] [ 89%] [32mBuilding CXX object constraint_samplers/CMakeFiles/moveit_constraint_samplers.dir/src/constraint_sampler_tools.cpp.o[0m
[76.080s] [ 89%] [32mBuilding CXX object constraint_samplers/CMakeFiles/moveit_constraint_samplers.dir/src/constraint_sampler.cpp.o[0m
[76.080s] [ 89%] [32mBuilding CXX object planning_scene/CMakeFiles/test_planning_scene.dir/test/test_planning_scene.cpp.o[0m
[76.080s] [ 90%] [32mBuilding CXX object constraint_samplers/CMakeFiles/moveit_constraint_samplers.dir/src/constraint_sampler_manager.cpp.o[0m
[76.080s] [ 90%] [32mBuilding CXX object collision_distance_field/CMakeFiles/moveit_collision_distance_field.dir/src/collision_distance_field_types.cpp.o[0m
[83.636s] [ 91%] [32m[1mLinking CXX shared library libcollision_detector_bullet_plugin.so[0m
[83.846s] [ 91%] Built target collision_detector_bullet_plugin
[85.354s] [ 92%] [32m[1mLinking CXX executable test_multi_threaded[0m
[85.358s] [ 92%] [32m[1mLinking CXX shared library libmoveit_planning_interface.so[0m
[85.492s] [ 92%] Built target moveit_planning_interface
[85.577s] [ 92%] Built target test_multi_threaded
[86.343s] [ 93%] [32m[1mLinking CXX shared library libcollision_detector_fcl_plugin.so[0m
[86.444s] [ 93%] Built target collision_detector_fcl_plugin
[86.921s] [ 94%] [32m[1mLinking CXX shared library libmoveit_constraint_samplers.so[0m
[87.049s] [ 94%] Built target moveit_constraint_samplers
[87.067s] [ 95%] [32mBuilding CXX object constraint_samplers/CMakeFiles/test_constraint_samplers.dir/test/test_constraint_samplers.cpp.o[0m
[87.067s] [ 96%] [32mBuilding CXX object constraint_samplers/CMakeFiles/test_constraint_samplers.dir/test/pr2_arm_kinematics_plugin.cpp.o[0m
[87.068s] [ 96%] [32mBuilding CXX object constraint_samplers/CMakeFiles/test_constraint_samplers.dir/test/pr2_arm_ik.cpp.o[0m
[87.157s] [ 96%] [32m[1mLinking CXX executable test_collision_objects[0m
[87.372s] [ 96%] Built target test_collision_objects
[88.452s] [ 97%] [32m[1mLinking CXX shared library libmoveit_collision_distance_field.so[0m
[88.595s] [ 97%] Built target moveit_collision_distance_field
[88.614s] [ 98%] [32mBuilding CXX object collision_distance_field/CMakeFiles/test_collision_distance_field.dir/test/test_collision_distance_field.cpp.o[0m
[89.042s] [ 99%] [32m[1mLinking CXX executable test_planning_scene[0m
[89.276s] [ 99%] Built target test_planning_scene
[95.402s] [ 99%] [32m[1mLinking CXX executable test_collision_distance_field[0m
[95.604s] [ 99%] Built target test_collision_distance_field
[95.706s] [100%] [32m[1mLinking CXX executable test_constraint_samplers[0m
[95.934s] [100%] Built target test_constraint_samplers
[95.946s] Invoked command in '/root/ws_moveit/build/moveit_core' returned '0': CMAKE_PREFIX_PATH=/root/ws_moveit/install/moveit_resources_panda_moveit_config:/root/ws_moveit/install/moveit_resources_pr2_description:/root/ws_moveit/install/moveit_resources_panda_description:/root/ws_moveit/install/moveit_msgs:/root/ws_moveit/install/moveit_common:/root/ws_moveit/install/robotiq_hardware_tests:/root/ws_moveit/install/serial:/root/ws_moveit/install/moveit2_tutorials:/root/ws_moveit/install/moveit_visual_tools:/root/ws_moveit/install/rviz_visual_tools:/root/ws_moveit/install/moveit_task_constructor_visualization:/root/ws_moveit/install/moveit_task_constructor_demo:/root/ws_moveit/install/moveit_task_constructor_capabilities:/root/ws_moveit/install/moveit_task_constructor_core:/root/ws_moveit/install/rviz_marker_tools:/root/ws_moveit/install/kortex_bringup:/root/ws_moveit/install/kinova_gen3_7dof_robotiq_2f_85_moveit_config:/root/ws_moveit/install/kinova_gen3_6dof_robotiq_2f_85_moveit_config:/root/ws_moveit/install/kortex_description:/root/ws_moveit/install/robotiq_description:/root/ws_moveit/install/robotiq_controllers:/root/ws_moveit/install/pilz_industrial_motion_planner_testutils:/root/ws_moveit/install/moveit_runtime:/root/ws_moveit/install/moveit:/root/ws_moveit/install/moveit_planners:/root/ws_moveit/install/pilz_industrial_motion_planner:/root/ws_moveit/install/pick_ik:/root/ws_moveit/install/my_robot:/root/ws_moveit/install/moveit_task_constructor_msgs:/root/ws_moveit/install/moveit_ros_control_interface:/root/ws_moveit/install/moveit_plugins:/root/ws_moveit/install/moveit_simple_controller_manager:/root/ws_moveit/install/moveit_setup_assistant:/root/ws_moveit/install/moveit_setup_srdf_plugins:/root/ws_moveit/install/moveit_setup_core_plugins:/root/ws_moveit/install/moveit_setup_controllers:/root/ws_moveit/install/moveit_setup_app_plugins:/root/ws_moveit/install/moveit_setup_framework:/root/ws_moveit/install/moveit_servo:/root/ws_moveit/install/moveit_ros:/root/ws_moveit/install/moveit_ros_visualization:/root/ws_moveit/install/moveit_py:/root/ws_moveit/install/moveit_hybrid_planning:/root/ws_moveit/install/moveit_ros_planning_interface:/root/ws_moveit/install/moveit_ros_benchmarks:/root/ws_moveit/install/moveit_ros_warehouse:/root/ws_moveit/install/moveit_ros_robot_interaction:/root/ws_moveit/install/moveit_ros_perception:/root/ws_moveit/install/moveit_resources_prbt_pg70_support:/root/ws_moveit/install/moveit_resources_prbt_moveit_config:/root/ws_moveit/install/moveit_ros_move_group:/root/ws_moveit/install/moveit_planners_ompl:/root/ws_moveit/install/moveit_kinematics:/root/ws_moveit/install/moveit_ros_planning:/root/ws_moveit/install/moveit_ros_occupancy_map_monitor:/root/ws_moveit/install/moveit_resources_prbt_support:/root/ws_moveit/install/moveit_resources_prbt_ikfast_manipulator_plugin:/root/ws_moveit/install/moveit_resources:/root/ws_moveit/install/dual_arm_panda_moveit_config:/root/ws_moveit/install/moveit_resources_fanuc_moveit_config:/root/ws_moveit/install/moveit_resources_fanuc_description:/root/ws_moveit/install/moveit_planners_stomp:/root/ws_moveit/install/moveit_planners_chomp:/root/ws_moveit/install/chomp_motion_planner:/root/ws_moveit/install/moveit_core:/root/ws_moveit/install/kortex_driver:/root/ws_moveit/install/kortex_api:/root/ws_moveit/install/robotiq_driver:/root/ws_moveit/install/moveit_configs_utils:/opt/ros/humble LD_LIBRARY_PATH=/root/ws_moveit/install/moveit_msgs/lib:/root/ws_moveit/install/robotiq_driver/lib:/root/ws_moveit/install/serial/lib:/root/ws_moveit/install/moveit_visual_tools/lib:/root/ws_moveit/install/rviz_visual_tools/lib:/root/ws_moveit/install/moveit_task_constructor_visualization/lib:/root/ws_moveit/install/moveit_task_constructor_demo/lib:/root/ws_moveit/install/moveit_task_constructor_capabilities/lib:/root/ws_moveit/install/moveit_task_constructor_core/lib:/root/ws_moveit/install/rviz_marker_tools/lib:/root/ws_moveit/install/robotiq_controllers/lib:/root/ws_moveit/install/pilz_industrial_motion_planner_testutils/lib:/root/ws_moveit/install/pilz_industrial_motion_planner/lib:/root/ws_moveit/install/pick_ik/lib:/root/ws_moveit/install/moveit_task_constructor_msgs/lib:/root/ws_moveit/install/moveit_ros_control_interface/lib:/root/ws_moveit/install/moveit_simple_controller_manager/lib:/root/ws_moveit/install/moveit_setup_assistant/lib:/root/ws_moveit/install/moveit_setup_srdf_plugins/lib:/root/ws_moveit/install/moveit_setup_core_plugins/lib:/root/ws_moveit/install/moveit_setup_controllers/lib:/root/ws_moveit/install/moveit_setup_app_plugins/lib:/root/ws_moveit/install/moveit_setup_framework/lib:/root/ws_moveit/install/moveit_servo/lib:/root/ws_moveit/install/moveit_ros_visualization/lib:/root/ws_moveit/install/moveit_py/lib:/root/ws_moveit/install/moveit_hybrid_planning/lib:/root/ws_moveit/install/moveit_ros_planning_interface/lib:/root/ws_moveit/install/moveit_ros_benchmarks/lib:/root/ws_moveit/install/moveit_ros_warehouse/lib:/root/ws_moveit/install/moveit_ros_robot_interaction/lib:/root/ws_moveit/install/moveit_ros_perception/lib:/root/ws_moveit/install/moveit_ros_move_group/lib:/root/ws_moveit/install/moveit_planners_ompl/lib:/root/ws_moveit/install/moveit_kinematics/lib:/root/ws_moveit/install/moveit_ros_planning/lib:/root/ws_moveit/install/moveit_ros_occupancy_map_monitor/lib:/root/ws_moveit/install/moveit_resources_prbt_ikfast_manipulator_plugin/lib:/root/ws_moveit/install/moveit_planners_stomp/lib:/root/ws_moveit/install/moveit_planners_chomp/lib:/root/ws_moveit/install/chomp_motion_planner/lib:/root/ws_moveit/install/moveit_core/lib:/root/ws_moveit/install/kortex_driver/lib:/opt/ros/humble/opt/rviz_ogre_vendor/lib:/opt/ros/humble/lib/x86_64-linux-gnu:/opt/ros/humble/lib /usr/bin/cmake --build /root/ws_moveit/build/moveit_core -- -j20 -l20
[96.032s] Invoking command in '/root/ws_moveit/build/moveit_core': CMAKE_PREFIX_PATH=/root/ws_moveit/install/moveit_resources_panda_moveit_config:/root/ws_moveit/install/moveit_resources_pr2_description:/root/ws_moveit/install/moveit_resources_panda_description:/root/ws_moveit/install/moveit_msgs:/root/ws_moveit/install/moveit_common:/root/ws_moveit/install/robotiq_hardware_tests:/root/ws_moveit/install/serial:/root/ws_moveit/install/moveit2_tutorials:/root/ws_moveit/install/moveit_visual_tools:/root/ws_moveit/install/rviz_visual_tools:/root/ws_moveit/install/moveit_task_constructor_visualization:/root/ws_moveit/install/moveit_task_constructor_demo:/root/ws_moveit/install/moveit_task_constructor_capabilities:/root/ws_moveit/install/moveit_task_constructor_core:/root/ws_moveit/install/rviz_marker_tools:/root/ws_moveit/install/kortex_bringup:/root/ws_moveit/install/kinova_gen3_7dof_robotiq_2f_85_moveit_config:/root/ws_moveit/install/kinova_gen3_6dof_robotiq_2f_85_moveit_config:/root/ws_moveit/install/kortex_description:/root/ws_moveit/install/robotiq_description:/root/ws_moveit/install/robotiq_controllers:/root/ws_moveit/install/pilz_industrial_motion_planner_testutils:/root/ws_moveit/install/moveit_runtime:/root/ws_moveit/install/moveit:/root/ws_moveit/install/moveit_planners:/root/ws_moveit/install/pilz_industrial_motion_planner:/root/ws_moveit/install/pick_ik:/root/ws_moveit/install/my_robot:/root/ws_moveit/install/moveit_task_constructor_msgs:/root/ws_moveit/install/moveit_ros_control_interface:/root/ws_moveit/install/moveit_plugins:/root/ws_moveit/install/moveit_simple_controller_manager:/root/ws_moveit/install/moveit_setup_assistant:/root/ws_moveit/install/moveit_setup_srdf_plugins:/root/ws_moveit/install/moveit_setup_core_plugins:/root/ws_moveit/install/moveit_setup_controllers:/root/ws_moveit/install/moveit_setup_app_plugins:/root/ws_moveit/install/moveit_setup_framework:/root/ws_moveit/install/moveit_servo:/root/ws_moveit/install/moveit_ros:/root/ws_moveit/install/moveit_ros_visualization:/root/ws_moveit/install/moveit_py:/root/ws_moveit/install/moveit_hybrid_planning:/root/ws_moveit/install/moveit_ros_planning_interface:/root/ws_moveit/install/moveit_ros_benchmarks:/root/ws_moveit/install/moveit_ros_warehouse:/root/ws_moveit/install/moveit_ros_robot_interaction:/root/ws_moveit/install/moveit_ros_perception:/root/ws_moveit/install/moveit_resources_prbt_pg70_support:/root/ws_moveit/install/moveit_resources_prbt_moveit_config:/root/ws_moveit/install/moveit_ros_move_group:/root/ws_moveit/install/moveit_planners_ompl:/root/ws_moveit/install/moveit_kinematics:/root/ws_moveit/install/moveit_ros_planning:/root/ws_moveit/install/moveit_ros_occupancy_map_monitor:/root/ws_moveit/install/moveit_resources_prbt_support:/root/ws_moveit/install/moveit_resources_prbt_ikfast_manipulator_plugin:/root/ws_moveit/install/moveit_resources:/root/ws_moveit/install/dual_arm_panda_moveit_config:/root/ws_moveit/install/moveit_resources_fanuc_moveit_config:/root/ws_moveit/install/moveit_resources_fanuc_description:/root/ws_moveit/install/moveit_planners_stomp:/root/ws_moveit/install/moveit_planners_chomp:/root/ws_moveit/install/chomp_motion_planner:/root/ws_moveit/install/moveit_core:/root/ws_moveit/install/kortex_driver:/root/ws_moveit/install/kortex_api:/root/ws_moveit/install/robotiq_driver:/root/ws_moveit/install/moveit_configs_utils:/opt/ros/humble LD_LIBRARY_PATH=/root/ws_moveit/install/moveit_msgs/lib:/root/ws_moveit/install/robotiq_driver/lib:/root/ws_moveit/install/serial/lib:/root/ws_moveit/install/moveit_visual_tools/lib:/root/ws_moveit/install/rviz_visual_tools/lib:/root/ws_moveit/install/moveit_task_constructor_visualization/lib:/root/ws_moveit/install/moveit_task_constructor_demo/lib:/root/ws_moveit/install/moveit_task_constructor_capabilities/lib:/root/ws_moveit/install/moveit_task_constructor_core/lib:/root/ws_moveit/install/rviz_marker_tools/lib:/root/ws_moveit/install/robotiq_controllers/lib:/root/ws_moveit/install/pilz_industrial_motion_planner_testutils/lib:/root/ws_moveit/install/pilz_industrial_motion_planner/lib:/root/ws_moveit/install/pick_ik/lib:/root/ws_moveit/install/moveit_task_constructor_msgs/lib:/root/ws_moveit/install/moveit_ros_control_interface/lib:/root/ws_moveit/install/moveit_simple_controller_manager/lib:/root/ws_moveit/install/moveit_setup_assistant/lib:/root/ws_moveit/install/moveit_setup_srdf_plugins/lib:/root/ws_moveit/install/moveit_setup_core_plugins/lib:/root/ws_moveit/install/moveit_setup_controllers/lib:/root/ws_moveit/install/moveit_setup_app_plugins/lib:/root/ws_moveit/install/moveit_setup_framework/lib:/root/ws_moveit/install/moveit_servo/lib:/root/ws_moveit/install/moveit_ros_visualization/lib:/root/ws_moveit/install/moveit_py/lib:/root/ws_moveit/install/moveit_hybrid_planning/lib:/root/ws_moveit/install/moveit_ros_planning_interface/lib:/root/ws_moveit/install/moveit_ros_benchmarks/lib:/root/ws_moveit/install/moveit_ros_warehouse/lib:/root/ws_moveit/install/moveit_ros_robot_interaction/lib:/root/ws_moveit/install/moveit_ros_perception/lib:/root/ws_moveit/install/moveit_ros_move_group/lib:/root/ws_moveit/install/moveit_planners_ompl/lib:/root/ws_moveit/install/moveit_kinematics/lib:/root/ws_moveit/install/moveit_ros_planning/lib:/root/ws_moveit/install/moveit_ros_occupancy_map_monitor/lib:/root/ws_moveit/install/moveit_resources_prbt_ikfast_manipulator_plugin/lib:/root/ws_moveit/install/moveit_planners_stomp/lib:/root/ws_moveit/install/moveit_planners_chomp/lib:/root/ws_moveit/install/chomp_motion_planner/lib:/root/ws_moveit/install/moveit_core/lib:/root/ws_moveit/install/kortex_driver/lib:/opt/ros/humble/opt/rviz_ogre_vendor/lib:/opt/ros/humble/lib/x86_64-linux-gnu:/opt/ros/humble/lib /usr/bin/cmake --install /root/ws_moveit/build/moveit_core
[96.037s] -- Install configuration: "Release"
[96.037s] -- Installing: /root/ws_moveit/install/moveit_core/include/moveit_core
[96.037s] -- Installing: /root/ws_moveit/install/moveit_core/include/moveit_core/moveit
[96.037s] -- Installing: /root/ws_moveit/install/moveit_core/include/moveit_core/moveit/collision_detection_bullet
[96.038s] -- Installing: /root/ws_moveit/install/moveit_core/include/moveit_core/moveit/collision_detection_bullet/collision_env_bullet.h
[96.038s] -- Installing: /root/ws_moveit/install/moveit_core/include/moveit_core/moveit/collision_detection_bullet/collision_detector_bullet_plugin_loader.h
[96.038s] -- Installing: /root/ws_moveit/install/moveit_core/include/moveit_core/moveit/collision_detection_bullet/collision_detector_allocator_bullet.h
[96.038s] -- Installing: /root/ws_moveit/install/moveit_core/include/moveit_core/moveit/collision_detection_bullet/bullet_integration
[96.038s] -- Installing: /root/ws_moveit/install/moveit_core/include/moveit_core/moveit/collision_detection_bullet/bullet_integration/contact_checker_common.h
[96.038s] -- Installing: /root/ws_moveit/install/moveit_core/include/moveit_core/moveit/collision_detection_bullet/bullet_integration/bullet_discrete_bvh_manager.h
[96.038s] -- Installing: /root/ws_moveit/install/moveit_core/include/moveit_core/moveit/collision_detection_bullet/bullet_integration/ros_bullet_utils.h
[96.038s] -- Installing: /root/ws_moveit/install/moveit_core/include/moveit_core/moveit/collision_detection_bullet/bullet_integration/basic_types.h
[96.038s] -- Installing: /root/ws_moveit/install/moveit_core/include/moveit_core/moveit/collision_detection_bullet/bullet_integration/bullet_bvh_manager.h
[96.038s] -- Installing: /root/ws_moveit/install/moveit_core/include/moveit_core/moveit/collision_detection_bullet/bullet_integration/bullet_utils.h
[96.038s] -- Installing: /root/ws_moveit/install/moveit_core/include/moveit_core/moveit/collision_detection_bullet/bullet_integration/bullet_cast_bvh_manager.h
[96.038s] -- Installing: /root/ws_moveit/install/moveit_core/include/moveit_core/moveit_collision_detection_bullet_export.h
[96.038s] -- Up-to-date: /root/ws_moveit/install/moveit_core/include/moveit_core
[96.038s] -- Up-to-date: /root/ws_moveit/install/moveit_core/include/moveit_core/moveit
[96.038s] -- Installing: /root/ws_moveit/install/moveit_core/include/moveit_core/moveit/collision_detection_fcl
[96.038s] -- Installing: /root/ws_moveit/install/moveit_core/include/moveit_core/moveit/collision_detection_fcl/collision_env_fcl.h
[96.038s] -- Installing: /root/ws_moveit/install/moveit_core/include/moveit_core/moveit/collision_detection_fcl/fcl_compat.h
[96.038s] -- Installing: /root/ws_moveit/install/moveit_core/include/moveit_core/moveit/collision_detection_fcl/collision_common.h
[96.038s] -- Installing: /root/ws_moveit/install/moveit_core/include/moveit_core/moveit/collision_detection_fcl/collision_detector_allocator_fcl.h
[96.038s] -- Installing: /root/ws_moveit/install/moveit_core/include/moveit_core/moveit/collision_detection_fcl/collision_detector_fcl_plugin_loader.h
[96.038s] -- Installing: /root/ws_moveit/install/moveit_core/include/moveit_core/moveit_collision_detection_fcl_export.h
[96.039s] -- Up-to-date: /root/ws_moveit/install/moveit_core/include/moveit_core
[96.039s] -- Up-to-date: /root/ws_moveit/install/moveit_core/include/moveit_core/moveit
[96.039s] -- Installing: /root/ws_moveit/install/moveit_core/include/moveit_core/moveit/collision_detection
[96.039s] -- Installing: /root/ws_moveit/install/moveit_core/include/moveit_core/moveit/collision_detection/world_diff.h
[96.039s] -- Installing: /root/ws_moveit/install/moveit_core/include/moveit_core/moveit/collision_detection/collision_octomap_filter.h
[96.039s] -- Installing: /root/ws_moveit/install/moveit_core/include/moveit_core/moveit/collision_detection/collision_matrix.h
[96.039s] -- Installing: /root/ws_moveit/install/moveit_core/include/moveit_core/moveit/collision_detection/collision_detector_allocator.h
[96.039s] -- Installing: /root/ws_moveit/install/moveit_core/include/moveit_core/moveit/collision_detection/test_collision_common_panda.h
[96.039s] -- Installing: /root/ws_moveit/install/moveit_core/include/moveit_core/moveit/collision_detection/collision_plugin.h
[96.039s] -- Installing: /root/ws_moveit/install/moveit_core/include/moveit_core/moveit/collision_detection/collision_tools.h
[96.039s] -- Installing: /root/ws_moveit/install/moveit_core/include/moveit_core/moveit/collision_detection/world.h
[96.039s] -- Installing: /root/ws_moveit/install/moveit_core/include/moveit_core/moveit/collision_detection/collision_plugin_cache.h
[96.039s] -- Installing: /root/ws_moveit/install/moveit_core/include/moveit_core/moveit/collision_detection/collision_common.h
[96.039s] -- Installing: /root/ws_moveit/install/moveit_core/include/moveit_core/moveit/collision_detection/test_collision_common_pr2.h
[96.039s] -- Installing: /root/ws_moveit/install/moveit_core/include/moveit_core/moveit/collision_detection/allvalid
[96.039s] -- Installing: /root/ws_moveit/install/moveit_core/include/moveit_core/moveit/collision_detection/allvalid/collision_env_allvalid.h
[96.039s] -- Installing: /root/ws_moveit/install/moveit_core/include/moveit_core/moveit/collision_detection/allvalid/collision_detector_allocator_allvalid.h
[96.039s] -- Installing: /root/ws_moveit/install/moveit_core/include/moveit_core/moveit/collision_detection/collision_env.h
[96.039s] -- Installing: /root/ws_moveit/install/moveit_core/include/moveit_core/moveit/collision_detection/occupancy_map.h
[96.039s] -- Installing: /root/ws_moveit/install/moveit_core/include/moveit_core/moveit_collision_detection_export.h
[96.040s] -- Up-to-date: /root/ws_moveit/install/moveit_core/include/moveit_core
[96.040s] -- Up-to-date: /root/ws_moveit/install/moveit_core/include/moveit_core/moveit
[96.040s] -- Installing: /root/ws_moveit/install/moveit_core/include/moveit_core/moveit/collision_distance_field
[96.040s] -- Installing: /root/ws_moveit/install/moveit_core/include/moveit_core/moveit/collision_distance_field/collision_env_hybrid.h
[96.040s] -- Installing: /root/ws_moveit/install/moveit_core/include/moveit_core/moveit/collision_distance_field/collision_detector_allocator_distance_field.h
[96.040s] -- Installing: /root/ws_moveit/install/moveit_core/include/moveit_core/moveit/collision_distance_field/collision_env_distance_field.h
[96.040s] -- Installing: /root/ws_moveit/install/moveit_core/include/moveit_core/moveit/collision_distance_field/collision_common_distance_field.h
[96.040s] -- Installing: /root/ws_moveit/install/moveit_core/include/moveit_core/moveit/collision_distance_field/collision_distance_field_types.h
[96.040s] -- Installing: /root/ws_moveit/install/moveit_core/include/moveit_core/moveit/collision_distance_field/collision_detector_allocator_hybrid.h
[96.040s] -- Installing: /root/ws_moveit/install/moveit_core/include/moveit_core/moveit_collision_distance_field_export.h
[96.040s] -- Up-to-date: /root/ws_moveit/install/moveit_core/include/moveit_core
[96.040s] -- Up-to-date: /root/ws_moveit/install/moveit_core/include/moveit_core/moveit
[96.040s] -- Installing: /root/ws_moveit/install/moveit_core/include/moveit_core/moveit/constraint_samplers
[96.040s] -- Installing: /root/ws_moveit/install/moveit_core/include/moveit_core/moveit/constraint_samplers/union_constraint_sampler.h
[96.040s] -- Installing: /root/ws_moveit/install/moveit_core/include/moveit_core/moveit/constraint_samplers/constraint_sampler.h
[96.041s] -- Installing: /root/ws_moveit/install/moveit_core/include/moveit_core/moveit/constraint_samplers/default_constraint_samplers.h
[96.041s] -- Installing: /root/ws_moveit/install/moveit_core/include/moveit_core/moveit/constraint_samplers/constraint_sampler_allocator.h
[96.041s] -- Installing: /root/ws_moveit/install/moveit_core/include/moveit_core/moveit/constraint_samplers/constraint_sampler_manager.h
[96.041s] -- Installing: /root/ws_moveit/install/moveit_core/include/moveit_core/moveit/constraint_samplers/constraint_sampler_tools.h
[96.041s] -- Up-to-date: /root/ws_moveit/install/moveit_core/include/moveit_core
[96.041s] -- Up-to-date: /root/ws_moveit/install/moveit_core/include/moveit_core/moveit
[96.041s] -- Installing: /root/ws_moveit/install/moveit_core/include/moveit_core/moveit/controller_manager
[96.041s] -- Installing: /root/ws_moveit/install/moveit_core/include/moveit_core/moveit/controller_manager/controller_manager.h
[96.042s] -- Up-to-date: /root/ws_moveit/install/moveit_core/include/moveit_core
[96.042s] -- Up-to-date: /root/ws_moveit/install/moveit_core/include/moveit_core/moveit
[96.042s] -- Installing: /root/ws_moveit/install/moveit_core/include/moveit_core/moveit/distance_field
[96.042s] -- Installing: /root/ws_moveit/install/moveit_core/include/moveit_core/moveit/distance_field/propagation_distance_field.h
[96.042s] -- Installing: /root/ws_moveit/install/moveit_core/include/moveit_core/moveit/distance_field/voxel_grid.h
[96.042s] -- Installing: /root/ws_moveit/install/moveit_core/include/moveit_core/moveit/distance_field/distance_field.h
[96.042s] -- Installing: /root/ws_moveit/install/moveit_core/include/moveit_core/moveit/distance_field/find_internal_points.h
[96.042s] -- Up-to-date: /root/ws_moveit/install/moveit_core/include/moveit_core
[96.042s] -- Up-to-date: /root/ws_moveit/install/moveit_core/include/moveit_core/moveit
[96.042s] -- Installing: /root/ws_moveit/install/moveit_core/include/moveit_core/moveit/dynamics_solver
[96.042s] -- Installing: /root/ws_moveit/install/moveit_core/include/moveit_core/moveit/dynamics_solver/dynamics_solver.h
[96.042s] -- Up-to-date: /root/ws_moveit/install/moveit_core/include/moveit_core
[96.042s] -- Up-to-date: /root/ws_moveit/install/moveit_core/include/moveit_core/moveit
[96.042s] -- Installing: /root/ws_moveit/install/moveit_core/include/moveit_core/moveit/exceptions
[96.042s] -- Installing: /root/ws_moveit/install/moveit_core/include/moveit_core/moveit/exceptions/exceptions.h
[96.042s] -- Up-to-date: /root/ws_moveit/install/moveit_core/include/moveit_core
[96.042s] -- Up-to-date: /root/ws_moveit/install/moveit_core/include/moveit_core/moveit
[96.042s] -- Installing: /root/ws_moveit/install/moveit_core/include/moveit_core/moveit/kinematic_constraints
[96.042s] -- Installing: /root/ws_moveit/install/moveit_core/include/moveit_core/moveit/kinematic_constraints/kinematic_constraint.h
[96.043s] -- Installing: /root/ws_moveit/install/moveit_core/include/moveit_core/moveit/kinematic_constraints/utils.h
[96.043s] -- Up-to-date: /root/ws_moveit/install/moveit_core/include/moveit_core
[96.043s] -- Up-to-date: /root/ws_moveit/install/moveit_core/include/moveit_core/moveit
[96.043s] -- Installing: /root/ws_moveit/install/moveit_core/include/moveit_core/moveit/kinematics_base
[96.043s] -- Installing: /root/ws_moveit/install/moveit_core/include/moveit_core/moveit/kinematics_base/kinematics_base.h
[96.043s] -- Installing: /root/ws_moveit/install/moveit_core/include/moveit_core/moveit_kinematics_base_export.h
[96.043s] -- Up-to-date: /root/ws_moveit/install/moveit_core/include/moveit_core
[96.043s] -- Up-to-date: /root/ws_moveit/install/moveit_core/include/moveit_core/moveit
[96.043s] -- Installing: /root/ws_moveit/install/moveit_core/include/moveit_core/moveit/kinematics_metrics
[96.043s] -- Installing: /root/ws_moveit/install/moveit_core/include/moveit_core/moveit/kinematics_metrics/kinematics_metrics.h
[96.043s] -- Up-to-date: /root/ws_moveit/install/moveit_core/include/moveit_core
[96.043s] -- Up-to-date: /root/ws_moveit/install/moveit_core/include/moveit_core/moveit
[96.043s] -- Installing: /root/ws_moveit/install/moveit_core/include/moveit_core/moveit/macros
[96.043s] -- Installing: /root/ws_moveit/install/moveit_core/include/moveit_core/moveit/macros/console_colors.h
[96.043s] -- Installing: /root/ws_moveit/install/moveit_core/include/moveit_core/moveit/macros/deprecation.h
[96.043s] -- Installing: /root/ws_moveit/install/moveit_core/include/moveit_core/moveit/macros/class_forward.h
[96.043s] -- Installing: /root/ws_moveit/install/moveit_core/include/moveit_core/moveit/macros/declare_ptr.h
[96.043s] -- Installing: /root/ws_moveit/install/moveit_core/include/moveit_butterworth_filter_parameters
[96.044s] -- Installing: /root/ws_moveit/install/moveit_core/include/moveit_butterworth_filter_parameters/moveit_butterworth_filter_parameters.hpp
[96.044s] -- Installing: /root/ws_moveit/install/moveit_core/include/moveit_acceleration_filter_parameters
[96.044s] -- Installing: /root/ws_moveit/install/moveit_core/include/moveit_acceleration_filter_parameters/moveit_acceleration_filter_parameters.hpp
[96.044s] -- Up-to-date: /root/ws_moveit/install/moveit_core/include/moveit_core
[96.044s] -- Up-to-date: /root/ws_moveit/install/moveit_core/include/moveit_core/moveit
[96.044s] -- Installing: /root/ws_moveit/install/moveit_core/include/moveit_core/moveit/online_signal_smoothing
[96.045s] -- Installing: /root/ws_moveit/install/moveit_core/include/moveit_core/moveit/online_signal_smoothing/acceleration_filter.h
[96.045s] -- Installing: /root/ws_moveit/install/moveit_core/include/moveit_core/moveit/online_signal_smoothing/smoothing_base_class.h
[96.045s] -- Installing: /root/ws_moveit/install/moveit_core/include/moveit_core/moveit/online_signal_smoothing/butterworth_filter.h
[96.045s] -- Installing: /root/ws_moveit/install/moveit_core/include/moveit_core/moveit_smoothing_base_export.h
[96.045s] -- Installing: /root/ws_moveit/install/moveit_core/include/moveit_core/moveit_butterworth_filter_export.h
[96.045s] -- Installing: /root/ws_moveit/install/moveit_core/include/moveit_core/moveit_acceleration_filter_export.h
[96.045s] -- Up-to-date: /root/ws_moveit/install/moveit_core/include/moveit_core
[96.045s] -- Up-to-date: /root/ws_moveit/install/moveit_core/include/moveit_core/moveit
[96.045s] -- Installing: /root/ws_moveit/install/moveit_core/include/moveit_core/moveit/planning_interface
[96.045s] -- Installing: /root/ws_moveit/install/moveit_core/include/moveit_core/moveit/planning_interface/planning_request.h
[96.045s] -- Installing: /root/ws_moveit/install/moveit_core/include/moveit_core/moveit/planning_interface/planning_interface.h
[96.045s] -- Installing: /root/ws_moveit/install/moveit_core/include/moveit_core/moveit/planning_interface/planning_response_adapter.h
[96.045s] -- Installing: /root/ws_moveit/install/moveit_core/include/moveit_core/moveit/planning_interface/planning_request_adapter.h
[96.045s] -- Installing: /root/ws_moveit/install/moveit_core/include/moveit_core/moveit/planning_interface/planning_response.h
[96.045s] -- Up-to-date: /root/ws_moveit/install/moveit_core/include/moveit_core
[96.045s] -- Up-to-date: /root/ws_moveit/install/moveit_core/include/moveit_core/moveit
[96.045s] -- Installing: /root/ws_moveit/install/moveit_core/include/moveit_core/moveit/planning_scene
[96.045s] -- Installing: /root/ws_moveit/install/moveit_core/include/moveit_core/moveit/planning_scene/planning_scene.h
[96.045s] -- Installing: /root/ws_moveit/install/moveit_core/include/moveit_core/moveit_planning_scene_export.h
[96.045s] -- Up-to-date: /root/ws_moveit/install/moveit_core/include/moveit_core
[96.045s] -- Up-to-date: /root/ws_moveit/install/moveit_core/include/moveit_core/moveit
[96.045s] -- Installing: /root/ws_moveit/install/moveit_core/include/moveit_core/moveit/robot_model
[96.046s] -- Installing: /root/ws_moveit/install/moveit_core/include/moveit_core/moveit/robot_model/floating_joint_model.h
[96.046s] -- Installing: /root/ws_moveit/install/moveit_core/include/moveit_core/moveit/robot_model/revolute_joint_model.h
[96.046s] -- Installing: /root/ws_moveit/install/moveit_core/include/moveit_core/moveit/robot_model/robot_model.h
[96.046s] -- Installing: /root/ws_moveit/install/moveit_core/include/moveit_core/moveit/robot_model/joint_model.h
[96.046s] -- Installing: /root/ws_moveit/install/moveit_core/include/moveit_core/moveit/robot_model/fixed_joint_model.h
[96.046s] -- Installing: /root/ws_moveit/install/moveit_core/include/moveit_core/moveit/robot_model/joint_model_group.h
[96.046s] -- Installing: /root/ws_moveit/install/moveit_core/include/moveit_core/moveit/robot_model/aabb.h
[96.046s] -- Installing: /root/ws_moveit/install/moveit_core/include/moveit_core/moveit/robot_model/link_model.h
[96.046s] -- Installing: /root/ws_moveit/install/moveit_core/include/moveit_core/moveit/robot_model/prismatic_joint_model.h
[96.046s] -- Installing: /root/ws_moveit/install/moveit_core/include/moveit_core/moveit/robot_model/planar_joint_model.h
[96.046s] -- Up-to-date: /root/ws_moveit/install/moveit_core/include/moveit_core
[96.046s] -- Up-to-date: /root/ws_moveit/install/moveit_core/include/moveit_core/moveit
[96.046s] -- Installing: /root/ws_moveit/install/moveit_core/include/moveit_core/moveit/robot_state
[96.046s] -- Installing: /root/ws_moveit/install/moveit_core/include/moveit_core/moveit/robot_state/cartesian_interpolator.h
[96.046s] -- Installing: /root/ws_moveit/install/moveit_core/include/moveit_core/moveit/robot_state/attached_body.h
[96.046s] -- Installing: /root/ws_moveit/install/moveit_core/include/moveit_core/moveit/robot_state/conversions.h
[96.046s] -- Installing: /root/ws_moveit/install/moveit_core/include/moveit_core/moveit/robot_state/robot_state.h
[96.046s] -- Up-to-date: /root/ws_moveit/install/moveit_core/include/moveit_core
[96.046s] -- Up-to-date: /root/ws_moveit/install/moveit_core/include/moveit_core/moveit
[96.046s] -- Installing: /root/ws_moveit/install/moveit_core/include/moveit_core/moveit/robot_trajectory
[96.046s] -- Installing: /root/ws_moveit/install/moveit_core/include/moveit_core/moveit/robot_trajectory/robot_trajectory.h
[96.046s] -- Up-to-date: /root/ws_moveit/install/moveit_core/include/moveit_core
[96.046s] -- Up-to-date: /root/ws_moveit/install/moveit_core/include/moveit_core/moveit
[96.046s] -- Installing: /root/ws_moveit/install/moveit_core/include/moveit_core/moveit/trajectory_processing
[96.046s] -- Installing: /root/ws_moveit/install/moveit_core/include/moveit_core/moveit/trajectory_processing/trajectory_tools.h
[96.046s] -- Installing: /root/ws_moveit/install/moveit_core/include/moveit_core/moveit/trajectory_processing/ruckig_traj_smoothing.h
[96.046s] -- Installing: /root/ws_moveit/install/moveit_core/include/moveit_core/moveit/trajectory_processing/time_optimal_trajectory_generation.h
[96.046s] -- Installing: /root/ws_moveit/install/moveit_core/include/moveit_core/moveit/trajectory_processing/time_parameterization.h
[96.046s] -- Up-to-date: /root/ws_moveit/install/moveit_core/include/moveit_core
[96.046s] -- Up-to-date: /root/ws_moveit/install/moveit_core/include/moveit_core/moveit
[96.046s] -- Installing: /root/ws_moveit/install/moveit_core/include/moveit_core/moveit/transforms
[96.046s] -- Installing: /root/ws_moveit/install/moveit_core/include/moveit_core/moveit/transforms/transforms.h
[96.046s] -- Up-to-date: /root/ws_moveit/install/moveit_core/include/moveit_core
[96.046s] -- Up-to-date: /root/ws_moveit/install/moveit_core/include/moveit_core/moveit
[96.046s] -- Installing: /root/ws_moveit/install/moveit_core/include/moveit_core/moveit/utils
[96.047s] -- Installing: /root/ws_moveit/install/moveit_core/include/moveit_core/moveit/utils/eigen_test_utils.h
[96.047s] -- Installing: /root/ws_moveit/install/moveit_core/include/moveit_core/moveit/utils/rclcpp_utils.h
[96.047s] -- Installing: /root/ws_moveit/install/moveit_core/include/moveit_core/moveit/utils/moveit_error_code.h
[96.047s] -- Installing: /root/ws_moveit/install/moveit_core/include/moveit_core/moveit/utils/message_checks.h
[96.047s] -- Installing: /root/ws_moveit/install/moveit_core/include/moveit_core/moveit/utils/lexical_casts.h
[96.047s] -- Installing: /root/ws_moveit/install/moveit_core/include/moveit_core/moveit/utils/logger.hpp
[96.047s] -- Installing: /root/ws_moveit/install/moveit_core/include/moveit_core/moveit/utils/robot_model_test_utils.h
[96.047s] -- Installing: /root/ws_moveit/install/moveit_core/lib/moveit_core/logger_dut
[96.047s] -- Set runtime path of "/root/ws_moveit/install/moveit_core/lib/moveit_core/logger_dut" to ""
[96.047s] -- Installing: /root/ws_moveit/install/moveit_core/include/moveit_core/moveit/version.h
[96.047s] -- Installing: /root/ws_moveit/install/moveit_core/bin/moveit_version
[96.047s] -- Installing: /root/ws_moveit/install/moveit_core/lib/libcollision_detector_bullet_plugin.so.2.9.0
[96.047s] -- Set runtime path of "/root/ws_moveit/install/moveit_core/lib/libcollision_detector_bullet_plugin.so.2.9.0" to ""
[96.047s] -- Installing: /root/ws_moveit/install/moveit_core/lib/libcollision_detector_bullet_plugin.so
[96.048s] -- Installing: /root/ws_moveit/install/moveit_core/lib/libcollision_detector_fcl_plugin.so.2.9.0
[96.048s] -- Set runtime path of "/root/ws_moveit/install/moveit_core/lib/libcollision_detector_fcl_plugin.so.2.9.0" to ""
[96.048s] -- Installing: /root/ws_moveit/install/moveit_core/lib/libcollision_detector_fcl_plugin.so
[96.048s] -- Installing: /root/ws_moveit/install/moveit_core/lib/libmoveit_acceleration_filter.so.2.9.0
[96.048s] -- Set runtime path of "/root/ws_moveit/install/moveit_core/lib/libmoveit_acceleration_filter.so.2.9.0" to ""
[96.048s] -- Installing: /root/ws_moveit/install/moveit_core/lib/libmoveit_acceleration_filter.so
[96.048s] -- Installing: /root/ws_moveit/install/moveit_core/lib/libmoveit_butterworth_filter.so.2.9.0
[96.048s] -- Set runtime path of "/root/ws_moveit/install/moveit_core/lib/libmoveit_butterworth_filter.so.2.9.0" to ""
[96.048s] -- Installing: /root/ws_moveit/install/moveit_core/lib/libmoveit_butterworth_filter.so
[96.048s] -- Installing: /root/ws_moveit/install/moveit_core/lib/libmoveit_collision_detection.so.2.9.0
[96.049s] -- Set runtime path of "/root/ws_moveit/install/moveit_core/lib/libmoveit_collision_detection.so.2.9.0" to ""
[96.049s] -- Installing: /root/ws_moveit/install/moveit_core/lib/libmoveit_collision_detection.so
[96.049s] -- Installing: /root/ws_moveit/install/moveit_core/lib/libmoveit_collision_detection_bullet.so.2.9.0
[96.049s] -- Set runtime path of "/root/ws_moveit/install/moveit_core/lib/libmoveit_collision_detection_bullet.so.2.9.0" to ""
[96.049s] -- Installing: /root/ws_moveit/install/moveit_core/lib/libmoveit_collision_detection_bullet.so
[96.049s] -- Installing: /root/ws_moveit/install/moveit_core/lib/libmoveit_collision_detection_fcl.so.2.9.0
[96.049s] -- Set runtime path of "/root/ws_moveit/install/moveit_core/lib/libmoveit_collision_detection_fcl.so.2.9.0" to ""
[96.049s] -- Installing: /root/ws_moveit/install/moveit_core/lib/libmoveit_collision_detection_fcl.so
[96.050s] -- Installing: /root/ws_moveit/install/moveit_core/lib/libmoveit_collision_distance_field.so.2.9.0
[96.050s] -- Set runtime path of "/root/ws_moveit/install/moveit_core/lib/libmoveit_collision_distance_field.so.2.9.0" to ""
[96.050s] -- Installing: /root/ws_moveit/install/moveit_core/lib/libmoveit_collision_distance_field.so
[96.050s] -- Installing: /root/ws_moveit/install/moveit_core/lib/libmoveit_constraint_samplers.so.2.9.0
[96.050s] -- Set runtime path of "/root/ws_moveit/install/moveit_core/lib/libmoveit_constraint_samplers.so.2.9.0" to ""
[96.050s] -- Installing: /root/ws_moveit/install/moveit_core/lib/libmoveit_constraint_samplers.so
[96.050s] -- Installing: /root/ws_moveit/install/moveit_core/lib/libmoveit_distance_field.so.2.9.0
[96.051s] -- Set runtime path of "/root/ws_moveit/install/moveit_core/lib/libmoveit_distance_field.so.2.9.0" to ""
[96.051s] -- Installing: /root/ws_moveit/install/moveit_core/lib/libmoveit_distance_field.so
[96.051s] -- Installing: /root/ws_moveit/install/moveit_core/lib/libmoveit_dynamics_solver.so.2.9.0
[96.051s] -- Set runtime path of "/root/ws_moveit/install/moveit_core/lib/libmoveit_dynamics_solver.so.2.9.0" to ""
[96.051s] -- Installing: /root/ws_moveit/install/moveit_core/lib/libmoveit_dynamics_solver.so
[96.051s] -- Installing: /root/ws_moveit/install/moveit_core/lib/libmoveit_exceptions.so.2.9.0
[96.051s] -- Set runtime path of "/root/ws_moveit/install/moveit_core/lib/libmoveit_exceptions.so.2.9.0" to ""
[96.051s] -- Installing: /root/ws_moveit/install/moveit_core/lib/libmoveit_exceptions.so
[96.051s] -- Installing: /root/ws_moveit/install/moveit_core/lib/libmoveit_kinematic_constraints.so.2.9.0
[96.051s] -- Set runtime path of "/root/ws_moveit/install/moveit_core/lib/libmoveit_kinematic_constraints.so.2.9.0" to ""
[96.051s] -- Installing: /root/ws_moveit/install/moveit_core/lib/libmoveit_kinematic_constraints.so
[96.052s] -- Installing: /root/ws_moveit/install/moveit_core/lib/libmoveit_kinematics_base.so
[96.052s] -- Set runtime path of "/root/ws_moveit/install/moveit_core/lib/libmoveit_kinematics_base.so" to ""
[96.052s] -- Installing: /root/ws_moveit/install/moveit_core/lib/libmoveit_kinematics_metrics.so.2.9.0
[96.052s] -- Set runtime path of "/root/ws_moveit/install/moveit_core/lib/libmoveit_kinematics_metrics.so.2.9.0" to ""
[96.052s] -- Installing: /root/ws_moveit/install/moveit_core/lib/libmoveit_kinematics_metrics.so
[96.052s] -- Installing: /root/ws_moveit/install/moveit_core/lib/libmoveit_planning_interface.so.2.9.0
[96.052s] -- Set runtime path of "/root/ws_moveit/install/moveit_core/lib/libmoveit_planning_interface.so.2.9.0" to ""
[96.052s] -- Installing: /root/ws_moveit/install/moveit_core/lib/libmoveit_planning_interface.so
[96.052s] -- Installing: /root/ws_moveit/install/moveit_core/lib/libmoveit_planning_scene.so.2.9.0
[96.053s] -- Set runtime path of "/root/ws_moveit/install/moveit_core/lib/libmoveit_planning_scene.so.2.9.0" to ""
[96.053s] -- Installing: /root/ws_moveit/install/moveit_core/lib/libmoveit_planning_scene.so
[96.053s] -- Installing: /root/ws_moveit/install/moveit_core/lib/libmoveit_robot_model.so.2.9.0
[96.053s] -- Set runtime path of "/root/ws_moveit/install/moveit_core/lib/libmoveit_robot_model.so.2.9.0" to ""
[96.053s] -- Installing: /root/ws_moveit/install/moveit_core/lib/libmoveit_robot_model.so
[96.053s] -- Installing: /root/ws_moveit/install/moveit_core/lib/libmoveit_robot_state.so.2.9.0
[96.054s] -- Set runtime path of "/root/ws_moveit/install/moveit_core/lib/libmoveit_robot_state.so.2.9.0" to ""
[96.054s] -- Installing: /root/ws_moveit/install/moveit_core/lib/libmoveit_robot_state.so
[96.054s] -- Installing: /root/ws_moveit/install/moveit_core/lib/libmoveit_robot_trajectory.so.2.9.0
[96.054s] -- Set runtime path of "/root/ws_moveit/install/moveit_core/lib/libmoveit_robot_trajectory.so.2.9.0" to ""
[96.054s] -- Installing: /root/ws_moveit/install/moveit_core/lib/libmoveit_robot_trajectory.so
[96.054s] -- Installing: /root/ws_moveit/install/moveit_core/lib/libmoveit_smoothing_base.so.2.9.0
[96.054s] -- Set runtime path of "/root/ws_moveit/install/moveit_core/lib/libmoveit_smoothing_base.so.2.9.0" to ""
[96.054s] -- Installing: /root/ws_moveit/install/moveit_core/lib/libmoveit_smoothing_base.so
[96.054s] -- Installing: /root/ws_moveit/install/moveit_core/lib/libmoveit_test_utils.so.2.9.0
[96.055s] -- Set runtime path of "/root/ws_moveit/install/moveit_core/lib/libmoveit_test_utils.so.2.9.0" to ""
[96.055s] -- Installing: /root/ws_moveit/install/moveit_core/lib/libmoveit_test_utils.so
[96.055s] -- Installing: /root/ws_moveit/install/moveit_core/lib/libmoveit_trajectory_processing.so.2.9.0
[96.055s] -- Set runtime path of "/root/ws_moveit/install/moveit_core/lib/libmoveit_trajectory_processing.so.2.9.0" to ""
[96.055s] -- Installing: /root/ws_moveit/install/moveit_core/lib/libmoveit_trajectory_processing.so
[96.055s] -- Installing: /root/ws_moveit/install/moveit_core/lib/libmoveit_transforms.so.2.9.0
[96.055s] -- Set runtime path of "/root/ws_moveit/install/moveit_core/lib/libmoveit_transforms.so.2.9.0" to ""
[96.055s] -- Installing: /root/ws_moveit/install/moveit_core/lib/libmoveit_transforms.so
[96.055s] -- Installing: /root/ws_moveit/install/moveit_core/lib/libmoveit_utils.so.2.9.0
[96.056s] -- Set runtime path of "/root/ws_moveit/install/moveit_core/lib/libmoveit_utils.so.2.9.0" to ""
[96.056s] -- Installing: /root/ws_moveit/install/moveit_core/lib/libmoveit_utils.so
[96.056s] -- Installing: /root/ws_moveit/install/moveit_core/share/moveit_core/environment/library_path.sh
[96.056s] -- Installing: /root/ws_moveit/install/moveit_core/share/moveit_core/environment/library_path.dsv
[96.056s] -- Installing: /root/ws_moveit/install/moveit_core/share/moveit_core/collision_detector_fcl_description.xml
[96.056s] -- Installing: /root/ws_moveit/install/moveit_core/share/moveit_core/collision_detector_bullet_description.xml
[96.056s] -- Installing: /root/ws_moveit/install/moveit_core/share/moveit_core/filter_plugin_butterworth.xml
[96.056s] -- Installing: /root/ws_moveit/install/moveit_core/share/moveit_core/filter_plugin_acceleration.xml
[96.056s] -- Installing: /root/ws_moveit/install/moveit_core/share/ament_index/resource_index/package_run_dependencies/moveit_core
[96.056s] -- Installing: /root/ws_moveit/install/moveit_core/share/ament_index/resource_index/parent_prefix_path/moveit_core
[96.056s] -- Installing: /root/ws_moveit/install/moveit_core/share/moveit_core/environment/ament_prefix_path.sh
[96.056s] -- Installing: /root/ws_moveit/install/moveit_core/share/moveit_core/environment/ament_prefix_path.dsv
[96.057s] -- Installing: /root/ws_moveit/install/moveit_core/share/moveit_core/environment/path.sh
[96.057s] -- Installing: /root/ws_moveit/install/moveit_core/share/moveit_core/environment/path.dsv
[96.057s] -- Installing: /root/ws_moveit/install/moveit_core/share/moveit_core/local_setup.bash
[96.057s] -- Installing: /root/ws_moveit/install/moveit_core/share/moveit_core/local_setup.sh
[96.057s] -- Installing: /root/ws_moveit/install/moveit_core/share/moveit_core/local_setup.zsh
[96.057s] -- Installing: /root/ws_moveit/install/moveit_core/share/moveit_core/local_setup.dsv
[96.057s] -- Installing: /root/ws_moveit/install/moveit_core/share/moveit_core/package.dsv
[96.057s] -- Installing: /root/ws_moveit/install/moveit_core/share/ament_index/resource_index/packages/moveit_core
[96.057s] -- Installing: /root/ws_moveit/install/moveit_core/share/ament_index/resource_index/moveit_core__pluginlib__plugin/moveit_core
[96.057s] -- Installing: /root/ws_moveit/install/moveit_core/share/moveit_core/cmake/moveit_coreTargetsExport.cmake
[96.057s] -- Installing: /root/ws_moveit/install/moveit_core/share/moveit_core/cmake/moveit_coreTargetsExport-release.cmake
[96.057s] -- Installing: /root/ws_moveit/install/moveit_core/share/moveit_core/cmake/ConfigExtras.cmake
[96.057s] -- Installing: /root/ws_moveit/install/moveit_core/share/moveit_core/cmake/ament_cmake_export_targets-extras.cmake
[96.057s] -- Installing: /root/ws_moveit/install/moveit_core/share/moveit_core/cmake/ament_cmake_export_dependencies-extras.cmake
[96.058s] -- Installing: /root/ws_moveit/install/moveit_core/share/moveit_core/cmake/moveit_coreConfig.cmake
[96.058s] -- Installing: /root/ws_moveit/install/moveit_core/share/moveit_core/cmake/moveit_coreConfig-version.cmake
[96.058s] -- Installing: /root/ws_moveit/install/moveit_core/share/moveit_core/package.xml
[96.059s] Invoked command in '/root/ws_moveit/build/moveit_core' returned '0': CMAKE_PREFIX_PATH=/root/ws_moveit/install/moveit_resources_panda_moveit_config:/root/ws_moveit/install/moveit_resources_pr2_description:/root/ws_moveit/install/moveit_resources_panda_description:/root/ws_moveit/install/moveit_msgs:/root/ws_moveit/install/moveit_common:/root/ws_moveit/install/robotiq_hardware_tests:/root/ws_moveit/install/serial:/root/ws_moveit/install/moveit2_tutorials:/root/ws_moveit/install/moveit_visual_tools:/root/ws_moveit/install/rviz_visual_tools:/root/ws_moveit/install/moveit_task_constructor_visualization:/root/ws_moveit/install/moveit_task_constructor_demo:/root/ws_moveit/install/moveit_task_constructor_capabilities:/root/ws_moveit/install/moveit_task_constructor_core:/root/ws_moveit/install/rviz_marker_tools:/root/ws_moveit/install/kortex_bringup:/root/ws_moveit/install/kinova_gen3_7dof_robotiq_2f_85_moveit_config:/root/ws_moveit/install/kinova_gen3_6dof_robotiq_2f_85_moveit_config:/root/ws_moveit/install/kortex_description:/root/ws_moveit/install/robotiq_description:/root/ws_moveit/install/robotiq_controllers:/root/ws_moveit/install/pilz_industrial_motion_planner_testutils:/root/ws_moveit/install/moveit_runtime:/root/ws_moveit/install/moveit:/root/ws_moveit/install/moveit_planners:/root/ws_moveit/install/pilz_industrial_motion_planner:/root/ws_moveit/install/pick_ik:/root/ws_moveit/install/my_robot:/root/ws_moveit/install/moveit_task_constructor_msgs:/root/ws_moveit/install/moveit_ros_control_interface:/root/ws_moveit/install/moveit_plugins:/root/ws_moveit/install/moveit_simple_controller_manager:/root/ws_moveit/install/moveit_setup_assistant:/root/ws_moveit/install/moveit_setup_srdf_plugins:/root/ws_moveit/install/moveit_setup_core_plugins:/root/ws_moveit/install/moveit_setup_controllers:/root/ws_moveit/install/moveit_setup_app_plugins:/root/ws_moveit/install/moveit_setup_framework:/root/ws_moveit/install/moveit_servo:/root/ws_moveit/install/moveit_ros:/root/ws_moveit/install/moveit_ros_visualization:/root/ws_moveit/install/moveit_py:/root/ws_moveit/install/moveit_hybrid_planning:/root/ws_moveit/install/moveit_ros_planning_interface:/root/ws_moveit/install/moveit_ros_benchmarks:/root/ws_moveit/install/moveit_ros_warehouse:/root/ws_moveit/install/moveit_ros_robot_interaction:/root/ws_moveit/install/moveit_ros_perception:/root/ws_moveit/install/moveit_resources_prbt_pg70_support:/root/ws_moveit/install/moveit_resources_prbt_moveit_config:/root/ws_moveit/install/moveit_ros_move_group:/root/ws_moveit/install/moveit_planners_ompl:/root/ws_moveit/install/moveit_kinematics:/root/ws_moveit/install/moveit_ros_planning:/root/ws_moveit/install/moveit_ros_occupancy_map_monitor:/root/ws_moveit/install/moveit_resources_prbt_support:/root/ws_moveit/install/moveit_resources_prbt_ikfast_manipulator_plugin:/root/ws_moveit/install/moveit_resources:/root/ws_moveit/install/dual_arm_panda_moveit_config:/root/ws_moveit/install/moveit_resources_fanuc_moveit_config:/root/ws_moveit/install/moveit_resources_fanuc_description:/root/ws_moveit/install/moveit_planners_stomp:/root/ws_moveit/install/moveit_planners_chomp:/root/ws_moveit/install/chomp_motion_planner:/root/ws_moveit/install/moveit_core:/root/ws_moveit/install/kortex_driver:/root/ws_moveit/install/kortex_api:/root/ws_moveit/install/robotiq_driver:/root/ws_moveit/install/moveit_configs_utils:/opt/ros/humble LD_LIBRARY_PATH=/root/ws_moveit/install/moveit_msgs/lib:/root/ws_moveit/install/robotiq_driver/lib:/root/ws_moveit/install/serial/lib:/root/ws_moveit/install/moveit_visual_tools/lib:/root/ws_moveit/install/rviz_visual_tools/lib:/root/ws_moveit/install/moveit_task_constructor_visualization/lib:/root/ws_moveit/install/moveit_task_constructor_demo/lib:/root/ws_moveit/install/moveit_task_constructor_capabilities/lib:/root/ws_moveit/install/moveit_task_constructor_core/lib:/root/ws_moveit/install/rviz_marker_tools/lib:/root/ws_moveit/install/robotiq_controllers/lib:/root/ws_moveit/install/pilz_industrial_motion_planner_testutils/lib:/root/ws_moveit/install/pilz_industrial_motion_planner/lib:/root/ws_moveit/install/pick_ik/lib:/root/ws_moveit/install/moveit_task_constructor_msgs/lib:/root/ws_moveit/install/moveit_ros_control_interface/lib:/root/ws_moveit/install/moveit_simple_controller_manager/lib:/root/ws_moveit/install/moveit_setup_assistant/lib:/root/ws_moveit/install/moveit_setup_srdf_plugins/lib:/root/ws_moveit/install/moveit_setup_core_plugins/lib:/root/ws_moveit/install/moveit_setup_controllers/lib:/root/ws_moveit/install/moveit_setup_app_plugins/lib:/root/ws_moveit/install/moveit_setup_framework/lib:/root/ws_moveit/install/moveit_servo/lib:/root/ws_moveit/install/moveit_ros_visualization/lib:/root/ws_moveit/install/moveit_py/lib:/root/ws_moveit/install/moveit_hybrid_planning/lib:/root/ws_moveit/install/moveit_ros_planning_interface/lib:/root/ws_moveit/install/moveit_ros_benchmarks/lib:/root/ws_moveit/install/moveit_ros_warehouse/lib:/root/ws_moveit/install/moveit_ros_robot_interaction/lib:/root/ws_moveit/install/moveit_ros_perception/lib:/root/ws_moveit/install/moveit_ros_move_group/lib:/root/ws_moveit/install/moveit_planners_ompl/lib:/root/ws_moveit/install/moveit_kinematics/lib:/root/ws_moveit/install/moveit_ros_planning/lib:/root/ws_moveit/install/moveit_ros_occupancy_map_monitor/lib:/root/ws_moveit/install/moveit_resources_prbt_ikfast_manipulator_plugin/lib:/root/ws_moveit/install/moveit_planners_stomp/lib:/root/ws_moveit/install/moveit_planners_chomp/lib:/root/ws_moveit/install/chomp_motion_planner/lib:/root/ws_moveit/install/moveit_core/lib:/root/ws_moveit/install/kortex_driver/lib:/opt/ros/humble/opt/rviz_ogre_vendor/lib:/opt/ros/humble/lib/x86_64-linux-gnu:/opt/ros/humble/lib /usr/bin/cmake --install /root/ws_moveit/build/moveit_core
