[0.045s] Invoking command in '/root/ws_moveit/build/kortex_description': CMAKE_PREFIX_PATH=/root/ws_moveit/install/robotiq_description:/root/ws_moveit/install/robotiq_hardware_tests:/root/ws_moveit/install/robotiq_driver:/root/ws_moveit/install/serial:/root/ws_moveit/install/moveit_visual_tools:/root/ws_moveit/install/rviz_visual_tools:/root/ws_moveit/install/moveit_task_constructor_demo:/root/ws_moveit/install/moveit_task_constructor_capabilities:/root/ws_moveit/install/moveit_task_constructor_core:/root/ws_moveit/install/rviz_marker_tools:/root/ws_moveit/install/kortex_bringup:/root/ws_moveit/install/kortex_description:/root/ws_moveit/install/robotiq_controllers:/root/ws_moveit/install/pilz_industrial_motion_planner_testutils:/root/ws_moveit/install/moveit_runtime:/root/ws_moveit/install/moveit_planners:/root/ws_moveit/install/pilz_industrial_motion_planner:/root/ws_moveit/install/pick_ik:/root/ws_moveit/install/my_robot:/root/ws_moveit/install/moveit_task_constructor_msgs:/root/ws_moveit/install/moveit_ros_control_interface:/root/ws_moveit/install/moveit_plugins:/root/ws_moveit/install/moveit_simple_controller_manager:/root/ws_moveit/install/moveit_setup_framework:/root/ws_moveit/install/moveit_servo:/root/ws_moveit/install/moveit_ros:/root/ws_moveit/install/moveit_ros_visualization:/root/ws_moveit/install/moveit_py:/root/ws_moveit/install/moveit_hybrid_planning:/root/ws_moveit/install/moveit_ros_planning_interface:/root/ws_moveit/install/moveit_ros_benchmarks:/root/ws_moveit/install/moveit_ros_warehouse:/root/ws_moveit/install/moveit_ros_robot_interaction:/root/ws_moveit/install/moveit_ros_perception:/root/ws_moveit/install/moveit_resources_prbt_pg70_support:/root/ws_moveit/install/moveit_resources_prbt_moveit_config:/root/ws_moveit/install/moveit_ros_move_group:/root/ws_moveit/install/moveit_planners_ompl:/root/ws_moveit/install/moveit_kinematics:/root/ws_moveit/install/moveit_ros_planning:/root/ws_moveit/install/moveit_ros_occupancy_map_monitor:/root/ws_moveit/install/moveit_resources_prbt_support:/root/ws_moveit/install/moveit_resources_prbt_ikfast_manipulator_plugin:/root/ws_moveit/install/moveit_resources:/root/ws_moveit/install/moveit_resources_pr2_description:/root/ws_moveit/install/moveit_resources_panda_moveit_config:/root/ws_moveit/install/dual_arm_panda_moveit_config:/root/ws_moveit/install/moveit_resources_panda_description:/root/ws_moveit/install/moveit_resources_fanuc_moveit_config:/root/ws_moveit/install/moveit_resources_fanuc_description:/root/ws_moveit/install/moveit_planners_stomp:/root/ws_moveit/install/moveit_planners_chomp:/root/ws_moveit/install/chomp_motion_planner:/root/ws_moveit/install/moveit_core:/root/ws_moveit/install/moveit_msgs:/root/ws_moveit/install/moveit_common:/root/ws_moveit/install/kortex_driver:/root/ws_moveit/install/kortex_api:/root/ws_moveit/install/moveit_configs_utils:/opt/ros/humble /usr/bin/cmake --build /root/ws_moveit/build/kortex_description -- -j20 -l20
[0.109s] Invoked command in '/root/ws_moveit/build/kortex_description' returned '0': CMAKE_PREFIX_PATH=/root/ws_moveit/install/robotiq_description:/root/ws_moveit/install/robotiq_hardware_tests:/root/ws_moveit/install/robotiq_driver:/root/ws_moveit/install/serial:/root/ws_moveit/install/moveit_visual_tools:/root/ws_moveit/install/rviz_visual_tools:/root/ws_moveit/install/moveit_task_constructor_demo:/root/ws_moveit/install/moveit_task_constructor_capabilities:/root/ws_moveit/install/moveit_task_constructor_core:/root/ws_moveit/install/rviz_marker_tools:/root/ws_moveit/install/kortex_bringup:/root/ws_moveit/install/kortex_description:/root/ws_moveit/install/robotiq_controllers:/root/ws_moveit/install/pilz_industrial_motion_planner_testutils:/root/ws_moveit/install/moveit_runtime:/root/ws_moveit/install/moveit_planners:/root/ws_moveit/install/pilz_industrial_motion_planner:/root/ws_moveit/install/pick_ik:/root/ws_moveit/install/my_robot:/root/ws_moveit/install/moveit_task_constructor_msgs:/root/ws_moveit/install/moveit_ros_control_interface:/root/ws_moveit/install/moveit_plugins:/root/ws_moveit/install/moveit_simple_controller_manager:/root/ws_moveit/install/moveit_setup_framework:/root/ws_moveit/install/moveit_servo:/root/ws_moveit/install/moveit_ros:/root/ws_moveit/install/moveit_ros_visualization:/root/ws_moveit/install/moveit_py:/root/ws_moveit/install/moveit_hybrid_planning:/root/ws_moveit/install/moveit_ros_planning_interface:/root/ws_moveit/install/moveit_ros_benchmarks:/root/ws_moveit/install/moveit_ros_warehouse:/root/ws_moveit/install/moveit_ros_robot_interaction:/root/ws_moveit/install/moveit_ros_perception:/root/ws_moveit/install/moveit_resources_prbt_pg70_support:/root/ws_moveit/install/moveit_resources_prbt_moveit_config:/root/ws_moveit/install/moveit_ros_move_group:/root/ws_moveit/install/moveit_planners_ompl:/root/ws_moveit/install/moveit_kinematics:/root/ws_moveit/install/moveit_ros_planning:/root/ws_moveit/install/moveit_ros_occupancy_map_monitor:/root/ws_moveit/install/moveit_resources_prbt_support:/root/ws_moveit/install/moveit_resources_prbt_ikfast_manipulator_plugin:/root/ws_moveit/install/moveit_resources:/root/ws_moveit/install/moveit_resources_pr2_description:/root/ws_moveit/install/moveit_resources_panda_moveit_config:/root/ws_moveit/install/dual_arm_panda_moveit_config:/root/ws_moveit/install/moveit_resources_panda_description:/root/ws_moveit/install/moveit_resources_fanuc_moveit_config:/root/ws_moveit/install/moveit_resources_fanuc_description:/root/ws_moveit/install/moveit_planners_stomp:/root/ws_moveit/install/moveit_planners_chomp:/root/ws_moveit/install/chomp_motion_planner:/root/ws_moveit/install/moveit_core:/root/ws_moveit/install/moveit_msgs:/root/ws_moveit/install/moveit_common:/root/ws_moveit/install/kortex_driver:/root/ws_moveit/install/kortex_api:/root/ws_moveit/install/moveit_configs_utils:/opt/ros/humble /usr/bin/cmake --build /root/ws_moveit/build/kortex_description -- -j20 -l20
[0.151s] Invoking command in '/root/ws_moveit/build/kortex_description': CMAKE_PREFIX_PATH=/root/ws_moveit/install/robotiq_description:/root/ws_moveit/install/robotiq_hardware_tests:/root/ws_moveit/install/robotiq_driver:/root/ws_moveit/install/serial:/root/ws_moveit/install/moveit_visual_tools:/root/ws_moveit/install/rviz_visual_tools:/root/ws_moveit/install/moveit_task_constructor_demo:/root/ws_moveit/install/moveit_task_constructor_capabilities:/root/ws_moveit/install/moveit_task_constructor_core:/root/ws_moveit/install/rviz_marker_tools:/root/ws_moveit/install/kortex_bringup:/root/ws_moveit/install/kortex_description:/root/ws_moveit/install/robotiq_controllers:/root/ws_moveit/install/pilz_industrial_motion_planner_testutils:/root/ws_moveit/install/moveit_runtime:/root/ws_moveit/install/moveit_planners:/root/ws_moveit/install/pilz_industrial_motion_planner:/root/ws_moveit/install/pick_ik:/root/ws_moveit/install/my_robot:/root/ws_moveit/install/moveit_task_constructor_msgs:/root/ws_moveit/install/moveit_ros_control_interface:/root/ws_moveit/install/moveit_plugins:/root/ws_moveit/install/moveit_simple_controller_manager:/root/ws_moveit/install/moveit_setup_framework:/root/ws_moveit/install/moveit_servo:/root/ws_moveit/install/moveit_ros:/root/ws_moveit/install/moveit_ros_visualization:/root/ws_moveit/install/moveit_py:/root/ws_moveit/install/moveit_hybrid_planning:/root/ws_moveit/install/moveit_ros_planning_interface:/root/ws_moveit/install/moveit_ros_benchmarks:/root/ws_moveit/install/moveit_ros_warehouse:/root/ws_moveit/install/moveit_ros_robot_interaction:/root/ws_moveit/install/moveit_ros_perception:/root/ws_moveit/install/moveit_resources_prbt_pg70_support:/root/ws_moveit/install/moveit_resources_prbt_moveit_config:/root/ws_moveit/install/moveit_ros_move_group:/root/ws_moveit/install/moveit_planners_ompl:/root/ws_moveit/install/moveit_kinematics:/root/ws_moveit/install/moveit_ros_planning:/root/ws_moveit/install/moveit_ros_occupancy_map_monitor:/root/ws_moveit/install/moveit_resources_prbt_support:/root/ws_moveit/install/moveit_resources_prbt_ikfast_manipulator_plugin:/root/ws_moveit/install/moveit_resources:/root/ws_moveit/install/moveit_resources_pr2_description:/root/ws_moveit/install/moveit_resources_panda_moveit_config:/root/ws_moveit/install/dual_arm_panda_moveit_config:/root/ws_moveit/install/moveit_resources_panda_description:/root/ws_moveit/install/moveit_resources_fanuc_moveit_config:/root/ws_moveit/install/moveit_resources_fanuc_description:/root/ws_moveit/install/moveit_planners_stomp:/root/ws_moveit/install/moveit_planners_chomp:/root/ws_moveit/install/chomp_motion_planner:/root/ws_moveit/install/moveit_core:/root/ws_moveit/install/moveit_msgs:/root/ws_moveit/install/moveit_common:/root/ws_moveit/install/kortex_driver:/root/ws_moveit/install/kortex_api:/root/ws_moveit/install/moveit_configs_utils:/opt/ros/humble /usr/bin/cmake --install /root/ws_moveit/build/kortex_description
[0.160s] -- Install configuration: ""
[0.160s] -- Up-to-date: /root/ws_moveit/install/kortex_description/share/kortex_description/arms
[0.160s] -- Up-to-date: /root/ws_moveit/install/kortex_description/share/kortex_description/arms/gen3
[0.160s] -- Up-to-date: /root/ws_moveit/install/kortex_description/share/kortex_description/arms/gen3/6dof
[0.161s] -- Up-to-date: /root/ws_moveit/install/kortex_description/share/kortex_description/arms/gen3/6dof/meshes
[0.161s] -- Up-to-date: /root/ws_moveit/install/kortex_description/share/kortex_description/arms/gen3/6dof/meshes/base_link.STL
[0.161s] -- Up-to-date: /root/ws_moveit/install/kortex_description/share/kortex_description/arms/gen3/6dof/meshes/shoulder_link.STL
[0.161s] -- Up-to-date: /root/ws_moveit/install/kortex_description/share/kortex_description/arms/gen3/6dof/meshes/bracelet_no_vision_link.STL
[0.161s] -- Up-to-date: /root/ws_moveit/install/kortex_description/share/kortex_description/arms/gen3/6dof/meshes/spherical_wrist_1_link.STL
[0.161s] -- Up-to-date: /root/ws_moveit/install/kortex_description/share/kortex_description/arms/gen3/6dof/meshes/forearm_link.STL
[0.161s] -- Up-to-date: /root/ws_moveit/install/kortex_description/share/kortex_description/arms/gen3/6dof/meshes/bracelet_with_vision_link.STL
[0.161s] -- Up-to-date: /root/ws_moveit/install/kortex_description/share/kortex_description/arms/gen3/6dof/meshes/bicep_link.STL
[0.161s] -- Up-to-date: /root/ws_moveit/install/kortex_description/share/kortex_description/arms/gen3/6dof/meshes/spherical_wrist_2_link.STL
[0.162s] -- Up-to-date: /root/ws_moveit/install/kortex_description/share/kortex_description/arms/gen3/6dof/urdf
[0.162s] -- Up-to-date: /root/ws_moveit/install/kortex_description/share/kortex_description/arms/gen3/6dof/urdf/gen3_macro.xacro
[0.162s] -- Up-to-date: /root/ws_moveit/install/kortex_description/share/kortex_description/arms/gen3/6dof/urdf/gen3_transmission_macro.xacro
[0.162s] -- Up-to-date: /root/ws_moveit/install/kortex_description/share/kortex_description/arms/gen3/6dof/urdf/kortex.ros2_control.xacro
[0.162s] -- Up-to-date: /root/ws_moveit/install/kortex_description/share/kortex_description/arms/gen3/6dof/config
[0.162s] -- Up-to-date: /root/ws_moveit/install/kortex_description/share/kortex_description/arms/gen3/6dof/config/twist_limits.yaml
[0.162s] -- Up-to-date: /root/ws_moveit/install/kortex_description/share/kortex_description/arms/gen3/6dof/config/gazebo_initial_joint_positions.yaml
[0.162s] -- Up-to-date: /root/ws_moveit/install/kortex_description/share/kortex_description/arms/gen3/6dof/config/joint_limits.yaml
[0.162s] -- Up-to-date: /root/ws_moveit/install/kortex_description/share/kortex_description/arms/gen3/6dof/config/ros2_controllers.yaml
[0.162s] -- Up-to-date: /root/ws_moveit/install/kortex_description/share/kortex_description/arms/gen3/7dof
[0.163s] -- Up-to-date: /root/ws_moveit/install/kortex_description/share/kortex_description/arms/gen3/7dof/meshes
[0.163s] -- Up-to-date: /root/ws_moveit/install/kortex_description/share/kortex_description/arms/gen3/7dof/meshes/bracelet_with_vision_link.dae
[0.163s] -- Up-to-date: /root/ws_moveit/install/kortex_description/share/kortex_description/arms/gen3/7dof/meshes/shoulder_link.dae
[0.163s] -- Up-to-date: /root/ws_moveit/install/kortex_description/share/kortex_description/arms/gen3/7dof/meshes/spherical_wrist_2_link.dae
[0.163s] -- Up-to-date: /root/ws_moveit/install/kortex_description/share/kortex_description/arms/gen3/7dof/meshes/forearm_link.dae
[0.163s] -- Up-to-date: /root/ws_moveit/install/kortex_description/share/kortex_description/arms/gen3/7dof/meshes/base_link.dae
[0.163s] -- Up-to-date: /root/ws_moveit/install/kortex_description/share/kortex_description/arms/gen3/7dof/meshes/half_arm_2_link.dae
[0.163s] -- Up-to-date: /root/ws_moveit/install/kortex_description/share/kortex_description/arms/gen3/7dof/meshes/spherical_wrist_1_link.dae
[0.163s] -- Up-to-date: /root/ws_moveit/install/kortex_description/share/kortex_description/arms/gen3/7dof/meshes/bracelet_no_vision_link.dae
[0.164s] -- Up-to-date: /root/ws_moveit/install/kortex_description/share/kortex_description/arms/gen3/7dof/meshes/half_arm_1_link.dae
[0.164s] -- Up-to-date: /root/ws_moveit/install/kortex_description/share/kortex_description/arms/gen3/7dof/urdf
[0.164s] -- Up-to-date: /root/ws_moveit/install/kortex_description/share/kortex_description/arms/gen3/7dof/urdf/gen3_macro.xacro
[0.164s] -- Up-to-date: /root/ws_moveit/install/kortex_description/share/kortex_description/arms/gen3/7dof/urdf/gen3_transmission_macro.xacro
[0.165s] -- Up-to-date: /root/ws_moveit/install/kortex_description/share/kortex_description/arms/gen3/7dof/urdf/kortex.ros2_control.xacro
[0.165s] -- Up-to-date: /root/ws_moveit/install/kortex_description/share/kortex_description/arms/gen3/7dof/config
[0.165s] -- Up-to-date: /root/ws_moveit/install/kortex_description/share/kortex_description/arms/gen3/7dof/config/twist_limits.yaml
[0.165s] -- Up-to-date: /root/ws_moveit/install/kortex_description/share/kortex_description/arms/gen3/7dof/config/gazebo_initial_joint_positions.yaml
[0.165s] -- Up-to-date: /root/ws_moveit/install/kortex_description/share/kortex_description/arms/gen3/7dof/config/joint_limits.yaml
[0.165s] -- Up-to-date: /root/ws_moveit/install/kortex_description/share/kortex_description/arms/gen3/7dof/config/ros2_controllers.yaml
[0.166s] -- Up-to-date: /root/ws_moveit/install/kortex_description/share/kortex_description/arms/gen3_lite
[0.166s] -- Up-to-date: /root/ws_moveit/install/kortex_description/share/kortex_description/arms/gen3_lite/6dof
[0.166s] -- Up-to-date: /root/ws_moveit/install/kortex_description/share/kortex_description/arms/gen3_lite/6dof/meshes
[0.166s] -- Up-to-date: /root/ws_moveit/install/kortex_description/share/kortex_description/arms/gen3_lite/6dof/meshes/base_link.STL
[0.166s] -- Up-to-date: /root/ws_moveit/install/kortex_description/share/kortex_description/arms/gen3_lite/6dof/meshes/shoulder_link.STL
[0.166s] -- Up-to-date: /root/ws_moveit/install/kortex_description/share/kortex_description/arms/gen3_lite/6dof/meshes/arm_link.STL
[0.166s] -- Up-to-date: /root/ws_moveit/install/kortex_description/share/kortex_description/arms/gen3_lite/6dof/meshes/upper_wrist_link.STL
[0.166s] -- Up-to-date: /root/ws_moveit/install/kortex_description/share/kortex_description/arms/gen3_lite/6dof/meshes/lower_wrist_link.STL
[0.167s] -- Up-to-date: /root/ws_moveit/install/kortex_description/share/kortex_description/arms/gen3_lite/6dof/meshes/forearm_link.STL
[0.167s] -- Up-to-date: /root/ws_moveit/install/kortex_description/share/kortex_description/arms/gen3_lite/6dof/urdf
[0.167s] -- Up-to-date: /root/ws_moveit/install/kortex_description/share/kortex_description/arms/gen3_lite/6dof/urdf/gen3_lite_macro.xacro
[0.167s] -- Up-to-date: /root/ws_moveit/install/kortex_description/share/kortex_description/arms/gen3_lite/6dof/urdf/gen3_lite_transmission_macro.xacro
[0.167s] -- Up-to-date: /root/ws_moveit/install/kortex_description/share/kortex_description/arms/gen3_lite/6dof/urdf/kortex.ros2_control.xacro
[0.167s] -- Up-to-date: /root/ws_moveit/install/kortex_description/share/kortex_description/arms/gen3_lite/6dof/config
[0.167s] -- Up-to-date: /root/ws_moveit/install/kortex_description/share/kortex_description/arms/gen3_lite/6dof/config/twist_limits.yaml
[0.167s] -- Up-to-date: /root/ws_moveit/install/kortex_description/share/kortex_description/arms/gen3_lite/6dof/config/joint_limits.yaml
[0.167s] -- Up-to-date: /root/ws_moveit/install/kortex_description/share/kortex_description/arms/gen3_lite/6dof/config/ros2_controllers.yaml
[0.167s] -- Up-to-date: /root/ws_moveit/install/kortex_description/share/kortex_description/grippers
[0.167s] -- Up-to-date: /root/ws_moveit/install/kortex_description/share/kortex_description/grippers/robotiq_2f_85
[0.167s] -- Up-to-date: /root/ws_moveit/install/kortex_description/share/kortex_description/grippers/robotiq_2f_85/urdf
[0.168s] -- Up-to-date: /root/ws_moveit/install/kortex_description/share/kortex_description/grippers/robotiq_2f_85/urdf/robotiq_2f_85_macro.xacro
[0.168s] -- Up-to-date: /root/ws_moveit/install/kortex_description/share/kortex_description/grippers/robotiq_2f_85/README.md
[0.168s] -- Up-to-date: /root/ws_moveit/install/kortex_description/share/kortex_description/grippers/robotiq_2f_85/LICENSE
[0.168s] -- Up-to-date: /root/ws_moveit/install/kortex_description/share/kortex_description/grippers/gen3_lite_2f
[0.168s] -- Up-to-date: /root/ws_moveit/install/kortex_description/share/kortex_description/grippers/gen3_lite_2f/meshes
[0.168s] -- Up-to-date: /root/ws_moveit/install/kortex_description/share/kortex_description/grippers/gen3_lite_2f/meshes/right_finger_dist_link.STL
[0.169s] -- Up-to-date: /root/ws_moveit/install/kortex_description/share/kortex_description/grippers/gen3_lite_2f/meshes/left_finger_prox_link.STL
[0.169s] -- Up-to-date: /root/ws_moveit/install/kortex_description/share/kortex_description/grippers/gen3_lite_2f/meshes/right_finger_prox_link.STL
[0.169s] -- Up-to-date: /root/ws_moveit/install/kortex_description/share/kortex_description/grippers/gen3_lite_2f/meshes/gripper_base_link.STL
[0.169s] -- Up-to-date: /root/ws_moveit/install/kortex_description/share/kortex_description/grippers/gen3_lite_2f/meshes/left_finger_dist_link.STL
[0.169s] -- Up-to-date: /root/ws_moveit/install/kortex_description/share/kortex_description/grippers/gen3_lite_2f/urdf
[0.169s] -- Up-to-date: /root/ws_moveit/install/kortex_description/share/kortex_description/grippers/gen3_lite_2f/urdf/gen3_lite_2f_transmission_macro.xacro
[0.169s] -- Up-to-date: /root/ws_moveit/install/kortex_description/share/kortex_description/grippers/gen3_lite_2f/urdf/gen3_lite_2f_macro.xacro
[0.169s] -- Up-to-date: /root/ws_moveit/install/kortex_description/share/kortex_description/grippers/gen3_lite_2f/urdf/gen3_lite_2f.ros2_control.xacro
[0.169s] -- Up-to-date: /root/ws_moveit/install/kortex_description/share/kortex_description/grippers/gen3_lite_2f/urdf/GEN3-LITE-GRIPPER_URDF_SIMPLIFIED_V2.urdf
[0.169s] -- Up-to-date: /root/ws_moveit/install/kortex_description/share/kortex_description/grippers/gen3_lite_2f/config
[0.169s] -- Up-to-date: /root/ws_moveit/install/kortex_description/share/kortex_description/grippers/gen3_lite_2f/config/joint_limits.yaml
[0.169s] -- Up-to-date: /root/ws_moveit/install/kortex_description/share/kortex_description/grippers/robotiq_2f_140
[0.169s] -- Up-to-date: /root/ws_moveit/install/kortex_description/share/kortex_description/grippers/robotiq_2f_140/urdf
[0.170s] -- Up-to-date: /root/ws_moveit/install/kortex_description/share/kortex_description/grippers/robotiq_2f_140/urdf/robotiq_2f_140_macro.xacro
[0.171s] -- Up-to-date: /root/ws_moveit/install/kortex_description/share/kortex_description/grippers/robotiq_2f_140/README.md
[0.171s] -- Up-to-date: /root/ws_moveit/install/kortex_description/share/kortex_description/grippers/robotiq_2f_140/LICENSE
[0.171s] -- Up-to-date: /root/ws_moveit/install/kortex_description/share/kortex_description/launch
[0.171s] -- Up-to-date: /root/ws_moveit/install/kortex_description/share/kortex_description/launch/view_robot.launch.py
[0.171s] -- Up-to-date: /root/ws_moveit/install/kortex_description/share/kortex_description/multiple_robots
[0.172s] -- Up-to-date: /root/ws_moveit/install/kortex_description/share/kortex_description/multiple_robots/kortex_dual_robots.xacro
[0.172s] -- Up-to-date: /root/ws_moveit/install/kortex_description/share/kortex_description/robots
[0.172s] -- Up-to-date: /root/ws_moveit/install/kortex_description/share/kortex_description/robots/gen3_lite_gen3_lite_2f.xacro
[0.172s] -- Up-to-date: /root/ws_moveit/install/kortex_description/share/kortex_description/robots/gen3.xacro
[0.172s] -- Up-to-date: /root/ws_moveit/install/kortex_description/share/kortex_description/robots/kinova.urdf.xacro
[0.173s] -- Up-to-date: /root/ws_moveit/install/kortex_description/share/kortex_description/robots/gen3_robotiq_2f_85.xacro
[0.173s] -- Up-to-date: /root/ws_moveit/install/kortex_description/share/kortex_description/robots/gen3_robotiq_2f_140.xacro
[0.173s] -- Up-to-date: /root/ws_moveit/install/kortex_description/share/kortex_description/robots/gen3_2f85.urdf
[0.173s] -- Up-to-date: /root/ws_moveit/install/kortex_description/share/kortex_description/robots/kortex_robot.xacro
[0.173s] -- Up-to-date: /root/ws_moveit/install/kortex_description/share/kortex_description/rviz
[0.173s] -- Up-to-date: /root/ws_moveit/install/kortex_description/share/kortex_description/rviz/view_robot.rviz
[0.173s] -- Up-to-date: /root/ws_moveit/install/kortex_description/share/kortex_description/config
[0.173s] -- Up-to-date: /root/ws_moveit/install/kortex_description/share/kortex_description/config/initial_positions.yaml
[0.173s] -- Up-to-date: /root/ws_moveit/install/kortex_description/share/ament_index/resource_index/package_run_dependencies/kortex_description
[0.174s] -- Up-to-date: /root/ws_moveit/install/kortex_description/share/ament_index/resource_index/parent_prefix_path/kortex_description
[0.174s] -- Up-to-date: /root/ws_moveit/install/kortex_description/share/kortex_description/environment/ament_prefix_path.sh
[0.174s] -- Up-to-date: /root/ws_moveit/install/kortex_description/share/kortex_description/environment/ament_prefix_path.dsv
[0.174s] -- Up-to-date: /root/ws_moveit/install/kortex_description/share/kortex_description/environment/path.sh
[0.174s] -- Up-to-date: /root/ws_moveit/install/kortex_description/share/kortex_description/environment/path.dsv
[0.174s] -- Up-to-date: /root/ws_moveit/install/kortex_description/share/kortex_description/local_setup.bash
[0.174s] -- Up-to-date: /root/ws_moveit/install/kortex_description/share/kortex_description/local_setup.sh
[0.174s] -- Up-to-date: /root/ws_moveit/install/kortex_description/share/kortex_description/local_setup.zsh
[0.174s] -- Up-to-date: /root/ws_moveit/install/kortex_description/share/kortex_description/local_setup.dsv
[0.174s] -- Up-to-date: /root/ws_moveit/install/kortex_description/share/kortex_description/package.dsv
[0.174s] -- Up-to-date: /root/ws_moveit/install/kortex_description/share/ament_index/resource_index/packages/kortex_description
[0.174s] -- Up-to-date: /root/ws_moveit/install/kortex_description/share/kortex_description/cmake/kortex_descriptionConfig.cmake
[0.174s] -- Up-to-date: /root/ws_moveit/install/kortex_description/share/kortex_description/cmake/kortex_descriptionConfig-version.cmake
[0.175s] -- Up-to-date: /root/ws_moveit/install/kortex_description/share/kortex_description/package.xml
[0.182s] Invoked command in '/root/ws_moveit/build/kortex_description' returned '0': CMAKE_PREFIX_PATH=/root/ws_moveit/install/robotiq_description:/root/ws_moveit/install/robotiq_hardware_tests:/root/ws_moveit/install/robotiq_driver:/root/ws_moveit/install/serial:/root/ws_moveit/install/moveit_visual_tools:/root/ws_moveit/install/rviz_visual_tools:/root/ws_moveit/install/moveit_task_constructor_demo:/root/ws_moveit/install/moveit_task_constructor_capabilities:/root/ws_moveit/install/moveit_task_constructor_core:/root/ws_moveit/install/rviz_marker_tools:/root/ws_moveit/install/kortex_bringup:/root/ws_moveit/install/kortex_description:/root/ws_moveit/install/robotiq_controllers:/root/ws_moveit/install/pilz_industrial_motion_planner_testutils:/root/ws_moveit/install/moveit_runtime:/root/ws_moveit/install/moveit_planners:/root/ws_moveit/install/pilz_industrial_motion_planner:/root/ws_moveit/install/pick_ik:/root/ws_moveit/install/my_robot:/root/ws_moveit/install/moveit_task_constructor_msgs:/root/ws_moveit/install/moveit_ros_control_interface:/root/ws_moveit/install/moveit_plugins:/root/ws_moveit/install/moveit_simple_controller_manager:/root/ws_moveit/install/moveit_setup_framework:/root/ws_moveit/install/moveit_servo:/root/ws_moveit/install/moveit_ros:/root/ws_moveit/install/moveit_ros_visualization:/root/ws_moveit/install/moveit_py:/root/ws_moveit/install/moveit_hybrid_planning:/root/ws_moveit/install/moveit_ros_planning_interface:/root/ws_moveit/install/moveit_ros_benchmarks:/root/ws_moveit/install/moveit_ros_warehouse:/root/ws_moveit/install/moveit_ros_robot_interaction:/root/ws_moveit/install/moveit_ros_perception:/root/ws_moveit/install/moveit_resources_prbt_pg70_support:/root/ws_moveit/install/moveit_resources_prbt_moveit_config:/root/ws_moveit/install/moveit_ros_move_group:/root/ws_moveit/install/moveit_planners_ompl:/root/ws_moveit/install/moveit_kinematics:/root/ws_moveit/install/moveit_ros_planning:/root/ws_moveit/install/moveit_ros_occupancy_map_monitor:/root/ws_moveit/install/moveit_resources_prbt_support:/root/ws_moveit/install/moveit_resources_prbt_ikfast_manipulator_plugin:/root/ws_moveit/install/moveit_resources:/root/ws_moveit/install/moveit_resources_pr2_description:/root/ws_moveit/install/moveit_resources_panda_moveit_config:/root/ws_moveit/install/dual_arm_panda_moveit_config:/root/ws_moveit/install/moveit_resources_panda_description:/root/ws_moveit/install/moveit_resources_fanuc_moveit_config:/root/ws_moveit/install/moveit_resources_fanuc_description:/root/ws_moveit/install/moveit_planners_stomp:/root/ws_moveit/install/moveit_planners_chomp:/root/ws_moveit/install/chomp_motion_planner:/root/ws_moveit/install/moveit_core:/root/ws_moveit/install/moveit_msgs:/root/ws_moveit/install/moveit_common:/root/ws_moveit/install/kortex_driver:/root/ws_moveit/install/kortex_api:/root/ws_moveit/install/moveit_configs_utils:/opt/ros/humble /usr/bin/cmake --install /root/ws_moveit/build/kortex_description
