[0.015s] Invoking command in '/root/ws_moveit/build/Isaac_panda': /usr/bin/cmake /root/ws_moveit/src/moveit_resources/Isaac_panda -DCMAKE_INSTALL_PREFIX=/root/ws_moveit/install/Isaac_panda
[0.171s] -- The C compiler identification is GNU 11.4.0
[0.298s] -- The CXX compiler identification is GNU 11.4.0
[0.315s] -- Detecting C compiler ABI info
[0.399s] -- Detecting C compiler ABI info - done
[0.404s] -- Check for working C compiler: /usr/bin/cc - skipped
[0.404s] -- Detecting C compile features
[0.407s] -- Detecting C compile features - done
[0.412s] -- Detecting CXX compiler ABI info
[0.493s] -- Detecting CXX compiler ABI info - done
[0.498s] -- Check for working CXX compiler: /usr/bin/c++ - skipped
[0.498s] -- Detecting CXX compile features
[0.498s] -- Detecting CXX compile features - done
[0.511s] -- Found ament_cmake: 1.3.9 (/opt/ros/humble/share/ament_cmake/cmake)
[0.644s] -- Found Python3: /usr/bin/python3 (found version "3.10.12") found components: Interpreter 
[0.817s] WARNING: Package name "Isaac_panda" does not follow the naming conventions. It should start with a lower case letter and only contain lower case letters, digits, underscores, and dashes.
[0.817s] Error parsing '/root/ws_moveit/src/moveit_resources/Isaac_panda/package.xml':
[0.817s] Traceback (most recent call last):
[0.818s]   File "/opt/ros/humble/share/ament_cmake_core/cmake/core/package_xml_2_cmake.py", line 150, in <module>
[0.818s]     main()
[0.818s]   File "/opt/ros/humble/share/ament_cmake_core/cmake/core/package_xml_2_cmake.py", line 53, in main
[0.818s]     raise e
[0.818s]   File "/opt/ros/humble/share/ament_cmake_core/cmake/core/package_xml_2_cmake.py", line 49, in main
[0.818s]     package = parse_package_string(
[0.818s]   File "/usr/lib/python3/dist-packages/catkin_pkg/package.py", line 788, in parse_package_string
[0.819s]     pkg.validate(warnings=warnings)
[0.819s]   File "/usr/lib/python3/dist-packages/catkin_pkg/package.py", line 330, in validate
[0.819s]     raise InvalidPackage('\n'.join(errors), self.filename)
[0.819s] catkin_pkg.package.InvalidPackage: Error(s) in package '/root/ws_moveit/src/moveit_resources/Isaac_panda/package.xml':
[0.819s] Invalid email "N3.2,B2-01@ntu.sg" for person "N3.2,B2-01"
[0.819s] Invalid email "N3.2,B2-01@ntu.sg" for person "N3.2,B2-01"
[0.823s] [31mCMake Error at /opt/ros/humble/share/ament_cmake_core/cmake/core/ament_package_xml.cmake:95 (message):
[0.823s]   execute_process(/usr/bin/python3
[0.823s]   /opt/ros/humble/share/ament_cmake_core/cmake/core/package_xml_2_cmake.py
[0.823s]   /root/ws_moveit/src/moveit_resources/Isaac_panda/package.xml
[0.823s]   /root/ws_moveit/build/Isaac_panda/ament_cmake_core/package.cmake) returned
[0.823s]   error code 1
[0.823s] Call Stack (most recent call first):
[0.823s]   /opt/ros/humble/share/ament_cmake_core/cmake/core/ament_package_xml.cmake:49 (_ament_package_xml)
[0.824s]   /opt/ros/humble/share/ament_cmake_core/cmake/core/ament_package.cmake:63 (ament_package_xml)
[0.824s]   CMakeLists.txt:6 (ament_package)
[0.824s] 
[0.824s] [0m
[0.824s] -- Configuring incomplete, errors occurred!
[0.824s] See also "/root/ws_moveit/build/Isaac_panda/CMakeFiles/CMakeOutput.log".
[0.826s] Invoked command in '/root/ws_moveit/build/Isaac_panda' returned '1': /usr/bin/cmake /root/ws_moveit/src/moveit_resources/Isaac_panda -DCMAKE_INSTALL_PREFIX=/root/ws_moveit/install/Isaac_panda
