[  1%] [34m[1mGenerating C code for ROS interfaces[0m
[  1%] Built target ament_cmake_python_copy_yolov8_msgs
[  1%] [34m[1mGenerating C++ code for ROS interfaces[0m
running egg_info
creating yolov8_msgs.egg-info
writing yolov8_msgs.egg-info/PKG-INFO
writing dependency_links to yolov8_msgs.egg-info/dependency_links.txt
writing top-level names to yolov8_msgs.egg-info/top_level.txt
writing manifest file 'yolov8_msgs.egg-info/SOURCES.txt'
Traceback (most recent call last):
  File "/root/ws_moveit/build/yolov8_msgs/ament_cmake_python/yolov8_msgs/setup.py", line 4, in <module>
    setup(
  File "/usr/local/lib/python3.10/dist-packages/setuptools/__init__.py", line 117, in setup
    return distutils.core.setup(**attrs)
  File "/usr/local/lib/python3.10/dist-packages/setuptools/_distutils/core.py", line 183, in setup
    return run_commands(dist)
  File "/usr/local/lib/python3.10/dist-packages/setuptools/_distutils/core.py", line 199, in run_commands
    dist.run_commands()
  File "/usr/local/lib/python3.10/dist-packages/setuptools/_distutils/dist.py", line 954, in run_commands
    self.run_command(cmd)
  File "/usr/local/lib/python3.10/dist-packages/setuptools/dist.py", line 991, in run_command
    super().run_command(command)
  File "/usr/local/lib/python3.10/dist-packages/setuptools/_distutils/dist.py", line 973, in run_command
    cmd_obj.run()
  File "/usr/local/lib/python3.10/dist-packages/setuptools/command/egg_info.py", line 315, in run
reading manifest file 'yolov8_msgs.egg-info/SOURCES.txt'
    self.find_sources()
  File "/usr/local/lib/python3.10/dist-packages/setuptools/command/egg_info.py", line 323, in find_sources
    mm.run()
  File "/usr/local/lib/python3.10/dist-packages/setuptools/command/egg_info.py", line 549, in run
    self.prune_file_list()
  File "/usr/local/lib/python3.10/dist-packages/setuptools/command/sdist.py", line 161, in prune_file_list
    super().prune_file_list()
  File "/usr/local/lib/python3.10/dist-packages/setuptools/_distutils/command/sdist.py", line 380, in prune_file_list
    base_dir = self.distribution.get_fullname()
  File "/usr/local/lib/python3.10/dist-packages/setuptools/_core_metadata.py", line 267, in get_fullname
    return _distribution_fullname(self.get_name(), self.get_version())
  File "/usr/local/lib/python3.10/dist-packages/setuptools/_core_metadata.py", line 285, in _distribution_fullname
    canonicalize_version(version, strip_trailing_zero=False),
TypeError: canonicalize_version() got an unexpected keyword argument 'strip_trailing_zero'
gmake[2]: *** [CMakeFiles/ament_cmake_python_build_yolov8_msgs_egg.dir/build.make:70: CMakeFiles/ament_cmake_python_build_yolov8_msgs_egg] Error 1
gmake[1]: *** [CMakeFiles/Makefile2:447: CMakeFiles/ament_cmake_python_build_yolov8_msgs_egg.dir/all] Error 2
gmake[1]: *** Waiting for unfinished jobs....
[  2%] [32mBuilding C object CMakeFiles/yolov8_msgs__rosidl_generator_c.dir/rosidl_generator_c/yolov8_msgs/msg/detail/mask__functions.c.o[0m
[  3%] [32mBuilding C object CMakeFiles/yolov8_msgs__rosidl_generator_c.dir/rosidl_generator_c/yolov8_msgs/msg/detail/point2_d__functions.c.o[0m
[  4%] [32mBuilding C object CMakeFiles/yolov8_msgs__rosidl_generator_c.dir/rosidl_generator_c/yolov8_msgs/msg/detail/key_point3_d__functions.c.o[0m
[  5%] [32mBuilding C object CMakeFiles/yolov8_msgs__rosidl_generator_c.dir/rosidl_generator_c/yolov8_msgs/msg/detail/bounding_box3_d__functions.c.o[0m
[  6%] [32mBuilding C object CMakeFiles/yolov8_msgs__rosidl_generator_c.dir/rosidl_generator_c/yolov8_msgs/msg/detail/key_point3_d_array__functions.c.o[0m
[  6%] [32mBuilding C object CMakeFiles/yolov8_msgs__rosidl_generator_c.dir/rosidl_generator_c/yolov8_msgs/msg/detail/key_point2_d__functions.c.o[0m
[  7%] [32mBuilding C object CMakeFiles/yolov8_msgs__rosidl_generator_c.dir/rosidl_generator_c/yolov8_msgs/msg/detail/key_point2_d_array__functions.c.o[0m
[  7%] [32mBuilding C object CMakeFiles/yolov8_msgs__rosidl_generator_c.dir/rosidl_generator_c/yolov8_msgs/msg/detail/bounding_box2_d__functions.c.o[0m
[  8%] [32mBuilding C object CMakeFiles/yolov8_msgs__rosidl_generator_c.dir/rosidl_generator_c/yolov8_msgs/msg/detail/pose2_d__functions.c.o[0m
[  9%] [32mBuilding C object CMakeFiles/yolov8_msgs__rosidl_generator_c.dir/rosidl_generator_c/yolov8_msgs/msg/detail/detection_array__functions.c.o[0m
[ 10%] [32mBuilding C object CMakeFiles/yolov8_msgs__rosidl_generator_c.dir/rosidl_generator_c/yolov8_msgs/msg/detail/vector2__functions.c.o[0m
[ 11%] [32mBuilding C object CMakeFiles/yolov8_msgs__rosidl_generator_c.dir/rosidl_generator_c/yolov8_msgs/msg/detail/detection__functions.c.o[0m
[ 12%] [32m[1mLinking C shared library libyolov8_msgs__rosidl_generator_c.so[0m
[ 12%] Built target yolov8_msgs__rosidl_generator_c
[ 12%] Built target yolov8_msgs__cpp
gmake: *** [Makefile:146: all] Error 2
