[0.041s] Invoking command in '/root/ws_moveit/build/yolov8_msgs': CMAKE_PREFIX_PATH=${CMAKE_PREFIX_PATH}:/root/ws_moveit/install/moveit_configs_utils:/opt/ros/humble /usr/bin/cmake --build /root/ws_moveit/build/yolov8_msgs -- -j20 -l20
[0.121s] [  1%] [34m[1mGenerating C code for ROS interfaces[0m
[0.169s] [  1%] Built target ament_cmake_python_copy_yolov8_msgs
[0.181s] [  1%] [34m[1mGenerating C++ code for ROS interfaces[0m
[0.367s] running egg_info
[0.377s] creating yolov8_msgs.egg-info
[0.377s] writing yolov8_msgs.egg-info/PKG-INFO
[0.378s] writing dependency_links to yolov8_msgs.egg-info/dependency_links.txt
[0.378s] writing top-level names to yolov8_msgs.egg-info/top_level.txt
[0.378s] writing manifest file 'yolov8_msgs.egg-info/SOURCES.txt'
[0.408s] Traceback (most recent call last):
[0.408s]   File "/root/ws_moveit/build/yolov8_msgs/ament_cmake_python/yolov8_msgs/setup.py", line 4, in <module>
[0.408s]     setup(
[0.408s]   File "/usr/local/lib/python3.10/dist-packages/setuptools/__init__.py", line 117, in setup
[0.408s]     return distutils.core.setup(**attrs)
[0.408s]   File "/usr/local/lib/python3.10/dist-packages/setuptools/_distutils/core.py", line 183, in setup
[0.408s]     return run_commands(dist)
[0.409s]   File "/usr/local/lib/python3.10/dist-packages/setuptools/_distutils/core.py", line 199, in run_commands
[0.409s]     dist.run_commands()
[0.409s]   File "/usr/local/lib/python3.10/dist-packages/setuptools/_distutils/dist.py", line 954, in run_commands
[0.409s]     self.run_command(cmd)
[0.409s]   File "/usr/local/lib/python3.10/dist-packages/setuptools/dist.py", line 991, in run_command
[0.409s]     super().run_command(command)
[0.409s]   File "/usr/local/lib/python3.10/dist-packages/setuptools/_distutils/dist.py", line 973, in run_command
[0.409s]     cmd_obj.run()
[0.409s]   File "/usr/local/lib/python3.10/dist-packages/setuptools/command/egg_info.py", line 315, in run
[0.409s] reading manifest file 'yolov8_msgs.egg-info/SOURCES.txt'
[0.409s]     self.find_sources()
[0.409s]   File "/usr/local/lib/python3.10/dist-packages/setuptools/command/egg_info.py", line 323, in find_sources
[0.409s]     mm.run()
[0.409s]   File "/usr/local/lib/python3.10/dist-packages/setuptools/command/egg_info.py", line 549, in run
[0.409s]     self.prune_file_list()
[0.409s]   File "/usr/local/lib/python3.10/dist-packages/setuptools/command/sdist.py", line 161, in prune_file_list
[0.409s]     super().prune_file_list()
[0.409s]   File "/usr/local/lib/python3.10/dist-packages/setuptools/_distutils/command/sdist.py", line 380, in prune_file_list
[0.409s]     base_dir = self.distribution.get_fullname()
[0.409s]   File "/usr/local/lib/python3.10/dist-packages/setuptools/_core_metadata.py", line 267, in get_fullname
[0.410s]     return _distribution_fullname(self.get_name(), self.get_version())
[0.410s]   File "/usr/local/lib/python3.10/dist-packages/setuptools/_core_metadata.py", line 285, in _distribution_fullname
[0.410s]     canonicalize_version(version, strip_trailing_zero=False),
[0.410s] TypeError: canonicalize_version() got an unexpected keyword argument 'strip_trailing_zero'
[0.442s] gmake[2]: *** [CMakeFiles/ament_cmake_python_build_yolov8_msgs_egg.dir/build.make:70: CMakeFiles/ament_cmake_python_build_yolov8_msgs_egg] Error 1
[0.444s] gmake[1]: *** [CMakeFiles/Makefile2:447: CMakeFiles/ament_cmake_python_build_yolov8_msgs_egg.dir/all] Error 2
[0.444s] gmake[1]: *** Waiting for unfinished jobs....
[0.948s] [  2%] [32mBuilding C object CMakeFiles/yolov8_msgs__rosidl_generator_c.dir/rosidl_generator_c/yolov8_msgs/msg/detail/mask__functions.c.o[0m
[0.948s] [  3%] [32mBuilding C object CMakeFiles/yolov8_msgs__rosidl_generator_c.dir/rosidl_generator_c/yolov8_msgs/msg/detail/point2_d__functions.c.o[0m
[0.948s] [  4%] [32mBuilding C object CMakeFiles/yolov8_msgs__rosidl_generator_c.dir/rosidl_generator_c/yolov8_msgs/msg/detail/key_point3_d__functions.c.o[0m
[0.948s] [  5%] [32mBuilding C object CMakeFiles/yolov8_msgs__rosidl_generator_c.dir/rosidl_generator_c/yolov8_msgs/msg/detail/bounding_box3_d__functions.c.o[0m
[0.948s] [  6%] [32mBuilding C object CMakeFiles/yolov8_msgs__rosidl_generator_c.dir/rosidl_generator_c/yolov8_msgs/msg/detail/key_point3_d_array__functions.c.o[0m
[0.948s] [  6%] [32mBuilding C object CMakeFiles/yolov8_msgs__rosidl_generator_c.dir/rosidl_generator_c/yolov8_msgs/msg/detail/key_point2_d__functions.c.o[0m
[0.949s] [  7%] [32mBuilding C object CMakeFiles/yolov8_msgs__rosidl_generator_c.dir/rosidl_generator_c/yolov8_msgs/msg/detail/key_point2_d_array__functions.c.o[0m
[0.953s] [  7%] [32mBuilding C object CMakeFiles/yolov8_msgs__rosidl_generator_c.dir/rosidl_generator_c/yolov8_msgs/msg/detail/bounding_box2_d__functions.c.o[0m
[0.957s] [  8%] [32mBuilding C object CMakeFiles/yolov8_msgs__rosidl_generator_c.dir/rosidl_generator_c/yolov8_msgs/msg/detail/pose2_d__functions.c.o[0m
[0.962s] [  9%] [32mBuilding C object CMakeFiles/yolov8_msgs__rosidl_generator_c.dir/rosidl_generator_c/yolov8_msgs/msg/detail/detection_array__functions.c.o[0m
[0.963s] [ 10%] [32mBuilding C object CMakeFiles/yolov8_msgs__rosidl_generator_c.dir/rosidl_generator_c/yolov8_msgs/msg/detail/vector2__functions.c.o[0m
[0.963s] [ 11%] [32mBuilding C object CMakeFiles/yolov8_msgs__rosidl_generator_c.dir/rosidl_generator_c/yolov8_msgs/msg/detail/detection__functions.c.o[0m
[1.020s] [ 12%] [32m[1mLinking C shared library libyolov8_msgs__rosidl_generator_c.so[0m
[1.115s] [ 12%] Built target yolov8_msgs__rosidl_generator_c
[1.123s] [ 12%] Built target yolov8_msgs__cpp
[1.124s] gmake: *** [Makefile:146: all] Error 2
[1.126s] Invoked command in '/root/ws_moveit/build/yolov8_msgs' returned '2': CMAKE_PREFIX_PATH=${CMAKE_PREFIX_PATH}:/root/ws_moveit/install/moveit_configs_utils:/opt/ros/humble /usr/bin/cmake --build /root/ws_moveit/build/yolov8_msgs -- -j20 -l20
