[0.210s] Invoking command in '/root/ws_moveit/build/rviz_visual_tools': CMAKE_PREFIX_PATH=${CMAKE_PREFIX_PATH}:/root/ws_moveit/install/moveit_configs_utils:/opt/ros/humble /usr/bin/cmake --build /root/ws_moveit/build/rviz_visual_tools -- -j20 -l20
[0.324s] [  2%] [34m[1mAutomatic MOC for target gtest_main[0m
[0.336s] [  5%] [34m[1mAutomatic MOC for target rviz_visual_tools_remote_control[0m
[0.336s] [  7%] [34m[1mAutomatic MOC for target rviz_visual_tools_gui[0m
[0.346s] [ 10%] [34m[1mAutomatic MOC for target gtest[0m
[0.398s] [ 10%] Built target gtest_autogen
[0.398s] [ 10%] Built target rviz_visual_tools_remote_control_autogen
[0.398s] [ 10%] Built target gtest_main_autogen
[0.398s] [ 10%] Built target rviz_visual_tools_gui_autogen
[0.399s] [ 17%] Built target gtest
[0.403s] [ 25%] Built target rviz_visual_tools_remote_control
[0.406s] [ 33%] Built target gtest_main
[0.412s] [ 46%] Built target rviz_visual_tools_gui
[0.427s] [ 48%] [34m[1mAutomatic MOC for target rviz_visual_tools[0m
[0.454s] [ 48%] Built target rviz_visual_tools_autogen
[0.486s] [ 58%] Built target rviz_visual_tools
[0.505s] [ 61%] [34m[1mAutomatic MOC for target rviz_visual_tools_imarker_simple[0m
[0.513s] [ 66%] [34m[1mAutomatic MOC for target rviz_visual_tools_rvt_test[0m
[0.513s] [ 66%] [34m[1mAutomatic MOC for target rviz_visual_tools_demo[0m
[0.528s] [ 66%] Built target rviz_visual_tools_imarker_simple_autogen
[0.537s] [ 66%] Built target rviz_visual_tools_rvt_test_autogen
[0.539s] [ 66%] Built target rviz_visual_tools_demo_autogen
[0.561s] [ 74%] Built target rviz_visual_tools_imarker_simple
[0.569s] [ 82%] Built target rviz_visual_tools_demo
[0.571s] [ 89%] Built target rviz_visual_tools_rvt_test
[0.583s] [ 92%] [34m[1mAutomatic MOC for target rviz_visual_tools_imarker_simple_demo[0m
[0.602s] [ 92%] Built target rviz_visual_tools_imarker_simple_demo_autogen
[0.627s] [100%] Built target rviz_visual_tools_imarker_simple_demo
