[0.033s] Invoking command in '/root/ws_moveit/build/pick_ik': CMAKE_PREFIX_PATH=/root/ws_moveit/install/moveit_core:/root/ws_moveit/install/moveit_resources_panda_moveit_config:/root/ws_moveit/install/moveit_resources_pr2_description:/root/ws_moveit/install/moveit_resources_panda_description:/root/ws_moveit/install/moveit_msgs:/root/ws_moveit/install/moveit_common:/root/ws_moveit/install/robotiq_hardware_tests:/root/ws_moveit/install/serial:/root/ws_moveit/install/moveit2_tutorials:/root/ws_moveit/install/moveit_visual_tools:/root/ws_moveit/install/rviz_visual_tools:/root/ws_moveit/install/moveit_task_constructor_visualization:/root/ws_moveit/install/moveit_task_constructor_demo:/root/ws_moveit/install/moveit_task_constructor_capabilities:/root/ws_moveit/install/moveit_task_constructor_core:/root/ws_moveit/install/rviz_marker_tools:/root/ws_moveit/install/kortex_bringup:/root/ws_moveit/install/kinova_gen3_7dof_robotiq_2f_85_moveit_config:/root/ws_moveit/install/kinova_gen3_6dof_robotiq_2f_85_moveit_config:/root/ws_moveit/install/kortex_description:/root/ws_moveit/install/robotiq_description:/root/ws_moveit/install/robotiq_controllers:/root/ws_moveit/install/pilz_industrial_motion_planner_testutils:/root/ws_moveit/install/moveit_runtime:/root/ws_moveit/install/moveit:/root/ws_moveit/install/moveit_planners:/root/ws_moveit/install/pilz_industrial_motion_planner:/root/ws_moveit/install/pick_ik:/root/ws_moveit/install/my_robot:/root/ws_moveit/install/moveit_task_constructor_msgs:/root/ws_moveit/install/moveit_ros_control_interface:/root/ws_moveit/install/moveit_plugins:/root/ws_moveit/install/moveit_simple_controller_manager:/root/ws_moveit/install/moveit_setup_assistant:/root/ws_moveit/install/moveit_setup_srdf_plugins:/root/ws_moveit/install/moveit_setup_core_plugins:/root/ws_moveit/install/moveit_setup_controllers:/root/ws_moveit/install/moveit_setup_app_plugins:/root/ws_moveit/install/moveit_setup_framework:/root/ws_moveit/install/moveit_servo:/root/ws_moveit/install/moveit_ros:/root/ws_moveit/install/moveit_ros_visualization:/root/ws_moveit/install/moveit_py:/root/ws_moveit/install/moveit_hybrid_planning:/root/ws_moveit/install/moveit_ros_planning_interface:/root/ws_moveit/install/moveit_ros_benchmarks:/root/ws_moveit/install/moveit_ros_warehouse:/root/ws_moveit/install/moveit_ros_robot_interaction:/root/ws_moveit/install/moveit_ros_perception:/root/ws_moveit/install/moveit_resources_prbt_pg70_support:/root/ws_moveit/install/moveit_resources_prbt_moveit_config:/root/ws_moveit/install/moveit_ros_move_group:/root/ws_moveit/install/moveit_planners_ompl:/root/ws_moveit/install/moveit_kinematics:/root/ws_moveit/install/moveit_ros_planning:/root/ws_moveit/install/moveit_ros_occupancy_map_monitor:/root/ws_moveit/install/moveit_resources_prbt_support:/root/ws_moveit/install/moveit_resources_prbt_ikfast_manipulator_plugin:/root/ws_moveit/install/moveit_resources:/root/ws_moveit/install/dual_arm_panda_moveit_config:/root/ws_moveit/install/moveit_resources_fanuc_moveit_config:/root/ws_moveit/install/moveit_resources_fanuc_description:/root/ws_moveit/install/moveit_planners_stomp:/root/ws_moveit/install/moveit_planners_chomp:/root/ws_moveit/install/chomp_motion_planner:/root/ws_moveit/install/kortex_driver:/root/ws_moveit/install/kortex_api:/root/ws_moveit/install/robotiq_driver:/root/ws_moveit/install/moveit_configs_utils:/opt/ros/humble LD_LIBRARY_PATH=/root/ws_moveit/install/moveit_core/lib:/root/ws_moveit/install/moveit_msgs/lib:/root/ws_moveit/install/robotiq_driver/lib:/root/ws_moveit/install/serial/lib:/root/ws_moveit/install/moveit_visual_tools/lib:/root/ws_moveit/install/rviz_visual_tools/lib:/root/ws_moveit/install/moveit_task_constructor_visualization/lib:/root/ws_moveit/install/moveit_task_constructor_demo/lib:/root/ws_moveit/install/moveit_task_constructor_capabilities/lib:/root/ws_moveit/install/moveit_task_constructor_core/lib:/root/ws_moveit/install/rviz_marker_tools/lib:/root/ws_moveit/install/robotiq_controllers/lib:/root/ws_moveit/install/pilz_industrial_motion_planner_testutils/lib:/root/ws_moveit/install/pilz_industrial_motion_planner/lib:/root/ws_moveit/install/pick_ik/lib:/root/ws_moveit/install/moveit_task_constructor_msgs/lib:/root/ws_moveit/install/moveit_ros_control_interface/lib:/root/ws_moveit/install/moveit_simple_controller_manager/lib:/root/ws_moveit/install/moveit_setup_assistant/lib:/root/ws_moveit/install/moveit_setup_srdf_plugins/lib:/root/ws_moveit/install/moveit_setup_core_plugins/lib:/root/ws_moveit/install/moveit_setup_controllers/lib:/root/ws_moveit/install/moveit_setup_app_plugins/lib:/root/ws_moveit/install/moveit_setup_framework/lib:/root/ws_moveit/install/moveit_servo/lib:/root/ws_moveit/install/moveit_ros_visualization/lib:/root/ws_moveit/install/moveit_py/lib:/root/ws_moveit/install/moveit_hybrid_planning/lib:/root/ws_moveit/install/moveit_ros_planning_interface/lib:/root/ws_moveit/install/moveit_ros_benchmarks/lib:/root/ws_moveit/install/moveit_ros_warehouse/lib:/root/ws_moveit/install/moveit_ros_robot_interaction/lib:/root/ws_moveit/install/moveit_ros_perception/lib:/root/ws_moveit/install/moveit_ros_move_group/lib:/root/ws_moveit/install/moveit_planners_ompl/lib:/root/ws_moveit/install/moveit_kinematics/lib:/root/ws_moveit/install/moveit_ros_planning/lib:/root/ws_moveit/install/moveit_ros_occupancy_map_monitor/lib:/root/ws_moveit/install/moveit_resources_prbt_ikfast_manipulator_plugin/lib:/root/ws_moveit/install/moveit_planners_stomp/lib:/root/ws_moveit/install/moveit_planners_chomp/lib:/root/ws_moveit/install/chomp_motion_planner/lib:/root/ws_moveit/install/kortex_driver/lib:/opt/ros/humble/opt/rviz_ogre_vendor/lib:/opt/ros/humble/lib/x86_64-linux-gnu:/opt/ros/humble/lib /usr/bin/cmake /root/ws_moveit/src/pick_ik -DCMAKE_INSTALL_PREFIX=/root/ws_moveit/install/pick_ik
[0.096s] -- The C compiler identification is GNU 11.4.0
[0.146s] -- The CXX compiler identification is GNU 11.4.0
[0.152s] -- Detecting C compiler ABI info
[0.205s] -- Detecting C compiler ABI info - done
[0.210s] -- Check for working C compiler: /usr/bin/cc - skipped
[0.210s] -- Detecting C compile features
[0.210s] -- Detecting C compile features - done
[0.212s] -- Detecting CXX compiler ABI info
[0.269s] -- Detecting CXX compiler ABI info - done
[0.273s] -- Check for working CXX compiler: /usr/bin/c++ - skipped
[0.273s] -- Detecting CXX compile features
[0.274s] -- Detecting CXX compile features - done
[0.278s] -- Found ament_cmake: 1.3.9 (/opt/ros/humble/share/ament_cmake/cmake)
[0.389s] -- Found Python3: /usr/bin/python3 (found version "3.10.12") found components: Interpreter 
[0.494s] -- Found ament_cmake_ros: 0.10.0 (/opt/ros/humble/share/ament_cmake_ros/cmake)
[0.516s] -- Found generate_parameter_library: 0.3.8 (/opt/ros/humble/share/generate_parameter_library/cmake)
[0.520s] -- Found parameter_traits: 0.3.8 (/opt/ros/humble/share/parameter_traits/cmake)
[0.593s] -- Found rosidl_generator_c: 3.1.5 (/opt/ros/humble/share/rosidl_generator_c/cmake)
[0.602s] -- Found rosidl_adapter: 3.1.5 (/opt/ros/humble/share/rosidl_adapter/cmake)
[0.614s] -- Found rosidl_generator_cpp: 3.1.5 (/opt/ros/humble/share/rosidl_generator_cpp/cmake)
[0.632s] -- Using all available rosidl_typesupport_c: rosidl_typesupport_fastrtps_c;rosidl_typesupport_introspection_c
[0.655s] -- Using all available rosidl_typesupport_cpp: rosidl_typesupport_fastrtps_cpp;rosidl_typesupport_introspection_cpp
[0.733s] -- Found rmw_implementation_cmake: 6.1.2 (/opt/ros/humble/share/rmw_implementation_cmake/cmake)
[0.739s] -- Found rmw_fastrtps_cpp: 6.2.6 (/opt/ros/humble/share/rmw_fastrtps_cpp/cmake)
[0.845s] -- Found OpenSSL: /usr/lib/x86_64-linux-gnu/libcrypto.so (found version "3.0.2")  
[0.876s] -- Found FastRTPS: /opt/ros/humble/include  
[0.936s] -- Using RMW implementation 'rmw_fastrtps_cpp' as default
[0.959s] -- Looking for pthread.h
[1.017s] -- Looking for pthread.h - found
[1.017s] -- Performing Test CMAKE_HAVE_LIBC_PTHREAD
[1.073s] -- Performing Test CMAKE_HAVE_LIBC_PTHREAD - Success
[1.074s] -- Found Threads: TRUE  
[1.218s] -- Found rclcpp_lifecycle: 16.0.9 (/opt/ros/humble/share/rclcpp_lifecycle/cmake)
[1.248s] -- Found moveit_core: 2.9.0 (/root/ws_moveit/install/moveit_core/share/moveit_core/cmake)
[1.293s] -- Found Boost: /usr/lib/x86_64-linux-gnu/cmake/Boost-1.74.0/BoostConfig.cmake (found version "1.74.0") found components: chrono date_time filesystem iostreams program_options regex serialization system thread 
[1.346s] -- Found Boost: /usr/lib/x86_64-linux-gnu/cmake/Boost-1.74.0/BoostConfig.cmake (found version "1.74.0") found components: filesystem 
[1.477s] -- library: /usr/lib/x86_64-linux-gnu/libcurl.so
[1.694s] -- Found Eigen3: TRUE (found version "3.4.0") 
[1.694s] -- Ensuring Eigen3 include directory is part of orocos-kdl CMake target
[7.740s] -- Performing Test HAVE_FLAG__ffile_prefix_map__root_ws_moveit_build_pick_ik__deps_catch2_src__
[7.906s] -- Performing Test HAVE_FLAG__ffile_prefix_map__root_ws_moveit_build_pick_ik__deps_catch2_src__ - Success
[8.020s] -- Configuring done
[8.151s] -- Generating done
[8.160s] -- Build files have been written to: /root/ws_moveit/build/pick_ik
[8.235s] Invoked command in '/root/ws_moveit/build/pick_ik' returned '0': CMAKE_PREFIX_PATH=/root/ws_moveit/install/moveit_core:/root/ws_moveit/install/moveit_resources_panda_moveit_config:/root/ws_moveit/install/moveit_resources_pr2_description:/root/ws_moveit/install/moveit_resources_panda_description:/root/ws_moveit/install/moveit_msgs:/root/ws_moveit/install/moveit_common:/root/ws_moveit/install/robotiq_hardware_tests:/root/ws_moveit/install/serial:/root/ws_moveit/install/moveit2_tutorials:/root/ws_moveit/install/moveit_visual_tools:/root/ws_moveit/install/rviz_visual_tools:/root/ws_moveit/install/moveit_task_constructor_visualization:/root/ws_moveit/install/moveit_task_constructor_demo:/root/ws_moveit/install/moveit_task_constructor_capabilities:/root/ws_moveit/install/moveit_task_constructor_core:/root/ws_moveit/install/rviz_marker_tools:/root/ws_moveit/install/kortex_bringup:/root/ws_moveit/install/kinova_gen3_7dof_robotiq_2f_85_moveit_config:/root/ws_moveit/install/kinova_gen3_6dof_robotiq_2f_85_moveit_config:/root/ws_moveit/install/kortex_description:/root/ws_moveit/install/robotiq_description:/root/ws_moveit/install/robotiq_controllers:/root/ws_moveit/install/pilz_industrial_motion_planner_testutils:/root/ws_moveit/install/moveit_runtime:/root/ws_moveit/install/moveit:/root/ws_moveit/install/moveit_planners:/root/ws_moveit/install/pilz_industrial_motion_planner:/root/ws_moveit/install/pick_ik:/root/ws_moveit/install/my_robot:/root/ws_moveit/install/moveit_task_constructor_msgs:/root/ws_moveit/install/moveit_ros_control_interface:/root/ws_moveit/install/moveit_plugins:/root/ws_moveit/install/moveit_simple_controller_manager:/root/ws_moveit/install/moveit_setup_assistant:/root/ws_moveit/install/moveit_setup_srdf_plugins:/root/ws_moveit/install/moveit_setup_core_plugins:/root/ws_moveit/install/moveit_setup_controllers:/root/ws_moveit/install/moveit_setup_app_plugins:/root/ws_moveit/install/moveit_setup_framework:/root/ws_moveit/install/moveit_servo:/root/ws_moveit/install/moveit_ros:/root/ws_moveit/install/moveit_ros_visualization:/root/ws_moveit/install/moveit_py:/root/ws_moveit/install/moveit_hybrid_planning:/root/ws_moveit/install/moveit_ros_planning_interface:/root/ws_moveit/install/moveit_ros_benchmarks:/root/ws_moveit/install/moveit_ros_warehouse:/root/ws_moveit/install/moveit_ros_robot_interaction:/root/ws_moveit/install/moveit_ros_perception:/root/ws_moveit/install/moveit_resources_prbt_pg70_support:/root/ws_moveit/install/moveit_resources_prbt_moveit_config:/root/ws_moveit/install/moveit_ros_move_group:/root/ws_moveit/install/moveit_planners_ompl:/root/ws_moveit/install/moveit_kinematics:/root/ws_moveit/install/moveit_ros_planning:/root/ws_moveit/install/moveit_ros_occupancy_map_monitor:/root/ws_moveit/install/moveit_resources_prbt_support:/root/ws_moveit/install/moveit_resources_prbt_ikfast_manipulator_plugin:/root/ws_moveit/install/moveit_resources:/root/ws_moveit/install/dual_arm_panda_moveit_config:/root/ws_moveit/install/moveit_resources_fanuc_moveit_config:/root/ws_moveit/install/moveit_resources_fanuc_description:/root/ws_moveit/install/moveit_planners_stomp:/root/ws_moveit/install/moveit_planners_chomp:/root/ws_moveit/install/chomp_motion_planner:/root/ws_moveit/install/kortex_driver:/root/ws_moveit/install/kortex_api:/root/ws_moveit/install/robotiq_driver:/root/ws_moveit/install/moveit_configs_utils:/opt/ros/humble LD_LIBRARY_PATH=/root/ws_moveit/install/moveit_core/lib:/root/ws_moveit/install/moveit_msgs/lib:/root/ws_moveit/install/robotiq_driver/lib:/root/ws_moveit/install/serial/lib:/root/ws_moveit/install/moveit_visual_tools/lib:/root/ws_moveit/install/rviz_visual_tools/lib:/root/ws_moveit/install/moveit_task_constructor_visualization/lib:/root/ws_moveit/install/moveit_task_constructor_demo/lib:/root/ws_moveit/install/moveit_task_constructor_capabilities/lib:/root/ws_moveit/install/moveit_task_constructor_core/lib:/root/ws_moveit/install/rviz_marker_tools/lib:/root/ws_moveit/install/robotiq_controllers/lib:/root/ws_moveit/install/pilz_industrial_motion_planner_testutils/lib:/root/ws_moveit/install/pilz_industrial_motion_planner/lib:/root/ws_moveit/install/pick_ik/lib:/root/ws_moveit/install/moveit_task_constructor_msgs/lib:/root/ws_moveit/install/moveit_ros_control_interface/lib:/root/ws_moveit/install/moveit_simple_controller_manager/lib:/root/ws_moveit/install/moveit_setup_assistant/lib:/root/ws_moveit/install/moveit_setup_srdf_plugins/lib:/root/ws_moveit/install/moveit_setup_core_plugins/lib:/root/ws_moveit/install/moveit_setup_controllers/lib:/root/ws_moveit/install/moveit_setup_app_plugins/lib:/root/ws_moveit/install/moveit_setup_framework/lib:/root/ws_moveit/install/moveit_servo/lib:/root/ws_moveit/install/moveit_ros_visualization/lib:/root/ws_moveit/install/moveit_py/lib:/root/ws_moveit/install/moveit_hybrid_planning/lib:/root/ws_moveit/install/moveit_ros_planning_interface/lib:/root/ws_moveit/install/moveit_ros_benchmarks/lib:/root/ws_moveit/install/moveit_ros_warehouse/lib:/root/ws_moveit/install/moveit_ros_robot_interaction/lib:/root/ws_moveit/install/moveit_ros_perception/lib:/root/ws_moveit/install/moveit_ros_move_group/lib:/root/ws_moveit/install/moveit_planners_ompl/lib:/root/ws_moveit/install/moveit_kinematics/lib:/root/ws_moveit/install/moveit_ros_planning/lib:/root/ws_moveit/install/moveit_ros_occupancy_map_monitor/lib:/root/ws_moveit/install/moveit_resources_prbt_ikfast_manipulator_plugin/lib:/root/ws_moveit/install/moveit_planners_stomp/lib:/root/ws_moveit/install/moveit_planners_chomp/lib:/root/ws_moveit/install/chomp_motion_planner/lib:/root/ws_moveit/install/kortex_driver/lib:/opt/ros/humble/opt/rviz_ogre_vendor/lib:/opt/ros/humble/lib/x86_64-linux-gnu:/opt/ros/humble/lib /usr/bin/cmake /root/ws_moveit/src/pick_ik -DCMAKE_INSTALL_PREFIX=/root/ws_moveit/install/pick_ik
[8.236s] Invoking command in '/root/ws_moveit/build/pick_ik': CMAKE_PREFIX_PATH=/root/ws_moveit/install/moveit_core:/root/ws_moveit/install/moveit_resources_panda_moveit_config:/root/ws_moveit/install/moveit_resources_pr2_description:/root/ws_moveit/install/moveit_resources_panda_description:/root/ws_moveit/install/moveit_msgs:/root/ws_moveit/install/moveit_common:/root/ws_moveit/install/robotiq_hardware_tests:/root/ws_moveit/install/serial:/root/ws_moveit/install/moveit2_tutorials:/root/ws_moveit/install/moveit_visual_tools:/root/ws_moveit/install/rviz_visual_tools:/root/ws_moveit/install/moveit_task_constructor_visualization:/root/ws_moveit/install/moveit_task_constructor_demo:/root/ws_moveit/install/moveit_task_constructor_capabilities:/root/ws_moveit/install/moveit_task_constructor_core:/root/ws_moveit/install/rviz_marker_tools:/root/ws_moveit/install/kortex_bringup:/root/ws_moveit/install/kinova_gen3_7dof_robotiq_2f_85_moveit_config:/root/ws_moveit/install/kinova_gen3_6dof_robotiq_2f_85_moveit_config:/root/ws_moveit/install/kortex_description:/root/ws_moveit/install/robotiq_description:/root/ws_moveit/install/robotiq_controllers:/root/ws_moveit/install/pilz_industrial_motion_planner_testutils:/root/ws_moveit/install/moveit_runtime:/root/ws_moveit/install/moveit:/root/ws_moveit/install/moveit_planners:/root/ws_moveit/install/pilz_industrial_motion_planner:/root/ws_moveit/install/pick_ik:/root/ws_moveit/install/my_robot:/root/ws_moveit/install/moveit_task_constructor_msgs:/root/ws_moveit/install/moveit_ros_control_interface:/root/ws_moveit/install/moveit_plugins:/root/ws_moveit/install/moveit_simple_controller_manager:/root/ws_moveit/install/moveit_setup_assistant:/root/ws_moveit/install/moveit_setup_srdf_plugins:/root/ws_moveit/install/moveit_setup_core_plugins:/root/ws_moveit/install/moveit_setup_controllers:/root/ws_moveit/install/moveit_setup_app_plugins:/root/ws_moveit/install/moveit_setup_framework:/root/ws_moveit/install/moveit_servo:/root/ws_moveit/install/moveit_ros:/root/ws_moveit/install/moveit_ros_visualization:/root/ws_moveit/install/moveit_py:/root/ws_moveit/install/moveit_hybrid_planning:/root/ws_moveit/install/moveit_ros_planning_interface:/root/ws_moveit/install/moveit_ros_benchmarks:/root/ws_moveit/install/moveit_ros_warehouse:/root/ws_moveit/install/moveit_ros_robot_interaction:/root/ws_moveit/install/moveit_ros_perception:/root/ws_moveit/install/moveit_resources_prbt_pg70_support:/root/ws_moveit/install/moveit_resources_prbt_moveit_config:/root/ws_moveit/install/moveit_ros_move_group:/root/ws_moveit/install/moveit_planners_ompl:/root/ws_moveit/install/moveit_kinematics:/root/ws_moveit/install/moveit_ros_planning:/root/ws_moveit/install/moveit_ros_occupancy_map_monitor:/root/ws_moveit/install/moveit_resources_prbt_support:/root/ws_moveit/install/moveit_resources_prbt_ikfast_manipulator_plugin:/root/ws_moveit/install/moveit_resources:/root/ws_moveit/install/dual_arm_panda_moveit_config:/root/ws_moveit/install/moveit_resources_fanuc_moveit_config:/root/ws_moveit/install/moveit_resources_fanuc_description:/root/ws_moveit/install/moveit_planners_stomp:/root/ws_moveit/install/moveit_planners_chomp:/root/ws_moveit/install/chomp_motion_planner:/root/ws_moveit/install/kortex_driver:/root/ws_moveit/install/kortex_api:/root/ws_moveit/install/robotiq_driver:/root/ws_moveit/install/moveit_configs_utils:/opt/ros/humble LD_LIBRARY_PATH=/root/ws_moveit/install/moveit_core/lib:/root/ws_moveit/install/moveit_msgs/lib:/root/ws_moveit/install/robotiq_driver/lib:/root/ws_moveit/install/serial/lib:/root/ws_moveit/install/moveit_visual_tools/lib:/root/ws_moveit/install/rviz_visual_tools/lib:/root/ws_moveit/install/moveit_task_constructor_visualization/lib:/root/ws_moveit/install/moveit_task_constructor_demo/lib:/root/ws_moveit/install/moveit_task_constructor_capabilities/lib:/root/ws_moveit/install/moveit_task_constructor_core/lib:/root/ws_moveit/install/rviz_marker_tools/lib:/root/ws_moveit/install/robotiq_controllers/lib:/root/ws_moveit/install/pilz_industrial_motion_planner_testutils/lib:/root/ws_moveit/install/pilz_industrial_motion_planner/lib:/root/ws_moveit/install/pick_ik/lib:/root/ws_moveit/install/moveit_task_constructor_msgs/lib:/root/ws_moveit/install/moveit_ros_control_interface/lib:/root/ws_moveit/install/moveit_simple_controller_manager/lib:/root/ws_moveit/install/moveit_setup_assistant/lib:/root/ws_moveit/install/moveit_setup_srdf_plugins/lib:/root/ws_moveit/install/moveit_setup_core_plugins/lib:/root/ws_moveit/install/moveit_setup_controllers/lib:/root/ws_moveit/install/moveit_setup_app_plugins/lib:/root/ws_moveit/install/moveit_setup_framework/lib:/root/ws_moveit/install/moveit_servo/lib:/root/ws_moveit/install/moveit_ros_visualization/lib:/root/ws_moveit/install/moveit_py/lib:/root/ws_moveit/install/moveit_hybrid_planning/lib:/root/ws_moveit/install/moveit_ros_planning_interface/lib:/root/ws_moveit/install/moveit_ros_benchmarks/lib:/root/ws_moveit/install/moveit_ros_warehouse/lib:/root/ws_moveit/install/moveit_ros_robot_interaction/lib:/root/ws_moveit/install/moveit_ros_perception/lib:/root/ws_moveit/install/moveit_ros_move_group/lib:/root/ws_moveit/install/moveit_planners_ompl/lib:/root/ws_moveit/install/moveit_kinematics/lib:/root/ws_moveit/install/moveit_ros_planning/lib:/root/ws_moveit/install/moveit_ros_occupancy_map_monitor/lib:/root/ws_moveit/install/moveit_resources_prbt_ikfast_manipulator_plugin/lib:/root/ws_moveit/install/moveit_planners_stomp/lib:/root/ws_moveit/install/moveit_planners_chomp/lib:/root/ws_moveit/install/chomp_motion_planner/lib:/root/ws_moveit/install/kortex_driver/lib:/opt/ros/humble/opt/rviz_ogre_vendor/lib:/opt/ros/humble/lib/x86_64-linux-gnu:/opt/ros/humble/lib /usr/bin/cmake --build /root/ws_moveit/build/pick_ik -- -j20 -l20
[8.374s] [  1%] [34m[1mRunning `/opt/ros/humble/bin/generate_parameter_library_cpp /root/ws_moveit/build/pick_ik/pick_ik_parameters/include//pick_ik_parameters.hpp /root/ws_moveit/src/pick_ik/src/pick_ik_parameters.yaml `[0m
[8.385s] [  1%] [32mBuilding CXX object _deps/catch2-build/src/CMakeFiles/Catch2.dir/catch2/benchmark/catch_chronometer.cpp.o[0m
[8.386s] [  2%] [32mBuilding CXX object _deps/catch2-build/src/CMakeFiles/Catch2.dir/catch2/benchmark/detail/catch_benchmark_function.cpp.o[0m
[8.386s] [  3%] [32mBuilding CXX object _deps/catch2-build/src/CMakeFiles/Catch2.dir/catch2/benchmark/detail/catch_run_for_at_least.cpp.o[0m
[8.391s] [  5%] [32mBuilding CXX object _deps/catch2-build/src/CMakeFiles/Catch2.dir/catch2/generators/catch_generator_exception.cpp.o[0m
[8.391s] [  5%] [32mBuilding CXX object _deps/catch2-build/src/CMakeFiles/Catch2.dir/catch2/generators/catch_generators.cpp.o[0m
[8.392s] [  6%] [32mBuilding CXX object _deps/catch2-build/src/CMakeFiles/Catch2.dir/catch2/reporters/catch_reporter_automake.cpp.o[0m
[8.392s] [  7%] [32mBuilding CXX object _deps/catch2-build/src/CMakeFiles/Catch2.dir/catch2/benchmark/detail/catch_stats.cpp.o[0m
[8.396s] [  7%] [32mBuilding CXX object _deps/catch2-build/src/CMakeFiles/Catch2.dir/catch2/generators/catch_generators_random.cpp.o[0m
[8.401s] [  9%] [32mBuilding CXX object _deps/catch2-build/src/CMakeFiles/Catch2.dir/catch2/reporters/catch_reporter_helpers.cpp.o[0m
[8.403s] [  9%] [32mBuilding CXX object _deps/catch2-build/src/CMakeFiles/Catch2.dir/catch2/reporters/catch_reporter_common_base.cpp.o[0m
[8.404s] [ 11%] [32mBuilding CXX object _deps/catch2-build/src/CMakeFiles/Catch2.dir/catch2/reporters/catch_reporter_console.cpp.o[0m
[8.405s] [ 11%] [32mBuilding CXX object _deps/catch2-build/src/CMakeFiles/Catch2.dir/catch2/reporters/catch_reporter_event_listener.cpp.o[0m
[8.410s] [ 11%] [32mBuilding CXX object _deps/catch2-build/src/CMakeFiles/Catch2.dir/catch2/reporters/catch_reporter_compact.cpp.o[0m
[8.412s] [ 12%] [32mBuilding CXX object _deps/catch2-build/src/CMakeFiles/Catch2.dir/catch2/reporters/catch_reporter_cumulative_base.cpp.o[0m
[8.816s] [ 12%] [32mBuilding CXX object _deps/catch2-build/src/CMakeFiles/Catch2.dir/catch2/reporters/catch_reporter_streaming_base.cpp.o[0m
[8.820s] [ 13%] [32mBuilding CXX object _deps/catch2-build/src/CMakeFiles/Catch2.dir/catch2/reporters/catch_reporter_tap.cpp.o[0m
[8.842s] [ 14%] [32mBuilding CXX object _deps/catch2-build/src/CMakeFiles/Catch2.dir/catch2/reporters/catch_reporter_registrars.cpp.o[0m
[8.845s] [ 15%] [32mBuilding CXX object _deps/catch2-build/src/CMakeFiles/Catch2.dir/catch2/reporters/catch_reporter_sonarqube.cpp.o[0m
[8.845s] [ 16%] [32mBuilding CXX object _deps/catch2-build/src/CMakeFiles/Catch2.dir/catch2/reporters/catch_reporter_multi.cpp.o[0m
[8.851s] [ 17%] [32mBuilding CXX object _deps/catch2-build/src/CMakeFiles/Catch2.dir/catch2/reporters/catch_reporter_junit.cpp.o[0m
[8.853s] [ 18%] [32mBuilding CXX object _deps/catch2-build/src/CMakeFiles/Catch2.dir/catch2/reporters/catch_reporter_teamcity.cpp.o[0m
[8.898s] [ 19%] [32mBuilding CXX object _deps/catch2-build/src/CMakeFiles/Catch2.dir/catch2/reporters/catch_reporter_xml.cpp.o[0m
[8.905s] [ 20%] [32mBuilding CXX object _deps/catch2-build/src/CMakeFiles/Catch2.dir/catch2/interfaces/catch_interfaces_capture.cpp.o[0m
[8.992s] [ 21%] [32mBuilding CXX object _deps/catch2-build/src/CMakeFiles/Catch2.dir/catch2/interfaces/catch_interfaces_config.cpp.o[0m
[9.041s] [ 21%] [32mBuilding CXX object _deps/catch2-build/src/CMakeFiles/Catch2.dir/catch2/interfaces/catch_interfaces_exception.cpp.o[0m
[9.169s] [ 22%] [32mBuilding CXX object _deps/catch2-build/src/CMakeFiles/Catch2.dir/catch2/interfaces/catch_interfaces_generatortracker.cpp.o[0m
[9.253s] [ 23%] [32mBuilding CXX object _deps/catch2-build/src/CMakeFiles/Catch2.dir/catch2/interfaces/catch_interfaces_registry_hub.cpp.o[0m
[9.334s] [ 24%] [32mBuilding CXX object _deps/catch2-build/src/CMakeFiles/Catch2.dir/catch2/interfaces/catch_interfaces_reporter.cpp.o[0m
[9.424s] [ 25%] [32mBuilding CXX object _deps/catch2-build/src/CMakeFiles/Catch2.dir/catch2/interfaces/catch_interfaces_reporter_factory.cpp.o[0m
[9.484s] [ 25%] [32mBuilding CXX object _deps/catch2-build/src/CMakeFiles/Catch2.dir/catch2/interfaces/catch_interfaces_testcase.cpp.o[0m
[9.515s] [ 26%] [32mBuilding CXX object _deps/catch2-build/src/CMakeFiles/Catch2.dir/catch2/interfaces/catch_interfaces_reporter_registry.cpp.o[0m
[9.559s] [ 27%] [32mBuilding CXX object _deps/catch2-build/src/CMakeFiles/Catch2.dir/catch2/catch_approx.cpp.o[0m
[9.592s] [ 28%] [32mBuilding CXX object _deps/catch2-build/src/CMakeFiles/Catch2.dir/catch2/catch_assertion_result.cpp.o[0m
[9.603s] [ 29%] [32mBuilding CXX object _deps/catch2-build/src/CMakeFiles/Catch2.dir/catch2/catch_config.cpp.o[0m
[9.692s] [ 30%] [32mBuilding CXX object _deps/catch2-build/src/CMakeFiles/Catch2.dir/catch2/catch_get_random_seed.cpp.o[0m
[9.706s] [ 31%] [32mBuilding CXX object _deps/catch2-build/src/CMakeFiles/Catch2.dir/catch2/catch_message.cpp.o[0m
[9.738s] [ 31%] [32mBuilding CXX object _deps/catch2-build/src/CMakeFiles/Catch2.dir/catch2/catch_registry_hub.cpp.o[0m
[9.859s] [ 32%] [32mBuilding CXX object _deps/catch2-build/src/CMakeFiles/Catch2.dir/catch2/catch_tag_alias_autoregistrar.cpp.o[0m
[9.863s] [ 33%] [32mBuilding CXX object _deps/catch2-build/src/CMakeFiles/Catch2.dir/catch2/catch_session.cpp.o[0m
[9.919s] [ 33%] Built target pick_ik_parameters
[9.996s] [ 34%] [32mBuilding CXX object _deps/catch2-build/src/CMakeFiles/Catch2.dir/catch2/catch_test_case_info.cpp.o[0m
[9.998s] [ 35%] [32mBuilding CXX object CMakeFiles/pick_ik_plugin.dir/src/fk_moveit.cpp.o[0m
[10.003s] [ 36%] [32mBuilding CXX object _deps/catch2-build/src/CMakeFiles/Catch2.dir/catch2/catch_test_spec.cpp.o[0m
[10.022s] [ 37%] [32mBuilding CXX object _deps/catch2-build/src/CMakeFiles/Catch2.dir/catch2/catch_timer.cpp.o[0m
[10.048s] [ 37%] [32mBuilding CXX object CMakeFiles/pick_ik_plugin.dir/src/forward_kinematics.cpp.o[0m
[10.055s] [ 37%] [32mBuilding CXX object _deps/catch2-build/src/CMakeFiles/Catch2.dir/catch2/catch_tostring.cpp.o[0m
[10.134s] [ 38%] [32mBuilding CXX object CMakeFiles/pick_ik_plugin.dir/src/pick_ik_plugin.cpp.o[0m
[10.141s] [ 39%] [32mBuilding CXX object CMakeFiles/pick_ik_plugin.dir/src/goal.cpp.o[0m
[10.166s] [ 40%] [32mBuilding CXX object _deps/catch2-build/src/CMakeFiles/Catch2.dir/catch2/catch_totals.cpp.o[0m
[10.190s] [ 41%] [32mBuilding CXX object _deps/catch2-build/src/CMakeFiles/Catch2.dir/catch2/catch_version.cpp.o[0m
[10.218s] [ 42%] [32mBuilding CXX object _deps/catch2-build/src/CMakeFiles/Catch2.dir/catch2/internal/catch_assertion_handler.cpp.o[0m
[10.290s] [ 43%] [32mBuilding CXX object CMakeFiles/pick_ik_plugin.dir/src/ik_gradient.cpp.o[0m
[10.291s] [ 44%] [32mBuilding CXX object CMakeFiles/pick_ik_plugin.dir/src/robot.cpp.o[0m
[10.294s] [ 45%] [32mBuilding CXX object CMakeFiles/pick_ik_plugin.dir/src/ik_memetic.cpp.o[0m
[10.309s] [ 46%] [32mBuilding CXX object _deps/catch2-build/src/CMakeFiles/Catch2.dir/catch2/internal/catch_case_insensitive_comparisons.cpp.o[0m
[10.357s] [ 47%] [32mBuilding CXX object _deps/catch2-build/src/CMakeFiles/Catch2.dir/catch2/internal/catch_clara.cpp.o[0m
[10.388s] [ 47%] [32mBuilding CXX object _deps/catch2-build/src/CMakeFiles/Catch2.dir/catch2/internal/catch_commandline.cpp.o[0m
[10.544s] [ 48%] [32mBuilding CXX object _deps/catch2-build/src/CMakeFiles/Catch2.dir/catch2/internal/catch_console_colour.cpp.o[0m
[10.599s] [ 49%] [32mBuilding CXX object _deps/catch2-build/src/CMakeFiles/Catch2.dir/catch2/internal/catch_context.cpp.o[0m
[10.702s] [ 50%] [32mBuilding CXX object _deps/catch2-build/src/CMakeFiles/Catch2.dir/catch2/internal/catch_debug_console.cpp.o[0m
[10.762s] [ 51%] [32mBuilding CXX object _deps/catch2-build/src/CMakeFiles/Catch2.dir/catch2/internal/catch_debugger.cpp.o[0m
[10.796s] [ 52%] [32mBuilding CXX object _deps/catch2-build/src/CMakeFiles/Catch2.dir/catch2/internal/catch_decomposer.cpp.o[0m
[10.849s] [ 52%] [32mBuilding CXX object _deps/catch2-build/src/CMakeFiles/Catch2.dir/catch2/internal/catch_enforce.cpp.o[0m
[10.982s] [ 53%] [32mBuilding CXX object _deps/catch2-build/src/CMakeFiles/Catch2.dir/catch2/internal/catch_enum_values_registry.cpp.o[0m
[11.062s] [ 54%] [32mBuilding CXX object _deps/catch2-build/src/CMakeFiles/Catch2.dir/catch2/internal/catch_errno_guard.cpp.o[0m
[11.073s] [ 55%] [32mBuilding CXX object _deps/catch2-build/src/CMakeFiles/Catch2.dir/catch2/internal/catch_exception_translator_registry.cpp.o[0m
[11.111s] [ 56%] [32mBuilding CXX object _deps/catch2-build/src/CMakeFiles/Catch2.dir/catch2/internal/catch_fatal_condition_handler.cpp.o[0m
[11.127s] [ 57%] [32mBuilding CXX object _deps/catch2-build/src/CMakeFiles/Catch2.dir/catch2/internal/catch_floating_point_helpers.cpp.o[0m
[11.144s] [ 57%] [32mBuilding CXX object _deps/catch2-build/src/CMakeFiles/Catch2.dir/catch2/internal/catch_getenv.cpp.o[0m
[11.209s] [ 58%] [32mBuilding CXX object _deps/catch2-build/src/CMakeFiles/Catch2.dir/catch2/internal/catch_istream.cpp.o[0m
[11.259s] [ 59%] [32mBuilding CXX object _deps/catch2-build/src/CMakeFiles/Catch2.dir/catch2/internal/catch_lazy_expr.cpp.o[0m
[11.317s] [ 60%] [32mBuilding CXX object _deps/catch2-build/src/CMakeFiles/Catch2.dir/catch2/internal/catch_leak_detector.cpp.o[0m
[11.355s] [ 61%] [32mBuilding CXX object _deps/catch2-build/src/CMakeFiles/Catch2.dir/catch2/internal/catch_list.cpp.o[0m
[11.369s] [ 62%] [32mBuilding CXX object _deps/catch2-build/src/CMakeFiles/Catch2.dir/catch2/internal/catch_message_info.cpp.o[0m
[11.627s] [ 62%] [32mBuilding CXX object _deps/catch2-build/src/CMakeFiles/Catch2.dir/catch2/internal/catch_output_redirect.cpp.o[0m
[11.638s] [ 63%] [32mBuilding CXX object _deps/catch2-build/src/CMakeFiles/Catch2.dir/catch2/internal/catch_parse_numbers.cpp.o[0m
[11.756s] [ 64%] [32mBuilding CXX object _deps/catch2-build/src/CMakeFiles/Catch2.dir/catch2/internal/catch_polyfills.cpp.o[0m
[11.932s] [ 65%] [32mBuilding CXX object _deps/catch2-build/src/CMakeFiles/Catch2.dir/catch2/internal/catch_random_number_generator.cpp.o[0m
[11.955s] [ 66%] [32mBuilding CXX object _deps/catch2-build/src/CMakeFiles/Catch2.dir/catch2/internal/catch_random_seed_generation.cpp.o[0m
[12.026s] [ 67%] [32mBuilding CXX object _deps/catch2-build/src/CMakeFiles/Catch2.dir/catch2/internal/catch_reporter_spec_parser.cpp.o[0m
[12.028s] [ 67%] [32mBuilding CXX object _deps/catch2-build/src/CMakeFiles/Catch2.dir/catch2/internal/catch_reporter_registry.cpp.o[0m
[12.065s] [ 68%] [32mBuilding CXX object _deps/catch2-build/src/CMakeFiles/Catch2.dir/catch2/internal/catch_result_type.cpp.o[0m
[12.092s] [ 69%] [32mBuilding CXX object _deps/catch2-build/src/CMakeFiles/Catch2.dir/catch2/internal/catch_reusable_string_stream.cpp.o[0m
[12.156s] [ 70%] [32mBuilding CXX object _deps/catch2-build/src/CMakeFiles/Catch2.dir/catch2/internal/catch_run_context.cpp.o[0m
[12.188s] [ 71%] [32mBuilding CXX object _deps/catch2-build/src/CMakeFiles/Catch2.dir/catch2/internal/catch_section.cpp.o[0m
[12.214s] [ 72%] [32mBuilding CXX object _deps/catch2-build/src/CMakeFiles/Catch2.dir/catch2/internal/catch_singletons.cpp.o[0m
[12.224s] [ 72%] [32mBuilding CXX object _deps/catch2-build/src/CMakeFiles/Catch2.dir/catch2/internal/catch_source_line_info.cpp.o[0m
[12.236s] [ 73%] [32mBuilding CXX object _deps/catch2-build/src/CMakeFiles/Catch2.dir/catch2/internal/catch_startup_exception_registry.cpp.o[0m
[12.515s] [ 74%] [32mBuilding CXX object _deps/catch2-build/src/CMakeFiles/Catch2.dir/catch2/internal/catch_stdstreams.cpp.o[0m
[12.532s] [ 75%] [32mBuilding CXX object _deps/catch2-build/src/CMakeFiles/Catch2.dir/catch2/internal/catch_string_manip.cpp.o[0m
[12.558s] [ 76%] [32mBuilding CXX object _deps/catch2-build/src/CMakeFiles/Catch2.dir/catch2/internal/catch_stringref.cpp.o[0m
[12.610s] [ 77%] [32mBuilding CXX object _deps/catch2-build/src/CMakeFiles/Catch2.dir/catch2/internal/catch_tag_alias_registry.cpp.o[0m
[12.694s] [ 77%] [32mBuilding CXX object _deps/catch2-build/src/CMakeFiles/Catch2.dir/catch2/internal/catch_test_case_info_hasher.cpp.o[0m
[12.745s] [ 78%] [32mBuilding CXX object _deps/catch2-build/src/CMakeFiles/Catch2.dir/catch2/internal/catch_test_case_registry_impl.cpp.o[0m
[12.855s] [ 79%] [32mBuilding CXX object _deps/catch2-build/src/CMakeFiles/Catch2.dir/catch2/internal/catch_test_case_tracker.cpp.o[0m
[13.008s] [ 80%] [32mBuilding CXX object _deps/catch2-build/src/CMakeFiles/Catch2.dir/catch2/internal/catch_test_failure_exception.cpp.o[0m
[13.056s] [ 81%] [32mBuilding CXX object _deps/catch2-build/src/CMakeFiles/Catch2.dir/catch2/internal/catch_test_registry.cpp.o[0m
[13.059s] [ 82%] [32mBuilding CXX object _deps/catch2-build/src/CMakeFiles/Catch2.dir/catch2/internal/catch_test_spec_parser.cpp.o[0m
[13.166s] [ 82%] [32mBuilding CXX object _deps/catch2-build/src/CMakeFiles/Catch2.dir/catch2/internal/catch_textflow.cpp.o[0m
[13.253s] [ 83%] [32mBuilding CXX object _deps/catch2-build/src/CMakeFiles/Catch2.dir/catch2/internal/catch_uncaught_exceptions.cpp.o[0m
[13.282s] [ 84%] [32mBuilding CXX object _deps/catch2-build/src/CMakeFiles/Catch2.dir/catch2/internal/catch_wildcard_pattern.cpp.o[0m
[13.311s] [ 85%] [32mBuilding CXX object _deps/catch2-build/src/CMakeFiles/Catch2.dir/catch2/matchers/catch_matchers.cpp.o[0m
[13.314s] [ 86%] [32mBuilding CXX object _deps/catch2-build/src/CMakeFiles/Catch2.dir/catch2/internal/catch_xmlwriter.cpp.o[0m
[13.374s] [ 87%] [32mBuilding CXX object _deps/catch2-build/src/CMakeFiles/Catch2.dir/catch2/matchers/catch_matchers_container_properties.cpp.o[0m
[13.655s] [ 87%] [32mBuilding CXX object _deps/catch2-build/src/CMakeFiles/Catch2.dir/catch2/matchers/catch_matchers_exception.cpp.o[0m
[13.700s] [ 88%] [32mBuilding CXX object _deps/catch2-build/src/CMakeFiles/Catch2.dir/catch2/matchers/catch_matchers_floating_point.cpp.o[0m
[13.863s] [ 89%] [32mBuilding CXX object _deps/catch2-build/src/CMakeFiles/Catch2.dir/catch2/matchers/catch_matchers_predicate.cpp.o[0m
[13.994s] [ 90%] [32mBuilding CXX object _deps/catch2-build/src/CMakeFiles/Catch2.dir/catch2/matchers/catch_matchers_quantifiers.cpp.o[0m
[14.055s] [ 91%] [32mBuilding CXX object _deps/catch2-build/src/CMakeFiles/Catch2.dir/catch2/matchers/catch_matchers_templated.cpp.o[0m
[14.059s] [ 92%] [32mBuilding CXX object _deps/catch2-build/src/CMakeFiles/Catch2.dir/catch2/matchers/catch_matchers_string.cpp.o[0m
[14.111s] [ 92%] [32mBuilding CXX object _deps/catch2-build/src/CMakeFiles/Catch2.dir/catch2/matchers/internal/catch_matchers_impl.cpp.o[0m
[16.412s] [ 93%] [32m[1mLinking CXX shared library libCatch2.so[0m
[17.080s] [ 93%] Built target Catch2
[17.116s] [ 94%] [32mBuilding CXX object _deps/catch2-build/src/CMakeFiles/Catch2WithMain.dir/catch2/internal/catch_main.cpp.o[0m
[17.640s] [ 95%] [32m[1mLinking CXX shared library libCatch2Main.so[0m
[17.815s] [ 95%] Built target Catch2WithMain
[21.984s] [ 95%] [32m[1mLinking CXX shared library libpick_ik_plugin.so[0m
[22.250s] [ 95%] Built target pick_ik_plugin
[22.268s] [ 96%] [32mBuilding CXX object tests/CMakeFiles/test-pick_ik.dir/goal_tests.cpp.o[0m
[22.269s] [ 98%] [32mBuilding CXX object tests/CMakeFiles/test-pick_ik.dir/ik_tests.cpp.o[0m
[22.269s] [ 98%] [32mBuilding CXX object tests/CMakeFiles/test-pick_ik.dir/ik_memetic_tests.cpp.o[0m
[22.270s] [ 99%] [32mBuilding CXX object tests/CMakeFiles/test-pick_ik.dir/robot_tests.cpp.o[0m
[28.460s] [100%] [32m[1mLinking CXX executable test-pick_ik[0m
[28.856s] [100%] Built target test-pick_ik
[28.865s] Invoked command in '/root/ws_moveit/build/pick_ik' returned '0': CMAKE_PREFIX_PATH=/root/ws_moveit/install/moveit_core:/root/ws_moveit/install/moveit_resources_panda_moveit_config:/root/ws_moveit/install/moveit_resources_pr2_description:/root/ws_moveit/install/moveit_resources_panda_description:/root/ws_moveit/install/moveit_msgs:/root/ws_moveit/install/moveit_common:/root/ws_moveit/install/robotiq_hardware_tests:/root/ws_moveit/install/serial:/root/ws_moveit/install/moveit2_tutorials:/root/ws_moveit/install/moveit_visual_tools:/root/ws_moveit/install/rviz_visual_tools:/root/ws_moveit/install/moveit_task_constructor_visualization:/root/ws_moveit/install/moveit_task_constructor_demo:/root/ws_moveit/install/moveit_task_constructor_capabilities:/root/ws_moveit/install/moveit_task_constructor_core:/root/ws_moveit/install/rviz_marker_tools:/root/ws_moveit/install/kortex_bringup:/root/ws_moveit/install/kinova_gen3_7dof_robotiq_2f_85_moveit_config:/root/ws_moveit/install/kinova_gen3_6dof_robotiq_2f_85_moveit_config:/root/ws_moveit/install/kortex_description:/root/ws_moveit/install/robotiq_description:/root/ws_moveit/install/robotiq_controllers:/root/ws_moveit/install/pilz_industrial_motion_planner_testutils:/root/ws_moveit/install/moveit_runtime:/root/ws_moveit/install/moveit:/root/ws_moveit/install/moveit_planners:/root/ws_moveit/install/pilz_industrial_motion_planner:/root/ws_moveit/install/pick_ik:/root/ws_moveit/install/my_robot:/root/ws_moveit/install/moveit_task_constructor_msgs:/root/ws_moveit/install/moveit_ros_control_interface:/root/ws_moveit/install/moveit_plugins:/root/ws_moveit/install/moveit_simple_controller_manager:/root/ws_moveit/install/moveit_setup_assistant:/root/ws_moveit/install/moveit_setup_srdf_plugins:/root/ws_moveit/install/moveit_setup_core_plugins:/root/ws_moveit/install/moveit_setup_controllers:/root/ws_moveit/install/moveit_setup_app_plugins:/root/ws_moveit/install/moveit_setup_framework:/root/ws_moveit/install/moveit_servo:/root/ws_moveit/install/moveit_ros:/root/ws_moveit/install/moveit_ros_visualization:/root/ws_moveit/install/moveit_py:/root/ws_moveit/install/moveit_hybrid_planning:/root/ws_moveit/install/moveit_ros_planning_interface:/root/ws_moveit/install/moveit_ros_benchmarks:/root/ws_moveit/install/moveit_ros_warehouse:/root/ws_moveit/install/moveit_ros_robot_interaction:/root/ws_moveit/install/moveit_ros_perception:/root/ws_moveit/install/moveit_resources_prbt_pg70_support:/root/ws_moveit/install/moveit_resources_prbt_moveit_config:/root/ws_moveit/install/moveit_ros_move_group:/root/ws_moveit/install/moveit_planners_ompl:/root/ws_moveit/install/moveit_kinematics:/root/ws_moveit/install/moveit_ros_planning:/root/ws_moveit/install/moveit_ros_occupancy_map_monitor:/root/ws_moveit/install/moveit_resources_prbt_support:/root/ws_moveit/install/moveit_resources_prbt_ikfast_manipulator_plugin:/root/ws_moveit/install/moveit_resources:/root/ws_moveit/install/dual_arm_panda_moveit_config:/root/ws_moveit/install/moveit_resources_fanuc_moveit_config:/root/ws_moveit/install/moveit_resources_fanuc_description:/root/ws_moveit/install/moveit_planners_stomp:/root/ws_moveit/install/moveit_planners_chomp:/root/ws_moveit/install/chomp_motion_planner:/root/ws_moveit/install/kortex_driver:/root/ws_moveit/install/kortex_api:/root/ws_moveit/install/robotiq_driver:/root/ws_moveit/install/moveit_configs_utils:/opt/ros/humble LD_LIBRARY_PATH=/root/ws_moveit/install/moveit_core/lib:/root/ws_moveit/install/moveit_msgs/lib:/root/ws_moveit/install/robotiq_driver/lib:/root/ws_moveit/install/serial/lib:/root/ws_moveit/install/moveit_visual_tools/lib:/root/ws_moveit/install/rviz_visual_tools/lib:/root/ws_moveit/install/moveit_task_constructor_visualization/lib:/root/ws_moveit/install/moveit_task_constructor_demo/lib:/root/ws_moveit/install/moveit_task_constructor_capabilities/lib:/root/ws_moveit/install/moveit_task_constructor_core/lib:/root/ws_moveit/install/rviz_marker_tools/lib:/root/ws_moveit/install/robotiq_controllers/lib:/root/ws_moveit/install/pilz_industrial_motion_planner_testutils/lib:/root/ws_moveit/install/pilz_industrial_motion_planner/lib:/root/ws_moveit/install/pick_ik/lib:/root/ws_moveit/install/moveit_task_constructor_msgs/lib:/root/ws_moveit/install/moveit_ros_control_interface/lib:/root/ws_moveit/install/moveit_simple_controller_manager/lib:/root/ws_moveit/install/moveit_setup_assistant/lib:/root/ws_moveit/install/moveit_setup_srdf_plugins/lib:/root/ws_moveit/install/moveit_setup_core_plugins/lib:/root/ws_moveit/install/moveit_setup_controllers/lib:/root/ws_moveit/install/moveit_setup_app_plugins/lib:/root/ws_moveit/install/moveit_setup_framework/lib:/root/ws_moveit/install/moveit_servo/lib:/root/ws_moveit/install/moveit_ros_visualization/lib:/root/ws_moveit/install/moveit_py/lib:/root/ws_moveit/install/moveit_hybrid_planning/lib:/root/ws_moveit/install/moveit_ros_planning_interface/lib:/root/ws_moveit/install/moveit_ros_benchmarks/lib:/root/ws_moveit/install/moveit_ros_warehouse/lib:/root/ws_moveit/install/moveit_ros_robot_interaction/lib:/root/ws_moveit/install/moveit_ros_perception/lib:/root/ws_moveit/install/moveit_ros_move_group/lib:/root/ws_moveit/install/moveit_planners_ompl/lib:/root/ws_moveit/install/moveit_kinematics/lib:/root/ws_moveit/install/moveit_ros_planning/lib:/root/ws_moveit/install/moveit_ros_occupancy_map_monitor/lib:/root/ws_moveit/install/moveit_resources_prbt_ikfast_manipulator_plugin/lib:/root/ws_moveit/install/moveit_planners_stomp/lib:/root/ws_moveit/install/moveit_planners_chomp/lib:/root/ws_moveit/install/chomp_motion_planner/lib:/root/ws_moveit/install/kortex_driver/lib:/opt/ros/humble/opt/rviz_ogre_vendor/lib:/opt/ros/humble/lib/x86_64-linux-gnu:/opt/ros/humble/lib /usr/bin/cmake --build /root/ws_moveit/build/pick_ik -- -j20 -l20
[28.916s] Invoking command in '/root/ws_moveit/build/pick_ik': CMAKE_PREFIX_PATH=/root/ws_moveit/install/moveit_core:/root/ws_moveit/install/moveit_resources_panda_moveit_config:/root/ws_moveit/install/moveit_resources_pr2_description:/root/ws_moveit/install/moveit_resources_panda_description:/root/ws_moveit/install/moveit_msgs:/root/ws_moveit/install/moveit_common:/root/ws_moveit/install/robotiq_hardware_tests:/root/ws_moveit/install/serial:/root/ws_moveit/install/moveit2_tutorials:/root/ws_moveit/install/moveit_visual_tools:/root/ws_moveit/install/rviz_visual_tools:/root/ws_moveit/install/moveit_task_constructor_visualization:/root/ws_moveit/install/moveit_task_constructor_demo:/root/ws_moveit/install/moveit_task_constructor_capabilities:/root/ws_moveit/install/moveit_task_constructor_core:/root/ws_moveit/install/rviz_marker_tools:/root/ws_moveit/install/kortex_bringup:/root/ws_moveit/install/kinova_gen3_7dof_robotiq_2f_85_moveit_config:/root/ws_moveit/install/kinova_gen3_6dof_robotiq_2f_85_moveit_config:/root/ws_moveit/install/kortex_description:/root/ws_moveit/install/robotiq_description:/root/ws_moveit/install/robotiq_controllers:/root/ws_moveit/install/pilz_industrial_motion_planner_testutils:/root/ws_moveit/install/moveit_runtime:/root/ws_moveit/install/moveit:/root/ws_moveit/install/moveit_planners:/root/ws_moveit/install/pilz_industrial_motion_planner:/root/ws_moveit/install/pick_ik:/root/ws_moveit/install/my_robot:/root/ws_moveit/install/moveit_task_constructor_msgs:/root/ws_moveit/install/moveit_ros_control_interface:/root/ws_moveit/install/moveit_plugins:/root/ws_moveit/install/moveit_simple_controller_manager:/root/ws_moveit/install/moveit_setup_assistant:/root/ws_moveit/install/moveit_setup_srdf_plugins:/root/ws_moveit/install/moveit_setup_core_plugins:/root/ws_moveit/install/moveit_setup_controllers:/root/ws_moveit/install/moveit_setup_app_plugins:/root/ws_moveit/install/moveit_setup_framework:/root/ws_moveit/install/moveit_servo:/root/ws_moveit/install/moveit_ros:/root/ws_moveit/install/moveit_ros_visualization:/root/ws_moveit/install/moveit_py:/root/ws_moveit/install/moveit_hybrid_planning:/root/ws_moveit/install/moveit_ros_planning_interface:/root/ws_moveit/install/moveit_ros_benchmarks:/root/ws_moveit/install/moveit_ros_warehouse:/root/ws_moveit/install/moveit_ros_robot_interaction:/root/ws_moveit/install/moveit_ros_perception:/root/ws_moveit/install/moveit_resources_prbt_pg70_support:/root/ws_moveit/install/moveit_resources_prbt_moveit_config:/root/ws_moveit/install/moveit_ros_move_group:/root/ws_moveit/install/moveit_planners_ompl:/root/ws_moveit/install/moveit_kinematics:/root/ws_moveit/install/moveit_ros_planning:/root/ws_moveit/install/moveit_ros_occupancy_map_monitor:/root/ws_moveit/install/moveit_resources_prbt_support:/root/ws_moveit/install/moveit_resources_prbt_ikfast_manipulator_plugin:/root/ws_moveit/install/moveit_resources:/root/ws_moveit/install/dual_arm_panda_moveit_config:/root/ws_moveit/install/moveit_resources_fanuc_moveit_config:/root/ws_moveit/install/moveit_resources_fanuc_description:/root/ws_moveit/install/moveit_planners_stomp:/root/ws_moveit/install/moveit_planners_chomp:/root/ws_moveit/install/chomp_motion_planner:/root/ws_moveit/install/kortex_driver:/root/ws_moveit/install/kortex_api:/root/ws_moveit/install/robotiq_driver:/root/ws_moveit/install/moveit_configs_utils:/opt/ros/humble LD_LIBRARY_PATH=/root/ws_moveit/install/moveit_core/lib:/root/ws_moveit/install/moveit_msgs/lib:/root/ws_moveit/install/robotiq_driver/lib:/root/ws_moveit/install/serial/lib:/root/ws_moveit/install/moveit_visual_tools/lib:/root/ws_moveit/install/rviz_visual_tools/lib:/root/ws_moveit/install/moveit_task_constructor_visualization/lib:/root/ws_moveit/install/moveit_task_constructor_demo/lib:/root/ws_moveit/install/moveit_task_constructor_capabilities/lib:/root/ws_moveit/install/moveit_task_constructor_core/lib:/root/ws_moveit/install/rviz_marker_tools/lib:/root/ws_moveit/install/robotiq_controllers/lib:/root/ws_moveit/install/pilz_industrial_motion_planner_testutils/lib:/root/ws_moveit/install/pilz_industrial_motion_planner/lib:/root/ws_moveit/install/pick_ik/lib:/root/ws_moveit/install/moveit_task_constructor_msgs/lib:/root/ws_moveit/install/moveit_ros_control_interface/lib:/root/ws_moveit/install/moveit_simple_controller_manager/lib:/root/ws_moveit/install/moveit_setup_assistant/lib:/root/ws_moveit/install/moveit_setup_srdf_plugins/lib:/root/ws_moveit/install/moveit_setup_core_plugins/lib:/root/ws_moveit/install/moveit_setup_controllers/lib:/root/ws_moveit/install/moveit_setup_app_plugins/lib:/root/ws_moveit/install/moveit_setup_framework/lib:/root/ws_moveit/install/moveit_servo/lib:/root/ws_moveit/install/moveit_ros_visualization/lib:/root/ws_moveit/install/moveit_py/lib:/root/ws_moveit/install/moveit_hybrid_planning/lib:/root/ws_moveit/install/moveit_ros_planning_interface/lib:/root/ws_moveit/install/moveit_ros_benchmarks/lib:/root/ws_moveit/install/moveit_ros_warehouse/lib:/root/ws_moveit/install/moveit_ros_robot_interaction/lib:/root/ws_moveit/install/moveit_ros_perception/lib:/root/ws_moveit/install/moveit_ros_move_group/lib:/root/ws_moveit/install/moveit_planners_ompl/lib:/root/ws_moveit/install/moveit_kinematics/lib:/root/ws_moveit/install/moveit_ros_planning/lib:/root/ws_moveit/install/moveit_ros_occupancy_map_monitor/lib:/root/ws_moveit/install/moveit_resources_prbt_ikfast_manipulator_plugin/lib:/root/ws_moveit/install/moveit_planners_stomp/lib:/root/ws_moveit/install/moveit_planners_chomp/lib:/root/ws_moveit/install/chomp_motion_planner/lib:/root/ws_moveit/install/kortex_driver/lib:/opt/ros/humble/opt/rviz_ogre_vendor/lib:/opt/ros/humble/lib/x86_64-linux-gnu:/opt/ros/humble/lib /usr/bin/cmake --install /root/ws_moveit/build/pick_ik
[28.922s] -- Install configuration: ""
[28.922s] -- Installing: /root/ws_moveit/install/pick_ik/include/pick_ik_parameters
[28.922s] -- Installing: /root/ws_moveit/install/pick_ik/include/pick_ik_parameters/pick_ik_parameters.hpp
[28.922s] -- Installing: /root/ws_moveit/install/pick_ik/share/pick_ik/pick_ik_kinematics_description.xml
[28.922s] -- Installing: /root/ws_moveit/install/pick_ik/include/pick_ik
[28.922s] -- Installing: /root/ws_moveit/install/pick_ik/include/pick_ik/pick_ik
[28.922s] -- Installing: /root/ws_moveit/install/pick_ik/include/pick_ik/pick_ik/goal.hpp
[28.922s] -- Installing: /root/ws_moveit/install/pick_ik/include/pick_ik/pick_ik/fk_moveit.hpp
[28.922s] -- Installing: /root/ws_moveit/install/pick_ik/include/pick_ik/pick_ik/ik_memetic.hpp
[28.922s] -- Installing: /root/ws_moveit/install/pick_ik/include/pick_ik/pick_ik/forward_kinematics.hpp
[28.922s] -- Installing: /root/ws_moveit/install/pick_ik/include/pick_ik/pick_ik/robot.hpp
[28.922s] -- Installing: /root/ws_moveit/install/pick_ik/include/pick_ik/pick_ik/ik_gradient.hpp
[28.922s] -- Installing: /root/ws_moveit/install/pick_ik/lib/libpick_ik_plugin.so
[28.924s] -- Set runtime path of "/root/ws_moveit/install/pick_ik/lib/libpick_ik_plugin.so" to ""
[28.924s] -- Installing: /root/ws_moveit/install/pick_ik/share/pick_ik/environment/library_path.sh
[28.924s] -- Installing: /root/ws_moveit/install/pick_ik/share/pick_ik/environment/library_path.dsv
[28.924s] -- Installing: /root/ws_moveit/install/pick_ik/share/ament_index/resource_index/package_run_dependencies/pick_ik
[28.924s] -- Installing: /root/ws_moveit/install/pick_ik/share/ament_index/resource_index/parent_prefix_path/pick_ik
[28.924s] -- Installing: /root/ws_moveit/install/pick_ik/share/pick_ik/environment/ament_prefix_path.sh
[28.924s] -- Installing: /root/ws_moveit/install/pick_ik/share/pick_ik/environment/ament_prefix_path.dsv
[28.924s] -- Installing: /root/ws_moveit/install/pick_ik/share/pick_ik/environment/path.sh
[28.924s] -- Installing: /root/ws_moveit/install/pick_ik/share/pick_ik/environment/path.dsv
[28.924s] -- Installing: /root/ws_moveit/install/pick_ik/share/pick_ik/local_setup.bash
[28.924s] -- Installing: /root/ws_moveit/install/pick_ik/share/pick_ik/local_setup.sh
[28.925s] -- Installing: /root/ws_moveit/install/pick_ik/share/pick_ik/local_setup.zsh
[28.925s] -- Installing: /root/ws_moveit/install/pick_ik/share/pick_ik/local_setup.dsv
[28.925s] -- Installing: /root/ws_moveit/install/pick_ik/share/pick_ik/package.dsv
[28.925s] -- Installing: /root/ws_moveit/install/pick_ik/share/ament_index/resource_index/packages/pick_ik
[28.925s] -- Installing: /root/ws_moveit/install/pick_ik/share/ament_index/resource_index/moveit_core__pluginlib__plugin/pick_ik
[28.925s] -- Installing: /root/ws_moveit/install/pick_ik/share/pick_ik/cmake/export_pick_ikExport.cmake
[28.925s] -- Installing: /root/ws_moveit/install/pick_ik/share/pick_ik/cmake/export_pick_ikExport-noconfig.cmake
[28.925s] -- Installing: /root/ws_moveit/install/pick_ik/share/pick_ik/cmake/ament_cmake_export_targets-extras.cmake
[28.925s] -- Installing: /root/ws_moveit/install/pick_ik/share/pick_ik/cmake/ament_cmake_export_dependencies-extras.cmake
[28.925s] -- Installing: /root/ws_moveit/install/pick_ik/share/pick_ik/cmake/pick_ikConfig.cmake
[28.925s] -- Installing: /root/ws_moveit/install/pick_ik/share/pick_ik/cmake/pick_ikConfig-version.cmake
[28.926s] -- Installing: /root/ws_moveit/install/pick_ik/share/pick_ik/package.xml
[28.927s] Invoked command in '/root/ws_moveit/build/pick_ik' returned '0': CMAKE_PREFIX_PATH=/root/ws_moveit/install/moveit_core:/root/ws_moveit/install/moveit_resources_panda_moveit_config:/root/ws_moveit/install/moveit_resources_pr2_description:/root/ws_moveit/install/moveit_resources_panda_description:/root/ws_moveit/install/moveit_msgs:/root/ws_moveit/install/moveit_common:/root/ws_moveit/install/robotiq_hardware_tests:/root/ws_moveit/install/serial:/root/ws_moveit/install/moveit2_tutorials:/root/ws_moveit/install/moveit_visual_tools:/root/ws_moveit/install/rviz_visual_tools:/root/ws_moveit/install/moveit_task_constructor_visualization:/root/ws_moveit/install/moveit_task_constructor_demo:/root/ws_moveit/install/moveit_task_constructor_capabilities:/root/ws_moveit/install/moveit_task_constructor_core:/root/ws_moveit/install/rviz_marker_tools:/root/ws_moveit/install/kortex_bringup:/root/ws_moveit/install/kinova_gen3_7dof_robotiq_2f_85_moveit_config:/root/ws_moveit/install/kinova_gen3_6dof_robotiq_2f_85_moveit_config:/root/ws_moveit/install/kortex_description:/root/ws_moveit/install/robotiq_description:/root/ws_moveit/install/robotiq_controllers:/root/ws_moveit/install/pilz_industrial_motion_planner_testutils:/root/ws_moveit/install/moveit_runtime:/root/ws_moveit/install/moveit:/root/ws_moveit/install/moveit_planners:/root/ws_moveit/install/pilz_industrial_motion_planner:/root/ws_moveit/install/pick_ik:/root/ws_moveit/install/my_robot:/root/ws_moveit/install/moveit_task_constructor_msgs:/root/ws_moveit/install/moveit_ros_control_interface:/root/ws_moveit/install/moveit_plugins:/root/ws_moveit/install/moveit_simple_controller_manager:/root/ws_moveit/install/moveit_setup_assistant:/root/ws_moveit/install/moveit_setup_srdf_plugins:/root/ws_moveit/install/moveit_setup_core_plugins:/root/ws_moveit/install/moveit_setup_controllers:/root/ws_moveit/install/moveit_setup_app_plugins:/root/ws_moveit/install/moveit_setup_framework:/root/ws_moveit/install/moveit_servo:/root/ws_moveit/install/moveit_ros:/root/ws_moveit/install/moveit_ros_visualization:/root/ws_moveit/install/moveit_py:/root/ws_moveit/install/moveit_hybrid_planning:/root/ws_moveit/install/moveit_ros_planning_interface:/root/ws_moveit/install/moveit_ros_benchmarks:/root/ws_moveit/install/moveit_ros_warehouse:/root/ws_moveit/install/moveit_ros_robot_interaction:/root/ws_moveit/install/moveit_ros_perception:/root/ws_moveit/install/moveit_resources_prbt_pg70_support:/root/ws_moveit/install/moveit_resources_prbt_moveit_config:/root/ws_moveit/install/moveit_ros_move_group:/root/ws_moveit/install/moveit_planners_ompl:/root/ws_moveit/install/moveit_kinematics:/root/ws_moveit/install/moveit_ros_planning:/root/ws_moveit/install/moveit_ros_occupancy_map_monitor:/root/ws_moveit/install/moveit_resources_prbt_support:/root/ws_moveit/install/moveit_resources_prbt_ikfast_manipulator_plugin:/root/ws_moveit/install/moveit_resources:/root/ws_moveit/install/dual_arm_panda_moveit_config:/root/ws_moveit/install/moveit_resources_fanuc_moveit_config:/root/ws_moveit/install/moveit_resources_fanuc_description:/root/ws_moveit/install/moveit_planners_stomp:/root/ws_moveit/install/moveit_planners_chomp:/root/ws_moveit/install/chomp_motion_planner:/root/ws_moveit/install/kortex_driver:/root/ws_moveit/install/kortex_api:/root/ws_moveit/install/robotiq_driver:/root/ws_moveit/install/moveit_configs_utils:/opt/ros/humble LD_LIBRARY_PATH=/root/ws_moveit/install/moveit_core/lib:/root/ws_moveit/install/moveit_msgs/lib:/root/ws_moveit/install/robotiq_driver/lib:/root/ws_moveit/install/serial/lib:/root/ws_moveit/install/moveit_visual_tools/lib:/root/ws_moveit/install/rviz_visual_tools/lib:/root/ws_moveit/install/moveit_task_constructor_visualization/lib:/root/ws_moveit/install/moveit_task_constructor_demo/lib:/root/ws_moveit/install/moveit_task_constructor_capabilities/lib:/root/ws_moveit/install/moveit_task_constructor_core/lib:/root/ws_moveit/install/rviz_marker_tools/lib:/root/ws_moveit/install/robotiq_controllers/lib:/root/ws_moveit/install/pilz_industrial_motion_planner_testutils/lib:/root/ws_moveit/install/pilz_industrial_motion_planner/lib:/root/ws_moveit/install/pick_ik/lib:/root/ws_moveit/install/moveit_task_constructor_msgs/lib:/root/ws_moveit/install/moveit_ros_control_interface/lib:/root/ws_moveit/install/moveit_simple_controller_manager/lib:/root/ws_moveit/install/moveit_setup_assistant/lib:/root/ws_moveit/install/moveit_setup_srdf_plugins/lib:/root/ws_moveit/install/moveit_setup_core_plugins/lib:/root/ws_moveit/install/moveit_setup_controllers/lib:/root/ws_moveit/install/moveit_setup_app_plugins/lib:/root/ws_moveit/install/moveit_setup_framework/lib:/root/ws_moveit/install/moveit_servo/lib:/root/ws_moveit/install/moveit_ros_visualization/lib:/root/ws_moveit/install/moveit_py/lib:/root/ws_moveit/install/moveit_hybrid_planning/lib:/root/ws_moveit/install/moveit_ros_planning_interface/lib:/root/ws_moveit/install/moveit_ros_benchmarks/lib:/root/ws_moveit/install/moveit_ros_warehouse/lib:/root/ws_moveit/install/moveit_ros_robot_interaction/lib:/root/ws_moveit/install/moveit_ros_perception/lib:/root/ws_moveit/install/moveit_ros_move_group/lib:/root/ws_moveit/install/moveit_planners_ompl/lib:/root/ws_moveit/install/moveit_kinematics/lib:/root/ws_moveit/install/moveit_ros_planning/lib:/root/ws_moveit/install/moveit_ros_occupancy_map_monitor/lib:/root/ws_moveit/install/moveit_resources_prbt_ikfast_manipulator_plugin/lib:/root/ws_moveit/install/moveit_planners_stomp/lib:/root/ws_moveit/install/moveit_planners_chomp/lib:/root/ws_moveit/install/chomp_motion_planner/lib:/root/ws_moveit/install/kortex_driver/lib:/opt/ros/humble/opt/rviz_ogre_vendor/lib:/opt/ros/humble/lib/x86_64-linux-gnu:/opt/ros/humble/lib /usr/bin/cmake --install /root/ws_moveit/build/pick_ik
