[0.630s] Invoking command in '/root/ws_moveit/src/moveit2/moveit_configs_utils': PYTHONPATH=/root/ws_moveit/build/moveit_configs_utils/prefix_override:/usr/lib/python3/dist-packages/colcon_core/task/python/colcon_distutils_commands:/root/ws_moveit/install/moveit_configs_utils/lib/python3.10/site-packages:${PYTHONPATH} /usr/bin/python3 -W ignore:setup.py install is deprecated setup.py egg_info --egg-base ../../../build/moveit_configs_utils build --build-base /root/ws_moveit/build/moveit_configs_utils/build install --record /root/ws_moveit/build/moveit_configs_utils/install.log --single-version-externally-managed install_data
[0.823s] running egg_info
[0.824s] writing ../../../build/moveit_configs_utils/moveit_configs_utils.egg-info/PKG-INFO
[0.824s] writing dependency_links to ../../../build/moveit_configs_utils/moveit_configs_utils.egg-info/dependency_links.txt
[0.824s] writing entry points to ../../../build/moveit_configs_utils/moveit_configs_utils.egg-info/entry_points.txt
[0.824s] writing requirements to ../../../build/moveit_configs_utils/moveit_configs_utils.egg-info/requires.txt
[0.824s] writing top-level names to ../../../build/moveit_configs_utils/moveit_configs_utils.egg-info/top_level.txt
[0.827s] reading manifest file '../../../build/moveit_configs_utils/moveit_configs_utils.egg-info/SOURCES.txt'
[0.827s] writing manifest file '../../../build/moveit_configs_utils/moveit_configs_utils.egg-info/SOURCES.txt'
[0.827s] running build
[0.828s] running build_py
[0.829s] running install
[0.829s] running install_lib
[0.831s] running install_data
[0.832s] running install_egg_info
[0.833s] removing '/root/ws_moveit/install/moveit_configs_utils/lib/python3.10/site-packages/moveit_configs_utils-2.9.0-py3.10.egg-info' (and everything under it)
[0.835s] Copying ../../../build/moveit_configs_utils/moveit_configs_utils.egg-info to /root/ws_moveit/install/moveit_configs_utils/lib/python3.10/site-packages/moveit_configs_utils-2.9.0-py3.10.egg-info
[0.835s] running install_scripts
[0.848s] writing list of installed files to '/root/ws_moveit/build/moveit_configs_utils/install.log'
[0.869s] Invoked command in '/root/ws_moveit/src/moveit2/moveit_configs_utils' returned '0': PYTHONPATH=/root/ws_moveit/build/moveit_configs_utils/prefix_override:/usr/lib/python3/dist-packages/colcon_core/task/python/colcon_distutils_commands:/root/ws_moveit/install/moveit_configs_utils/lib/python3.10/site-packages:${PYTHONPATH} /usr/bin/python3 -W ignore:setup.py install is deprecated setup.py egg_info --egg-base ../../../build/moveit_configs_utils build --build-base /root/ws_moveit/build/moveit_configs_utils/build install --record /root/ws_moveit/build/moveit_configs_utils/install.log --single-version-externally-managed install_data
