[0.168s] Invoking command in '/root/ws_moveit/build/robotiq_controllers': CMAKE_PREFIX_PATH=${CMAKE_PREFIX_PATH}:/root/ws_moveit/install/robotiq_driver:/root/ws_moveit/install/moveit_configs_utils:/opt/ros/humble /usr/bin/cmake /root/ws_moveit/src/ros2_robotiq_gripper/robotiq_controllers -DCMAKE_INSTALL_PREFIX=/root/ws_moveit/install/robotiq_controllers
[0.214s] -- The C compiler identification is GNU 11.4.0
[0.266s] -- The CXX compiler identification is GNU 11.4.0
[0.273s] -- Detecting C compiler ABI info
[0.334s] -- Detecting C compiler ABI info - done
[0.340s] -- Check for working C compiler: /usr/bin/cc - skipped
[0.340s] -- Detecting C compile features
[0.340s] -- Detecting C compile features - done
[0.342s] -- Detecting CXX compiler ABI info
[0.422s] -- Detecting CXX compiler ABI info - done
[0.426s] -- Check for working CXX compiler: /usr/bin/c++ - skipped
[0.427s] -- Detecting CXX compile features
[0.427s] -- Detecting CXX compile features - done
[0.432s] -- Found ament_cmake: 1.3.9 (/opt/ros/humble/share/ament_cmake/cmake)
[0.574s] -- Found Python3: /usr/bin/python3 (found version "3.10.12") found components: Interpreter 
[0.678s] -- Found controller_interface: 2.41.0 (/opt/ros/humble/share/controller_interface/cmake)
[0.753s] -- Found rosidl_generator_c: 3.1.5 (/opt/ros/humble/share/rosidl_generator_c/cmake)
[0.767s] -- Found rosidl_adapter: 3.1.5 (/opt/ros/humble/share/rosidl_adapter/cmake)
[0.781s] -- Found rosidl_generator_cpp: 3.1.5 (/opt/ros/humble/share/rosidl_generator_cpp/cmake)
[0.794s] -- Using all available rosidl_typesupport_c: rosidl_typesupport_fastrtps_c;rosidl_typesupport_introspection_c
[0.830s] -- Using all available rosidl_typesupport_cpp: rosidl_typesupport_fastrtps_cpp;rosidl_typesupport_introspection_cpp
[1.503s] -- Found rmw_implementation_cmake: 6.1.2 (/opt/ros/humble/share/rmw_implementation_cmake/cmake)
[1.508s] -- Found rmw_fastrtps_cpp: 6.2.6 (/opt/ros/humble/share/rmw_fastrtps_cpp/cmake)
[1.543s] -- Found TinyXML2 via Config file: TinyXML2_DIR-NOTFOUND
[1.595s] -- Found OpenSSL: /usr/lib/x86_64-linux-gnu/libcrypto.so (found version "3.0.2")  
[1.597s] -- Found TinyXML2 via Config file: TinyXML2_DIR-NOTFOUND
[1.610s] -- Found FastRTPS: /opt/ros/humble/include  
[1.619s] -- Found TinyXML2 via Config file: TinyXML2_DIR-NOTFOUND
[1.625s] -- Found TinyXML2 via Config file: TinyXML2_DIR-NOTFOUND
[1.634s] -- Using RMW implementation 'rmw_fastrtps_cpp' as default
[1.646s] -- Looking for pthread.h
[1.704s] -- Looking for pthread.h - found
[1.704s] -- Performing Test CMAKE_HAVE_LIBC_PTHREAD
[1.758s] -- Performing Test CMAKE_HAVE_LIBC_PTHREAD - Success
[1.759s] -- Found Threads: TRUE  
[1.937s] -- Found std_srvs: 4.2.4 (/opt/ros/humble/share/std_srvs/cmake)
[2.056s] -- Found ament_lint_auto: 0.12.11 (/opt/ros/humble/share/ament_lint_auto/cmake)
[2.141s] -- Added test 'cppcheck' to perform static code analysis on C / C++ code
[2.142s] -- Configured cppcheck include dirs: /root/ws_moveit/src/ros2_robotiq_gripper/robotiq_controllers/include
[2.142s] -- Configured cppcheck exclude dirs and/or files: 
[2.143s] -- Added test 'lint_cmake' to check CMake code style
[2.148s] -- Configuring done
[2.178s] -- Generating done
[2.180s] -- Build files have been written to: /root/ws_moveit/build/robotiq_controllers
[2.189s] Invoked command in '/root/ws_moveit/build/robotiq_controllers' returned '0': CMAKE_PREFIX_PATH=${CMAKE_PREFIX_PATH}:/root/ws_moveit/install/robotiq_driver:/root/ws_moveit/install/moveit_configs_utils:/opt/ros/humble /usr/bin/cmake /root/ws_moveit/src/ros2_robotiq_gripper/robotiq_controllers -DCMAKE_INSTALL_PREFIX=/root/ws_moveit/install/robotiq_controllers
[2.190s] Invoking command in '/root/ws_moveit/build/robotiq_controllers': CMAKE_PREFIX_PATH=${CMAKE_PREFIX_PATH}:/root/ws_moveit/install/robotiq_driver:/root/ws_moveit/install/moveit_configs_utils:/opt/ros/humble /usr/bin/cmake --build /root/ws_moveit/build/robotiq_controllers -- -j20 -l20
[2.229s] [ 50%] [32mBuilding CXX object CMakeFiles/robotiq_controllers.dir/src/robotiq_activation_controller.cpp.o[0m
[5.555s] [100%] [32m[1mLinking CXX shared library librobotiq_controllers.so[0m
[5.738s] [100%] Built target robotiq_controllers
[5.748s] Invoked command in '/root/ws_moveit/build/robotiq_controllers' returned '0': CMAKE_PREFIX_PATH=${CMAKE_PREFIX_PATH}:/root/ws_moveit/install/robotiq_driver:/root/ws_moveit/install/moveit_configs_utils:/opt/ros/humble /usr/bin/cmake --build /root/ws_moveit/build/robotiq_controllers -- -j20 -l20
[5.789s] Invoking command in '/root/ws_moveit/build/robotiq_controllers': CMAKE_PREFIX_PATH=${CMAKE_PREFIX_PATH}:/root/ws_moveit/install/robotiq_driver:/root/ws_moveit/install/moveit_configs_utils:/opt/ros/humble /usr/bin/cmake --install /root/ws_moveit/build/robotiq_controllers
[5.799s] -- Install configuration: ""
[5.800s] -- Installing: /root/ws_moveit/install/robotiq_controllers/share/robotiq_controllers/controller_plugins.xml
[5.800s] -- Installing: /root/ws_moveit/install/robotiq_controllers/lib/librobotiq_controllers.so
[5.801s] -- Set runtime path of "/root/ws_moveit/install/robotiq_controllers/lib/librobotiq_controllers.so" to ""
[5.801s] -- Installing: /root/ws_moveit/install/robotiq_controllers/include
[5.802s] -- Installing: /root/ws_moveit/install/robotiq_controllers/include/robotiq_controllers
[5.802s] -- Installing: /root/ws_moveit/install/robotiq_controllers/include/robotiq_controllers/robotiq_activation_controller.hpp
[5.802s] -- Installing: /root/ws_moveit/install/robotiq_controllers/share/robotiq_controllers/environment/library_path.sh
[5.802s] -- Installing: /root/ws_moveit/install/robotiq_controllers/share/robotiq_controllers/environment/library_path.dsv
[5.803s] -- Installing: /root/ws_moveit/install/robotiq_controllers/share/ament_index/resource_index/package_run_dependencies/robotiq_controllers
[5.803s] -- Installing: /root/ws_moveit/install/robotiq_controllers/share/ament_index/resource_index/parent_prefix_path/robotiq_controllers
[5.803s] -- Installing: /root/ws_moveit/install/robotiq_controllers/share/robotiq_controllers/environment/ament_prefix_path.sh
[5.803s] -- Installing: /root/ws_moveit/install/robotiq_controllers/share/robotiq_controllers/environment/ament_prefix_path.dsv
[5.803s] -- Installing: /root/ws_moveit/install/robotiq_controllers/share/robotiq_controllers/environment/path.sh
[5.804s] -- Installing: /root/ws_moveit/install/robotiq_controllers/share/robotiq_controllers/environment/path.dsv
[5.804s] -- Installing: /root/ws_moveit/install/robotiq_controllers/share/robotiq_controllers/local_setup.bash
[5.804s] -- Installing: /root/ws_moveit/install/robotiq_controllers/share/robotiq_controllers/local_setup.sh
[5.804s] -- Installing: /root/ws_moveit/install/robotiq_controllers/share/robotiq_controllers/local_setup.zsh
[5.804s] -- Installing: /root/ws_moveit/install/robotiq_controllers/share/robotiq_controllers/local_setup.dsv
[5.804s] -- Installing: /root/ws_moveit/install/robotiq_controllers/share/robotiq_controllers/package.dsv
[5.805s] -- Installing: /root/ws_moveit/install/robotiq_controllers/share/ament_index/resource_index/packages/robotiq_controllers
[5.805s] -- Installing: /root/ws_moveit/install/robotiq_controllers/share/ament_index/resource_index/controller_interface__pluginlib__plugin/robotiq_controllers
[5.805s] -- Installing: /root/ws_moveit/install/robotiq_controllers/share/robotiq_controllers/cmake/export_robotiq_controllersExport.cmake
[5.805s] -- Installing: /root/ws_moveit/install/robotiq_controllers/share/robotiq_controllers/cmake/export_robotiq_controllersExport-noconfig.cmake
[5.806s] -- Installing: /root/ws_moveit/install/robotiq_controllers/share/robotiq_controllers/cmake/ament_cmake_export_include_directories-extras.cmake
[5.806s] -- Installing: /root/ws_moveit/install/robotiq_controllers/share/robotiq_controllers/cmake/ament_cmake_export_libraries-extras.cmake
[5.806s] -- Installing: /root/ws_moveit/install/robotiq_controllers/share/robotiq_controllers/cmake/ament_cmake_export_targets-extras.cmake
[5.806s] -- Installing: /root/ws_moveit/install/robotiq_controllers/share/robotiq_controllers/cmake/ament_cmake_export_dependencies-extras.cmake
[5.806s] -- Installing: /root/ws_moveit/install/robotiq_controllers/share/robotiq_controllers/cmake/robotiq_controllersConfig.cmake
[5.806s] -- Installing: /root/ws_moveit/install/robotiq_controllers/share/robotiq_controllers/cmake/robotiq_controllersConfig-version.cmake
[5.807s] -- Installing: /root/ws_moveit/install/robotiq_controllers/share/robotiq_controllers/package.xml
[5.810s] Invoked command in '/root/ws_moveit/build/robotiq_controllers' returned '0': CMAKE_PREFIX_PATH=${CMAKE_PREFIX_PATH}:/root/ws_moveit/install/robotiq_driver:/root/ws_moveit/install/moveit_configs_utils:/opt/ros/humble /usr/bin/cmake --install /root/ws_moveit/build/robotiq_controllers
