[0.008s] Invoking command in '/root/ws_moveit/build/moveit_config': /usr/bin/cmake /root/ws_moveit/src/moveit_resources/dual_arm_panda/moveit_config -DCMAKE_INSTALL_PREFIX=/root/ws_moveit/install/moveit_config
[0.135s] -- The C compiler identification is GNU 11.4.0
[0.202s] -- The CXX compiler identification is GNU 11.4.0
[0.212s] -- Detecting C compiler ABI info
[0.304s] -- Detecting C compiler ABI info - done
[0.308s] -- Check for working C compiler: /usr/bin/cc - skipped
[0.308s] -- Detecting C compile features
[0.309s] -- Detecting C compile features - done
[0.311s] -- Detecting CXX compiler ABI info
[0.383s] -- Detecting CXX compiler ABI info - done
[0.389s] -- Check for working CXX compiler: /usr/bin/c++ - skipped
[0.389s] -- Detecting CXX compile features
[0.389s] -- Detecting CXX compile features - done
[0.412s] -- Found ament_cmake: 1.3.9 (/opt/ros/humble/share/ament_cmake/cmake)
[0.534s] -- Found Python3: /usr/bin/python3 (found version "3.10.12") found components: Interpreter 
[0.679s] Error parsing '/root/ws_moveit/src/moveit_resources/dual_arm_panda/moveit_config/package.xml':
[0.679s] Traceback (most recent call last):
[0.679s]   File "/opt/ros/humble/share/ament_cmake_core/cmake/core/package_xml_2_cmake.py", line 150, in <module>
[0.679s]     main()
[0.679s]   File "/opt/ros/humble/share/ament_cmake_core/cmake/core/package_xml_2_cmake.py", line 53, in main
[0.679s]     raise e
[0.680s]   File "/opt/ros/humble/share/ament_cmake_core/cmake/core/package_xml_2_cmake.py", line 49, in main
[0.680s]     package = parse_package_string(
[0.680s]   File "/usr/lib/python3/dist-packages/catkin_pkg/package.py", line 788, in parse_package_string
[0.680s]     pkg.validate(warnings=warnings)
[0.680s]   File "/usr/lib/python3/dist-packages/catkin_pkg/package.py", line 330, in validate
[0.680s]     raise InvalidPackage('\n'.join(errors), self.filename)
[0.680s] catkin_pkg.package.InvalidPackage: Error(s) in package '/root/ws_moveit/src/moveit_resources/dual_arm_panda/moveit_config/package.xml':
[0.680s] Invalid email "" for person ""
[0.680s] Maintainers must have an email address
[0.680s] Invalid email "" for person ""
[0.684s] [31mCMake Error at /opt/ros/humble/share/ament_cmake_core/cmake/core/ament_package_xml.cmake:95 (message):
[0.684s]   execute_process(/usr/bin/python3
[0.684s]   /opt/ros/humble/share/ament_cmake_core/cmake/core/package_xml_2_cmake.py
[0.684s]   /root/ws_moveit/src/moveit_resources/dual_arm_panda/moveit_config/package.xml
[0.684s]   /root/ws_moveit/build/moveit_config/ament_cmake_core/package.cmake)
[0.684s]   returned error code 1
[0.684s] Call Stack (most recent call first):
[0.684s]   /opt/ros/humble/share/ament_cmake_core/cmake/core/ament_package_xml.cmake:49 (_ament_package_xml)
[0.684s]   /opt/ros/humble/share/ament_cmake_core/cmake/core/ament_package.cmake:63 (ament_package_xml)
[0.684s]   CMakeLists.txt:6 (ament_package)
[0.684s] 
[0.684s] [0m
[0.684s] -- Configuring incomplete, errors occurred!
[0.684s] See also "/root/ws_moveit/build/moveit_config/CMakeFiles/CMakeOutput.log".
[0.686s] Invoked command in '/root/ws_moveit/build/moveit_config' returned '1': /usr/bin/cmake /root/ws_moveit/src/moveit_resources/dual_arm_panda/moveit_config -DCMAKE_INSTALL_PREFIX=/root/ws_moveit/install/moveit_config
