[0.035s] Invoking command in '/root/ws_moveit/build/moveit_common': CMAKE_PREFIX_PATH=${CMAKE_PREFIX_PATH}:/root/ws_moveit/install/robotiq_driver:/root/ws_moveit/install/moveit_configs_utils:/opt/ros/humble /usr/bin/cmake /root/ws_moveit/src/moveit2/moveit_common -DCMAKE_INSTALL_PREFIX=/root/ws_moveit/install/moveit_common
[0.188s] -- Found ament_cmake: 1.3.9 (/opt/ros/humble/share/ament_cmake/cmake)
[0.188s] -- Found Python3: /usr/bin/python3 (found version "3.10.12") found components: Interpreter 
[0.391s] -- Configuring done
[0.393s] -- Generating done
[0.393s] -- Build files have been written to: /root/ws_moveit/build/moveit_common
[0.396s] Invoked command in '/root/ws_moveit/build/moveit_common' returned '0': CMAKE_PREFIX_PATH=${CMAKE_PREFIX_PATH}:/root/ws_moveit/install/robotiq_driver:/root/ws_moveit/install/moveit_configs_utils:/opt/ros/humble /usr/bin/cmake /root/ws_moveit/src/moveit2/moveit_common -DCMAKE_INSTALL_PREFIX=/root/ws_moveit/install/moveit_common
[0.398s] Invoking command in '/root/ws_moveit/build/moveit_common': CMAKE_PREFIX_PATH=${CMAKE_PREFIX_PATH}:/root/ws_moveit/install/robotiq_driver:/root/ws_moveit/install/moveit_configs_utils:/opt/ros/humble /usr/bin/cmake --build /root/ws_moveit/build/moveit_common -- -j20 -l20
[0.431s] Invoked command in '/root/ws_moveit/build/moveit_common' returned '0': CMAKE_PREFIX_PATH=${CMAKE_PREFIX_PATH}:/root/ws_moveit/install/robotiq_driver:/root/ws_moveit/install/moveit_configs_utils:/opt/ros/humble /usr/bin/cmake --build /root/ws_moveit/build/moveit_common -- -j20 -l20
[0.467s] Invoking command in '/root/ws_moveit/build/moveit_common': CMAKE_PREFIX_PATH=${CMAKE_PREFIX_PATH}:/root/ws_moveit/install/robotiq_driver:/root/ws_moveit/install/moveit_configs_utils:/opt/ros/humble /usr/bin/cmake --install /root/ws_moveit/build/moveit_common
[0.475s] -- Install configuration: ""
[0.475s] -- Installing: /root/ws_moveit/install/moveit_common/share/ament_index/resource_index/package_run_dependencies/moveit_common
[0.475s] -- Installing: /root/ws_moveit/install/moveit_common/share/ament_index/resource_index/parent_prefix_path/moveit_common
[0.475s] -- Installing: /root/ws_moveit/install/moveit_common/share/moveit_common/environment/ament_prefix_path.sh
[0.476s] -- Installing: /root/ws_moveit/install/moveit_common/share/moveit_common/environment/ament_prefix_path.dsv
[0.476s] -- Installing: /root/ws_moveit/install/moveit_common/share/moveit_common/environment/path.sh
[0.476s] -- Installing: /root/ws_moveit/install/moveit_common/share/moveit_common/environment/path.dsv
[0.476s] -- Installing: /root/ws_moveit/install/moveit_common/share/moveit_common/local_setup.bash
[0.476s] -- Installing: /root/ws_moveit/install/moveit_common/share/moveit_common/local_setup.sh
[0.477s] -- Installing: /root/ws_moveit/install/moveit_common/share/moveit_common/local_setup.zsh
[0.477s] -- Installing: /root/ws_moveit/install/moveit_common/share/moveit_common/local_setup.dsv
[0.477s] -- Installing: /root/ws_moveit/install/moveit_common/share/moveit_common/package.dsv
[0.477s] -- Installing: /root/ws_moveit/install/moveit_common/share/ament_index/resource_index/packages/moveit_common
[0.477s] -- Installing: /root/ws_moveit/install/moveit_common/share/moveit_common/cmake/moveit_common-extras.cmake
[0.477s] -- Installing: /root/ws_moveit/install/moveit_common/share/moveit_common/cmake/moveit_commonConfig.cmake
[0.477s] -- Installing: /root/ws_moveit/install/moveit_common/share/moveit_common/cmake/moveit_commonConfig-version.cmake
[0.477s] -- Installing: /root/ws_moveit/install/moveit_common/share/moveit_common/package.xml
[0.478s] -- Up-to-date: /root/ws_moveit/install/moveit_common/share/moveit_common/cmake
[0.478s] -- Installing: /root/ws_moveit/install/moveit_common/share/moveit_common/cmake/moveit_package.cmake
[0.480s] Invoked command in '/root/ws_moveit/build/moveit_common' returned '0': CMAKE_PREFIX_PATH=${CMAKE_PREFIX_PATH}:/root/ws_moveit/install/robotiq_driver:/root/ws_moveit/install/moveit_configs_utils:/opt/ros/humble /usr/bin/cmake --install /root/ws_moveit/build/moveit_common
