[0.023s] Invoking command in '/root/ws_moveit/build/moveit_ros_planning': AMENT_PREFIX_PATH=/root/ws_moveit/install/moveit_configs_utils:/root/ws_moveit/install/robotiq_hardware_tests:/root/ws_moveit/install/robotiq_driver:/root/ws_moveit/install/serial:/root/ws_moveit/install/moveit_visual_tools:/root/ws_moveit/install/rviz_visual_tools:/root/ws_moveit/install/moveit_task_constructor_demo:/root/ws_moveit/install/moveit_task_constructor_capabilities:/root/ws_moveit/install/moveit_task_constructor_core:/root/ws_moveit/install/rviz_marker_tools:/root/ws_moveit/install/kortex_bringup:/root/ws_moveit/install/kortex_description:/root/ws_moveit/install/robotiq_description:/root/ws_moveit/install/robotiq_controllers:/root/ws_moveit/install/pilz_industrial_motion_planner_testutils:/root/ws_moveit/install/moveit_runtime:/root/ws_moveit/install/moveit_planners:/root/ws_moveit/install/pilz_industrial_motion_planner:/root/ws_moveit/install/pick_ik:/root/ws_moveit/install/my_robot:/root/ws_moveit/install/moveit_task_constructor_msgs:/root/ws_moveit/install/moveit_ros_control_interface:/root/ws_moveit/install/moveit_plugins:/root/ws_moveit/install/moveit_simple_controller_manager:/root/ws_moveit/install/moveit_setup_framework:/root/ws_moveit/install/moveit_servo:/root/ws_moveit/install/moveit_ros:/root/ws_moveit/install/moveit_ros_visualization:/root/ws_moveit/install/moveit_py:/root/ws_moveit/install/moveit_hybrid_planning:/root/ws_moveit/install/moveit_ros_planning_interface:/root/ws_moveit/install/moveit_ros_benchmarks:/root/ws_moveit/install/moveit_ros_warehouse:/root/ws_moveit/install/moveit_ros_robot_interaction:/root/ws_moveit/install/moveit_ros_perception:/root/ws_moveit/install/moveit_resources_prbt_pg70_support:/root/ws_moveit/install/moveit_resources_prbt_moveit_config:/root/ws_moveit/install/moveit_ros_move_group:/root/ws_moveit/install/moveit_planners_ompl:/root/ws_moveit/install/moveit_kinematics:/root/ws_moveit/install/moveit_ros_planning:/root/ws_moveit/install/moveit_ros_occupancy_map_monitor:/root/ws_moveit/install/moveit_resources_prbt_support:/root/ws_moveit/install/moveit_resources_prbt_ikfast_manipulator_plugin:/root/ws_moveit/install/moveit_resources:/root/ws_moveit/install/moveit_resources_pr2_description:/root/ws_moveit/install/moveit_resources_panda_moveit_config:/root/ws_moveit/install/dual_arm_panda_moveit_config:/root/ws_moveit/install/moveit_resources_panda_description:/root/ws_moveit/install/moveit_resources_fanuc_moveit_config:/root/ws_moveit/install/moveit_resources_fanuc_description:/root/ws_moveit/install/moveit_planners_stomp:/root/ws_moveit/install/moveit_planners_chomp:/root/ws_moveit/install/chomp_motion_planner:/root/ws_moveit/install/moveit_core:/root/ws_moveit/install/moveit_msgs:/root/ws_moveit/install/moveit_common:/root/ws_moveit/install/kortex_driver:/root/ws_moveit/install/kortex_api:/opt/ros/humble CMAKE_PREFIX_PATH=/root/ws_moveit/install/moveit_ros_occupancy_map_monitor:/root/ws_moveit/install/moveit_core:/root/ws_moveit/install/moveit_resources_panda_moveit_config:/root/ws_moveit/install/moveit_resources_pr2_description:/root/ws_moveit/install/moveit_resources_panda_description:/root/ws_moveit/install/moveit_msgs:/root/ws_moveit/install/moveit_common:/root/ws_moveit/install/robotiq_hardware_tests:/root/ws_moveit/install/robotiq_driver:/root/ws_moveit/install/serial:/root/ws_moveit/install/moveit_visual_tools:/root/ws_moveit/install/rviz_visual_tools:/root/ws_moveit/install/moveit_task_constructor_demo:/root/ws_moveit/install/moveit_task_constructor_capabilities:/root/ws_moveit/install/moveit_task_constructor_core:/root/ws_moveit/install/rviz_marker_tools:/root/ws_moveit/install/kortex_bringup:/root/ws_moveit/install/kortex_description:/root/ws_moveit/install/robotiq_description:/root/ws_moveit/install/robotiq_controllers:/root/ws_moveit/install/pilz_industrial_motion_planner_testutils:/root/ws_moveit/install/moveit_runtime:/root/ws_moveit/install/moveit_planners:/root/ws_moveit/install/pilz_industrial_motion_planner:/root/ws_moveit/install/pick_ik:/root/ws_moveit/install/my_robot:/root/ws_moveit/install/moveit_task_constructor_msgs:/root/ws_moveit/install/moveit_ros_control_interface:/root/ws_moveit/install/moveit_plugins:/root/ws_moveit/install/moveit_simple_controller_manager:/root/ws_moveit/install/moveit_setup_framework:/root/ws_moveit/install/moveit_servo:/root/ws_moveit/install/moveit_ros:/root/ws_moveit/install/moveit_ros_visualization:/root/ws_moveit/install/moveit_py:/root/ws_moveit/install/moveit_hybrid_planning:/root/ws_moveit/install/moveit_ros_planning_interface:/root/ws_moveit/install/moveit_ros_benchmarks:/root/ws_moveit/install/moveit_ros_warehouse:/root/ws_moveit/install/moveit_ros_robot_interaction:/root/ws_moveit/install/moveit_ros_perception:/root/ws_moveit/install/moveit_resources_prbt_pg70_support:/root/ws_moveit/install/moveit_resources_prbt_moveit_config:/root/ws_moveit/install/moveit_ros_move_group:/root/ws_moveit/install/moveit_planners_ompl:/root/ws_moveit/install/moveit_kinematics:/root/ws_moveit/install/moveit_ros_planning:/root/ws_moveit/install/moveit_resources_prbt_support:/root/ws_moveit/install/moveit_resources_prbt_ikfast_manipulator_plugin:/root/ws_moveit/install/moveit_resources:/root/ws_moveit/install/dual_arm_panda_moveit_config:/root/ws_moveit/install/moveit_resources_fanuc_moveit_config:/root/ws_moveit/install/moveit_resources_fanuc_description:/root/ws_moveit/install/moveit_planners_stomp:/root/ws_moveit/install/moveit_planners_chomp:/root/ws_moveit/install/chomp_motion_planner:/root/ws_moveit/install/kortex_driver:/root/ws_moveit/install/kortex_api:/root/ws_moveit/install/moveit_configs_utils:/opt/ros/humble LD_LIBRARY_PATH=/root/ws_moveit/install/moveit_ros_occupancy_map_monitor/lib:/root/ws_moveit/install/moveit_core/lib:/root/ws_moveit/install/moveit_msgs/lib:/root/ws_moveit/install/robotiq_driver/lib:/root/ws_moveit/install/serial/lib:/root/ws_moveit/install/moveit_visual_tools/lib:/root/ws_moveit/install/rviz_visual_tools/lib:/root/ws_moveit/install/moveit_task_constructor_demo/lib:/root/ws_moveit/install/moveit_task_constructor_capabilities/lib:/root/ws_moveit/install/moveit_task_constructor_core/lib:/root/ws_moveit/install/rviz_marker_tools/lib:/root/ws_moveit/install/robotiq_controllers/lib:/root/ws_moveit/install/pilz_industrial_motion_planner_testutils/lib:/root/ws_moveit/install/pilz_industrial_motion_planner/lib:/root/ws_moveit/install/pick_ik/lib:/root/ws_moveit/install/moveit_task_constructor_msgs/lib:/root/ws_moveit/install/moveit_ros_control_interface/lib:/root/ws_moveit/install/moveit_simple_controller_manager/lib:/root/ws_moveit/install/moveit_setup_framework/lib:/root/ws_moveit/install/moveit_servo/lib:/root/ws_moveit/install/moveit_ros_visualization/lib:/root/ws_moveit/install/moveit_py/lib:/root/ws_moveit/install/moveit_hybrid_planning/lib:/root/ws_moveit/install/moveit_ros_planning_interface/lib:/root/ws_moveit/install/moveit_ros_benchmarks/lib:/root/ws_moveit/install/moveit_ros_warehouse/lib:/root/ws_moveit/install/moveit_ros_robot_interaction/lib:/root/ws_moveit/install/moveit_ros_perception/lib:/root/ws_moveit/install/moveit_ros_move_group/lib:/root/ws_moveit/install/moveit_planners_ompl/lib:/root/ws_moveit/install/moveit_kinematics/lib:/root/ws_moveit/install/moveit_ros_planning/lib:/root/ws_moveit/install/moveit_resources_prbt_ikfast_manipulator_plugin/lib:/root/ws_moveit/install/moveit_planners_stomp/lib:/root/ws_moveit/install/moveit_planners_chomp/lib:/root/ws_moveit/install/chomp_motion_planner/lib:/root/ws_moveit/install/kortex_driver/lib:/opt/ros/humble/opt/rviz_ogre_vendor/lib:/opt/ros/humble/lib/x86_64-linux-gnu:/opt/ros/humble/lib PYTHONPATH=/root/ws_moveit/install/moveit_configs_utils/lib/python3.10/site-packages:/root/ws_moveit/install/moveit_task_constructor_msgs/local/lib/python3.10/dist-packages:/root/ws_moveit/install/moveit_py/local/lib/python3.10/dist-packages:/root/ws_moveit/install/moveit_msgs/local/lib/python3.10/dist-packages:/opt/ros/humble/lib/python3.10/site-packages:/opt/ros/humble/local/lib/python3.10/dist-packages /usr/bin/cmake --build /root/ws_moveit/build/moveit_ros_planning -- -j20 -l20
[0.095s] [  2%] Built target gmock_main
[0.097s] [  3%] Built target default_request_adapter_parameters
[0.097s] [  4%] Built target default_response_adapter_parameters
[0.098s] [  7%] Built target gtest_main
[0.103s] [  9%] Built target gtest
[0.104s] [ 12%] Built target srdf_publisher_node
[0.106s] [ 14%] Built target moveit_collision_plugin_loader
[0.108s] [ 18%] Built target moveit_rdf_loader
[0.110s] [ 20%] Built target srdf_publisher
[0.110s] [ 21%] Built target kinematics_parameters
[0.111s] [ 25%] Built target gmock
[0.112s] [ 26%] Built target planning_pipeline_parameters
[0.114s] [ 28%] Built target moveit_pipeline_test_plugins
[0.129s] [ 36%] Built target moveit_default_planning_request_adapter_plugins
[0.131s] [ 42%] Built target moveit_default_planning_response_adapter_plugins
[0.137s] [ 44%] Built target moveit_kinematics_plugin_loader
[0.137s] [ 46%] Built target moveit_planning_pipeline
[0.138s] [ 49%] Built target moveit_constraint_sampler_manager_loader
[0.164s] [ 51%] Built target moveit_robot_model_loader
[0.166s] [ 54%] Built target moveit_planning_pipeline_test
[0.166s] [ 60%] Built target moveit_planning_pipeline_interfaces
[0.187s] [ 62%] Built target moveit_print_planning_model_info
[0.199s] [ 69%] Built target moveit_planning_scene_monitor
[0.233s] [ 72%] Built target current_state_monitor_tests
[0.233s] [ 74%] Built target moveit_print_planning_scene_info
[0.238s] [ 77%] Built target moveit_publish_scene_from_text
[0.240s] [ 79%] Built target moveit_visualize_robot_collision_volume
[0.242s] [ 84%] Built target trajectory_monitor_tests
[0.242s] [ 84%] Built target demo_scene
[0.242s] [ 86%] Built target moveit_display_random_state
[0.243s] [ 89%] Built target moveit_trajectory_execution_manager
[0.245s] [ 91%] Built target planning_scene_monitor_test
[0.251s] [ 93%] Built target moveit_evaluate_collision_checking_speed
[0.273s] [ 96%] Built target moveit_plan_execution
[0.275s] [100%] Built target moveit_cpp
[0.284s] Invoked command in '/root/ws_moveit/build/moveit_ros_planning' returned '0': AMENT_PREFIX_PATH=/root/ws_moveit/install/moveit_configs_utils:/root/ws_moveit/install/robotiq_hardware_tests:/root/ws_moveit/install/robotiq_driver:/root/ws_moveit/install/serial:/root/ws_moveit/install/moveit_visual_tools:/root/ws_moveit/install/rviz_visual_tools:/root/ws_moveit/install/moveit_task_constructor_demo:/root/ws_moveit/install/moveit_task_constructor_capabilities:/root/ws_moveit/install/moveit_task_constructor_core:/root/ws_moveit/install/rviz_marker_tools:/root/ws_moveit/install/kortex_bringup:/root/ws_moveit/install/kortex_description:/root/ws_moveit/install/robotiq_description:/root/ws_moveit/install/robotiq_controllers:/root/ws_moveit/install/pilz_industrial_motion_planner_testutils:/root/ws_moveit/install/moveit_runtime:/root/ws_moveit/install/moveit_planners:/root/ws_moveit/install/pilz_industrial_motion_planner:/root/ws_moveit/install/pick_ik:/root/ws_moveit/install/my_robot:/root/ws_moveit/install/moveit_task_constructor_msgs:/root/ws_moveit/install/moveit_ros_control_interface:/root/ws_moveit/install/moveit_plugins:/root/ws_moveit/install/moveit_simple_controller_manager:/root/ws_moveit/install/moveit_setup_framework:/root/ws_moveit/install/moveit_servo:/root/ws_moveit/install/moveit_ros:/root/ws_moveit/install/moveit_ros_visualization:/root/ws_moveit/install/moveit_py:/root/ws_moveit/install/moveit_hybrid_planning:/root/ws_moveit/install/moveit_ros_planning_interface:/root/ws_moveit/install/moveit_ros_benchmarks:/root/ws_moveit/install/moveit_ros_warehouse:/root/ws_moveit/install/moveit_ros_robot_interaction:/root/ws_moveit/install/moveit_ros_perception:/root/ws_moveit/install/moveit_resources_prbt_pg70_support:/root/ws_moveit/install/moveit_resources_prbt_moveit_config:/root/ws_moveit/install/moveit_ros_move_group:/root/ws_moveit/install/moveit_planners_ompl:/root/ws_moveit/install/moveit_kinematics:/root/ws_moveit/install/moveit_ros_planning:/root/ws_moveit/install/moveit_ros_occupancy_map_monitor:/root/ws_moveit/install/moveit_resources_prbt_support:/root/ws_moveit/install/moveit_resources_prbt_ikfast_manipulator_plugin:/root/ws_moveit/install/moveit_resources:/root/ws_moveit/install/moveit_resources_pr2_description:/root/ws_moveit/install/moveit_resources_panda_moveit_config:/root/ws_moveit/install/dual_arm_panda_moveit_config:/root/ws_moveit/install/moveit_resources_panda_description:/root/ws_moveit/install/moveit_resources_fanuc_moveit_config:/root/ws_moveit/install/moveit_resources_fanuc_description:/root/ws_moveit/install/moveit_planners_stomp:/root/ws_moveit/install/moveit_planners_chomp:/root/ws_moveit/install/chomp_motion_planner:/root/ws_moveit/install/moveit_core:/root/ws_moveit/install/moveit_msgs:/root/ws_moveit/install/moveit_common:/root/ws_moveit/install/kortex_driver:/root/ws_moveit/install/kortex_api:/opt/ros/humble CMAKE_PREFIX_PATH=/root/ws_moveit/install/moveit_ros_occupancy_map_monitor:/root/ws_moveit/install/moveit_core:/root/ws_moveit/install/moveit_resources_panda_moveit_config:/root/ws_moveit/install/moveit_resources_pr2_description:/root/ws_moveit/install/moveit_resources_panda_description:/root/ws_moveit/install/moveit_msgs:/root/ws_moveit/install/moveit_common:/root/ws_moveit/install/robotiq_hardware_tests:/root/ws_moveit/install/robotiq_driver:/root/ws_moveit/install/serial:/root/ws_moveit/install/moveit_visual_tools:/root/ws_moveit/install/rviz_visual_tools:/root/ws_moveit/install/moveit_task_constructor_demo:/root/ws_moveit/install/moveit_task_constructor_capabilities:/root/ws_moveit/install/moveit_task_constructor_core:/root/ws_moveit/install/rviz_marker_tools:/root/ws_moveit/install/kortex_bringup:/root/ws_moveit/install/kortex_description:/root/ws_moveit/install/robotiq_description:/root/ws_moveit/install/robotiq_controllers:/root/ws_moveit/install/pilz_industrial_motion_planner_testutils:/root/ws_moveit/install/moveit_runtime:/root/ws_moveit/install/moveit_planners:/root/ws_moveit/install/pilz_industrial_motion_planner:/root/ws_moveit/install/pick_ik:/root/ws_moveit/install/my_robot:/root/ws_moveit/install/moveit_task_constructor_msgs:/root/ws_moveit/install/moveit_ros_control_interface:/root/ws_moveit/install/moveit_plugins:/root/ws_moveit/install/moveit_simple_controller_manager:/root/ws_moveit/install/moveit_setup_framework:/root/ws_moveit/install/moveit_servo:/root/ws_moveit/install/moveit_ros:/root/ws_moveit/install/moveit_ros_visualization:/root/ws_moveit/install/moveit_py:/root/ws_moveit/install/moveit_hybrid_planning:/root/ws_moveit/install/moveit_ros_planning_interface:/root/ws_moveit/install/moveit_ros_benchmarks:/root/ws_moveit/install/moveit_ros_warehouse:/root/ws_moveit/install/moveit_ros_robot_interaction:/root/ws_moveit/install/moveit_ros_perception:/root/ws_moveit/install/moveit_resources_prbt_pg70_support:/root/ws_moveit/install/moveit_resources_prbt_moveit_config:/root/ws_moveit/install/moveit_ros_move_group:/root/ws_moveit/install/moveit_planners_ompl:/root/ws_moveit/install/moveit_kinematics:/root/ws_moveit/install/moveit_ros_planning:/root/ws_moveit/install/moveit_resources_prbt_support:/root/ws_moveit/install/moveit_resources_prbt_ikfast_manipulator_plugin:/root/ws_moveit/install/moveit_resources:/root/ws_moveit/install/dual_arm_panda_moveit_config:/root/ws_moveit/install/moveit_resources_fanuc_moveit_config:/root/ws_moveit/install/moveit_resources_fanuc_description:/root/ws_moveit/install/moveit_planners_stomp:/root/ws_moveit/install/moveit_planners_chomp:/root/ws_moveit/install/chomp_motion_planner:/root/ws_moveit/install/kortex_driver:/root/ws_moveit/install/kortex_api:/root/ws_moveit/install/moveit_configs_utils:/opt/ros/humble LD_LIBRARY_PATH=/root/ws_moveit/install/moveit_ros_occupancy_map_monitor/lib:/root/ws_moveit/install/moveit_core/lib:/root/ws_moveit/install/moveit_msgs/lib:/root/ws_moveit/install/robotiq_driver/lib:/root/ws_moveit/install/serial/lib:/root/ws_moveit/install/moveit_visual_tools/lib:/root/ws_moveit/install/rviz_visual_tools/lib:/root/ws_moveit/install/moveit_task_constructor_demo/lib:/root/ws_moveit/install/moveit_task_constructor_capabilities/lib:/root/ws_moveit/install/moveit_task_constructor_core/lib:/root/ws_moveit/install/rviz_marker_tools/lib:/root/ws_moveit/install/robotiq_controllers/lib:/root/ws_moveit/install/pilz_industrial_motion_planner_testutils/lib:/root/ws_moveit/install/pilz_industrial_motion_planner/lib:/root/ws_moveit/install/pick_ik/lib:/root/ws_moveit/install/moveit_task_constructor_msgs/lib:/root/ws_moveit/install/moveit_ros_control_interface/lib:/root/ws_moveit/install/moveit_simple_controller_manager/lib:/root/ws_moveit/install/moveit_setup_framework/lib:/root/ws_moveit/install/moveit_servo/lib:/root/ws_moveit/install/moveit_ros_visualization/lib:/root/ws_moveit/install/moveit_py/lib:/root/ws_moveit/install/moveit_hybrid_planning/lib:/root/ws_moveit/install/moveit_ros_planning_interface/lib:/root/ws_moveit/install/moveit_ros_benchmarks/lib:/root/ws_moveit/install/moveit_ros_warehouse/lib:/root/ws_moveit/install/moveit_ros_robot_interaction/lib:/root/ws_moveit/install/moveit_ros_perception/lib:/root/ws_moveit/install/moveit_ros_move_group/lib:/root/ws_moveit/install/moveit_planners_ompl/lib:/root/ws_moveit/install/moveit_kinematics/lib:/root/ws_moveit/install/moveit_ros_planning/lib:/root/ws_moveit/install/moveit_resources_prbt_ikfast_manipulator_plugin/lib:/root/ws_moveit/install/moveit_planners_stomp/lib:/root/ws_moveit/install/moveit_planners_chomp/lib:/root/ws_moveit/install/chomp_motion_planner/lib:/root/ws_moveit/install/kortex_driver/lib:/opt/ros/humble/opt/rviz_ogre_vendor/lib:/opt/ros/humble/lib/x86_64-linux-gnu:/opt/ros/humble/lib PYTHONPATH=/root/ws_moveit/install/moveit_configs_utils/lib/python3.10/site-packages:/root/ws_moveit/install/moveit_task_constructor_msgs/local/lib/python3.10/dist-packages:/root/ws_moveit/install/moveit_py/local/lib/python3.10/dist-packages:/root/ws_moveit/install/moveit_msgs/local/lib/python3.10/dist-packages:/opt/ros/humble/lib/python3.10/site-packages:/opt/ros/humble/local/lib/python3.10/dist-packages /usr/bin/cmake --build /root/ws_moveit/build/moveit_ros_planning -- -j20 -l20
[0.346s] Invoking command in '/root/ws_moveit/build/moveit_ros_planning': AMENT_PREFIX_PATH=/root/ws_moveit/install/moveit_configs_utils:/root/ws_moveit/install/robotiq_hardware_tests:/root/ws_moveit/install/robotiq_driver:/root/ws_moveit/install/serial:/root/ws_moveit/install/moveit_visual_tools:/root/ws_moveit/install/rviz_visual_tools:/root/ws_moveit/install/moveit_task_constructor_demo:/root/ws_moveit/install/moveit_task_constructor_capabilities:/root/ws_moveit/install/moveit_task_constructor_core:/root/ws_moveit/install/rviz_marker_tools:/root/ws_moveit/install/kortex_bringup:/root/ws_moveit/install/kortex_description:/root/ws_moveit/install/robotiq_description:/root/ws_moveit/install/robotiq_controllers:/root/ws_moveit/install/pilz_industrial_motion_planner_testutils:/root/ws_moveit/install/moveit_runtime:/root/ws_moveit/install/moveit_planners:/root/ws_moveit/install/pilz_industrial_motion_planner:/root/ws_moveit/install/pick_ik:/root/ws_moveit/install/my_robot:/root/ws_moveit/install/moveit_task_constructor_msgs:/root/ws_moveit/install/moveit_ros_control_interface:/root/ws_moveit/install/moveit_plugins:/root/ws_moveit/install/moveit_simple_controller_manager:/root/ws_moveit/install/moveit_setup_framework:/root/ws_moveit/install/moveit_servo:/root/ws_moveit/install/moveit_ros:/root/ws_moveit/install/moveit_ros_visualization:/root/ws_moveit/install/moveit_py:/root/ws_moveit/install/moveit_hybrid_planning:/root/ws_moveit/install/moveit_ros_planning_interface:/root/ws_moveit/install/moveit_ros_benchmarks:/root/ws_moveit/install/moveit_ros_warehouse:/root/ws_moveit/install/moveit_ros_robot_interaction:/root/ws_moveit/install/moveit_ros_perception:/root/ws_moveit/install/moveit_resources_prbt_pg70_support:/root/ws_moveit/install/moveit_resources_prbt_moveit_config:/root/ws_moveit/install/moveit_ros_move_group:/root/ws_moveit/install/moveit_planners_ompl:/root/ws_moveit/install/moveit_kinematics:/root/ws_moveit/install/moveit_ros_planning:/root/ws_moveit/install/moveit_ros_occupancy_map_monitor:/root/ws_moveit/install/moveit_resources_prbt_support:/root/ws_moveit/install/moveit_resources_prbt_ikfast_manipulator_plugin:/root/ws_moveit/install/moveit_resources:/root/ws_moveit/install/moveit_resources_pr2_description:/root/ws_moveit/install/moveit_resources_panda_moveit_config:/root/ws_moveit/install/dual_arm_panda_moveit_config:/root/ws_moveit/install/moveit_resources_panda_description:/root/ws_moveit/install/moveit_resources_fanuc_moveit_config:/root/ws_moveit/install/moveit_resources_fanuc_description:/root/ws_moveit/install/moveit_planners_stomp:/root/ws_moveit/install/moveit_planners_chomp:/root/ws_moveit/install/chomp_motion_planner:/root/ws_moveit/install/moveit_core:/root/ws_moveit/install/moveit_msgs:/root/ws_moveit/install/moveit_common:/root/ws_moveit/install/kortex_driver:/root/ws_moveit/install/kortex_api:/opt/ros/humble CMAKE_PREFIX_PATH=/root/ws_moveit/install/moveit_ros_occupancy_map_monitor:/root/ws_moveit/install/moveit_core:/root/ws_moveit/install/moveit_resources_panda_moveit_config:/root/ws_moveit/install/moveit_resources_pr2_description:/root/ws_moveit/install/moveit_resources_panda_description:/root/ws_moveit/install/moveit_msgs:/root/ws_moveit/install/moveit_common:/root/ws_moveit/install/robotiq_hardware_tests:/root/ws_moveit/install/robotiq_driver:/root/ws_moveit/install/serial:/root/ws_moveit/install/moveit_visual_tools:/root/ws_moveit/install/rviz_visual_tools:/root/ws_moveit/install/moveit_task_constructor_demo:/root/ws_moveit/install/moveit_task_constructor_capabilities:/root/ws_moveit/install/moveit_task_constructor_core:/root/ws_moveit/install/rviz_marker_tools:/root/ws_moveit/install/kortex_bringup:/root/ws_moveit/install/kortex_description:/root/ws_moveit/install/robotiq_description:/root/ws_moveit/install/robotiq_controllers:/root/ws_moveit/install/pilz_industrial_motion_planner_testutils:/root/ws_moveit/install/moveit_runtime:/root/ws_moveit/install/moveit_planners:/root/ws_moveit/install/pilz_industrial_motion_planner:/root/ws_moveit/install/pick_ik:/root/ws_moveit/install/my_robot:/root/ws_moveit/install/moveit_task_constructor_msgs:/root/ws_moveit/install/moveit_ros_control_interface:/root/ws_moveit/install/moveit_plugins:/root/ws_moveit/install/moveit_simple_controller_manager:/root/ws_moveit/install/moveit_setup_framework:/root/ws_moveit/install/moveit_servo:/root/ws_moveit/install/moveit_ros:/root/ws_moveit/install/moveit_ros_visualization:/root/ws_moveit/install/moveit_py:/root/ws_moveit/install/moveit_hybrid_planning:/root/ws_moveit/install/moveit_ros_planning_interface:/root/ws_moveit/install/moveit_ros_benchmarks:/root/ws_moveit/install/moveit_ros_warehouse:/root/ws_moveit/install/moveit_ros_robot_interaction:/root/ws_moveit/install/moveit_ros_perception:/root/ws_moveit/install/moveit_resources_prbt_pg70_support:/root/ws_moveit/install/moveit_resources_prbt_moveit_config:/root/ws_moveit/install/moveit_ros_move_group:/root/ws_moveit/install/moveit_planners_ompl:/root/ws_moveit/install/moveit_kinematics:/root/ws_moveit/install/moveit_ros_planning:/root/ws_moveit/install/moveit_resources_prbt_support:/root/ws_moveit/install/moveit_resources_prbt_ikfast_manipulator_plugin:/root/ws_moveit/install/moveit_resources:/root/ws_moveit/install/dual_arm_panda_moveit_config:/root/ws_moveit/install/moveit_resources_fanuc_moveit_config:/root/ws_moveit/install/moveit_resources_fanuc_description:/root/ws_moveit/install/moveit_planners_stomp:/root/ws_moveit/install/moveit_planners_chomp:/root/ws_moveit/install/chomp_motion_planner:/root/ws_moveit/install/kortex_driver:/root/ws_moveit/install/kortex_api:/root/ws_moveit/install/moveit_configs_utils:/opt/ros/humble LD_LIBRARY_PATH=/root/ws_moveit/install/moveit_ros_occupancy_map_monitor/lib:/root/ws_moveit/install/moveit_core/lib:/root/ws_moveit/install/moveit_msgs/lib:/root/ws_moveit/install/robotiq_driver/lib:/root/ws_moveit/install/serial/lib:/root/ws_moveit/install/moveit_visual_tools/lib:/root/ws_moveit/install/rviz_visual_tools/lib:/root/ws_moveit/install/moveit_task_constructor_demo/lib:/root/ws_moveit/install/moveit_task_constructor_capabilities/lib:/root/ws_moveit/install/moveit_task_constructor_core/lib:/root/ws_moveit/install/rviz_marker_tools/lib:/root/ws_moveit/install/robotiq_controllers/lib:/root/ws_moveit/install/pilz_industrial_motion_planner_testutils/lib:/root/ws_moveit/install/pilz_industrial_motion_planner/lib:/root/ws_moveit/install/pick_ik/lib:/root/ws_moveit/install/moveit_task_constructor_msgs/lib:/root/ws_moveit/install/moveit_ros_control_interface/lib:/root/ws_moveit/install/moveit_simple_controller_manager/lib:/root/ws_moveit/install/moveit_setup_framework/lib:/root/ws_moveit/install/moveit_servo/lib:/root/ws_moveit/install/moveit_ros_visualization/lib:/root/ws_moveit/install/moveit_py/lib:/root/ws_moveit/install/moveit_hybrid_planning/lib:/root/ws_moveit/install/moveit_ros_planning_interface/lib:/root/ws_moveit/install/moveit_ros_benchmarks/lib:/root/ws_moveit/install/moveit_ros_warehouse/lib:/root/ws_moveit/install/moveit_ros_robot_interaction/lib:/root/ws_moveit/install/moveit_ros_perception/lib:/root/ws_moveit/install/moveit_ros_move_group/lib:/root/ws_moveit/install/moveit_planners_ompl/lib:/root/ws_moveit/install/moveit_kinematics/lib:/root/ws_moveit/install/moveit_ros_planning/lib:/root/ws_moveit/install/moveit_resources_prbt_ikfast_manipulator_plugin/lib:/root/ws_moveit/install/moveit_planners_stomp/lib:/root/ws_moveit/install/moveit_planners_chomp/lib:/root/ws_moveit/install/chomp_motion_planner/lib:/root/ws_moveit/install/kortex_driver/lib:/opt/ros/humble/opt/rviz_ogre_vendor/lib:/opt/ros/humble/lib/x86_64-linux-gnu:/opt/ros/humble/lib PYTHONPATH=/root/ws_moveit/install/moveit_configs_utils/lib/python3.10/site-packages:/root/ws_moveit/install/moveit_task_constructor_msgs/local/lib/python3.10/dist-packages:/root/ws_moveit/install/moveit_py/local/lib/python3.10/dist-packages:/root/ws_moveit/install/moveit_msgs/local/lib/python3.10/dist-packages:/opt/ros/humble/lib/python3.10/site-packages:/opt/ros/humble/local/lib/python3.10/dist-packages /usr/bin/cmake --install /root/ws_moveit/build/moveit_ros_planning
[0.353s] -- Install configuration: "Release"
[0.353s] -- Up-to-date: /root/ws_moveit/install/moveit_ros_planning/include/moveit_ros_planning
[0.353s] -- Up-to-date: /root/ws_moveit/install/moveit_ros_planning/include/moveit_ros_planning/moveit
[0.354s] -- Up-to-date: /root/ws_moveit/install/moveit_ros_planning/include/moveit_ros_planning/moveit/collision_plugin_loader
[0.354s] -- Up-to-date: /root/ws_moveit/install/moveit_ros_planning/include/moveit_ros_planning/moveit/collision_plugin_loader/collision_plugin_loader.h
[0.354s] -- Up-to-date: /root/ws_moveit/install/moveit_ros_planning/include/moveit_ros_planning
[0.354s] -- Up-to-date: /root/ws_moveit/install/moveit_ros_planning/include/moveit_ros_planning/moveit
[0.354s] -- Up-to-date: /root/ws_moveit/install/moveit_ros_planning/include/moveit_ros_planning/moveit/constraint_sampler_manager_loader
[0.354s] -- Up-to-date: /root/ws_moveit/install/moveit_ros_planning/include/moveit_ros_planning/moveit/constraint_sampler_manager_loader/constraint_sampler_manager_loader.h
[0.354s] -- Up-to-date: /root/ws_moveit/install/moveit_ros_planning/include/kinematics_parameters
[0.354s] -- Up-to-date: /root/ws_moveit/install/moveit_ros_planning/include/kinematics_parameters/kinematics_parameters.hpp
[0.354s] -- Up-to-date: /root/ws_moveit/install/moveit_ros_planning/include/moveit_ros_planning
[0.354s] -- Up-to-date: /root/ws_moveit/install/moveit_ros_planning/include/moveit_ros_planning/moveit
[0.354s] -- Up-to-date: /root/ws_moveit/install/moveit_ros_planning/include/moveit_ros_planning/moveit/kinematics_plugin_loader
[0.355s] -- Up-to-date: /root/ws_moveit/install/moveit_ros_planning/include/moveit_ros_planning/moveit/kinematics_plugin_loader/kinematics_plugin_loader.h
[0.355s] -- Up-to-date: /root/ws_moveit/install/moveit_ros_planning/include/moveit_ros_planning
[0.355s] -- Up-to-date: /root/ws_moveit/install/moveit_ros_planning/include/moveit_ros_planning/moveit
[0.355s] -- Up-to-date: /root/ws_moveit/install/moveit_ros_planning/include/moveit_ros_planning/moveit/moveit_cpp
[0.355s] -- Up-to-date: /root/ws_moveit/install/moveit_ros_planning/include/moveit_ros_planning/moveit/moveit_cpp/moveit_cpp.h
[0.355s] -- Up-to-date: /root/ws_moveit/install/moveit_ros_planning/include/moveit_ros_planning/moveit/moveit_cpp/planning_component.h
[0.355s] -- Up-to-date: /root/ws_moveit/install/moveit_ros_planning/include/moveit_ros_planning
[0.355s] -- Up-to-date: /root/ws_moveit/install/moveit_ros_planning/include/moveit_ros_planning/moveit
[0.355s] -- Up-to-date: /root/ws_moveit/install/moveit_ros_planning/include/moveit_ros_planning/moveit/plan_execution
[0.355s] -- Up-to-date: /root/ws_moveit/install/moveit_ros_planning/include/moveit_ros_planning/moveit/plan_execution/plan_execution.h
[0.355s] -- Up-to-date: /root/ws_moveit/install/moveit_ros_planning/include/moveit_ros_planning/moveit/plan_execution/plan_representation.h
[0.356s] -- Up-to-date: /root/ws_moveit/install/moveit_ros_planning/lib/moveit_ros_planning/moveit_print_planning_model_info
[0.356s] -- Up-to-date: /root/ws_moveit/install/moveit_ros_planning/lib/moveit_ros_planning/moveit_print_planning_scene_info
[0.357s] -- Up-to-date: /root/ws_moveit/install/moveit_ros_planning/lib/moveit_ros_planning/moveit_display_random_state
[0.357s] -- Up-to-date: /root/ws_moveit/install/moveit_ros_planning/lib/moveit_ros_planning/moveit_visualize_robot_collision_volume
[0.358s] -- Up-to-date: /root/ws_moveit/install/moveit_ros_planning/lib/moveit_ros_planning/moveit_evaluate_collision_checking_speed
[0.358s] -- Up-to-date: /root/ws_moveit/install/moveit_ros_planning/lib/moveit_ros_planning/moveit_publish_scene_from_text
[0.358s] -- Up-to-date: /root/ws_moveit/install/moveit_ros_planning/include/moveit_ros_planning
[0.358s] -- Up-to-date: /root/ws_moveit/install/moveit_ros_planning/include/moveit_ros_planning/moveit
[0.359s] -- Up-to-date: /root/ws_moveit/install/moveit_ros_planning/include/moveit_ros_planning/moveit/planning_pipeline_interfaces
[0.359s] -- Up-to-date: /root/ws_moveit/install/moveit_ros_planning/include/moveit_ros_planning/moveit/planning_pipeline_interfaces/plan_responses_container.hpp
[0.359s] -- Up-to-date: /root/ws_moveit/install/moveit_ros_planning/include/moveit_ros_planning/moveit/planning_pipeline_interfaces/planning_pipeline_interfaces.hpp
[0.359s] -- Up-to-date: /root/ws_moveit/install/moveit_ros_planning/include/moveit_ros_planning/moveit/planning_pipeline_interfaces/solution_selection_functions.hpp
[0.359s] -- Up-to-date: /root/ws_moveit/install/moveit_ros_planning/include/moveit_ros_planning/moveit/planning_pipeline_interfaces/stopping_criterion_functions.hpp
[0.359s] -- Up-to-date: /root/ws_moveit/install/moveit_ros_planning/include/moveit_ros_planning/moveit_planning_pipeline_interfaces_export.h
[0.359s] -- Up-to-date: /root/ws_moveit/install/moveit_ros_planning/include/planning_pipeline_parameters
[0.359s] -- Up-to-date: /root/ws_moveit/install/moveit_ros_planning/include/planning_pipeline_parameters/planning_pipeline_parameters.hpp
[0.360s] -- Up-to-date: /root/ws_moveit/install/moveit_ros_planning/lib/libmoveit_pipeline_test_plugins.so.2.9.0
[0.360s] -- Up-to-date: /root/ws_moveit/install/moveit_ros_planning/lib/libmoveit_pipeline_test_plugins.so
[0.360s] -- Up-to-date: /root/ws_moveit/install/moveit_ros_planning/include/moveit_ros_planning
[0.360s] -- Up-to-date: /root/ws_moveit/install/moveit_ros_planning/include/moveit_ros_planning/moveit
[0.360s] -- Up-to-date: /root/ws_moveit/install/moveit_ros_planning/include/moveit_ros_planning/moveit/planning_pipeline
[0.360s] -- Up-to-date: /root/ws_moveit/install/moveit_ros_planning/include/moveit_ros_planning/moveit/planning_pipeline/planning_pipeline.h
[0.360s] -- Up-to-date: /root/ws_moveit/install/moveit_ros_planning/include/moveit_ros_planning/moveit_planning_pipeline_export.h
[0.360s] -- Up-to-date: /root/ws_moveit/install/moveit_ros_planning/include/default_request_adapter_parameters
[0.360s] -- Up-to-date: /root/ws_moveit/install/moveit_ros_planning/include/default_request_adapter_parameters/default_request_adapter_parameters.hpp
[0.360s] -- Up-to-date: /root/ws_moveit/install/moveit_ros_planning/include/default_response_adapter_parameters
[0.360s] -- Up-to-date: /root/ws_moveit/install/moveit_ros_planning/include/default_response_adapter_parameters/default_response_adapter_parameters.hpp
[0.361s] -- Up-to-date: /root/ws_moveit/install/moveit_ros_planning/lib/moveit_ros_planning/demo_scene
[0.361s] -- Up-to-date: /root/ws_moveit/install/moveit_ros_planning/include/moveit_ros_planning
[0.361s] -- Up-to-date: /root/ws_moveit/install/moveit_ros_planning/include/moveit_ros_planning/moveit
[0.361s] -- Up-to-date: /root/ws_moveit/install/moveit_ros_planning/include/moveit_ros_planning/moveit/planning_scene_monitor
[0.361s] -- Up-to-date: /root/ws_moveit/install/moveit_ros_planning/include/moveit_ros_planning/moveit/planning_scene_monitor/current_state_monitor_middleware_handle.hpp
[0.361s] -- Up-to-date: /root/ws_moveit/install/moveit_ros_planning/include/moveit_ros_planning/moveit/planning_scene_monitor/trajectory_monitor.h
[0.361s] -- Up-to-date: /root/ws_moveit/install/moveit_ros_planning/include/moveit_ros_planning/moveit/planning_scene_monitor/planning_scene_monitor.h
[0.361s] -- Up-to-date: /root/ws_moveit/install/moveit_ros_planning/include/moveit_ros_planning/moveit/planning_scene_monitor/current_state_monitor.h
[0.361s] -- Up-to-date: /root/ws_moveit/install/moveit_ros_planning/include/moveit_ros_planning/moveit/planning_scene_monitor/trajectory_monitor_middleware_handle.hpp
[0.361s] -- Up-to-date: /root/ws_moveit/install/moveit_ros_planning/include/moveit_ros_planning/moveit_planning_scene_monitor_export.h
[0.361s] -- Up-to-date: /root/ws_moveit/install/moveit_ros_planning/include/moveit_ros_planning
[0.361s] -- Up-to-date: /root/ws_moveit/install/moveit_ros_planning/include/moveit_ros_planning/moveit
[0.361s] -- Up-to-date: /root/ws_moveit/install/moveit_ros_planning/include/moveit_ros_planning/moveit/rdf_loader
[0.362s] -- Up-to-date: /root/ws_moveit/install/moveit_ros_planning/include/moveit_ros_planning/moveit/rdf_loader/synchronized_string_parameter.h
[0.362s] -- Up-to-date: /root/ws_moveit/install/moveit_ros_planning/include/moveit_ros_planning/moveit/rdf_loader/rdf_loader.h
[0.362s] -- Up-to-date: /root/ws_moveit/install/moveit_ros_planning/share/moveit_ros_planning/rdf_loader/test/data
[0.362s] -- Up-to-date: /root/ws_moveit/install/moveit_ros_planning/share/moveit_ros_planning/rdf_loader/test/data/kermit.urdf
[0.362s] -- Up-to-date: /root/ws_moveit/install/moveit_ros_planning/share/moveit_ros_planning/rdf_loader/test/data/gonzo.urdf
[0.362s] -- Up-to-date: /root/ws_moveit/install/moveit_ros_planning/share/moveit_ros_planning/rdf_loader/test/data/robin.srdf.xacro
[0.362s] -- Up-to-date: /root/ws_moveit/install/moveit_ros_planning/share/moveit_ros_planning/rdf_loader/test/data/gonzo.srdf
[0.362s] -- Up-to-date: /root/ws_moveit/install/moveit_ros_planning/share/moveit_ros_planning/rdf_loader/test/data/kermit.srdf
[0.362s] -- Up-to-date: /root/ws_moveit/install/moveit_ros_planning/share/moveit_ros_planning/rdf_loader/test/launch
[0.362s] -- Up-to-date: /root/ws_moveit/install/moveit_ros_planning/share/moveit_ros_planning/rdf_loader/test/launch/test_rdf_integration.test.py
[0.363s] -- Up-to-date: /root/ws_moveit/install/moveit_ros_planning/include/moveit_ros_planning
[0.363s] -- Up-to-date: /root/ws_moveit/install/moveit_ros_planning/include/moveit_ros_planning/moveit
[0.363s] -- Up-to-date: /root/ws_moveit/install/moveit_ros_planning/include/moveit_ros_planning/moveit/robot_model_loader
[0.363s] -- Up-to-date: /root/ws_moveit/install/moveit_ros_planning/include/moveit_ros_planning/moveit/robot_model_loader/robot_model_loader.h
[0.363s] -- Up-to-date: /root/ws_moveit/install/moveit_ros_planning/include/moveit_ros_planning
[0.363s] -- Up-to-date: /root/ws_moveit/install/moveit_ros_planning/include/moveit_ros_planning/moveit
[0.363s] -- Up-to-date: /root/ws_moveit/install/moveit_ros_planning/include/moveit_ros_planning/moveit/trajectory_execution_manager
[0.363s] -- Up-to-date: /root/ws_moveit/install/moveit_ros_planning/include/moveit_ros_planning/moveit/trajectory_execution_manager/trajectory_execution_manager.h
[0.363s] -- Up-to-date: /root/ws_moveit/install/moveit_ros_planning/include/moveit_ros_planning/moveit_trajectory_execution_manager_export.h
[0.364s] -- Up-to-date: /root/ws_moveit/install/moveit_ros_planning/lib/libmoveit_collision_plugin_loader.so.2.9.0
[0.364s] -- Up-to-date: /root/ws_moveit/install/moveit_ros_planning/lib/libmoveit_collision_plugin_loader.so
[0.365s] -- Up-to-date: /root/ws_moveit/install/moveit_ros_planning/lib/libmoveit_constraint_sampler_manager_loader.so.2.9.0
[0.365s] -- Up-to-date: /root/ws_moveit/install/moveit_ros_planning/lib/libmoveit_constraint_sampler_manager_loader.so
[0.365s] -- Up-to-date: /root/ws_moveit/install/moveit_ros_planning/lib/libmoveit_cpp.so.2.9.0
[0.365s] -- Up-to-date: /root/ws_moveit/install/moveit_ros_planning/lib/libmoveit_cpp.so
[0.365s] -- Up-to-date: /root/ws_moveit/install/moveit_ros_planning/lib/libmoveit_default_planning_request_adapter_plugins.so.2.9.0
[0.365s] -- Up-to-date: /root/ws_moveit/install/moveit_ros_planning/lib/libmoveit_default_planning_request_adapter_plugins.so
[0.366s] -- Up-to-date: /root/ws_moveit/install/moveit_ros_planning/lib/libmoveit_default_planning_response_adapter_plugins.so.2.9.0
[0.366s] -- Up-to-date: /root/ws_moveit/install/moveit_ros_planning/lib/libmoveit_default_planning_response_adapter_plugins.so
[0.367s] -- Up-to-date: /root/ws_moveit/install/moveit_ros_planning/lib/libmoveit_kinematics_plugin_loader.so.2.9.0
[0.367s] -- Up-to-date: /root/ws_moveit/install/moveit_ros_planning/lib/libmoveit_kinematics_plugin_loader.so
[0.367s] -- Up-to-date: /root/ws_moveit/install/moveit_ros_planning/lib/libmoveit_plan_execution.so.2.9.0
[0.367s] -- Up-to-date: /root/ws_moveit/install/moveit_ros_planning/lib/libmoveit_plan_execution.so
[0.368s] -- Up-to-date: /root/ws_moveit/install/moveit_ros_planning/lib/libmoveit_planning_pipeline.so.2.9.0
[0.368s] -- Up-to-date: /root/ws_moveit/install/moveit_ros_planning/lib/libmoveit_planning_pipeline.so
[0.369s] -- Up-to-date: /root/ws_moveit/install/moveit_ros_planning/lib/libmoveit_planning_pipeline_interfaces.so.2.9.0
[0.369s] -- Up-to-date: /root/ws_moveit/install/moveit_ros_planning/lib/libmoveit_planning_pipeline_interfaces.so
[0.370s] -- Up-to-date: /root/ws_moveit/install/moveit_ros_planning/lib/libmoveit_planning_scene_monitor.so.2.9.0
[0.370s] -- Up-to-date: /root/ws_moveit/install/moveit_ros_planning/lib/libmoveit_planning_scene_monitor.so
[0.371s] -- Up-to-date: /root/ws_moveit/install/moveit_ros_planning/lib/libmoveit_rdf_loader.so.2.9.0
[0.371s] -- Up-to-date: /root/ws_moveit/install/moveit_ros_planning/lib/libmoveit_rdf_loader.so
[0.371s] -- Up-to-date: /root/ws_moveit/install/moveit_ros_planning/lib/libmoveit_robot_model_loader.so.2.9.0
[0.371s] -- Up-to-date: /root/ws_moveit/install/moveit_ros_planning/lib/libmoveit_robot_model_loader.so
[0.372s] -- Up-to-date: /root/ws_moveit/install/moveit_ros_planning/lib/libmoveit_trajectory_execution_manager.so.2.9.0
[0.372s] -- Up-to-date: /root/ws_moveit/install/moveit_ros_planning/lib/libmoveit_trajectory_execution_manager.so
[0.373s] -- Up-to-date: /root/ws_moveit/install/moveit_ros_planning/lib/libsrdf_publisher_node.so
[0.373s] -- Up-to-date: /root/ws_moveit/install/moveit_ros_planning/share/moveit_ros_planning/environment/library_path.sh
[0.373s] -- Up-to-date: /root/ws_moveit/install/moveit_ros_planning/share/moveit_ros_planning/environment/library_path.dsv
[0.373s] -- Up-to-date: /root/ws_moveit/install/moveit_ros_planning/lib/moveit_ros_planning/srdf_publisher
[0.373s] -- Up-to-date: /root/ws_moveit/install/moveit_ros_planning/share/moveit_ros_planning/default_request_adapters_plugin_description.xml
[0.373s] -- Up-to-date: /root/ws_moveit/install/moveit_ros_planning/share/moveit_ros_planning/default_response_adapters_plugin_description.xml
[0.373s] -- Up-to-date: /root/ws_moveit/install/moveit_ros_planning/share/moveit_ros_planning/planning_pipeline_test_plugins_description.xml
[0.374s] -- Up-to-date: /root/ws_moveit/install/moveit_ros_planning/share/ament_index/resource_index/package_run_dependencies/moveit_ros_planning
[0.374s] -- Up-to-date: /root/ws_moveit/install/moveit_ros_planning/share/ament_index/resource_index/parent_prefix_path/moveit_ros_planning
[0.374s] -- Up-to-date: /root/ws_moveit/install/moveit_ros_planning/share/moveit_ros_planning/environment/ament_prefix_path.sh
[0.374s] -- Up-to-date: /root/ws_moveit/install/moveit_ros_planning/share/moveit_ros_planning/environment/ament_prefix_path.dsv
[0.374s] -- Up-to-date: /root/ws_moveit/install/moveit_ros_planning/share/moveit_ros_planning/environment/path.sh
[0.374s] -- Up-to-date: /root/ws_moveit/install/moveit_ros_planning/share/moveit_ros_planning/environment/path.dsv
[0.374s] -- Up-to-date: /root/ws_moveit/install/moveit_ros_planning/share/moveit_ros_planning/local_setup.bash
[0.374s] -- Up-to-date: /root/ws_moveit/install/moveit_ros_planning/share/moveit_ros_planning/local_setup.sh
[0.374s] -- Up-to-date: /root/ws_moveit/install/moveit_ros_planning/share/moveit_ros_planning/local_setup.zsh
[0.374s] -- Up-to-date: /root/ws_moveit/install/moveit_ros_planning/share/moveit_ros_planning/local_setup.dsv
[0.374s] -- Installing: /root/ws_moveit/install/moveit_ros_planning/share/moveit_ros_planning/package.dsv
[0.374s] -- Up-to-date: /root/ws_moveit/install/moveit_ros_planning/share/ament_index/resource_index/packages/moveit_ros_planning
[0.374s] -- Up-to-date: /root/ws_moveit/install/moveit_ros_planning/share/ament_index/resource_index/moveit_core__pluginlib__plugin/moveit_ros_planning
[0.375s] -- Up-to-date: /root/ws_moveit/install/moveit_ros_planning/share/moveit_ros_planning/cmake/moveit_ros_planningTargetsExport.cmake
[0.375s] -- Up-to-date: /root/ws_moveit/install/moveit_ros_planning/share/moveit_ros_planning/cmake/moveit_ros_planningTargetsExport-release.cmake
[0.375s] -- Up-to-date: /root/ws_moveit/install/moveit_ros_planning/share/ament_index/resource_index/rclcpp_components/moveit_ros_planning
[0.375s] -- Up-to-date: /root/ws_moveit/install/moveit_ros_planning/share/moveit_ros_planning/cmake/ConfigExtras.cmake
[0.375s] -- Up-to-date: /root/ws_moveit/install/moveit_ros_planning/share/moveit_ros_planning/cmake/ament_cmake_export_targets-extras.cmake
[0.375s] -- Up-to-date: /root/ws_moveit/install/moveit_ros_planning/share/moveit_ros_planning/cmake/ament_cmake_export_dependencies-extras.cmake
[0.375s] -- Up-to-date: /root/ws_moveit/install/moveit_ros_planning/share/moveit_ros_planning/cmake/moveit_ros_planningConfig.cmake
[0.375s] -- Up-to-date: /root/ws_moveit/install/moveit_ros_planning/share/moveit_ros_planning/cmake/moveit_ros_planningConfig-version.cmake
[0.375s] -- Up-to-date: /root/ws_moveit/install/moveit_ros_planning/share/moveit_ros_planning/package.xml
[0.376s] Invoked command in '/root/ws_moveit/build/moveit_ros_planning' returned '0': AMENT_PREFIX_PATH=/root/ws_moveit/install/moveit_configs_utils:/root/ws_moveit/install/robotiq_hardware_tests:/root/ws_moveit/install/robotiq_driver:/root/ws_moveit/install/serial:/root/ws_moveit/install/moveit_visual_tools:/root/ws_moveit/install/rviz_visual_tools:/root/ws_moveit/install/moveit_task_constructor_demo:/root/ws_moveit/install/moveit_task_constructor_capabilities:/root/ws_moveit/install/moveit_task_constructor_core:/root/ws_moveit/install/rviz_marker_tools:/root/ws_moveit/install/kortex_bringup:/root/ws_moveit/install/kortex_description:/root/ws_moveit/install/robotiq_description:/root/ws_moveit/install/robotiq_controllers:/root/ws_moveit/install/pilz_industrial_motion_planner_testutils:/root/ws_moveit/install/moveit_runtime:/root/ws_moveit/install/moveit_planners:/root/ws_moveit/install/pilz_industrial_motion_planner:/root/ws_moveit/install/pick_ik:/root/ws_moveit/install/my_robot:/root/ws_moveit/install/moveit_task_constructor_msgs:/root/ws_moveit/install/moveit_ros_control_interface:/root/ws_moveit/install/moveit_plugins:/root/ws_moveit/install/moveit_simple_controller_manager:/root/ws_moveit/install/moveit_setup_framework:/root/ws_moveit/install/moveit_servo:/root/ws_moveit/install/moveit_ros:/root/ws_moveit/install/moveit_ros_visualization:/root/ws_moveit/install/moveit_py:/root/ws_moveit/install/moveit_hybrid_planning:/root/ws_moveit/install/moveit_ros_planning_interface:/root/ws_moveit/install/moveit_ros_benchmarks:/root/ws_moveit/install/moveit_ros_warehouse:/root/ws_moveit/install/moveit_ros_robot_interaction:/root/ws_moveit/install/moveit_ros_perception:/root/ws_moveit/install/moveit_resources_prbt_pg70_support:/root/ws_moveit/install/moveit_resources_prbt_moveit_config:/root/ws_moveit/install/moveit_ros_move_group:/root/ws_moveit/install/moveit_planners_ompl:/root/ws_moveit/install/moveit_kinematics:/root/ws_moveit/install/moveit_ros_planning:/root/ws_moveit/install/moveit_ros_occupancy_map_monitor:/root/ws_moveit/install/moveit_resources_prbt_support:/root/ws_moveit/install/moveit_resources_prbt_ikfast_manipulator_plugin:/root/ws_moveit/install/moveit_resources:/root/ws_moveit/install/moveit_resources_pr2_description:/root/ws_moveit/install/moveit_resources_panda_moveit_config:/root/ws_moveit/install/dual_arm_panda_moveit_config:/root/ws_moveit/install/moveit_resources_panda_description:/root/ws_moveit/install/moveit_resources_fanuc_moveit_config:/root/ws_moveit/install/moveit_resources_fanuc_description:/root/ws_moveit/install/moveit_planners_stomp:/root/ws_moveit/install/moveit_planners_chomp:/root/ws_moveit/install/chomp_motion_planner:/root/ws_moveit/install/moveit_core:/root/ws_moveit/install/moveit_msgs:/root/ws_moveit/install/moveit_common:/root/ws_moveit/install/kortex_driver:/root/ws_moveit/install/kortex_api:/opt/ros/humble CMAKE_PREFIX_PATH=/root/ws_moveit/install/moveit_ros_occupancy_map_monitor:/root/ws_moveit/install/moveit_core:/root/ws_moveit/install/moveit_resources_panda_moveit_config:/root/ws_moveit/install/moveit_resources_pr2_description:/root/ws_moveit/install/moveit_resources_panda_description:/root/ws_moveit/install/moveit_msgs:/root/ws_moveit/install/moveit_common:/root/ws_moveit/install/robotiq_hardware_tests:/root/ws_moveit/install/robotiq_driver:/root/ws_moveit/install/serial:/root/ws_moveit/install/moveit_visual_tools:/root/ws_moveit/install/rviz_visual_tools:/root/ws_moveit/install/moveit_task_constructor_demo:/root/ws_moveit/install/moveit_task_constructor_capabilities:/root/ws_moveit/install/moveit_task_constructor_core:/root/ws_moveit/install/rviz_marker_tools:/root/ws_moveit/install/kortex_bringup:/root/ws_moveit/install/kortex_description:/root/ws_moveit/install/robotiq_description:/root/ws_moveit/install/robotiq_controllers:/root/ws_moveit/install/pilz_industrial_motion_planner_testutils:/root/ws_moveit/install/moveit_runtime:/root/ws_moveit/install/moveit_planners:/root/ws_moveit/install/pilz_industrial_motion_planner:/root/ws_moveit/install/pick_ik:/root/ws_moveit/install/my_robot:/root/ws_moveit/install/moveit_task_constructor_msgs:/root/ws_moveit/install/moveit_ros_control_interface:/root/ws_moveit/install/moveit_plugins:/root/ws_moveit/install/moveit_simple_controller_manager:/root/ws_moveit/install/moveit_setup_framework:/root/ws_moveit/install/moveit_servo:/root/ws_moveit/install/moveit_ros:/root/ws_moveit/install/moveit_ros_visualization:/root/ws_moveit/install/moveit_py:/root/ws_moveit/install/moveit_hybrid_planning:/root/ws_moveit/install/moveit_ros_planning_interface:/root/ws_moveit/install/moveit_ros_benchmarks:/root/ws_moveit/install/moveit_ros_warehouse:/root/ws_moveit/install/moveit_ros_robot_interaction:/root/ws_moveit/install/moveit_ros_perception:/root/ws_moveit/install/moveit_resources_prbt_pg70_support:/root/ws_moveit/install/moveit_resources_prbt_moveit_config:/root/ws_moveit/install/moveit_ros_move_group:/root/ws_moveit/install/moveit_planners_ompl:/root/ws_moveit/install/moveit_kinematics:/root/ws_moveit/install/moveit_ros_planning:/root/ws_moveit/install/moveit_resources_prbt_support:/root/ws_moveit/install/moveit_resources_prbt_ikfast_manipulator_plugin:/root/ws_moveit/install/moveit_resources:/root/ws_moveit/install/dual_arm_panda_moveit_config:/root/ws_moveit/install/moveit_resources_fanuc_moveit_config:/root/ws_moveit/install/moveit_resources_fanuc_description:/root/ws_moveit/install/moveit_planners_stomp:/root/ws_moveit/install/moveit_planners_chomp:/root/ws_moveit/install/chomp_motion_planner:/root/ws_moveit/install/kortex_driver:/root/ws_moveit/install/kortex_api:/root/ws_moveit/install/moveit_configs_utils:/opt/ros/humble LD_LIBRARY_PATH=/root/ws_moveit/install/moveit_ros_occupancy_map_monitor/lib:/root/ws_moveit/install/moveit_core/lib:/root/ws_moveit/install/moveit_msgs/lib:/root/ws_moveit/install/robotiq_driver/lib:/root/ws_moveit/install/serial/lib:/root/ws_moveit/install/moveit_visual_tools/lib:/root/ws_moveit/install/rviz_visual_tools/lib:/root/ws_moveit/install/moveit_task_constructor_demo/lib:/root/ws_moveit/install/moveit_task_constructor_capabilities/lib:/root/ws_moveit/install/moveit_task_constructor_core/lib:/root/ws_moveit/install/rviz_marker_tools/lib:/root/ws_moveit/install/robotiq_controllers/lib:/root/ws_moveit/install/pilz_industrial_motion_planner_testutils/lib:/root/ws_moveit/install/pilz_industrial_motion_planner/lib:/root/ws_moveit/install/pick_ik/lib:/root/ws_moveit/install/moveit_task_constructor_msgs/lib:/root/ws_moveit/install/moveit_ros_control_interface/lib:/root/ws_moveit/install/moveit_simple_controller_manager/lib:/root/ws_moveit/install/moveit_setup_framework/lib:/root/ws_moveit/install/moveit_servo/lib:/root/ws_moveit/install/moveit_ros_visualization/lib:/root/ws_moveit/install/moveit_py/lib:/root/ws_moveit/install/moveit_hybrid_planning/lib:/root/ws_moveit/install/moveit_ros_planning_interface/lib:/root/ws_moveit/install/moveit_ros_benchmarks/lib:/root/ws_moveit/install/moveit_ros_warehouse/lib:/root/ws_moveit/install/moveit_ros_robot_interaction/lib:/root/ws_moveit/install/moveit_ros_perception/lib:/root/ws_moveit/install/moveit_ros_move_group/lib:/root/ws_moveit/install/moveit_planners_ompl/lib:/root/ws_moveit/install/moveit_kinematics/lib:/root/ws_moveit/install/moveit_ros_planning/lib:/root/ws_moveit/install/moveit_resources_prbt_ikfast_manipulator_plugin/lib:/root/ws_moveit/install/moveit_planners_stomp/lib:/root/ws_moveit/install/moveit_planners_chomp/lib:/root/ws_moveit/install/chomp_motion_planner/lib:/root/ws_moveit/install/kortex_driver/lib:/opt/ros/humble/opt/rviz_ogre_vendor/lib:/opt/ros/humble/lib/x86_64-linux-gnu:/opt/ros/humble/lib PYTHONPATH=/root/ws_moveit/install/moveit_configs_utils/lib/python3.10/site-packages:/root/ws_moveit/install/moveit_task_constructor_msgs/local/lib/python3.10/dist-packages:/root/ws_moveit/install/moveit_py/local/lib/python3.10/dist-packages:/root/ws_moveit/install/moveit_msgs/local/lib/python3.10/dist-packages:/opt/ros/humble/lib/python3.10/site-packages:/opt/ros/humble/local/lib/python3.10/dist-packages /usr/bin/cmake --install /root/ws_moveit/build/moveit_ros_planning
