[0.411s] Invoking command in '/root/ws_moveit/src/moveit2/moveit_configs_utils': PYTHONPATH=/root/ws_moveit/build/moveit_configs_utils/prefix_override:/usr/lib/python3/dist-packages/colcon_core/task/python/colcon_distutils_commands:/root/ws_moveit/install/moveit_configs_utils/lib/python3.10/site-packages:${PYTHONPATH} /usr/bin/python3 -W ignore:setup.py install is deprecated setup.py egg_info --egg-base ../../../build/moveit_configs_utils build --build-base /root/ws_moveit/build/moveit_configs_utils/build install --record /root/ws_moveit/build/moveit_configs_utils/install.log --single-version-externally-managed install_data
[0.517s] running egg_info
[0.518s] writing ../../../build/moveit_configs_utils/moveit_configs_utils.egg-info/PKG-INFO
[0.518s] writing dependency_links to ../../../build/moveit_configs_utils/moveit_configs_utils.egg-info/dependency_links.txt
[0.518s] writing entry points to ../../../build/moveit_configs_utils/moveit_configs_utils.egg-info/entry_points.txt
[0.518s] writing requirements to ../../../build/moveit_configs_utils/moveit_configs_utils.egg-info/requires.txt
[0.518s] writing top-level names to ../../../build/moveit_configs_utils/moveit_configs_utils.egg-info/top_level.txt
[0.519s] reading manifest file '../../../build/moveit_configs_utils/moveit_configs_utils.egg-info/SOURCES.txt'
[0.520s] writing manifest file '../../../build/moveit_configs_utils/moveit_configs_utils.egg-info/SOURCES.txt'
[0.520s] running build
[0.520s] running build_py
[0.521s] running install
[0.521s] running install_lib
[0.522s] running install_data
[0.522s] running install_egg_info
[0.523s] removing '/root/ws_moveit/install/moveit_configs_utils/lib/python3.10/site-packages/moveit_configs_utils-2.9.0-py3.10.egg-info' (and everything under it)
[0.524s] Copying ../../../build/moveit_configs_utils/moveit_configs_utils.egg-info to /root/ws_moveit/install/moveit_configs_utils/lib/python3.10/site-packages/moveit_configs_utils-2.9.0-py3.10.egg-info
[0.524s] running install_scripts
[0.535s] writing list of installed files to '/root/ws_moveit/build/moveit_configs_utils/install.log'
[0.547s] Invoked command in '/root/ws_moveit/src/moveit2/moveit_configs_utils' returned '0': PYTHONPATH=/root/ws_moveit/build/moveit_configs_utils/prefix_override:/usr/lib/python3/dist-packages/colcon_core/task/python/colcon_distutils_commands:/root/ws_moveit/install/moveit_configs_utils/lib/python3.10/site-packages:${PYTHONPATH} /usr/bin/python3 -W ignore:setup.py install is deprecated setup.py egg_info --egg-base ../../../build/moveit_configs_utils build --build-base /root/ws_moveit/build/moveit_configs_utils/build install --record /root/ws_moveit/build/moveit_configs_utils/install.log --single-version-externally-managed install_data
