[0.036s] Invoking command in '/root/ws_moveit/build/moveit_ros_planning': AMENT_PREFIX_PATH=/root/ws_moveit/install/moveit_configs_utils:/root/ws_moveit/install/robotiq_hardware_tests:/root/ws_moveit/install/robotiq_driver:/root/ws_moveit/install/serial:/root/ws_moveit/install/moveit_visual_tools:/root/ws_moveit/install/rviz_visual_tools:/root/ws_moveit/install/moveit_task_constructor_demo:/root/ws_moveit/install/moveit_task_constructor_capabilities:/root/ws_moveit/install/moveit_task_constructor_core:/root/ws_moveit/install/rviz_marker_tools:/root/ws_moveit/install/kortex_bringup:/root/ws_moveit/install/kortex_description:/root/ws_moveit/install/robotiq_description:/root/ws_moveit/install/robotiq_controllers:/root/ws_moveit/install/pilz_industrial_motion_planner_testutils:/root/ws_moveit/install/moveit_runtime:/root/ws_moveit/install/moveit_planners:/root/ws_moveit/install/pilz_industrial_motion_planner:/root/ws_moveit/install/pick_ik:/root/ws_moveit/install/my_robot:/root/ws_moveit/install/moveit_task_constructor_msgs:/root/ws_moveit/install/moveit_ros_control_interface:/root/ws_moveit/install/moveit_plugins:/root/ws_moveit/install/moveit_simple_controller_manager:/root/ws_moveit/install/moveit_setup_framework:/root/ws_moveit/install/moveit_servo:/root/ws_moveit/install/moveit_ros:/root/ws_moveit/install/moveit_ros_visualization:/root/ws_moveit/install/moveit_py:/root/ws_moveit/install/moveit_hybrid_planning:/root/ws_moveit/install/moveit_ros_planning_interface:/root/ws_moveit/install/moveit_ros_benchmarks:/root/ws_moveit/install/moveit_ros_warehouse:/root/ws_moveit/install/moveit_ros_robot_interaction:/root/ws_moveit/install/moveit_ros_perception:/root/ws_moveit/install/moveit_resources_prbt_pg70_support:/root/ws_moveit/install/moveit_resources_prbt_moveit_config:/root/ws_moveit/install/moveit_ros_move_group:/root/ws_moveit/install/moveit_planners_ompl:/root/ws_moveit/install/moveit_kinematics:/root/ws_moveit/install/moveit_ros_planning:/root/ws_moveit/install/moveit_ros_occupancy_map_monitor:/root/ws_moveit/install/moveit_resources_prbt_support:/root/ws_moveit/install/moveit_resources_prbt_ikfast_manipulator_plugin:/root/ws_moveit/install/moveit_resources:/root/ws_moveit/install/moveit_resources_pr2_description:/root/ws_moveit/install/moveit_resources_panda_moveit_config:/root/ws_moveit/install/dual_arm_panda_moveit_config:/root/ws_moveit/install/moveit_resources_panda_description:/root/ws_moveit/install/moveit_resources_fanuc_moveit_config:/root/ws_moveit/install/moveit_resources_fanuc_description:/root/ws_moveit/install/moveit_planners_stomp:/root/ws_moveit/install/moveit_planners_chomp:/root/ws_moveit/install/chomp_motion_planner:/root/ws_moveit/install/moveit_core:/root/ws_moveit/install/moveit_msgs:/root/ws_moveit/install/moveit_common:/root/ws_moveit/install/kortex_driver:/root/ws_moveit/install/kortex_api:/opt/ros/humble CMAKE_PREFIX_PATH=/root/ws_moveit/install/moveit_ros_occupancy_map_monitor:/root/ws_moveit/install/moveit_core:/root/ws_moveit/install/moveit_resources_panda_moveit_config:/root/ws_moveit/install/moveit_resources_pr2_description:/root/ws_moveit/install/moveit_resources_panda_description:/root/ws_moveit/install/moveit_msgs:/root/ws_moveit/install/moveit_common:/root/ws_moveit/install/robotiq_hardware_tests:/root/ws_moveit/install/robotiq_driver:/root/ws_moveit/install/serial:/root/ws_moveit/install/moveit_visual_tools:/root/ws_moveit/install/rviz_visual_tools:/root/ws_moveit/install/moveit_task_constructor_demo:/root/ws_moveit/install/moveit_task_constructor_capabilities:/root/ws_moveit/install/moveit_task_constructor_core:/root/ws_moveit/install/rviz_marker_tools:/root/ws_moveit/install/kortex_bringup:/root/ws_moveit/install/kortex_description:/root/ws_moveit/install/robotiq_description:/root/ws_moveit/install/robotiq_controllers:/root/ws_moveit/install/pilz_industrial_motion_planner_testutils:/root/ws_moveit/install/moveit_runtime:/root/ws_moveit/install/moveit_planners:/root/ws_moveit/install/pilz_industrial_motion_planner:/root/ws_moveit/install/pick_ik:/root/ws_moveit/install/my_robot:/root/ws_moveit/install/moveit_task_constructor_msgs:/root/ws_moveit/install/moveit_ros_control_interface:/root/ws_moveit/install/moveit_plugins:/root/ws_moveit/install/moveit_simple_controller_manager:/root/ws_moveit/install/moveit_setup_framework:/root/ws_moveit/install/moveit_servo:/root/ws_moveit/install/moveit_ros:/root/ws_moveit/install/moveit_ros_visualization:/root/ws_moveit/install/moveit_py:/root/ws_moveit/install/moveit_hybrid_planning:/root/ws_moveit/install/moveit_ros_planning_interface:/root/ws_moveit/install/moveit_ros_benchmarks:/root/ws_moveit/install/moveit_ros_warehouse:/root/ws_moveit/install/moveit_ros_robot_interaction:/root/ws_moveit/install/moveit_ros_perception:/root/ws_moveit/install/moveit_resources_prbt_pg70_support:/root/ws_moveit/install/moveit_resources_prbt_moveit_config:/root/ws_moveit/install/moveit_ros_move_group:/root/ws_moveit/install/moveit_planners_ompl:/root/ws_moveit/install/moveit_kinematics:/root/ws_moveit/install/moveit_ros_planning:/root/ws_moveit/install/moveit_resources_prbt_support:/root/ws_moveit/install/moveit_resources_prbt_ikfast_manipulator_plugin:/root/ws_moveit/install/moveit_resources:/root/ws_moveit/install/dual_arm_panda_moveit_config:/root/ws_moveit/install/moveit_resources_fanuc_moveit_config:/root/ws_moveit/install/moveit_resources_fanuc_description:/root/ws_moveit/install/moveit_planners_stomp:/root/ws_moveit/install/moveit_planners_chomp:/root/ws_moveit/install/chomp_motion_planner:/root/ws_moveit/install/kortex_driver:/root/ws_moveit/install/kortex_api:/root/ws_moveit/install/moveit_configs_utils:/opt/ros/humble LD_LIBRARY_PATH=/root/ws_moveit/install/moveit_ros_occupancy_map_monitor/lib:/root/ws_moveit/install/moveit_core/lib:/root/ws_moveit/install/moveit_msgs/lib:/root/ws_moveit/install/robotiq_driver/lib:/root/ws_moveit/install/serial/lib:/root/ws_moveit/install/moveit_visual_tools/lib:/root/ws_moveit/install/rviz_visual_tools/lib:/root/ws_moveit/install/moveit_task_constructor_demo/lib:/root/ws_moveit/install/moveit_task_constructor_capabilities/lib:/root/ws_moveit/install/moveit_task_constructor_core/lib:/root/ws_moveit/install/rviz_marker_tools/lib:/root/ws_moveit/install/robotiq_controllers/lib:/root/ws_moveit/install/pilz_industrial_motion_planner_testutils/lib:/root/ws_moveit/install/pilz_industrial_motion_planner/lib:/root/ws_moveit/install/pick_ik/lib:/root/ws_moveit/install/moveit_task_constructor_msgs/lib:/root/ws_moveit/install/moveit_ros_control_interface/lib:/root/ws_moveit/install/moveit_simple_controller_manager/lib:/root/ws_moveit/install/moveit_setup_framework/lib:/root/ws_moveit/install/moveit_servo/lib:/root/ws_moveit/install/moveit_ros_visualization/lib:/root/ws_moveit/install/moveit_py/lib:/root/ws_moveit/install/moveit_hybrid_planning/lib:/root/ws_moveit/install/moveit_ros_planning_interface/lib:/root/ws_moveit/install/moveit_ros_benchmarks/lib:/root/ws_moveit/install/moveit_ros_warehouse/lib:/root/ws_moveit/install/moveit_ros_robot_interaction/lib:/root/ws_moveit/install/moveit_ros_perception/lib:/root/ws_moveit/install/moveit_ros_move_group/lib:/root/ws_moveit/install/moveit_planners_ompl/lib:/root/ws_moveit/install/moveit_kinematics/lib:/root/ws_moveit/install/moveit_ros_planning/lib:/root/ws_moveit/install/moveit_resources_prbt_ikfast_manipulator_plugin/lib:/root/ws_moveit/install/moveit_planners_stomp/lib:/root/ws_moveit/install/moveit_planners_chomp/lib:/root/ws_moveit/install/chomp_motion_planner/lib:/root/ws_moveit/install/kortex_driver/lib:/opt/ros/humble/opt/rviz_ogre_vendor/lib:/opt/ros/humble/lib/x86_64-linux-gnu:/opt/ros/humble/lib PYTHONPATH=/root/ws_moveit/install/moveit_configs_utils/lib/python3.10/site-packages:/root/ws_moveit/install/moveit_task_constructor_msgs/local/lib/python3.10/dist-packages:/root/ws_moveit/install/moveit_py/local/lib/python3.10/dist-packages:/root/ws_moveit/install/moveit_msgs/local/lib/python3.10/dist-packages:/opt/ros/humble/lib/python3.10/site-packages:/opt/ros/humble/local/lib/python3.10/dist-packages /usr/bin/cmake --build /root/ws_moveit/build/moveit_ros_planning -- -j20 -l20
[0.094s] [35m[1mConsolidate compiler generated dependencies of target gtest_main[0m
[0.096s] [35m[1mConsolidate compiler generated dependencies of target srdf_publisher_node[0m
[0.098s] [35m[1mConsolidate compiler generated dependencies of target gtest[0m
[0.101s] [35m[1mConsolidate compiler generated dependencies of target gmock_main[0m
[0.102s] [35m[1mConsolidate compiler generated dependencies of target moveit_rdf_loader[0m
[0.104s] [35m[1mConsolidate compiler generated dependencies of target moveit_pipeline_test_plugins[0m
[0.105s] [35m[1mConsolidate compiler generated dependencies of target srdf_publisher[0m
[0.107s] [35m[1mConsolidate compiler generated dependencies of target gmock[0m
[0.108s] [  2%] Built target default_request_adapter_parameters
[0.108s] [  2%] Built target planning_pipeline_parameters
[0.113s] [  3%] Built target default_response_adapter_parameters
[0.116s] [35m[1mConsolidate compiler generated dependencies of target moveit_collision_plugin_loader[0m
[0.117s] [  6%] Built target srdf_publisher_node
[0.118s] [  8%] Built target gtest_main
[0.123s] [  9%] Built target kinematics_parameters
[0.123s] [ 12%] Built target gtest
[0.126s] [ 15%] Built target gmock
[0.129s] [35m[1mConsolidate compiler generated dependencies of target moveit_planning_pipeline[0m
[0.129s] [ 18%] Built target moveit_pipeline_test_plugins
[0.129s] [ 21%] Built target moveit_rdf_loader
[0.132s] [ 24%] Built target gmock_main
[0.133s] [35m[1mConsolidate compiler generated dependencies of target moveit_default_planning_response_adapter_plugins[0m
[0.136s] [ 26%] Built target srdf_publisher
[0.138s] [35m[1mConsolidate compiler generated dependencies of target moveit_default_planning_request_adapter_plugins[0m
[0.142s] [35m[1mConsolidate compiler generated dependencies of target moveit_constraint_sampler_manager_loader[0m
[0.142s] [35m[1mConsolidate compiler generated dependencies of target moveit_kinematics_plugin_loader[0m
[0.145s] [ 28%] Built target moveit_collision_plugin_loader
[0.150s] [ 31%] Built target moveit_planning_pipeline
[0.160s] [ 33%] Built target moveit_kinematics_plugin_loader
[0.162s] [ 39%] Built target moveit_default_planning_response_adapter_plugins
[0.163s] [35m[1mConsolidate compiler generated dependencies of target moveit_planning_pipeline_test[0m
[0.167s] [35m[1mConsolidate compiler generated dependencies of target moveit_planning_pipeline_interfaces[0m
[0.170s] [ 42%] Built target moveit_constraint_sampler_manager_loader
[0.170s] [ 49%] Built target moveit_default_planning_request_adapter_plugins
[0.173s] [35m[1mConsolidate compiler generated dependencies of target moveit_robot_model_loader[0m
[0.186s] [ 51%] Built target moveit_planning_pipeline_test
[0.190s] [ 57%] Built target moveit_planning_pipeline_interfaces
[0.190s] [ 60%] Built target moveit_robot_model_loader
[0.202s] [35m[1mConsolidate compiler generated dependencies of target moveit_print_planning_model_info[0m
[0.207s] [35m[1mConsolidate compiler generated dependencies of target moveit_planning_scene_monitor[0m
[0.218s] [ 62%] Built target moveit_print_planning_model_info
[0.237s] [ 69%] Built target moveit_planning_scene_monitor
[0.256s] [35m[1mConsolidate compiler generated dependencies of target moveit_visualize_robot_collision_volume[0m
[0.256s] [35m[1mConsolidate compiler generated dependencies of target moveit_trajectory_execution_manager[0m
[0.256s] [35m[1mConsolidate compiler generated dependencies of target current_state_monitor_tests[0m
[0.256s] [35m[1mConsolidate compiler generated dependencies of target trajectory_monitor_tests[0m
[0.258s] [35m[1mConsolidate compiler generated dependencies of target moveit_display_random_state[0m
[0.258s] [35m[1mConsolidate compiler generated dependencies of target moveit_evaluate_collision_checking_speed[0m
[0.260s] [35m[1mConsolidate compiler generated dependencies of target planning_scene_monitor_test[0m
[0.261s] [35m[1mConsolidate compiler generated dependencies of target moveit_publish_scene_from_text[0m
[0.262s] [35m[1mConsolidate compiler generated dependencies of target moveit_print_planning_scene_info[0m
[0.262s] [35m[1mConsolidate compiler generated dependencies of target demo_scene[0m
[0.278s] [ 72%] Built target current_state_monitor_tests
[0.280s] [ 74%] Built target moveit_display_random_state
[0.283s] [ 77%] Built target trajectory_monitor_tests
[0.285s] [ 81%] Built target moveit_trajectory_execution_manager
[0.286s] [ 81%] Built target planning_scene_monitor_test
[0.286s] [ 84%] Built target moveit_visualize_robot_collision_volume
[0.287s] [ 86%] Built target moveit_print_planning_scene_info
[0.289s] [ 89%] Built target moveit_evaluate_collision_checking_speed
[0.293s] [ 91%] Built target moveit_publish_scene_from_text
[0.294s] [ 93%] Built target demo_scene
[0.297s] [35m[1mConsolidate compiler generated dependencies of target moveit_plan_execution[0m
[0.299s] [35m[1mConsolidate compiler generated dependencies of target moveit_cpp[0m
[0.319s] [ 96%] Built target moveit_plan_execution
[0.322s] [100%] Built target moveit_cpp
[0.331s] Invoked command in '/root/ws_moveit/build/moveit_ros_planning' returned '0': AMENT_PREFIX_PATH=/root/ws_moveit/install/moveit_configs_utils:/root/ws_moveit/install/robotiq_hardware_tests:/root/ws_moveit/install/robotiq_driver:/root/ws_moveit/install/serial:/root/ws_moveit/install/moveit_visual_tools:/root/ws_moveit/install/rviz_visual_tools:/root/ws_moveit/install/moveit_task_constructor_demo:/root/ws_moveit/install/moveit_task_constructor_capabilities:/root/ws_moveit/install/moveit_task_constructor_core:/root/ws_moveit/install/rviz_marker_tools:/root/ws_moveit/install/kortex_bringup:/root/ws_moveit/install/kortex_description:/root/ws_moveit/install/robotiq_description:/root/ws_moveit/install/robotiq_controllers:/root/ws_moveit/install/pilz_industrial_motion_planner_testutils:/root/ws_moveit/install/moveit_runtime:/root/ws_moveit/install/moveit_planners:/root/ws_moveit/install/pilz_industrial_motion_planner:/root/ws_moveit/install/pick_ik:/root/ws_moveit/install/my_robot:/root/ws_moveit/install/moveit_task_constructor_msgs:/root/ws_moveit/install/moveit_ros_control_interface:/root/ws_moveit/install/moveit_plugins:/root/ws_moveit/install/moveit_simple_controller_manager:/root/ws_moveit/install/moveit_setup_framework:/root/ws_moveit/install/moveit_servo:/root/ws_moveit/install/moveit_ros:/root/ws_moveit/install/moveit_ros_visualization:/root/ws_moveit/install/moveit_py:/root/ws_moveit/install/moveit_hybrid_planning:/root/ws_moveit/install/moveit_ros_planning_interface:/root/ws_moveit/install/moveit_ros_benchmarks:/root/ws_moveit/install/moveit_ros_warehouse:/root/ws_moveit/install/moveit_ros_robot_interaction:/root/ws_moveit/install/moveit_ros_perception:/root/ws_moveit/install/moveit_resources_prbt_pg70_support:/root/ws_moveit/install/moveit_resources_prbt_moveit_config:/root/ws_moveit/install/moveit_ros_move_group:/root/ws_moveit/install/moveit_planners_ompl:/root/ws_moveit/install/moveit_kinematics:/root/ws_moveit/install/moveit_ros_planning:/root/ws_moveit/install/moveit_ros_occupancy_map_monitor:/root/ws_moveit/install/moveit_resources_prbt_support:/root/ws_moveit/install/moveit_resources_prbt_ikfast_manipulator_plugin:/root/ws_moveit/install/moveit_resources:/root/ws_moveit/install/moveit_resources_pr2_description:/root/ws_moveit/install/moveit_resources_panda_moveit_config:/root/ws_moveit/install/dual_arm_panda_moveit_config:/root/ws_moveit/install/moveit_resources_panda_description:/root/ws_moveit/install/moveit_resources_fanuc_moveit_config:/root/ws_moveit/install/moveit_resources_fanuc_description:/root/ws_moveit/install/moveit_planners_stomp:/root/ws_moveit/install/moveit_planners_chomp:/root/ws_moveit/install/chomp_motion_planner:/root/ws_moveit/install/moveit_core:/root/ws_moveit/install/moveit_msgs:/root/ws_moveit/install/moveit_common:/root/ws_moveit/install/kortex_driver:/root/ws_moveit/install/kortex_api:/opt/ros/humble CMAKE_PREFIX_PATH=/root/ws_moveit/install/moveit_ros_occupancy_map_monitor:/root/ws_moveit/install/moveit_core:/root/ws_moveit/install/moveit_resources_panda_moveit_config:/root/ws_moveit/install/moveit_resources_pr2_description:/root/ws_moveit/install/moveit_resources_panda_description:/root/ws_moveit/install/moveit_msgs:/root/ws_moveit/install/moveit_common:/root/ws_moveit/install/robotiq_hardware_tests:/root/ws_moveit/install/robotiq_driver:/root/ws_moveit/install/serial:/root/ws_moveit/install/moveit_visual_tools:/root/ws_moveit/install/rviz_visual_tools:/root/ws_moveit/install/moveit_task_constructor_demo:/root/ws_moveit/install/moveit_task_constructor_capabilities:/root/ws_moveit/install/moveit_task_constructor_core:/root/ws_moveit/install/rviz_marker_tools:/root/ws_moveit/install/kortex_bringup:/root/ws_moveit/install/kortex_description:/root/ws_moveit/install/robotiq_description:/root/ws_moveit/install/robotiq_controllers:/root/ws_moveit/install/pilz_industrial_motion_planner_testutils:/root/ws_moveit/install/moveit_runtime:/root/ws_moveit/install/moveit_planners:/root/ws_moveit/install/pilz_industrial_motion_planner:/root/ws_moveit/install/pick_ik:/root/ws_moveit/install/my_robot:/root/ws_moveit/install/moveit_task_constructor_msgs:/root/ws_moveit/install/moveit_ros_control_interface:/root/ws_moveit/install/moveit_plugins:/root/ws_moveit/install/moveit_simple_controller_manager:/root/ws_moveit/install/moveit_setup_framework:/root/ws_moveit/install/moveit_servo:/root/ws_moveit/install/moveit_ros:/root/ws_moveit/install/moveit_ros_visualization:/root/ws_moveit/install/moveit_py:/root/ws_moveit/install/moveit_hybrid_planning:/root/ws_moveit/install/moveit_ros_planning_interface:/root/ws_moveit/install/moveit_ros_benchmarks:/root/ws_moveit/install/moveit_ros_warehouse:/root/ws_moveit/install/moveit_ros_robot_interaction:/root/ws_moveit/install/moveit_ros_perception:/root/ws_moveit/install/moveit_resources_prbt_pg70_support:/root/ws_moveit/install/moveit_resources_prbt_moveit_config:/root/ws_moveit/install/moveit_ros_move_group:/root/ws_moveit/install/moveit_planners_ompl:/root/ws_moveit/install/moveit_kinematics:/root/ws_moveit/install/moveit_ros_planning:/root/ws_moveit/install/moveit_resources_prbt_support:/root/ws_moveit/install/moveit_resources_prbt_ikfast_manipulator_plugin:/root/ws_moveit/install/moveit_resources:/root/ws_moveit/install/dual_arm_panda_moveit_config:/root/ws_moveit/install/moveit_resources_fanuc_moveit_config:/root/ws_moveit/install/moveit_resources_fanuc_description:/root/ws_moveit/install/moveit_planners_stomp:/root/ws_moveit/install/moveit_planners_chomp:/root/ws_moveit/install/chomp_motion_planner:/root/ws_moveit/install/kortex_driver:/root/ws_moveit/install/kortex_api:/root/ws_moveit/install/moveit_configs_utils:/opt/ros/humble LD_LIBRARY_PATH=/root/ws_moveit/install/moveit_ros_occupancy_map_monitor/lib:/root/ws_moveit/install/moveit_core/lib:/root/ws_moveit/install/moveit_msgs/lib:/root/ws_moveit/install/robotiq_driver/lib:/root/ws_moveit/install/serial/lib:/root/ws_moveit/install/moveit_visual_tools/lib:/root/ws_moveit/install/rviz_visual_tools/lib:/root/ws_moveit/install/moveit_task_constructor_demo/lib:/root/ws_moveit/install/moveit_task_constructor_capabilities/lib:/root/ws_moveit/install/moveit_task_constructor_core/lib:/root/ws_moveit/install/rviz_marker_tools/lib:/root/ws_moveit/install/robotiq_controllers/lib:/root/ws_moveit/install/pilz_industrial_motion_planner_testutils/lib:/root/ws_moveit/install/pilz_industrial_motion_planner/lib:/root/ws_moveit/install/pick_ik/lib:/root/ws_moveit/install/moveit_task_constructor_msgs/lib:/root/ws_moveit/install/moveit_ros_control_interface/lib:/root/ws_moveit/install/moveit_simple_controller_manager/lib:/root/ws_moveit/install/moveit_setup_framework/lib:/root/ws_moveit/install/moveit_servo/lib:/root/ws_moveit/install/moveit_ros_visualization/lib:/root/ws_moveit/install/moveit_py/lib:/root/ws_moveit/install/moveit_hybrid_planning/lib:/root/ws_moveit/install/moveit_ros_planning_interface/lib:/root/ws_moveit/install/moveit_ros_benchmarks/lib:/root/ws_moveit/install/moveit_ros_warehouse/lib:/root/ws_moveit/install/moveit_ros_robot_interaction/lib:/root/ws_moveit/install/moveit_ros_perception/lib:/root/ws_moveit/install/moveit_ros_move_group/lib:/root/ws_moveit/install/moveit_planners_ompl/lib:/root/ws_moveit/install/moveit_kinematics/lib:/root/ws_moveit/install/moveit_ros_planning/lib:/root/ws_moveit/install/moveit_resources_prbt_ikfast_manipulator_plugin/lib:/root/ws_moveit/install/moveit_planners_stomp/lib:/root/ws_moveit/install/moveit_planners_chomp/lib:/root/ws_moveit/install/chomp_motion_planner/lib:/root/ws_moveit/install/kortex_driver/lib:/opt/ros/humble/opt/rviz_ogre_vendor/lib:/opt/ros/humble/lib/x86_64-linux-gnu:/opt/ros/humble/lib PYTHONPATH=/root/ws_moveit/install/moveit_configs_utils/lib/python3.10/site-packages:/root/ws_moveit/install/moveit_task_constructor_msgs/local/lib/python3.10/dist-packages:/root/ws_moveit/install/moveit_py/local/lib/python3.10/dist-packages:/root/ws_moveit/install/moveit_msgs/local/lib/python3.10/dist-packages:/opt/ros/humble/lib/python3.10/site-packages:/opt/ros/humble/local/lib/python3.10/dist-packages /usr/bin/cmake --build /root/ws_moveit/build/moveit_ros_planning -- -j20 -l20
[0.387s] Invoking command in '/root/ws_moveit/build/moveit_ros_planning': AMENT_PREFIX_PATH=/root/ws_moveit/install/moveit_configs_utils:/root/ws_moveit/install/robotiq_hardware_tests:/root/ws_moveit/install/robotiq_driver:/root/ws_moveit/install/serial:/root/ws_moveit/install/moveit_visual_tools:/root/ws_moveit/install/rviz_visual_tools:/root/ws_moveit/install/moveit_task_constructor_demo:/root/ws_moveit/install/moveit_task_constructor_capabilities:/root/ws_moveit/install/moveit_task_constructor_core:/root/ws_moveit/install/rviz_marker_tools:/root/ws_moveit/install/kortex_bringup:/root/ws_moveit/install/kortex_description:/root/ws_moveit/install/robotiq_description:/root/ws_moveit/install/robotiq_controllers:/root/ws_moveit/install/pilz_industrial_motion_planner_testutils:/root/ws_moveit/install/moveit_runtime:/root/ws_moveit/install/moveit_planners:/root/ws_moveit/install/pilz_industrial_motion_planner:/root/ws_moveit/install/pick_ik:/root/ws_moveit/install/my_robot:/root/ws_moveit/install/moveit_task_constructor_msgs:/root/ws_moveit/install/moveit_ros_control_interface:/root/ws_moveit/install/moveit_plugins:/root/ws_moveit/install/moveit_simple_controller_manager:/root/ws_moveit/install/moveit_setup_framework:/root/ws_moveit/install/moveit_servo:/root/ws_moveit/install/moveit_ros:/root/ws_moveit/install/moveit_ros_visualization:/root/ws_moveit/install/moveit_py:/root/ws_moveit/install/moveit_hybrid_planning:/root/ws_moveit/install/moveit_ros_planning_interface:/root/ws_moveit/install/moveit_ros_benchmarks:/root/ws_moveit/install/moveit_ros_warehouse:/root/ws_moveit/install/moveit_ros_robot_interaction:/root/ws_moveit/install/moveit_ros_perception:/root/ws_moveit/install/moveit_resources_prbt_pg70_support:/root/ws_moveit/install/moveit_resources_prbt_moveit_config:/root/ws_moveit/install/moveit_ros_move_group:/root/ws_moveit/install/moveit_planners_ompl:/root/ws_moveit/install/moveit_kinematics:/root/ws_moveit/install/moveit_ros_planning:/root/ws_moveit/install/moveit_ros_occupancy_map_monitor:/root/ws_moveit/install/moveit_resources_prbt_support:/root/ws_moveit/install/moveit_resources_prbt_ikfast_manipulator_plugin:/root/ws_moveit/install/moveit_resources:/root/ws_moveit/install/moveit_resources_pr2_description:/root/ws_moveit/install/moveit_resources_panda_moveit_config:/root/ws_moveit/install/dual_arm_panda_moveit_config:/root/ws_moveit/install/moveit_resources_panda_description:/root/ws_moveit/install/moveit_resources_fanuc_moveit_config:/root/ws_moveit/install/moveit_resources_fanuc_description:/root/ws_moveit/install/moveit_planners_stomp:/root/ws_moveit/install/moveit_planners_chomp:/root/ws_moveit/install/chomp_motion_planner:/root/ws_moveit/install/moveit_core:/root/ws_moveit/install/moveit_msgs:/root/ws_moveit/install/moveit_common:/root/ws_moveit/install/kortex_driver:/root/ws_moveit/install/kortex_api:/opt/ros/humble CMAKE_PREFIX_PATH=/root/ws_moveit/install/moveit_ros_occupancy_map_monitor:/root/ws_moveit/install/moveit_core:/root/ws_moveit/install/moveit_resources_panda_moveit_config:/root/ws_moveit/install/moveit_resources_pr2_description:/root/ws_moveit/install/moveit_resources_panda_description:/root/ws_moveit/install/moveit_msgs:/root/ws_moveit/install/moveit_common:/root/ws_moveit/install/robotiq_hardware_tests:/root/ws_moveit/install/robotiq_driver:/root/ws_moveit/install/serial:/root/ws_moveit/install/moveit_visual_tools:/root/ws_moveit/install/rviz_visual_tools:/root/ws_moveit/install/moveit_task_constructor_demo:/root/ws_moveit/install/moveit_task_constructor_capabilities:/root/ws_moveit/install/moveit_task_constructor_core:/root/ws_moveit/install/rviz_marker_tools:/root/ws_moveit/install/kortex_bringup:/root/ws_moveit/install/kortex_description:/root/ws_moveit/install/robotiq_description:/root/ws_moveit/install/robotiq_controllers:/root/ws_moveit/install/pilz_industrial_motion_planner_testutils:/root/ws_moveit/install/moveit_runtime:/root/ws_moveit/install/moveit_planners:/root/ws_moveit/install/pilz_industrial_motion_planner:/root/ws_moveit/install/pick_ik:/root/ws_moveit/install/my_robot:/root/ws_moveit/install/moveit_task_constructor_msgs:/root/ws_moveit/install/moveit_ros_control_interface:/root/ws_moveit/install/moveit_plugins:/root/ws_moveit/install/moveit_simple_controller_manager:/root/ws_moveit/install/moveit_setup_framework:/root/ws_moveit/install/moveit_servo:/root/ws_moveit/install/moveit_ros:/root/ws_moveit/install/moveit_ros_visualization:/root/ws_moveit/install/moveit_py:/root/ws_moveit/install/moveit_hybrid_planning:/root/ws_moveit/install/moveit_ros_planning_interface:/root/ws_moveit/install/moveit_ros_benchmarks:/root/ws_moveit/install/moveit_ros_warehouse:/root/ws_moveit/install/moveit_ros_robot_interaction:/root/ws_moveit/install/moveit_ros_perception:/root/ws_moveit/install/moveit_resources_prbt_pg70_support:/root/ws_moveit/install/moveit_resources_prbt_moveit_config:/root/ws_moveit/install/moveit_ros_move_group:/root/ws_moveit/install/moveit_planners_ompl:/root/ws_moveit/install/moveit_kinematics:/root/ws_moveit/install/moveit_ros_planning:/root/ws_moveit/install/moveit_resources_prbt_support:/root/ws_moveit/install/moveit_resources_prbt_ikfast_manipulator_plugin:/root/ws_moveit/install/moveit_resources:/root/ws_moveit/install/dual_arm_panda_moveit_config:/root/ws_moveit/install/moveit_resources_fanuc_moveit_config:/root/ws_moveit/install/moveit_resources_fanuc_description:/root/ws_moveit/install/moveit_planners_stomp:/root/ws_moveit/install/moveit_planners_chomp:/root/ws_moveit/install/chomp_motion_planner:/root/ws_moveit/install/kortex_driver:/root/ws_moveit/install/kortex_api:/root/ws_moveit/install/moveit_configs_utils:/opt/ros/humble LD_LIBRARY_PATH=/root/ws_moveit/install/moveit_ros_occupancy_map_monitor/lib:/root/ws_moveit/install/moveit_core/lib:/root/ws_moveit/install/moveit_msgs/lib:/root/ws_moveit/install/robotiq_driver/lib:/root/ws_moveit/install/serial/lib:/root/ws_moveit/install/moveit_visual_tools/lib:/root/ws_moveit/install/rviz_visual_tools/lib:/root/ws_moveit/install/moveit_task_constructor_demo/lib:/root/ws_moveit/install/moveit_task_constructor_capabilities/lib:/root/ws_moveit/install/moveit_task_constructor_core/lib:/root/ws_moveit/install/rviz_marker_tools/lib:/root/ws_moveit/install/robotiq_controllers/lib:/root/ws_moveit/install/pilz_industrial_motion_planner_testutils/lib:/root/ws_moveit/install/pilz_industrial_motion_planner/lib:/root/ws_moveit/install/pick_ik/lib:/root/ws_moveit/install/moveit_task_constructor_msgs/lib:/root/ws_moveit/install/moveit_ros_control_interface/lib:/root/ws_moveit/install/moveit_simple_controller_manager/lib:/root/ws_moveit/install/moveit_setup_framework/lib:/root/ws_moveit/install/moveit_servo/lib:/root/ws_moveit/install/moveit_ros_visualization/lib:/root/ws_moveit/install/moveit_py/lib:/root/ws_moveit/install/moveit_hybrid_planning/lib:/root/ws_moveit/install/moveit_ros_planning_interface/lib:/root/ws_moveit/install/moveit_ros_benchmarks/lib:/root/ws_moveit/install/moveit_ros_warehouse/lib:/root/ws_moveit/install/moveit_ros_robot_interaction/lib:/root/ws_moveit/install/moveit_ros_perception/lib:/root/ws_moveit/install/moveit_ros_move_group/lib:/root/ws_moveit/install/moveit_planners_ompl/lib:/root/ws_moveit/install/moveit_kinematics/lib:/root/ws_moveit/install/moveit_ros_planning/lib:/root/ws_moveit/install/moveit_resources_prbt_ikfast_manipulator_plugin/lib:/root/ws_moveit/install/moveit_planners_stomp/lib:/root/ws_moveit/install/moveit_planners_chomp/lib:/root/ws_moveit/install/chomp_motion_planner/lib:/root/ws_moveit/install/kortex_driver/lib:/opt/ros/humble/opt/rviz_ogre_vendor/lib:/opt/ros/humble/lib/x86_64-linux-gnu:/opt/ros/humble/lib PYTHONPATH=/root/ws_moveit/install/moveit_configs_utils/lib/python3.10/site-packages:/root/ws_moveit/install/moveit_task_constructor_msgs/local/lib/python3.10/dist-packages:/root/ws_moveit/install/moveit_py/local/lib/python3.10/dist-packages:/root/ws_moveit/install/moveit_msgs/local/lib/python3.10/dist-packages:/opt/ros/humble/lib/python3.10/site-packages:/opt/ros/humble/local/lib/python3.10/dist-packages /usr/bin/cmake --install /root/ws_moveit/build/moveit_ros_planning
[0.394s] -- Install configuration: "Release"
[0.394s] -- Up-to-date: /root/ws_moveit/install/moveit_ros_planning/include/moveit_ros_planning
[0.394s] -- Up-to-date: /root/ws_moveit/install/moveit_ros_planning/include/moveit_ros_planning/moveit
[0.395s] -- Up-to-date: /root/ws_moveit/install/moveit_ros_planning/include/moveit_ros_planning/moveit/collision_plugin_loader
[0.395s] -- Up-to-date: /root/ws_moveit/install/moveit_ros_planning/include/moveit_ros_planning/moveit/collision_plugin_loader/collision_plugin_loader.h
[0.395s] -- Up-to-date: /root/ws_moveit/install/moveit_ros_planning/include/moveit_ros_planning
[0.395s] -- Up-to-date: /root/ws_moveit/install/moveit_ros_planning/include/moveit_ros_planning/moveit
[0.395s] -- Up-to-date: /root/ws_moveit/install/moveit_ros_planning/include/moveit_ros_planning/moveit/constraint_sampler_manager_loader
[0.395s] -- Up-to-date: /root/ws_moveit/install/moveit_ros_planning/include/moveit_ros_planning/moveit/constraint_sampler_manager_loader/constraint_sampler_manager_loader.h
[0.396s] -- Up-to-date: /root/ws_moveit/install/moveit_ros_planning/include/kinematics_parameters
[0.396s] -- Up-to-date: /root/ws_moveit/install/moveit_ros_planning/include/kinematics_parameters/kinematics_parameters.hpp
[0.396s] -- Up-to-date: /root/ws_moveit/install/moveit_ros_planning/include/moveit_ros_planning
[0.396s] -- Up-to-date: /root/ws_moveit/install/moveit_ros_planning/include/moveit_ros_planning/moveit
[0.396s] -- Up-to-date: /root/ws_moveit/install/moveit_ros_planning/include/moveit_ros_planning/moveit/kinematics_plugin_loader
[0.396s] -- Up-to-date: /root/ws_moveit/install/moveit_ros_planning/include/moveit_ros_planning/moveit/kinematics_plugin_loader/kinematics_plugin_loader.h
[0.396s] -- Up-to-date: /root/ws_moveit/install/moveit_ros_planning/include/moveit_ros_planning
[0.397s] -- Up-to-date: /root/ws_moveit/install/moveit_ros_planning/include/moveit_ros_planning/moveit
[0.397s] -- Up-to-date: /root/ws_moveit/install/moveit_ros_planning/include/moveit_ros_planning/moveit/moveit_cpp
[0.397s] -- Up-to-date: /root/ws_moveit/install/moveit_ros_planning/include/moveit_ros_planning/moveit/moveit_cpp/moveit_cpp.h
[0.397s] -- Up-to-date: /root/ws_moveit/install/moveit_ros_planning/include/moveit_ros_planning/moveit/moveit_cpp/planning_component.h
[0.397s] -- Up-to-date: /root/ws_moveit/install/moveit_ros_planning/include/moveit_ros_planning
[0.397s] -- Up-to-date: /root/ws_moveit/install/moveit_ros_planning/include/moveit_ros_planning/moveit
[0.397s] -- Up-to-date: /root/ws_moveit/install/moveit_ros_planning/include/moveit_ros_planning/moveit/plan_execution
[0.397s] -- Up-to-date: /root/ws_moveit/install/moveit_ros_planning/include/moveit_ros_planning/moveit/plan_execution/plan_execution.h
[0.397s] -- Up-to-date: /root/ws_moveit/install/moveit_ros_planning/include/moveit_ros_planning/moveit/plan_execution/plan_representation.h
[0.398s] -- Up-to-date: /root/ws_moveit/install/moveit_ros_planning/lib/moveit_ros_planning/moveit_print_planning_model_info
[0.398s] -- Up-to-date: /root/ws_moveit/install/moveit_ros_planning/lib/moveit_ros_planning/moveit_print_planning_scene_info
[0.399s] -- Up-to-date: /root/ws_moveit/install/moveit_ros_planning/lib/moveit_ros_planning/moveit_display_random_state
[0.400s] -- Up-to-date: /root/ws_moveit/install/moveit_ros_planning/lib/moveit_ros_planning/moveit_visualize_robot_collision_volume
[0.400s] -- Up-to-date: /root/ws_moveit/install/moveit_ros_planning/lib/moveit_ros_planning/moveit_evaluate_collision_checking_speed
[0.401s] -- Up-to-date: /root/ws_moveit/install/moveit_ros_planning/lib/moveit_ros_planning/moveit_publish_scene_from_text
[0.401s] -- Up-to-date: /root/ws_moveit/install/moveit_ros_planning/include/moveit_ros_planning
[0.401s] -- Up-to-date: /root/ws_moveit/install/moveit_ros_planning/include/moveit_ros_planning/moveit
[0.401s] -- Up-to-date: /root/ws_moveit/install/moveit_ros_planning/include/moveit_ros_planning/moveit/planning_pipeline_interfaces
[0.401s] -- Up-to-date: /root/ws_moveit/install/moveit_ros_planning/include/moveit_ros_planning/moveit/planning_pipeline_interfaces/plan_responses_container.hpp
[0.401s] -- Up-to-date: /root/ws_moveit/install/moveit_ros_planning/include/moveit_ros_planning/moveit/planning_pipeline_interfaces/planning_pipeline_interfaces.hpp
[0.401s] -- Up-to-date: /root/ws_moveit/install/moveit_ros_planning/include/moveit_ros_planning/moveit/planning_pipeline_interfaces/solution_selection_functions.hpp
[0.401s] -- Up-to-date: /root/ws_moveit/install/moveit_ros_planning/include/moveit_ros_planning/moveit/planning_pipeline_interfaces/stopping_criterion_functions.hpp
[0.401s] -- Up-to-date: /root/ws_moveit/install/moveit_ros_planning/include/moveit_ros_planning/moveit_planning_pipeline_interfaces_export.h
[0.401s] -- Up-to-date: /root/ws_moveit/install/moveit_ros_planning/include/planning_pipeline_parameters
[0.401s] -- Up-to-date: /root/ws_moveit/install/moveit_ros_planning/include/planning_pipeline_parameters/planning_pipeline_parameters.hpp
[0.402s] -- Up-to-date: /root/ws_moveit/install/moveit_ros_planning/lib/libmoveit_pipeline_test_plugins.so.2.9.0
[0.402s] -- Up-to-date: /root/ws_moveit/install/moveit_ros_planning/lib/libmoveit_pipeline_test_plugins.so
[0.402s] -- Up-to-date: /root/ws_moveit/install/moveit_ros_planning/include/moveit_ros_planning
[0.402s] -- Up-to-date: /root/ws_moveit/install/moveit_ros_planning/include/moveit_ros_planning/moveit
[0.402s] -- Up-to-date: /root/ws_moveit/install/moveit_ros_planning/include/moveit_ros_planning/moveit/planning_pipeline
[0.403s] -- Up-to-date: /root/ws_moveit/install/moveit_ros_planning/include/moveit_ros_planning/moveit/planning_pipeline/planning_pipeline.h
[0.403s] -- Up-to-date: /root/ws_moveit/install/moveit_ros_planning/include/moveit_ros_planning/moveit_planning_pipeline_export.h
[0.403s] -- Up-to-date: /root/ws_moveit/install/moveit_ros_planning/include/default_request_adapter_parameters
[0.403s] -- Up-to-date: /root/ws_moveit/install/moveit_ros_planning/include/default_request_adapter_parameters/default_request_adapter_parameters.hpp
[0.403s] -- Up-to-date: /root/ws_moveit/install/moveit_ros_planning/include/default_response_adapter_parameters
[0.404s] -- Up-to-date: /root/ws_moveit/install/moveit_ros_planning/include/default_response_adapter_parameters/default_response_adapter_parameters.hpp
[0.404s] -- Up-to-date: /root/ws_moveit/install/moveit_ros_planning/lib/moveit_ros_planning/demo_scene
[0.404s] -- Up-to-date: /root/ws_moveit/install/moveit_ros_planning/include/moveit_ros_planning
[0.404s] -- Up-to-date: /root/ws_moveit/install/moveit_ros_planning/include/moveit_ros_planning/moveit
[0.405s] -- Up-to-date: /root/ws_moveit/install/moveit_ros_planning/include/moveit_ros_planning/moveit/planning_scene_monitor
[0.405s] -- Up-to-date: /root/ws_moveit/install/moveit_ros_planning/include/moveit_ros_planning/moveit/planning_scene_monitor/current_state_monitor_middleware_handle.hpp
[0.405s] -- Up-to-date: /root/ws_moveit/install/moveit_ros_planning/include/moveit_ros_planning/moveit/planning_scene_monitor/trajectory_monitor.h
[0.405s] -- Up-to-date: /root/ws_moveit/install/moveit_ros_planning/include/moveit_ros_planning/moveit/planning_scene_monitor/planning_scene_monitor.h
[0.405s] -- Up-to-date: /root/ws_moveit/install/moveit_ros_planning/include/moveit_ros_planning/moveit/planning_scene_monitor/current_state_monitor.h
[0.405s] -- Up-to-date: /root/ws_moveit/install/moveit_ros_planning/include/moveit_ros_planning/moveit/planning_scene_monitor/trajectory_monitor_middleware_handle.hpp
[0.405s] -- Up-to-date: /root/ws_moveit/install/moveit_ros_planning/include/moveit_ros_planning/moveit_planning_scene_monitor_export.h
[0.405s] -- Up-to-date: /root/ws_moveit/install/moveit_ros_planning/include/moveit_ros_planning
[0.405s] -- Up-to-date: /root/ws_moveit/install/moveit_ros_planning/include/moveit_ros_planning/moveit
[0.405s] -- Up-to-date: /root/ws_moveit/install/moveit_ros_planning/include/moveit_ros_planning/moveit/rdf_loader
[0.405s] -- Up-to-date: /root/ws_moveit/install/moveit_ros_planning/include/moveit_ros_planning/moveit/rdf_loader/synchronized_string_parameter.h
[0.405s] -- Up-to-date: /root/ws_moveit/install/moveit_ros_planning/include/moveit_ros_planning/moveit/rdf_loader/rdf_loader.h
[0.405s] -- Up-to-date: /root/ws_moveit/install/moveit_ros_planning/share/moveit_ros_planning/rdf_loader/test/data
[0.405s] -- Up-to-date: /root/ws_moveit/install/moveit_ros_planning/share/moveit_ros_planning/rdf_loader/test/data/kermit.urdf
[0.405s] -- Up-to-date: /root/ws_moveit/install/moveit_ros_planning/share/moveit_ros_planning/rdf_loader/test/data/gonzo.urdf
[0.405s] -- Up-to-date: /root/ws_moveit/install/moveit_ros_planning/share/moveit_ros_planning/rdf_loader/test/data/robin.srdf.xacro
[0.405s] -- Up-to-date: /root/ws_moveit/install/moveit_ros_planning/share/moveit_ros_planning/rdf_loader/test/data/gonzo.srdf
[0.405s] -- Up-to-date: /root/ws_moveit/install/moveit_ros_planning/share/moveit_ros_planning/rdf_loader/test/data/kermit.srdf
[0.406s] -- Up-to-date: /root/ws_moveit/install/moveit_ros_planning/share/moveit_ros_planning/rdf_loader/test/launch
[0.406s] -- Up-to-date: /root/ws_moveit/install/moveit_ros_planning/share/moveit_ros_planning/rdf_loader/test/launch/test_rdf_integration.test.py
[0.406s] -- Up-to-date: /root/ws_moveit/install/moveit_ros_planning/include/moveit_ros_planning
[0.406s] -- Up-to-date: /root/ws_moveit/install/moveit_ros_planning/include/moveit_ros_planning/moveit
[0.406s] -- Up-to-date: /root/ws_moveit/install/moveit_ros_planning/include/moveit_ros_planning/moveit/robot_model_loader
[0.406s] -- Up-to-date: /root/ws_moveit/install/moveit_ros_planning/include/moveit_ros_planning/moveit/robot_model_loader/robot_model_loader.h
[0.406s] -- Up-to-date: /root/ws_moveit/install/moveit_ros_planning/include/moveit_ros_planning
[0.407s] -- Up-to-date: /root/ws_moveit/install/moveit_ros_planning/include/moveit_ros_planning/moveit
[0.407s] -- Up-to-date: /root/ws_moveit/install/moveit_ros_planning/include/moveit_ros_planning/moveit/trajectory_execution_manager
[0.407s] -- Up-to-date: /root/ws_moveit/install/moveit_ros_planning/include/moveit_ros_planning/moveit/trajectory_execution_manager/trajectory_execution_manager.h
[0.407s] -- Up-to-date: /root/ws_moveit/install/moveit_ros_planning/include/moveit_ros_planning/moveit_trajectory_execution_manager_export.h
[0.407s] -- Up-to-date: /root/ws_moveit/install/moveit_ros_planning/lib/libmoveit_collision_plugin_loader.so.2.9.0
[0.407s] -- Up-to-date: /root/ws_moveit/install/moveit_ros_planning/lib/libmoveit_collision_plugin_loader.so
[0.407s] -- Up-to-date: /root/ws_moveit/install/moveit_ros_planning/lib/libmoveit_constraint_sampler_manager_loader.so.2.9.0
[0.408s] -- Up-to-date: /root/ws_moveit/install/moveit_ros_planning/lib/libmoveit_constraint_sampler_manager_loader.so
[0.408s] -- Up-to-date: /root/ws_moveit/install/moveit_ros_planning/lib/libmoveit_cpp.so.2.9.0
[0.408s] -- Up-to-date: /root/ws_moveit/install/moveit_ros_planning/lib/libmoveit_cpp.so
[0.408s] -- Up-to-date: /root/ws_moveit/install/moveit_ros_planning/lib/libmoveit_default_planning_request_adapter_plugins.so.2.9.0
[0.409s] -- Up-to-date: /root/ws_moveit/install/moveit_ros_planning/lib/libmoveit_default_planning_request_adapter_plugins.so
[0.409s] -- Up-to-date: /root/ws_moveit/install/moveit_ros_planning/lib/libmoveit_default_planning_response_adapter_plugins.so.2.9.0
[0.409s] -- Up-to-date: /root/ws_moveit/install/moveit_ros_planning/lib/libmoveit_default_planning_response_adapter_plugins.so
[0.410s] -- Up-to-date: /root/ws_moveit/install/moveit_ros_planning/lib/libmoveit_kinematics_plugin_loader.so.2.9.0
[0.410s] -- Up-to-date: /root/ws_moveit/install/moveit_ros_planning/lib/libmoveit_kinematics_plugin_loader.so
[0.410s] -- Up-to-date: /root/ws_moveit/install/moveit_ros_planning/lib/libmoveit_plan_execution.so.2.9.0
[0.410s] -- Up-to-date: /root/ws_moveit/install/moveit_ros_planning/lib/libmoveit_plan_execution.so
[0.410s] -- Up-to-date: /root/ws_moveit/install/moveit_ros_planning/lib/libmoveit_planning_pipeline.so.2.9.0
[0.410s] -- Up-to-date: /root/ws_moveit/install/moveit_ros_planning/lib/libmoveit_planning_pipeline.so
[0.411s] -- Up-to-date: /root/ws_moveit/install/moveit_ros_planning/lib/libmoveit_planning_pipeline_interfaces.so.2.9.0
[0.412s] -- Up-to-date: /root/ws_moveit/install/moveit_ros_planning/lib/libmoveit_planning_pipeline_interfaces.so
[0.413s] -- Up-to-date: /root/ws_moveit/install/moveit_ros_planning/lib/libmoveit_planning_scene_monitor.so.2.9.0
[0.413s] -- Up-to-date: /root/ws_moveit/install/moveit_ros_planning/lib/libmoveit_planning_scene_monitor.so
[0.414s] -- Up-to-date: /root/ws_moveit/install/moveit_ros_planning/lib/libmoveit_rdf_loader.so.2.9.0
[0.414s] -- Up-to-date: /root/ws_moveit/install/moveit_ros_planning/lib/libmoveit_rdf_loader.so
[0.415s] -- Up-to-date: /root/ws_moveit/install/moveit_ros_planning/lib/libmoveit_robot_model_loader.so.2.9.0
[0.415s] -- Up-to-date: /root/ws_moveit/install/moveit_ros_planning/lib/libmoveit_robot_model_loader.so
[0.415s] -- Up-to-date: /root/ws_moveit/install/moveit_ros_planning/lib/libmoveit_trajectory_execution_manager.so.2.9.0
[0.416s] -- Up-to-date: /root/ws_moveit/install/moveit_ros_planning/lib/libmoveit_trajectory_execution_manager.so
[0.416s] -- Up-to-date: /root/ws_moveit/install/moveit_ros_planning/lib/libsrdf_publisher_node.so
[0.416s] -- Up-to-date: /root/ws_moveit/install/moveit_ros_planning/share/moveit_ros_planning/environment/library_path.sh
[0.416s] -- Up-to-date: /root/ws_moveit/install/moveit_ros_planning/share/moveit_ros_planning/environment/library_path.dsv
[0.416s] -- Up-to-date: /root/ws_moveit/install/moveit_ros_planning/lib/moveit_ros_planning/srdf_publisher
[0.417s] -- Up-to-date: /root/ws_moveit/install/moveit_ros_planning/share/moveit_ros_planning/default_request_adapters_plugin_description.xml
[0.417s] -- Up-to-date: /root/ws_moveit/install/moveit_ros_planning/share/moveit_ros_planning/default_response_adapters_plugin_description.xml
[0.417s] -- Up-to-date: /root/ws_moveit/install/moveit_ros_planning/share/moveit_ros_planning/planning_pipeline_test_plugins_description.xml
[0.417s] -- Up-to-date: /root/ws_moveit/install/moveit_ros_planning/share/ament_index/resource_index/package_run_dependencies/moveit_ros_planning
[0.417s] -- Up-to-date: /root/ws_moveit/install/moveit_ros_planning/share/ament_index/resource_index/parent_prefix_path/moveit_ros_planning
[0.417s] -- Up-to-date: /root/ws_moveit/install/moveit_ros_planning/share/moveit_ros_planning/environment/ament_prefix_path.sh
[0.417s] -- Up-to-date: /root/ws_moveit/install/moveit_ros_planning/share/moveit_ros_planning/environment/ament_prefix_path.dsv
[0.417s] -- Up-to-date: /root/ws_moveit/install/moveit_ros_planning/share/moveit_ros_planning/environment/path.sh
[0.417s] -- Up-to-date: /root/ws_moveit/install/moveit_ros_planning/share/moveit_ros_planning/environment/path.dsv
[0.417s] -- Up-to-date: /root/ws_moveit/install/moveit_ros_planning/share/moveit_ros_planning/local_setup.bash
[0.417s] -- Up-to-date: /root/ws_moveit/install/moveit_ros_planning/share/moveit_ros_planning/local_setup.sh
[0.417s] -- Up-to-date: /root/ws_moveit/install/moveit_ros_planning/share/moveit_ros_planning/local_setup.zsh
[0.418s] -- Up-to-date: /root/ws_moveit/install/moveit_ros_planning/share/moveit_ros_planning/local_setup.dsv
[0.418s] -- Installing: /root/ws_moveit/install/moveit_ros_planning/share/moveit_ros_planning/package.dsv
[0.418s] -- Up-to-date: /root/ws_moveit/install/moveit_ros_planning/share/ament_index/resource_index/packages/moveit_ros_planning
[0.418s] -- Up-to-date: /root/ws_moveit/install/moveit_ros_planning/share/ament_index/resource_index/moveit_core__pluginlib__plugin/moveit_ros_planning
[0.418s] -- Up-to-date: /root/ws_moveit/install/moveit_ros_planning/share/moveit_ros_planning/cmake/moveit_ros_planningTargetsExport.cmake
[0.418s] -- Up-to-date: /root/ws_moveit/install/moveit_ros_planning/share/moveit_ros_planning/cmake/moveit_ros_planningTargetsExport-release.cmake
[0.419s] -- Up-to-date: /root/ws_moveit/install/moveit_ros_planning/share/ament_index/resource_index/rclcpp_components/moveit_ros_planning
[0.419s] -- Up-to-date: /root/ws_moveit/install/moveit_ros_planning/share/moveit_ros_planning/cmake/ConfigExtras.cmake
[0.419s] -- Up-to-date: /root/ws_moveit/install/moveit_ros_planning/share/moveit_ros_planning/cmake/ament_cmake_export_targets-extras.cmake
[0.419s] -- Up-to-date: /root/ws_moveit/install/moveit_ros_planning/share/moveit_ros_planning/cmake/ament_cmake_export_dependencies-extras.cmake
[0.419s] -- Up-to-date: /root/ws_moveit/install/moveit_ros_planning/share/moveit_ros_planning/cmake/moveit_ros_planningConfig.cmake
[0.419s] -- Up-to-date: /root/ws_moveit/install/moveit_ros_planning/share/moveit_ros_planning/cmake/moveit_ros_planningConfig-version.cmake
[0.419s] -- Up-to-date: /root/ws_moveit/install/moveit_ros_planning/share/moveit_ros_planning/package.xml
[0.420s] Invoked command in '/root/ws_moveit/build/moveit_ros_planning' returned '0': AMENT_PREFIX_PATH=/root/ws_moveit/install/moveit_configs_utils:/root/ws_moveit/install/robotiq_hardware_tests:/root/ws_moveit/install/robotiq_driver:/root/ws_moveit/install/serial:/root/ws_moveit/install/moveit_visual_tools:/root/ws_moveit/install/rviz_visual_tools:/root/ws_moveit/install/moveit_task_constructor_demo:/root/ws_moveit/install/moveit_task_constructor_capabilities:/root/ws_moveit/install/moveit_task_constructor_core:/root/ws_moveit/install/rviz_marker_tools:/root/ws_moveit/install/kortex_bringup:/root/ws_moveit/install/kortex_description:/root/ws_moveit/install/robotiq_description:/root/ws_moveit/install/robotiq_controllers:/root/ws_moveit/install/pilz_industrial_motion_planner_testutils:/root/ws_moveit/install/moveit_runtime:/root/ws_moveit/install/moveit_planners:/root/ws_moveit/install/pilz_industrial_motion_planner:/root/ws_moveit/install/pick_ik:/root/ws_moveit/install/my_robot:/root/ws_moveit/install/moveit_task_constructor_msgs:/root/ws_moveit/install/moveit_ros_control_interface:/root/ws_moveit/install/moveit_plugins:/root/ws_moveit/install/moveit_simple_controller_manager:/root/ws_moveit/install/moveit_setup_framework:/root/ws_moveit/install/moveit_servo:/root/ws_moveit/install/moveit_ros:/root/ws_moveit/install/moveit_ros_visualization:/root/ws_moveit/install/moveit_py:/root/ws_moveit/install/moveit_hybrid_planning:/root/ws_moveit/install/moveit_ros_planning_interface:/root/ws_moveit/install/moveit_ros_benchmarks:/root/ws_moveit/install/moveit_ros_warehouse:/root/ws_moveit/install/moveit_ros_robot_interaction:/root/ws_moveit/install/moveit_ros_perception:/root/ws_moveit/install/moveit_resources_prbt_pg70_support:/root/ws_moveit/install/moveit_resources_prbt_moveit_config:/root/ws_moveit/install/moveit_ros_move_group:/root/ws_moveit/install/moveit_planners_ompl:/root/ws_moveit/install/moveit_kinematics:/root/ws_moveit/install/moveit_ros_planning:/root/ws_moveit/install/moveit_ros_occupancy_map_monitor:/root/ws_moveit/install/moveit_resources_prbt_support:/root/ws_moveit/install/moveit_resources_prbt_ikfast_manipulator_plugin:/root/ws_moveit/install/moveit_resources:/root/ws_moveit/install/moveit_resources_pr2_description:/root/ws_moveit/install/moveit_resources_panda_moveit_config:/root/ws_moveit/install/dual_arm_panda_moveit_config:/root/ws_moveit/install/moveit_resources_panda_description:/root/ws_moveit/install/moveit_resources_fanuc_moveit_config:/root/ws_moveit/install/moveit_resources_fanuc_description:/root/ws_moveit/install/moveit_planners_stomp:/root/ws_moveit/install/moveit_planners_chomp:/root/ws_moveit/install/chomp_motion_planner:/root/ws_moveit/install/moveit_core:/root/ws_moveit/install/moveit_msgs:/root/ws_moveit/install/moveit_common:/root/ws_moveit/install/kortex_driver:/root/ws_moveit/install/kortex_api:/opt/ros/humble CMAKE_PREFIX_PATH=/root/ws_moveit/install/moveit_ros_occupancy_map_monitor:/root/ws_moveit/install/moveit_core:/root/ws_moveit/install/moveit_resources_panda_moveit_config:/root/ws_moveit/install/moveit_resources_pr2_description:/root/ws_moveit/install/moveit_resources_panda_description:/root/ws_moveit/install/moveit_msgs:/root/ws_moveit/install/moveit_common:/root/ws_moveit/install/robotiq_hardware_tests:/root/ws_moveit/install/robotiq_driver:/root/ws_moveit/install/serial:/root/ws_moveit/install/moveit_visual_tools:/root/ws_moveit/install/rviz_visual_tools:/root/ws_moveit/install/moveit_task_constructor_demo:/root/ws_moveit/install/moveit_task_constructor_capabilities:/root/ws_moveit/install/moveit_task_constructor_core:/root/ws_moveit/install/rviz_marker_tools:/root/ws_moveit/install/kortex_bringup:/root/ws_moveit/install/kortex_description:/root/ws_moveit/install/robotiq_description:/root/ws_moveit/install/robotiq_controllers:/root/ws_moveit/install/pilz_industrial_motion_planner_testutils:/root/ws_moveit/install/moveit_runtime:/root/ws_moveit/install/moveit_planners:/root/ws_moveit/install/pilz_industrial_motion_planner:/root/ws_moveit/install/pick_ik:/root/ws_moveit/install/my_robot:/root/ws_moveit/install/moveit_task_constructor_msgs:/root/ws_moveit/install/moveit_ros_control_interface:/root/ws_moveit/install/moveit_plugins:/root/ws_moveit/install/moveit_simple_controller_manager:/root/ws_moveit/install/moveit_setup_framework:/root/ws_moveit/install/moveit_servo:/root/ws_moveit/install/moveit_ros:/root/ws_moveit/install/moveit_ros_visualization:/root/ws_moveit/install/moveit_py:/root/ws_moveit/install/moveit_hybrid_planning:/root/ws_moveit/install/moveit_ros_planning_interface:/root/ws_moveit/install/moveit_ros_benchmarks:/root/ws_moveit/install/moveit_ros_warehouse:/root/ws_moveit/install/moveit_ros_robot_interaction:/root/ws_moveit/install/moveit_ros_perception:/root/ws_moveit/install/moveit_resources_prbt_pg70_support:/root/ws_moveit/install/moveit_resources_prbt_moveit_config:/root/ws_moveit/install/moveit_ros_move_group:/root/ws_moveit/install/moveit_planners_ompl:/root/ws_moveit/install/moveit_kinematics:/root/ws_moveit/install/moveit_ros_planning:/root/ws_moveit/install/moveit_resources_prbt_support:/root/ws_moveit/install/moveit_resources_prbt_ikfast_manipulator_plugin:/root/ws_moveit/install/moveit_resources:/root/ws_moveit/install/dual_arm_panda_moveit_config:/root/ws_moveit/install/moveit_resources_fanuc_moveit_config:/root/ws_moveit/install/moveit_resources_fanuc_description:/root/ws_moveit/install/moveit_planners_stomp:/root/ws_moveit/install/moveit_planners_chomp:/root/ws_moveit/install/chomp_motion_planner:/root/ws_moveit/install/kortex_driver:/root/ws_moveit/install/kortex_api:/root/ws_moveit/install/moveit_configs_utils:/opt/ros/humble LD_LIBRARY_PATH=/root/ws_moveit/install/moveit_ros_occupancy_map_monitor/lib:/root/ws_moveit/install/moveit_core/lib:/root/ws_moveit/install/moveit_msgs/lib:/root/ws_moveit/install/robotiq_driver/lib:/root/ws_moveit/install/serial/lib:/root/ws_moveit/install/moveit_visual_tools/lib:/root/ws_moveit/install/rviz_visual_tools/lib:/root/ws_moveit/install/moveit_task_constructor_demo/lib:/root/ws_moveit/install/moveit_task_constructor_capabilities/lib:/root/ws_moveit/install/moveit_task_constructor_core/lib:/root/ws_moveit/install/rviz_marker_tools/lib:/root/ws_moveit/install/robotiq_controllers/lib:/root/ws_moveit/install/pilz_industrial_motion_planner_testutils/lib:/root/ws_moveit/install/pilz_industrial_motion_planner/lib:/root/ws_moveit/install/pick_ik/lib:/root/ws_moveit/install/moveit_task_constructor_msgs/lib:/root/ws_moveit/install/moveit_ros_control_interface/lib:/root/ws_moveit/install/moveit_simple_controller_manager/lib:/root/ws_moveit/install/moveit_setup_framework/lib:/root/ws_moveit/install/moveit_servo/lib:/root/ws_moveit/install/moveit_ros_visualization/lib:/root/ws_moveit/install/moveit_py/lib:/root/ws_moveit/install/moveit_hybrid_planning/lib:/root/ws_moveit/install/moveit_ros_planning_interface/lib:/root/ws_moveit/install/moveit_ros_benchmarks/lib:/root/ws_moveit/install/moveit_ros_warehouse/lib:/root/ws_moveit/install/moveit_ros_robot_interaction/lib:/root/ws_moveit/install/moveit_ros_perception/lib:/root/ws_moveit/install/moveit_ros_move_group/lib:/root/ws_moveit/install/moveit_planners_ompl/lib:/root/ws_moveit/install/moveit_kinematics/lib:/root/ws_moveit/install/moveit_ros_planning/lib:/root/ws_moveit/install/moveit_resources_prbt_ikfast_manipulator_plugin/lib:/root/ws_moveit/install/moveit_planners_stomp/lib:/root/ws_moveit/install/moveit_planners_chomp/lib:/root/ws_moveit/install/chomp_motion_planner/lib:/root/ws_moveit/install/kortex_driver/lib:/opt/ros/humble/opt/rviz_ogre_vendor/lib:/opt/ros/humble/lib/x86_64-linux-gnu:/opt/ros/humble/lib PYTHONPATH=/root/ws_moveit/install/moveit_configs_utils/lib/python3.10/site-packages:/root/ws_moveit/install/moveit_task_constructor_msgs/local/lib/python3.10/dist-packages:/root/ws_moveit/install/moveit_py/local/lib/python3.10/dist-packages:/root/ws_moveit/install/moveit_msgs/local/lib/python3.10/dist-packages:/opt/ros/humble/lib/python3.10/site-packages:/opt/ros/humble/local/lib/python3.10/dist-packages /usr/bin/cmake --install /root/ws_moveit/build/moveit_ros_planning
