[0.013s] Invoking command in '/root/ws_moveit/build/moveit_core': CMAKE_PREFIX_PATH=/root/ws_moveit/install/moveit_resources_panda_moveit_config:/root/ws_moveit/install/moveit_resources_pr2_description:/root/ws_moveit/install/moveit_resources_panda_description:/root/ws_moveit/install/moveit_msgs:/root/ws_moveit/install/moveit_common:/root/ws_moveit/install/robotiq_hardware_tests:/root/ws_moveit/install/robotiq_driver:/root/ws_moveit/install/serial:/root/ws_moveit/install/moveit_visual_tools:/root/ws_moveit/install/rviz_visual_tools:/root/ws_moveit/install/moveit_task_constructor_demo:/root/ws_moveit/install/moveit_task_constructor_capabilities:/root/ws_moveit/install/moveit_task_constructor_core:/root/ws_moveit/install/rviz_marker_tools:/root/ws_moveit/install/kortex_bringup:/root/ws_moveit/install/kortex_description:/root/ws_moveit/install/robotiq_description:/root/ws_moveit/install/robotiq_controllers:/root/ws_moveit/install/pilz_industrial_motion_planner_testutils:/root/ws_moveit/install/moveit_runtime:/root/ws_moveit/install/moveit_planners:/root/ws_moveit/install/pilz_industrial_motion_planner:/root/ws_moveit/install/pick_ik:/root/ws_moveit/install/my_robot:/root/ws_moveit/install/moveit_task_constructor_msgs:/root/ws_moveit/install/moveit_ros_control_interface:/root/ws_moveit/install/moveit_plugins:/root/ws_moveit/install/moveit_simple_controller_manager:/root/ws_moveit/install/moveit_setup_framework:/root/ws_moveit/install/moveit_servo:/root/ws_moveit/install/moveit_ros:/root/ws_moveit/install/moveit_ros_visualization:/root/ws_moveit/install/moveit_py:/root/ws_moveit/install/moveit_hybrid_planning:/root/ws_moveit/install/moveit_ros_planning_interface:/root/ws_moveit/install/moveit_ros_benchmarks:/root/ws_moveit/install/moveit_ros_warehouse:/root/ws_moveit/install/moveit_ros_robot_interaction:/root/ws_moveit/install/moveit_ros_perception:/root/ws_moveit/install/moveit_resources_prbt_pg70_support:/root/ws_moveit/install/moveit_resources_prbt_moveit_config:/root/ws_moveit/install/moveit_ros_move_group:/root/ws_moveit/install/moveit_planners_ompl:/root/ws_moveit/install/moveit_kinematics:/root/ws_moveit/install/moveit_ros_planning:/root/ws_moveit/install/moveit_ros_occupancy_map_monitor:/root/ws_moveit/install/moveit_resources_prbt_support:/root/ws_moveit/install/moveit_resources_prbt_ikfast_manipulator_plugin:/root/ws_moveit/install/moveit_resources:/root/ws_moveit/install/dual_arm_panda_moveit_config:/root/ws_moveit/install/moveit_resources_fanuc_moveit_config:/root/ws_moveit/install/moveit_resources_fanuc_description:/root/ws_moveit/install/moveit_planners_stomp:/root/ws_moveit/install/moveit_planners_chomp:/root/ws_moveit/install/chomp_motion_planner:/root/ws_moveit/install/moveit_core:/root/ws_moveit/install/kortex_driver:/root/ws_moveit/install/kortex_api:/root/ws_moveit/install/moveit_configs_utils:/opt/ros/humble LD_LIBRARY_PATH=/root/ws_moveit/install/moveit_msgs/lib:/root/ws_moveit/install/robotiq_driver/lib:/root/ws_moveit/install/serial/lib:/root/ws_moveit/install/moveit_visual_tools/lib:/root/ws_moveit/install/rviz_visual_tools/lib:/root/ws_moveit/install/moveit_task_constructor_demo/lib:/root/ws_moveit/install/moveit_task_constructor_capabilities/lib:/root/ws_moveit/install/moveit_task_constructor_core/lib:/root/ws_moveit/install/rviz_marker_tools/lib:/root/ws_moveit/install/robotiq_controllers/lib:/root/ws_moveit/install/pilz_industrial_motion_planner_testutils/lib:/root/ws_moveit/install/pilz_industrial_motion_planner/lib:/root/ws_moveit/install/pick_ik/lib:/root/ws_moveit/install/moveit_task_constructor_msgs/lib:/root/ws_moveit/install/moveit_ros_control_interface/lib:/root/ws_moveit/install/moveit_simple_controller_manager/lib:/root/ws_moveit/install/moveit_setup_framework/lib:/root/ws_moveit/install/moveit_servo/lib:/root/ws_moveit/install/moveit_ros_visualization/lib:/root/ws_moveit/install/moveit_py/lib:/root/ws_moveit/install/moveit_hybrid_planning/lib:/root/ws_moveit/install/moveit_ros_planning_interface/lib:/root/ws_moveit/install/moveit_ros_benchmarks/lib:/root/ws_moveit/install/moveit_ros_warehouse/lib:/root/ws_moveit/install/moveit_ros_robot_interaction/lib:/root/ws_moveit/install/moveit_ros_perception/lib:/root/ws_moveit/install/moveit_ros_move_group/lib:/root/ws_moveit/install/moveit_planners_ompl/lib:/root/ws_moveit/install/moveit_kinematics/lib:/root/ws_moveit/install/moveit_ros_planning/lib:/root/ws_moveit/install/moveit_ros_occupancy_map_monitor/lib:/root/ws_moveit/install/moveit_resources_prbt_ikfast_manipulator_plugin/lib:/root/ws_moveit/install/moveit_planners_stomp/lib:/root/ws_moveit/install/moveit_planners_chomp/lib:/root/ws_moveit/install/chomp_motion_planner/lib:/root/ws_moveit/install/moveit_core/lib:/root/ws_moveit/install/kortex_driver/lib:/opt/ros/humble/opt/rviz_ogre_vendor/lib:/opt/ros/humble/lib/x86_64-linux-gnu:/opt/ros/humble/lib /usr/bin/cmake --build /root/ws_moveit/build/moveit_core -- -j20 -l20
[0.074s] [  1%] Built target moveit_butterworth_filter_parameters
[0.077s] [  2%] Built target moveit_acceleration_filter_parameters
[0.078s] [  4%] Built target gmock
[0.081s] [  5%] Built target gtest_main
[0.081s] [  6%] [34m[1mGenerate version header[0m
[0.082s] [  8%] Built target moveit_utils
[0.084s] [ 10%] Built target moveit_smoothing_base
[0.084s] [ 10%] Built target gmock_main
[0.086s] [ 11%] Built target gtest
[0.103s] [ 13%] Built target moveit_exceptions
[0.106s] [ 14%] Built target logger_dut
[0.119s] [ 15%] [34m[1mGenerating version.h[0m
[0.121s] [ 17%] Built target moveit_transforms
[0.124s] [ 19%] Built target moveit_distance_field
[0.126s] [ 19%] Built target version_h
[0.143s] [ 26%] Built target moveit_robot_model
[0.143s] [ 27%] Built target test_transforms
[0.150s] [ 29%] Built target moveit_version
[0.154s] [ 30%] Built target test_distance_field
[0.157s] [ 31%] Built target test_voxel_grid
[0.167s] [ 33%] Built target moveit_butterworth_filter
[0.167s] [ 33%] Built target moveit_kinematics_base
[0.188s] [ 34%] Built target test_butterworth_filter
[0.214s] [ 37%] Built target moveit_robot_state
[0.215s] [ 38%] Built target moveit_test_utils
[0.243s] [ 39%] Built target test_robot_model
[0.246s] [ 40%] Built target robot_state_benchmark
[0.246s] [ 42%] Built target moveit_kinematics_metrics
[0.247s] [ 43%] Built target test_robot_state
[0.248s] [ 44%] Built target moveit_robot_trajectory
[0.257s] [ 45%] Built target test_aabb
[0.257s] [ 46%] Built target test_robot_state_complex
[0.257s] [ 47%] Built target test_cartesian_interpolator
[0.259s] [ 48%] Built target moveit_dynamics_solver
[0.261s] [ 49%] Built target moveit_acceleration_filter
[0.265s] [ 54%] Built target moveit_collision_detection
[0.274s] [ 55%] Built target test_robot_trajectory
[0.278s] [ 57%] Built target moveit_trajectory_processing
[0.289s] [ 58%] Built target test_world_diff
[0.289s] [ 59%] Built target test_acceleration_filter
[0.297s] [ 60%] Built target test_all_valid
[0.297s] [ 61%] Built target test_world
[0.303s] [ 64%] Built target test_time_optimal_trajectory_generation
[0.304s] [ 64%] Built target moveit_collision_detection_fcl
[0.307s] [ 65%] Built target robot_trajectory_benchmark
[0.307s] [ 67%] Built target test_ruckig_traj_smoothing
[0.313s] [ 72%] Built target moveit_collision_detection_bullet
[0.334s] [ 73%] Built target test_fcl_collision_detection
[0.334s] [ 75%] Built target test_fcl_collision_env
[0.334s] [ 75%] Built target test_fcl_collision_detection_panda
[0.335s] [ 76%] Built target moveit_kinematic_constraints
[0.342s] [ 79%] Built target test_bullet_collision_detection
[0.342s] [ 79%] Built target test_bullet_collision_detection_panda
[0.345s] [ 80%] Built target test_bullet_continuous_collision_checking
[0.360s] [ 81%] Built target test_orientation_constraints
[0.361s] [ 82%] Built target test_constraints
[0.363s] [ 83%] Built target moveit_planning_scene
[0.396s] [ 84%] Built target collision_detector_bullet_plugin
[0.397s] [ 85%] Built target test_planning_scene
[0.397s] [ 86%] Built target collision_detector_fcl_plugin
[0.400s] [ 87%] Built target test_collision_objects
[0.401s] [ 90%] Built target moveit_constraint_samplers
[0.402s] [ 92%] Built target test_multi_threaded
[0.403s] [ 93%] Built target moveit_planning_interface
[0.403s] [ 96%] Built target moveit_collision_distance_field
[0.432s] [100%] Built target test_collision_distance_field
[0.432s] [100%] Built target test_constraint_samplers
[0.441s] Invoked command in '/root/ws_moveit/build/moveit_core' returned '0': CMAKE_PREFIX_PATH=/root/ws_moveit/install/moveit_resources_panda_moveit_config:/root/ws_moveit/install/moveit_resources_pr2_description:/root/ws_moveit/install/moveit_resources_panda_description:/root/ws_moveit/install/moveit_msgs:/root/ws_moveit/install/moveit_common:/root/ws_moveit/install/robotiq_hardware_tests:/root/ws_moveit/install/robotiq_driver:/root/ws_moveit/install/serial:/root/ws_moveit/install/moveit_visual_tools:/root/ws_moveit/install/rviz_visual_tools:/root/ws_moveit/install/moveit_task_constructor_demo:/root/ws_moveit/install/moveit_task_constructor_capabilities:/root/ws_moveit/install/moveit_task_constructor_core:/root/ws_moveit/install/rviz_marker_tools:/root/ws_moveit/install/kortex_bringup:/root/ws_moveit/install/kortex_description:/root/ws_moveit/install/robotiq_description:/root/ws_moveit/install/robotiq_controllers:/root/ws_moveit/install/pilz_industrial_motion_planner_testutils:/root/ws_moveit/install/moveit_runtime:/root/ws_moveit/install/moveit_planners:/root/ws_moveit/install/pilz_industrial_motion_planner:/root/ws_moveit/install/pick_ik:/root/ws_moveit/install/my_robot:/root/ws_moveit/install/moveit_task_constructor_msgs:/root/ws_moveit/install/moveit_ros_control_interface:/root/ws_moveit/install/moveit_plugins:/root/ws_moveit/install/moveit_simple_controller_manager:/root/ws_moveit/install/moveit_setup_framework:/root/ws_moveit/install/moveit_servo:/root/ws_moveit/install/moveit_ros:/root/ws_moveit/install/moveit_ros_visualization:/root/ws_moveit/install/moveit_py:/root/ws_moveit/install/moveit_hybrid_planning:/root/ws_moveit/install/moveit_ros_planning_interface:/root/ws_moveit/install/moveit_ros_benchmarks:/root/ws_moveit/install/moveit_ros_warehouse:/root/ws_moveit/install/moveit_ros_robot_interaction:/root/ws_moveit/install/moveit_ros_perception:/root/ws_moveit/install/moveit_resources_prbt_pg70_support:/root/ws_moveit/install/moveit_resources_prbt_moveit_config:/root/ws_moveit/install/moveit_ros_move_group:/root/ws_moveit/install/moveit_planners_ompl:/root/ws_moveit/install/moveit_kinematics:/root/ws_moveit/install/moveit_ros_planning:/root/ws_moveit/install/moveit_ros_occupancy_map_monitor:/root/ws_moveit/install/moveit_resources_prbt_support:/root/ws_moveit/install/moveit_resources_prbt_ikfast_manipulator_plugin:/root/ws_moveit/install/moveit_resources:/root/ws_moveit/install/dual_arm_panda_moveit_config:/root/ws_moveit/install/moveit_resources_fanuc_moveit_config:/root/ws_moveit/install/moveit_resources_fanuc_description:/root/ws_moveit/install/moveit_planners_stomp:/root/ws_moveit/install/moveit_planners_chomp:/root/ws_moveit/install/chomp_motion_planner:/root/ws_moveit/install/moveit_core:/root/ws_moveit/install/kortex_driver:/root/ws_moveit/install/kortex_api:/root/ws_moveit/install/moveit_configs_utils:/opt/ros/humble LD_LIBRARY_PATH=/root/ws_moveit/install/moveit_msgs/lib:/root/ws_moveit/install/robotiq_driver/lib:/root/ws_moveit/install/serial/lib:/root/ws_moveit/install/moveit_visual_tools/lib:/root/ws_moveit/install/rviz_visual_tools/lib:/root/ws_moveit/install/moveit_task_constructor_demo/lib:/root/ws_moveit/install/moveit_task_constructor_capabilities/lib:/root/ws_moveit/install/moveit_task_constructor_core/lib:/root/ws_moveit/install/rviz_marker_tools/lib:/root/ws_moveit/install/robotiq_controllers/lib:/root/ws_moveit/install/pilz_industrial_motion_planner_testutils/lib:/root/ws_moveit/install/pilz_industrial_motion_planner/lib:/root/ws_moveit/install/pick_ik/lib:/root/ws_moveit/install/moveit_task_constructor_msgs/lib:/root/ws_moveit/install/moveit_ros_control_interface/lib:/root/ws_moveit/install/moveit_simple_controller_manager/lib:/root/ws_moveit/install/moveit_setup_framework/lib:/root/ws_moveit/install/moveit_servo/lib:/root/ws_moveit/install/moveit_ros_visualization/lib:/root/ws_moveit/install/moveit_py/lib:/root/ws_moveit/install/moveit_hybrid_planning/lib:/root/ws_moveit/install/moveit_ros_planning_interface/lib:/root/ws_moveit/install/moveit_ros_benchmarks/lib:/root/ws_moveit/install/moveit_ros_warehouse/lib:/root/ws_moveit/install/moveit_ros_robot_interaction/lib:/root/ws_moveit/install/moveit_ros_perception/lib:/root/ws_moveit/install/moveit_ros_move_group/lib:/root/ws_moveit/install/moveit_planners_ompl/lib:/root/ws_moveit/install/moveit_kinematics/lib:/root/ws_moveit/install/moveit_ros_planning/lib:/root/ws_moveit/install/moveit_ros_occupancy_map_monitor/lib:/root/ws_moveit/install/moveit_resources_prbt_ikfast_manipulator_plugin/lib:/root/ws_moveit/install/moveit_planners_stomp/lib:/root/ws_moveit/install/moveit_planners_chomp/lib:/root/ws_moveit/install/chomp_motion_planner/lib:/root/ws_moveit/install/moveit_core/lib:/root/ws_moveit/install/kortex_driver/lib:/opt/ros/humble/opt/rviz_ogre_vendor/lib:/opt/ros/humble/lib/x86_64-linux-gnu:/opt/ros/humble/lib /usr/bin/cmake --build /root/ws_moveit/build/moveit_core -- -j20 -l20
[0.532s] Invoking command in '/root/ws_moveit/build/moveit_core': CMAKE_PREFIX_PATH=/root/ws_moveit/install/moveit_resources_panda_moveit_config:/root/ws_moveit/install/moveit_resources_pr2_description:/root/ws_moveit/install/moveit_resources_panda_description:/root/ws_moveit/install/moveit_msgs:/root/ws_moveit/install/moveit_common:/root/ws_moveit/install/robotiq_hardware_tests:/root/ws_moveit/install/robotiq_driver:/root/ws_moveit/install/serial:/root/ws_moveit/install/moveit_visual_tools:/root/ws_moveit/install/rviz_visual_tools:/root/ws_moveit/install/moveit_task_constructor_demo:/root/ws_moveit/install/moveit_task_constructor_capabilities:/root/ws_moveit/install/moveit_task_constructor_core:/root/ws_moveit/install/rviz_marker_tools:/root/ws_moveit/install/kortex_bringup:/root/ws_moveit/install/kortex_description:/root/ws_moveit/install/robotiq_description:/root/ws_moveit/install/robotiq_controllers:/root/ws_moveit/install/pilz_industrial_motion_planner_testutils:/root/ws_moveit/install/moveit_runtime:/root/ws_moveit/install/moveit_planners:/root/ws_moveit/install/pilz_industrial_motion_planner:/root/ws_moveit/install/pick_ik:/root/ws_moveit/install/my_robot:/root/ws_moveit/install/moveit_task_constructor_msgs:/root/ws_moveit/install/moveit_ros_control_interface:/root/ws_moveit/install/moveit_plugins:/root/ws_moveit/install/moveit_simple_controller_manager:/root/ws_moveit/install/moveit_setup_framework:/root/ws_moveit/install/moveit_servo:/root/ws_moveit/install/moveit_ros:/root/ws_moveit/install/moveit_ros_visualization:/root/ws_moveit/install/moveit_py:/root/ws_moveit/install/moveit_hybrid_planning:/root/ws_moveit/install/moveit_ros_planning_interface:/root/ws_moveit/install/moveit_ros_benchmarks:/root/ws_moveit/install/moveit_ros_warehouse:/root/ws_moveit/install/moveit_ros_robot_interaction:/root/ws_moveit/install/moveit_ros_perception:/root/ws_moveit/install/moveit_resources_prbt_pg70_support:/root/ws_moveit/install/moveit_resources_prbt_moveit_config:/root/ws_moveit/install/moveit_ros_move_group:/root/ws_moveit/install/moveit_planners_ompl:/root/ws_moveit/install/moveit_kinematics:/root/ws_moveit/install/moveit_ros_planning:/root/ws_moveit/install/moveit_ros_occupancy_map_monitor:/root/ws_moveit/install/moveit_resources_prbt_support:/root/ws_moveit/install/moveit_resources_prbt_ikfast_manipulator_plugin:/root/ws_moveit/install/moveit_resources:/root/ws_moveit/install/dual_arm_panda_moveit_config:/root/ws_moveit/install/moveit_resources_fanuc_moveit_config:/root/ws_moveit/install/moveit_resources_fanuc_description:/root/ws_moveit/install/moveit_planners_stomp:/root/ws_moveit/install/moveit_planners_chomp:/root/ws_moveit/install/chomp_motion_planner:/root/ws_moveit/install/moveit_core:/root/ws_moveit/install/kortex_driver:/root/ws_moveit/install/kortex_api:/root/ws_moveit/install/moveit_configs_utils:/opt/ros/humble LD_LIBRARY_PATH=/root/ws_moveit/install/moveit_msgs/lib:/root/ws_moveit/install/robotiq_driver/lib:/root/ws_moveit/install/serial/lib:/root/ws_moveit/install/moveit_visual_tools/lib:/root/ws_moveit/install/rviz_visual_tools/lib:/root/ws_moveit/install/moveit_task_constructor_demo/lib:/root/ws_moveit/install/moveit_task_constructor_capabilities/lib:/root/ws_moveit/install/moveit_task_constructor_core/lib:/root/ws_moveit/install/rviz_marker_tools/lib:/root/ws_moveit/install/robotiq_controllers/lib:/root/ws_moveit/install/pilz_industrial_motion_planner_testutils/lib:/root/ws_moveit/install/pilz_industrial_motion_planner/lib:/root/ws_moveit/install/pick_ik/lib:/root/ws_moveit/install/moveit_task_constructor_msgs/lib:/root/ws_moveit/install/moveit_ros_control_interface/lib:/root/ws_moveit/install/moveit_simple_controller_manager/lib:/root/ws_moveit/install/moveit_setup_framework/lib:/root/ws_moveit/install/moveit_servo/lib:/root/ws_moveit/install/moveit_ros_visualization/lib:/root/ws_moveit/install/moveit_py/lib:/root/ws_moveit/install/moveit_hybrid_planning/lib:/root/ws_moveit/install/moveit_ros_planning_interface/lib:/root/ws_moveit/install/moveit_ros_benchmarks/lib:/root/ws_moveit/install/moveit_ros_warehouse/lib:/root/ws_moveit/install/moveit_ros_robot_interaction/lib:/root/ws_moveit/install/moveit_ros_perception/lib:/root/ws_moveit/install/moveit_ros_move_group/lib:/root/ws_moveit/install/moveit_planners_ompl/lib:/root/ws_moveit/install/moveit_kinematics/lib:/root/ws_moveit/install/moveit_ros_planning/lib:/root/ws_moveit/install/moveit_ros_occupancy_map_monitor/lib:/root/ws_moveit/install/moveit_resources_prbt_ikfast_manipulator_plugin/lib:/root/ws_moveit/install/moveit_planners_stomp/lib:/root/ws_moveit/install/moveit_planners_chomp/lib:/root/ws_moveit/install/chomp_motion_planner/lib:/root/ws_moveit/install/moveit_core/lib:/root/ws_moveit/install/kortex_driver/lib:/opt/ros/humble/opt/rviz_ogre_vendor/lib:/opt/ros/humble/lib/x86_64-linux-gnu:/opt/ros/humble/lib /usr/bin/cmake --install /root/ws_moveit/build/moveit_core
[0.538s] -- Install configuration: "Release"
[0.538s] -- Up-to-date: /root/ws_moveit/install/moveit_core/include/moveit_core
[0.539s] -- Up-to-date: /root/ws_moveit/install/moveit_core/include/moveit_core/moveit
[0.539s] -- Up-to-date: /root/ws_moveit/install/moveit_core/include/moveit_core/moveit/collision_detection_bullet
[0.539s] -- Up-to-date: /root/ws_moveit/install/moveit_core/include/moveit_core/moveit/collision_detection_bullet/collision_env_bullet.h
[0.539s] -- Up-to-date: /root/ws_moveit/install/moveit_core/include/moveit_core/moveit/collision_detection_bullet/collision_detector_bullet_plugin_loader.h
[0.539s] -- Up-to-date: /root/ws_moveit/install/moveit_core/include/moveit_core/moveit/collision_detection_bullet/collision_detector_allocator_bullet.h
[0.539s] -- Up-to-date: /root/ws_moveit/install/moveit_core/include/moveit_core/moveit/collision_detection_bullet/bullet_integration
[0.539s] -- Up-to-date: /root/ws_moveit/install/moveit_core/include/moveit_core/moveit/collision_detection_bullet/bullet_integration/contact_checker_common.h
[0.539s] -- Up-to-date: /root/ws_moveit/install/moveit_core/include/moveit_core/moveit/collision_detection_bullet/bullet_integration/bullet_discrete_bvh_manager.h
[0.539s] -- Up-to-date: /root/ws_moveit/install/moveit_core/include/moveit_core/moveit/collision_detection_bullet/bullet_integration/ros_bullet_utils.h
[0.539s] -- Up-to-date: /root/ws_moveit/install/moveit_core/include/moveit_core/moveit/collision_detection_bullet/bullet_integration/basic_types.h
[0.539s] -- Up-to-date: /root/ws_moveit/install/moveit_core/include/moveit_core/moveit/collision_detection_bullet/bullet_integration/bullet_bvh_manager.h
[0.539s] -- Up-to-date: /root/ws_moveit/install/moveit_core/include/moveit_core/moveit/collision_detection_bullet/bullet_integration/bullet_utils.h
[0.539s] -- Up-to-date: /root/ws_moveit/install/moveit_core/include/moveit_core/moveit/collision_detection_bullet/bullet_integration/bullet_cast_bvh_manager.h
[0.539s] -- Up-to-date: /root/ws_moveit/install/moveit_core/include/moveit_core/moveit_collision_detection_bullet_export.h
[0.539s] -- Up-to-date: /root/ws_moveit/install/moveit_core/include/moveit_core
[0.539s] -- Up-to-date: /root/ws_moveit/install/moveit_core/include/moveit_core/moveit
[0.539s] -- Up-to-date: /root/ws_moveit/install/moveit_core/include/moveit_core/moveit/collision_detection_fcl
[0.540s] -- Up-to-date: /root/ws_moveit/install/moveit_core/include/moveit_core/moveit/collision_detection_fcl/collision_env_fcl.h
[0.540s] -- Up-to-date: /root/ws_moveit/install/moveit_core/include/moveit_core/moveit/collision_detection_fcl/fcl_compat.h
[0.540s] -- Up-to-date: /root/ws_moveit/install/moveit_core/include/moveit_core/moveit/collision_detection_fcl/collision_common.h
[0.540s] -- Up-to-date: /root/ws_moveit/install/moveit_core/include/moveit_core/moveit/collision_detection_fcl/collision_detector_allocator_fcl.h
[0.540s] -- Up-to-date: /root/ws_moveit/install/moveit_core/include/moveit_core/moveit/collision_detection_fcl/collision_detector_fcl_plugin_loader.h
[0.540s] -- Up-to-date: /root/ws_moveit/install/moveit_core/include/moveit_core/moveit_collision_detection_fcl_export.h
[0.540s] -- Up-to-date: /root/ws_moveit/install/moveit_core/include/moveit_core
[0.540s] -- Up-to-date: /root/ws_moveit/install/moveit_core/include/moveit_core/moveit
[0.540s] -- Up-to-date: /root/ws_moveit/install/moveit_core/include/moveit_core/moveit/collision_detection
[0.540s] -- Up-to-date: /root/ws_moveit/install/moveit_core/include/moveit_core/moveit/collision_detection/world_diff.h
[0.540s] -- Up-to-date: /root/ws_moveit/install/moveit_core/include/moveit_core/moveit/collision_detection/collision_octomap_filter.h
[0.540s] -- Up-to-date: /root/ws_moveit/install/moveit_core/include/moveit_core/moveit/collision_detection/collision_matrix.h
[0.540s] -- Up-to-date: /root/ws_moveit/install/moveit_core/include/moveit_core/moveit/collision_detection/collision_detector_allocator.h
[0.540s] -- Up-to-date: /root/ws_moveit/install/moveit_core/include/moveit_core/moveit/collision_detection/test_collision_common_panda.h
[0.540s] -- Up-to-date: /root/ws_moveit/install/moveit_core/include/moveit_core/moveit/collision_detection/collision_plugin.h
[0.540s] -- Up-to-date: /root/ws_moveit/install/moveit_core/include/moveit_core/moveit/collision_detection/collision_tools.h
[0.540s] -- Up-to-date: /root/ws_moveit/install/moveit_core/include/moveit_core/moveit/collision_detection/world.h
[0.540s] -- Up-to-date: /root/ws_moveit/install/moveit_core/include/moveit_core/moveit/collision_detection/collision_plugin_cache.h
[0.540s] -- Up-to-date: /root/ws_moveit/install/moveit_core/include/moveit_core/moveit/collision_detection/collision_common.h
[0.540s] -- Up-to-date: /root/ws_moveit/install/moveit_core/include/moveit_core/moveit/collision_detection/test_collision_common_pr2.h
[0.540s] -- Up-to-date: /root/ws_moveit/install/moveit_core/include/moveit_core/moveit/collision_detection/allvalid
[0.540s] -- Up-to-date: /root/ws_moveit/install/moveit_core/include/moveit_core/moveit/collision_detection/allvalid/collision_env_allvalid.h
[0.540s] -- Up-to-date: /root/ws_moveit/install/moveit_core/include/moveit_core/moveit/collision_detection/allvalid/collision_detector_allocator_allvalid.h
[0.540s] -- Up-to-date: /root/ws_moveit/install/moveit_core/include/moveit_core/moveit/collision_detection/collision_env.h
[0.540s] -- Up-to-date: /root/ws_moveit/install/moveit_core/include/moveit_core/moveit/collision_detection/occupancy_map.h
[0.540s] -- Up-to-date: /root/ws_moveit/install/moveit_core/include/moveit_core/moveit_collision_detection_export.h
[0.541s] -- Up-to-date: /root/ws_moveit/install/moveit_core/include/moveit_core
[0.541s] -- Up-to-date: /root/ws_moveit/install/moveit_core/include/moveit_core/moveit
[0.541s] -- Up-to-date: /root/ws_moveit/install/moveit_core/include/moveit_core/moveit/collision_distance_field
[0.541s] -- Up-to-date: /root/ws_moveit/install/moveit_core/include/moveit_core/moveit/collision_distance_field/collision_env_hybrid.h
[0.541s] -- Up-to-date: /root/ws_moveit/install/moveit_core/include/moveit_core/moveit/collision_distance_field/collision_detector_allocator_distance_field.h
[0.541s] -- Up-to-date: /root/ws_moveit/install/moveit_core/include/moveit_core/moveit/collision_distance_field/collision_env_distance_field.h
[0.541s] -- Up-to-date: /root/ws_moveit/install/moveit_core/include/moveit_core/moveit/collision_distance_field/collision_common_distance_field.h
[0.541s] -- Up-to-date: /root/ws_moveit/install/moveit_core/include/moveit_core/moveit/collision_distance_field/collision_distance_field_types.h
[0.541s] -- Up-to-date: /root/ws_moveit/install/moveit_core/include/moveit_core/moveit/collision_distance_field/collision_detector_allocator_hybrid.h
[0.541s] -- Up-to-date: /root/ws_moveit/install/moveit_core/include/moveit_core/moveit_collision_distance_field_export.h
[0.541s] -- Up-to-date: /root/ws_moveit/install/moveit_core/include/moveit_core
[0.541s] -- Up-to-date: /root/ws_moveit/install/moveit_core/include/moveit_core/moveit
[0.541s] -- Up-to-date: /root/ws_moveit/install/moveit_core/include/moveit_core/moveit/constraint_samplers
[0.541s] -- Up-to-date: /root/ws_moveit/install/moveit_core/include/moveit_core/moveit/constraint_samplers/union_constraint_sampler.h
[0.541s] -- Up-to-date: /root/ws_moveit/install/moveit_core/include/moveit_core/moveit/constraint_samplers/constraint_sampler.h
[0.541s] -- Up-to-date: /root/ws_moveit/install/moveit_core/include/moveit_core/moveit/constraint_samplers/default_constraint_samplers.h
[0.541s] -- Up-to-date: /root/ws_moveit/install/moveit_core/include/moveit_core/moveit/constraint_samplers/constraint_sampler_allocator.h
[0.541s] -- Up-to-date: /root/ws_moveit/install/moveit_core/include/moveit_core/moveit/constraint_samplers/constraint_sampler_manager.h
[0.541s] -- Up-to-date: /root/ws_moveit/install/moveit_core/include/moveit_core/moveit/constraint_samplers/constraint_sampler_tools.h
[0.541s] -- Up-to-date: /root/ws_moveit/install/moveit_core/include/moveit_core
[0.541s] -- Up-to-date: /root/ws_moveit/install/moveit_core/include/moveit_core/moveit
[0.541s] -- Up-to-date: /root/ws_moveit/install/moveit_core/include/moveit_core/moveit/controller_manager
[0.542s] -- Up-to-date: /root/ws_moveit/install/moveit_core/include/moveit_core/moveit/controller_manager/controller_manager.h
[0.542s] -- Up-to-date: /root/ws_moveit/install/moveit_core/include/moveit_core
[0.542s] -- Up-to-date: /root/ws_moveit/install/moveit_core/include/moveit_core/moveit
[0.542s] -- Up-to-date: /root/ws_moveit/install/moveit_core/include/moveit_core/moveit/distance_field
[0.542s] -- Up-to-date: /root/ws_moveit/install/moveit_core/include/moveit_core/moveit/distance_field/propagation_distance_field.h
[0.542s] -- Up-to-date: /root/ws_moveit/install/moveit_core/include/moveit_core/moveit/distance_field/voxel_grid.h
[0.542s] -- Up-to-date: /root/ws_moveit/install/moveit_core/include/moveit_core/moveit/distance_field/distance_field.h
[0.542s] -- Up-to-date: /root/ws_moveit/install/moveit_core/include/moveit_core/moveit/distance_field/find_internal_points.h
[0.542s] -- Up-to-date: /root/ws_moveit/install/moveit_core/include/moveit_core
[0.542s] -- Up-to-date: /root/ws_moveit/install/moveit_core/include/moveit_core/moveit
[0.542s] -- Up-to-date: /root/ws_moveit/install/moveit_core/include/moveit_core/moveit/dynamics_solver
[0.542s] -- Up-to-date: /root/ws_moveit/install/moveit_core/include/moveit_core/moveit/dynamics_solver/dynamics_solver.h
[0.543s] -- Up-to-date: /root/ws_moveit/install/moveit_core/include/moveit_core
[0.543s] -- Up-to-date: /root/ws_moveit/install/moveit_core/include/moveit_core/moveit
[0.543s] -- Up-to-date: /root/ws_moveit/install/moveit_core/include/moveit_core/moveit/exceptions
[0.543s] -- Up-to-date: /root/ws_moveit/install/moveit_core/include/moveit_core/moveit/exceptions/exceptions.h
[0.543s] -- Up-to-date: /root/ws_moveit/install/moveit_core/include/moveit_core
[0.543s] -- Up-to-date: /root/ws_moveit/install/moveit_core/include/moveit_core/moveit
[0.543s] -- Up-to-date: /root/ws_moveit/install/moveit_core/include/moveit_core/moveit/kinematic_constraints
[0.543s] -- Up-to-date: /root/ws_moveit/install/moveit_core/include/moveit_core/moveit/kinematic_constraints/kinematic_constraint.h
[0.543s] -- Up-to-date: /root/ws_moveit/install/moveit_core/include/moveit_core/moveit/kinematic_constraints/utils.h
[0.543s] -- Up-to-date: /root/ws_moveit/install/moveit_core/include/moveit_core
[0.543s] -- Up-to-date: /root/ws_moveit/install/moveit_core/include/moveit_core/moveit
[0.543s] -- Up-to-date: /root/ws_moveit/install/moveit_core/include/moveit_core/moveit/kinematics_base
[0.544s] -- Up-to-date: /root/ws_moveit/install/moveit_core/include/moveit_core/moveit/kinematics_base/kinematics_base.h
[0.544s] -- Up-to-date: /root/ws_moveit/install/moveit_core/include/moveit_core/moveit_kinematics_base_export.h
[0.544s] -- Up-to-date: /root/ws_moveit/install/moveit_core/include/moveit_core
[0.544s] -- Up-to-date: /root/ws_moveit/install/moveit_core/include/moveit_core/moveit
[0.544s] -- Up-to-date: /root/ws_moveit/install/moveit_core/include/moveit_core/moveit/kinematics_metrics
[0.544s] -- Up-to-date: /root/ws_moveit/install/moveit_core/include/moveit_core/moveit/kinematics_metrics/kinematics_metrics.h
[0.544s] -- Up-to-date: /root/ws_moveit/install/moveit_core/include/moveit_core
[0.544s] -- Up-to-date: /root/ws_moveit/install/moveit_core/include/moveit_core/moveit
[0.544s] -- Up-to-date: /root/ws_moveit/install/moveit_core/include/moveit_core/moveit/macros
[0.544s] -- Up-to-date: /root/ws_moveit/install/moveit_core/include/moveit_core/moveit/macros/console_colors.h
[0.544s] -- Up-to-date: /root/ws_moveit/install/moveit_core/include/moveit_core/moveit/macros/deprecation.h
[0.544s] -- Up-to-date: /root/ws_moveit/install/moveit_core/include/moveit_core/moveit/macros/class_forward.h
[0.544s] -- Up-to-date: /root/ws_moveit/install/moveit_core/include/moveit_core/moveit/macros/declare_ptr.h
[0.544s] -- Up-to-date: /root/ws_moveit/install/moveit_core/include/moveit_butterworth_filter_parameters
[0.544s] -- Up-to-date: /root/ws_moveit/install/moveit_core/include/moveit_butterworth_filter_parameters/moveit_butterworth_filter_parameters.hpp
[0.544s] -- Up-to-date: /root/ws_moveit/install/moveit_core/include/moveit_acceleration_filter_parameters
[0.545s] -- Up-to-date: /root/ws_moveit/install/moveit_core/include/moveit_acceleration_filter_parameters/moveit_acceleration_filter_parameters.hpp
[0.545s] -- Up-to-date: /root/ws_moveit/install/moveit_core/include/moveit_core
[0.545s] -- Up-to-date: /root/ws_moveit/install/moveit_core/include/moveit_core/moveit
[0.545s] -- Up-to-date: /root/ws_moveit/install/moveit_core/include/moveit_core/moveit/online_signal_smoothing
[0.545s] -- Up-to-date: /root/ws_moveit/install/moveit_core/include/moveit_core/moveit/online_signal_smoothing/acceleration_filter.h
[0.545s] -- Up-to-date: /root/ws_moveit/install/moveit_core/include/moveit_core/moveit/online_signal_smoothing/smoothing_base_class.h
[0.545s] -- Up-to-date: /root/ws_moveit/install/moveit_core/include/moveit_core/moveit/online_signal_smoothing/butterworth_filter.h
[0.545s] -- Up-to-date: /root/ws_moveit/install/moveit_core/include/moveit_core/moveit_smoothing_base_export.h
[0.545s] -- Up-to-date: /root/ws_moveit/install/moveit_core/include/moveit_core/moveit_butterworth_filter_export.h
[0.545s] -- Up-to-date: /root/ws_moveit/install/moveit_core/include/moveit_core/moveit_acceleration_filter_export.h
[0.545s] -- Up-to-date: /root/ws_moveit/install/moveit_core/include/moveit_core
[0.545s] -- Up-to-date: /root/ws_moveit/install/moveit_core/include/moveit_core/moveit
[0.545s] -- Up-to-date: /root/ws_moveit/install/moveit_core/include/moveit_core/moveit/planning_interface
[0.545s] -- Up-to-date: /root/ws_moveit/install/moveit_core/include/moveit_core/moveit/planning_interface/planning_request.h
[0.545s] -- Up-to-date: /root/ws_moveit/install/moveit_core/include/moveit_core/moveit/planning_interface/planning_interface.h
[0.545s] -- Up-to-date: /root/ws_moveit/install/moveit_core/include/moveit_core/moveit/planning_interface/planning_response_adapter.h
[0.545s] -- Up-to-date: /root/ws_moveit/install/moveit_core/include/moveit_core/moveit/planning_interface/planning_request_adapter.h
[0.545s] -- Up-to-date: /root/ws_moveit/install/moveit_core/include/moveit_core/moveit/planning_interface/planning_response.h
[0.545s] -- Up-to-date: /root/ws_moveit/install/moveit_core/include/moveit_core
[0.545s] -- Up-to-date: /root/ws_moveit/install/moveit_core/include/moveit_core/moveit
[0.545s] -- Up-to-date: /root/ws_moveit/install/moveit_core/include/moveit_core/moveit/planning_scene
[0.546s] -- Up-to-date: /root/ws_moveit/install/moveit_core/include/moveit_core/moveit/planning_scene/planning_scene.h
[0.546s] -- Up-to-date: /root/ws_moveit/install/moveit_core/include/moveit_core/moveit_planning_scene_export.h
[0.546s] -- Up-to-date: /root/ws_moveit/install/moveit_core/include/moveit_core
[0.546s] -- Up-to-date: /root/ws_moveit/install/moveit_core/include/moveit_core/moveit
[0.546s] -- Up-to-date: /root/ws_moveit/install/moveit_core/include/moveit_core/moveit/robot_model
[0.546s] -- Up-to-date: /root/ws_moveit/install/moveit_core/include/moveit_core/moveit/robot_model/floating_joint_model.h
[0.546s] -- Up-to-date: /root/ws_moveit/install/moveit_core/include/moveit_core/moveit/robot_model/revolute_joint_model.h
[0.546s] -- Up-to-date: /root/ws_moveit/install/moveit_core/include/moveit_core/moveit/robot_model/robot_model.h
[0.546s] -- Up-to-date: /root/ws_moveit/install/moveit_core/include/moveit_core/moveit/robot_model/joint_model.h
[0.546s] -- Up-to-date: /root/ws_moveit/install/moveit_core/include/moveit_core/moveit/robot_model/fixed_joint_model.h
[0.546s] -- Up-to-date: /root/ws_moveit/install/moveit_core/include/moveit_core/moveit/robot_model/joint_model_group.h
[0.546s] -- Up-to-date: /root/ws_moveit/install/moveit_core/include/moveit_core/moveit/robot_model/aabb.h
[0.546s] -- Up-to-date: /root/ws_moveit/install/moveit_core/include/moveit_core/moveit/robot_model/link_model.h
[0.546s] -- Up-to-date: /root/ws_moveit/install/moveit_core/include/moveit_core/moveit/robot_model/prismatic_joint_model.h
[0.546s] -- Up-to-date: /root/ws_moveit/install/moveit_core/include/moveit_core/moveit/robot_model/planar_joint_model.h
[0.546s] -- Up-to-date: /root/ws_moveit/install/moveit_core/include/moveit_core
[0.546s] -- Up-to-date: /root/ws_moveit/install/moveit_core/include/moveit_core/moveit
[0.546s] -- Up-to-date: /root/ws_moveit/install/moveit_core/include/moveit_core/moveit/robot_state
[0.546s] -- Up-to-date: /root/ws_moveit/install/moveit_core/include/moveit_core/moveit/robot_state/cartesian_interpolator.h
[0.546s] -- Up-to-date: /root/ws_moveit/install/moveit_core/include/moveit_core/moveit/robot_state/attached_body.h
[0.546s] -- Up-to-date: /root/ws_moveit/install/moveit_core/include/moveit_core/moveit/robot_state/conversions.h
[0.546s] -- Up-to-date: /root/ws_moveit/install/moveit_core/include/moveit_core/moveit/robot_state/robot_state.h
[0.546s] -- Up-to-date: /root/ws_moveit/install/moveit_core/include/moveit_core
[0.546s] -- Up-to-date: /root/ws_moveit/install/moveit_core/include/moveit_core/moveit
[0.546s] -- Up-to-date: /root/ws_moveit/install/moveit_core/include/moveit_core/moveit/robot_trajectory
[0.546s] -- Up-to-date: /root/ws_moveit/install/moveit_core/include/moveit_core/moveit/robot_trajectory/robot_trajectory.h
[0.546s] -- Up-to-date: /root/ws_moveit/install/moveit_core/include/moveit_core
[0.546s] -- Up-to-date: /root/ws_moveit/install/moveit_core/include/moveit_core/moveit
[0.547s] -- Up-to-date: /root/ws_moveit/install/moveit_core/include/moveit_core/moveit/trajectory_processing
[0.547s] -- Up-to-date: /root/ws_moveit/install/moveit_core/include/moveit_core/moveit/trajectory_processing/trajectory_tools.h
[0.547s] -- Up-to-date: /root/ws_moveit/install/moveit_core/include/moveit_core/moveit/trajectory_processing/ruckig_traj_smoothing.h
[0.547s] -- Up-to-date: /root/ws_moveit/install/moveit_core/include/moveit_core/moveit/trajectory_processing/time_optimal_trajectory_generation.h
[0.547s] -- Up-to-date: /root/ws_moveit/install/moveit_core/include/moveit_core/moveit/trajectory_processing/time_parameterization.h
[0.547s] -- Up-to-date: /root/ws_moveit/install/moveit_core/include/moveit_core
[0.547s] -- Up-to-date: /root/ws_moveit/install/moveit_core/include/moveit_core/moveit
[0.547s] -- Up-to-date: /root/ws_moveit/install/moveit_core/include/moveit_core/moveit/transforms
[0.547s] -- Up-to-date: /root/ws_moveit/install/moveit_core/include/moveit_core/moveit/transforms/transforms.h
[0.547s] -- Up-to-date: /root/ws_moveit/install/moveit_core/include/moveit_core
[0.547s] -- Up-to-date: /root/ws_moveit/install/moveit_core/include/moveit_core/moveit
[0.547s] -- Up-to-date: /root/ws_moveit/install/moveit_core/include/moveit_core/moveit/utils
[0.547s] -- Up-to-date: /root/ws_moveit/install/moveit_core/include/moveit_core/moveit/utils/eigen_test_utils.h
[0.547s] -- Up-to-date: /root/ws_moveit/install/moveit_core/include/moveit_core/moveit/utils/rclcpp_utils.h
[0.547s] -- Up-to-date: /root/ws_moveit/install/moveit_core/include/moveit_core/moveit/utils/moveit_error_code.h
[0.547s] -- Up-to-date: /root/ws_moveit/install/moveit_core/include/moveit_core/moveit/utils/message_checks.h
[0.547s] -- Up-to-date: /root/ws_moveit/install/moveit_core/include/moveit_core/moveit/utils/lexical_casts.h
[0.547s] -- Up-to-date: /root/ws_moveit/install/moveit_core/include/moveit_core/moveit/utils/logger.hpp
[0.548s] -- Up-to-date: /root/ws_moveit/install/moveit_core/include/moveit_core/moveit/utils/robot_model_test_utils.h
[0.548s] -- Up-to-date: /root/ws_moveit/install/moveit_core/lib/moveit_core/logger_dut
[0.549s] -- Up-to-date: /root/ws_moveit/install/moveit_core/include/moveit_core/moveit/version.h
[0.549s] -- Up-to-date: /root/ws_moveit/install/moveit_core/bin/moveit_version
[0.549s] -- Up-to-date: /root/ws_moveit/install/moveit_core/lib/libcollision_detector_bullet_plugin.so.2.9.0
[0.549s] -- Up-to-date: /root/ws_moveit/install/moveit_core/lib/libcollision_detector_bullet_plugin.so
[0.550s] -- Up-to-date: /root/ws_moveit/install/moveit_core/lib/libcollision_detector_fcl_plugin.so.2.9.0
[0.550s] -- Up-to-date: /root/ws_moveit/install/moveit_core/lib/libcollision_detector_fcl_plugin.so
[0.550s] -- Up-to-date: /root/ws_moveit/install/moveit_core/lib/libmoveit_acceleration_filter.so.2.9.0
[0.550s] -- Up-to-date: /root/ws_moveit/install/moveit_core/lib/libmoveit_acceleration_filter.so
[0.551s] -- Up-to-date: /root/ws_moveit/install/moveit_core/lib/libmoveit_butterworth_filter.so.2.9.0
[0.551s] -- Up-to-date: /root/ws_moveit/install/moveit_core/lib/libmoveit_butterworth_filter.so
[0.551s] -- Up-to-date: /root/ws_moveit/install/moveit_core/lib/libmoveit_collision_detection.so.2.9.0
[0.551s] -- Up-to-date: /root/ws_moveit/install/moveit_core/lib/libmoveit_collision_detection.so
[0.552s] -- Up-to-date: /root/ws_moveit/install/moveit_core/lib/libmoveit_collision_detection_bullet.so.2.9.0
[0.552s] -- Up-to-date: /root/ws_moveit/install/moveit_core/lib/libmoveit_collision_detection_bullet.so
[0.552s] -- Up-to-date: /root/ws_moveit/install/moveit_core/lib/libmoveit_collision_detection_fcl.so.2.9.0
[0.553s] -- Up-to-date: /root/ws_moveit/install/moveit_core/lib/libmoveit_collision_detection_fcl.so
[0.553s] -- Up-to-date: /root/ws_moveit/install/moveit_core/lib/libmoveit_collision_distance_field.so.2.9.0
[0.553s] -- Up-to-date: /root/ws_moveit/install/moveit_core/lib/libmoveit_collision_distance_field.so
[0.554s] -- Up-to-date: /root/ws_moveit/install/moveit_core/lib/libmoveit_constraint_samplers.so.2.9.0
[0.554s] -- Up-to-date: /root/ws_moveit/install/moveit_core/lib/libmoveit_constraint_samplers.so
[0.554s] -- Up-to-date: /root/ws_moveit/install/moveit_core/lib/libmoveit_distance_field.so.2.9.0
[0.554s] -- Up-to-date: /root/ws_moveit/install/moveit_core/lib/libmoveit_distance_field.so
[0.555s] -- Up-to-date: /root/ws_moveit/install/moveit_core/lib/libmoveit_dynamics_solver.so.2.9.0
[0.555s] -- Up-to-date: /root/ws_moveit/install/moveit_core/lib/libmoveit_dynamics_solver.so
[0.555s] -- Up-to-date: /root/ws_moveit/install/moveit_core/lib/libmoveit_exceptions.so.2.9.0
[0.555s] -- Up-to-date: /root/ws_moveit/install/moveit_core/lib/libmoveit_exceptions.so
[0.556s] -- Up-to-date: /root/ws_moveit/install/moveit_core/lib/libmoveit_kinematic_constraints.so.2.9.0
[0.556s] -- Up-to-date: /root/ws_moveit/install/moveit_core/lib/libmoveit_kinematic_constraints.so
[0.556s] -- Up-to-date: /root/ws_moveit/install/moveit_core/lib/libmoveit_kinematics_base.so
[0.557s] -- Up-to-date: /root/ws_moveit/install/moveit_core/lib/libmoveit_kinematics_metrics.so.2.9.0
[0.557s] -- Up-to-date: /root/ws_moveit/install/moveit_core/lib/libmoveit_kinematics_metrics.so
[0.557s] -- Up-to-date: /root/ws_moveit/install/moveit_core/lib/libmoveit_planning_interface.so.2.9.0
[0.558s] -- Up-to-date: /root/ws_moveit/install/moveit_core/lib/libmoveit_planning_interface.so
[0.559s] -- Up-to-date: /root/ws_moveit/install/moveit_core/lib/libmoveit_planning_scene.so.2.9.0
[0.559s] -- Up-to-date: /root/ws_moveit/install/moveit_core/lib/libmoveit_planning_scene.so
[0.559s] -- Up-to-date: /root/ws_moveit/install/moveit_core/lib/libmoveit_robot_model.so.2.9.0
[0.559s] -- Up-to-date: /root/ws_moveit/install/moveit_core/lib/libmoveit_robot_model.so
[0.560s] -- Up-to-date: /root/ws_moveit/install/moveit_core/lib/libmoveit_robot_state.so.2.9.0
[0.560s] -- Up-to-date: /root/ws_moveit/install/moveit_core/lib/libmoveit_robot_state.so
[0.560s] -- Up-to-date: /root/ws_moveit/install/moveit_core/lib/libmoveit_robot_trajectory.so.2.9.0
[0.561s] -- Up-to-date: /root/ws_moveit/install/moveit_core/lib/libmoveit_robot_trajectory.so
[0.561s] -- Up-to-date: /root/ws_moveit/install/moveit_core/lib/libmoveit_smoothing_base.so.2.9.0
[0.561s] -- Up-to-date: /root/ws_moveit/install/moveit_core/lib/libmoveit_smoothing_base.so
[0.561s] -- Up-to-date: /root/ws_moveit/install/moveit_core/lib/libmoveit_test_utils.so.2.9.0
[0.561s] -- Up-to-date: /root/ws_moveit/install/moveit_core/lib/libmoveit_test_utils.so
[0.562s] -- Up-to-date: /root/ws_moveit/install/moveit_core/lib/libmoveit_trajectory_processing.so.2.9.0
[0.562s] -- Up-to-date: /root/ws_moveit/install/moveit_core/lib/libmoveit_trajectory_processing.so
[0.562s] -- Up-to-date: /root/ws_moveit/install/moveit_core/lib/libmoveit_transforms.so.2.9.0
[0.562s] -- Up-to-date: /root/ws_moveit/install/moveit_core/lib/libmoveit_transforms.so
[0.563s] -- Up-to-date: /root/ws_moveit/install/moveit_core/lib/libmoveit_utils.so.2.9.0
[0.563s] -- Up-to-date: /root/ws_moveit/install/moveit_core/lib/libmoveit_utils.so
[0.563s] -- Up-to-date: /root/ws_moveit/install/moveit_core/share/moveit_core/environment/library_path.sh
[0.563s] -- Up-to-date: /root/ws_moveit/install/moveit_core/share/moveit_core/environment/library_path.dsv
[0.563s] -- Up-to-date: /root/ws_moveit/install/moveit_core/share/moveit_core/collision_detector_fcl_description.xml
[0.563s] -- Up-to-date: /root/ws_moveit/install/moveit_core/share/moveit_core/collision_detector_bullet_description.xml
[0.563s] -- Up-to-date: /root/ws_moveit/install/moveit_core/share/moveit_core/filter_plugin_butterworth.xml
[0.563s] -- Up-to-date: /root/ws_moveit/install/moveit_core/share/moveit_core/filter_plugin_acceleration.xml
[0.563s] -- Up-to-date: /root/ws_moveit/install/moveit_core/share/ament_index/resource_index/package_run_dependencies/moveit_core
[0.563s] -- Up-to-date: /root/ws_moveit/install/moveit_core/share/ament_index/resource_index/parent_prefix_path/moveit_core
[0.563s] -- Up-to-date: /root/ws_moveit/install/moveit_core/share/moveit_core/environment/ament_prefix_path.sh
[0.563s] -- Up-to-date: /root/ws_moveit/install/moveit_core/share/moveit_core/environment/ament_prefix_path.dsv
[0.563s] -- Up-to-date: /root/ws_moveit/install/moveit_core/share/moveit_core/environment/path.sh
[0.563s] -- Up-to-date: /root/ws_moveit/install/moveit_core/share/moveit_core/environment/path.dsv
[0.563s] -- Up-to-date: /root/ws_moveit/install/moveit_core/share/moveit_core/local_setup.bash
[0.563s] -- Up-to-date: /root/ws_moveit/install/moveit_core/share/moveit_core/local_setup.sh
[0.563s] -- Up-to-date: /root/ws_moveit/install/moveit_core/share/moveit_core/local_setup.zsh
[0.563s] -- Up-to-date: /root/ws_moveit/install/moveit_core/share/moveit_core/local_setup.dsv
[0.563s] -- Installing: /root/ws_moveit/install/moveit_core/share/moveit_core/package.dsv
[0.564s] -- Up-to-date: /root/ws_moveit/install/moveit_core/share/ament_index/resource_index/packages/moveit_core
[0.564s] -- Up-to-date: /root/ws_moveit/install/moveit_core/share/ament_index/resource_index/moveit_core__pluginlib__plugin/moveit_core
[0.565s] -- Up-to-date: /root/ws_moveit/install/moveit_core/share/moveit_core/cmake/moveit_coreTargetsExport.cmake
[0.565s] -- Up-to-date: /root/ws_moveit/install/moveit_core/share/moveit_core/cmake/moveit_coreTargetsExport-release.cmake
[0.565s] -- Up-to-date: /root/ws_moveit/install/moveit_core/share/moveit_core/cmake/ConfigExtras.cmake
[0.565s] -- Up-to-date: /root/ws_moveit/install/moveit_core/share/moveit_core/cmake/ament_cmake_export_targets-extras.cmake
[0.565s] -- Up-to-date: /root/ws_moveit/install/moveit_core/share/moveit_core/cmake/ament_cmake_export_dependencies-extras.cmake
[0.565s] -- Up-to-date: /root/ws_moveit/install/moveit_core/share/moveit_core/cmake/moveit_coreConfig.cmake
[0.565s] -- Up-to-date: /root/ws_moveit/install/moveit_core/share/moveit_core/cmake/moveit_coreConfig-version.cmake
[0.565s] -- Up-to-date: /root/ws_moveit/install/moveit_core/share/moveit_core/package.xml
[0.566s] Invoked command in '/root/ws_moveit/build/moveit_core' returned '0': CMAKE_PREFIX_PATH=/root/ws_moveit/install/moveit_resources_panda_moveit_config:/root/ws_moveit/install/moveit_resources_pr2_description:/root/ws_moveit/install/moveit_resources_panda_description:/root/ws_moveit/install/moveit_msgs:/root/ws_moveit/install/moveit_common:/root/ws_moveit/install/robotiq_hardware_tests:/root/ws_moveit/install/robotiq_driver:/root/ws_moveit/install/serial:/root/ws_moveit/install/moveit_visual_tools:/root/ws_moveit/install/rviz_visual_tools:/root/ws_moveit/install/moveit_task_constructor_demo:/root/ws_moveit/install/moveit_task_constructor_capabilities:/root/ws_moveit/install/moveit_task_constructor_core:/root/ws_moveit/install/rviz_marker_tools:/root/ws_moveit/install/kortex_bringup:/root/ws_moveit/install/kortex_description:/root/ws_moveit/install/robotiq_description:/root/ws_moveit/install/robotiq_controllers:/root/ws_moveit/install/pilz_industrial_motion_planner_testutils:/root/ws_moveit/install/moveit_runtime:/root/ws_moveit/install/moveit_planners:/root/ws_moveit/install/pilz_industrial_motion_planner:/root/ws_moveit/install/pick_ik:/root/ws_moveit/install/my_robot:/root/ws_moveit/install/moveit_task_constructor_msgs:/root/ws_moveit/install/moveit_ros_control_interface:/root/ws_moveit/install/moveit_plugins:/root/ws_moveit/install/moveit_simple_controller_manager:/root/ws_moveit/install/moveit_setup_framework:/root/ws_moveit/install/moveit_servo:/root/ws_moveit/install/moveit_ros:/root/ws_moveit/install/moveit_ros_visualization:/root/ws_moveit/install/moveit_py:/root/ws_moveit/install/moveit_hybrid_planning:/root/ws_moveit/install/moveit_ros_planning_interface:/root/ws_moveit/install/moveit_ros_benchmarks:/root/ws_moveit/install/moveit_ros_warehouse:/root/ws_moveit/install/moveit_ros_robot_interaction:/root/ws_moveit/install/moveit_ros_perception:/root/ws_moveit/install/moveit_resources_prbt_pg70_support:/root/ws_moveit/install/moveit_resources_prbt_moveit_config:/root/ws_moveit/install/moveit_ros_move_group:/root/ws_moveit/install/moveit_planners_ompl:/root/ws_moveit/install/moveit_kinematics:/root/ws_moveit/install/moveit_ros_planning:/root/ws_moveit/install/moveit_ros_occupancy_map_monitor:/root/ws_moveit/install/moveit_resources_prbt_support:/root/ws_moveit/install/moveit_resources_prbt_ikfast_manipulator_plugin:/root/ws_moveit/install/moveit_resources:/root/ws_moveit/install/dual_arm_panda_moveit_config:/root/ws_moveit/install/moveit_resources_fanuc_moveit_config:/root/ws_moveit/install/moveit_resources_fanuc_description:/root/ws_moveit/install/moveit_planners_stomp:/root/ws_moveit/install/moveit_planners_chomp:/root/ws_moveit/install/chomp_motion_planner:/root/ws_moveit/install/moveit_core:/root/ws_moveit/install/kortex_driver:/root/ws_moveit/install/kortex_api:/root/ws_moveit/install/moveit_configs_utils:/opt/ros/humble LD_LIBRARY_PATH=/root/ws_moveit/install/moveit_msgs/lib:/root/ws_moveit/install/robotiq_driver/lib:/root/ws_moveit/install/serial/lib:/root/ws_moveit/install/moveit_visual_tools/lib:/root/ws_moveit/install/rviz_visual_tools/lib:/root/ws_moveit/install/moveit_task_constructor_demo/lib:/root/ws_moveit/install/moveit_task_constructor_capabilities/lib:/root/ws_moveit/install/moveit_task_constructor_core/lib:/root/ws_moveit/install/rviz_marker_tools/lib:/root/ws_moveit/install/robotiq_controllers/lib:/root/ws_moveit/install/pilz_industrial_motion_planner_testutils/lib:/root/ws_moveit/install/pilz_industrial_motion_planner/lib:/root/ws_moveit/install/pick_ik/lib:/root/ws_moveit/install/moveit_task_constructor_msgs/lib:/root/ws_moveit/install/moveit_ros_control_interface/lib:/root/ws_moveit/install/moveit_simple_controller_manager/lib:/root/ws_moveit/install/moveit_setup_framework/lib:/root/ws_moveit/install/moveit_servo/lib:/root/ws_moveit/install/moveit_ros_visualization/lib:/root/ws_moveit/install/moveit_py/lib:/root/ws_moveit/install/moveit_hybrid_planning/lib:/root/ws_moveit/install/moveit_ros_planning_interface/lib:/root/ws_moveit/install/moveit_ros_benchmarks/lib:/root/ws_moveit/install/moveit_ros_warehouse/lib:/root/ws_moveit/install/moveit_ros_robot_interaction/lib:/root/ws_moveit/install/moveit_ros_perception/lib:/root/ws_moveit/install/moveit_ros_move_group/lib:/root/ws_moveit/install/moveit_planners_ompl/lib:/root/ws_moveit/install/moveit_kinematics/lib:/root/ws_moveit/install/moveit_ros_planning/lib:/root/ws_moveit/install/moveit_ros_occupancy_map_monitor/lib:/root/ws_moveit/install/moveit_resources_prbt_ikfast_manipulator_plugin/lib:/root/ws_moveit/install/moveit_planners_stomp/lib:/root/ws_moveit/install/moveit_planners_chomp/lib:/root/ws_moveit/install/chomp_motion_planner/lib:/root/ws_moveit/install/moveit_core/lib:/root/ws_moveit/install/kortex_driver/lib:/opt/ros/humble/opt/rviz_ogre_vendor/lib:/opt/ros/humble/lib/x86_64-linux-gnu:/opt/ros/humble/lib /usr/bin/cmake --install /root/ws_moveit/build/moveit_core
