[0.624s] Invoking command in '/root/ws_moveit/src/moveit2/moveit_configs_utils': PYTHONPATH=/root/ws_moveit/build/moveit_configs_utils/prefix_override:/usr/lib/python3/dist-packages/colcon_core/task/python/colcon_distutils_commands:/root/ws_moveit/install/moveit_configs_utils/lib/python3.10/site-packages:${PYTHONPATH} /usr/bin/python3 -W ignore:setup.py install is deprecated setup.py egg_info --egg-base ../../../build/moveit_configs_utils build --build-base /root/ws_moveit/build/moveit_configs_utils/build install --record /root/ws_moveit/build/moveit_configs_utils/install.log --single-version-externally-managed install_data
[0.784s] running egg_info
[0.785s] creating ../../../build/moveit_configs_utils/moveit_configs_utils.egg-info
[0.788s] writing ../../../build/moveit_configs_utils/moveit_configs_utils.egg-info/PKG-INFO
[0.790s] writing dependency_links to ../../../build/moveit_configs_utils/moveit_configs_utils.egg-info/dependency_links.txt
[0.791s] writing entry points to ../../../build/moveit_configs_utils/moveit_configs_utils.egg-info/entry_points.txt
[0.792s] writing requirements to ../../../build/moveit_configs_utils/moveit_configs_utils.egg-info/requires.txt
[0.792s] writing top-level names to ../../../build/moveit_configs_utils/moveit_configs_utils.egg-info/top_level.txt
[0.793s] writing manifest file '../../../build/moveit_configs_utils/moveit_configs_utils.egg-info/SOURCES.txt'
[0.793s] reading manifest file '../../../build/moveit_configs_utils/moveit_configs_utils.egg-info/SOURCES.txt'
[0.793s] writing manifest file '../../../build/moveit_configs_utils/moveit_configs_utils.egg-info/SOURCES.txt'
[0.793s] running build
[0.793s] running build_py
[0.793s] creating /root/ws_moveit/build/moveit_configs_utils/build
[0.793s] creating /root/ws_moveit/build/moveit_configs_utils/build/lib
[0.793s] creating /root/ws_moveit/build/moveit_configs_utils/build/lib/moveit_configs_utils
[0.793s] copying moveit_configs_utils/launch_utils.py -> /root/ws_moveit/build/moveit_configs_utils/build/lib/moveit_configs_utils
[0.794s] copying moveit_configs_utils/__init__.py -> /root/ws_moveit/build/moveit_configs_utils/build/lib/moveit_configs_utils
[0.794s] copying moveit_configs_utils/moveit_configs_builder.py -> /root/ws_moveit/build/moveit_configs_utils/build/lib/moveit_configs_utils
[0.794s] copying moveit_configs_utils/launches.py -> /root/ws_moveit/build/moveit_configs_utils/build/lib/moveit_configs_utils
[0.794s] creating /root/ws_moveit/build/moveit_configs_utils/build/lib/moveit_configs_utils/substitutions
[0.794s] copying moveit_configs_utils/substitutions/xacro.py -> /root/ws_moveit/build/moveit_configs_utils/build/lib/moveit_configs_utils/substitutions
[0.794s] copying moveit_configs_utils/substitutions/__init__.py -> /root/ws_moveit/build/moveit_configs_utils/build/lib/moveit_configs_utils/substitutions
[0.794s] running install
[0.795s] running install_lib
[0.795s] creating /root/ws_moveit/install/moveit_configs_utils/lib/python3.10/site-packages/moveit_configs_utils
[0.795s] copying /root/ws_moveit/build/moveit_configs_utils/build/lib/moveit_configs_utils/launch_utils.py -> /root/ws_moveit/install/moveit_configs_utils/lib/python3.10/site-packages/moveit_configs_utils
[0.795s] copying /root/ws_moveit/build/moveit_configs_utils/build/lib/moveit_configs_utils/__init__.py -> /root/ws_moveit/install/moveit_configs_utils/lib/python3.10/site-packages/moveit_configs_utils
[0.795s] copying /root/ws_moveit/build/moveit_configs_utils/build/lib/moveit_configs_utils/moveit_configs_builder.py -> /root/ws_moveit/install/moveit_configs_utils/lib/python3.10/site-packages/moveit_configs_utils
[0.795s] copying /root/ws_moveit/build/moveit_configs_utils/build/lib/moveit_configs_utils/launches.py -> /root/ws_moveit/install/moveit_configs_utils/lib/python3.10/site-packages/moveit_configs_utils
[0.795s] creating /root/ws_moveit/install/moveit_configs_utils/lib/python3.10/site-packages/moveit_configs_utils/substitutions
[0.795s] copying /root/ws_moveit/build/moveit_configs_utils/build/lib/moveit_configs_utils/substitutions/xacro.py -> /root/ws_moveit/install/moveit_configs_utils/lib/python3.10/site-packages/moveit_configs_utils/substitutions
[0.796s] copying /root/ws_moveit/build/moveit_configs_utils/build/lib/moveit_configs_utils/substitutions/__init__.py -> /root/ws_moveit/install/moveit_configs_utils/lib/python3.10/site-packages/moveit_configs_utils/substitutions
[0.800s] byte-compiling /root/ws_moveit/install/moveit_configs_utils/lib/python3.10/site-packages/moveit_configs_utils/launch_utils.py to launch_utils.cpython-310.pyc
[0.800s] byte-compiling /root/ws_moveit/install/moveit_configs_utils/lib/python3.10/site-packages/moveit_configs_utils/__init__.py to __init__.cpython-310.pyc
[0.800s] byte-compiling /root/ws_moveit/install/moveit_configs_utils/lib/python3.10/site-packages/moveit_configs_utils/moveit_configs_builder.py to moveit_configs_builder.cpython-310.pyc
[0.800s] byte-compiling /root/ws_moveit/install/moveit_configs_utils/lib/python3.10/site-packages/moveit_configs_utils/launches.py to launches.cpython-310.pyc
[0.800s] byte-compiling /root/ws_moveit/install/moveit_configs_utils/lib/python3.10/site-packages/moveit_configs_utils/substitutions/xacro.py to xacro.cpython-310.pyc
[0.801s] byte-compiling /root/ws_moveit/install/moveit_configs_utils/lib/python3.10/site-packages/moveit_configs_utils/substitutions/__init__.py to __init__.cpython-310.pyc
[0.801s] running install_data
[0.801s] creating /root/ws_moveit/install/moveit_configs_utils/share/ament_index
[0.801s] creating /root/ws_moveit/install/moveit_configs_utils/share/ament_index/resource_index
[0.801s] creating /root/ws_moveit/install/moveit_configs_utils/share/ament_index/resource_index/packages
[0.801s] copying resource/moveit_configs_utils -> /root/ws_moveit/install/moveit_configs_utils/share/ament_index/resource_index/packages
[0.804s] copying package.xml -> /root/ws_moveit/install/moveit_configs_utils/share/moveit_configs_utils
[0.804s] creating /root/ws_moveit/install/moveit_configs_utils/share/moveit_configs_utils/default_configs
[0.804s] copying default_configs/ompl_defaults.yaml -> /root/ws_moveit/install/moveit_configs_utils/share/moveit_configs_utils/default_configs
[0.804s] copying default_configs/chomp_planning.yaml -> /root/ws_moveit/install/moveit_configs_utils/share/moveit_configs_utils/default_configs
[0.804s] copying default_configs/ompl_planning.yaml -> /root/ws_moveit/install/moveit_configs_utils/share/moveit_configs_utils/default_configs
[0.804s] copying default_configs/pilz_industrial_motion_planner_planning.yaml -> /root/ws_moveit/install/moveit_configs_utils/share/moveit_configs_utils/default_configs
[0.804s] copying default_configs/stomp_planning.yaml -> /root/ws_moveit/install/moveit_configs_utils/share/moveit_configs_utils/default_configs
[0.804s] running install_egg_info
[0.806s] Copying ../../../build/moveit_configs_utils/moveit_configs_utils.egg-info to /root/ws_moveit/install/moveit_configs_utils/lib/python3.10/site-packages/moveit_configs_utils-2.9.0-py3.10.egg-info
[0.806s] running install_scripts
[0.823s] writing list of installed files to '/root/ws_moveit/build/moveit_configs_utils/install.log'
[0.885s] Invoked command in '/root/ws_moveit/src/moveit2/moveit_configs_utils' returned '0': PYTHONPATH=/root/ws_moveit/build/moveit_configs_utils/prefix_override:/usr/lib/python3/dist-packages/colcon_core/task/python/colcon_distutils_commands:/root/ws_moveit/install/moveit_configs_utils/lib/python3.10/site-packages:${PYTHONPATH} /usr/bin/python3 -W ignore:setup.py install is deprecated setup.py egg_info --egg-base ../../../build/moveit_configs_utils build --build-base /root/ws_moveit/build/moveit_configs_utils/build install --record /root/ws_moveit/build/moveit_configs_utils/install.log --single-version-externally-managed install_data
