[0.206s] Invoking command in '/root/ws_moveit/build/my_robot': CMAKE_PREFIX_PATH=${CMAKE_PREFIX_PATH}:/root/ws_moveit/install/moveit_configs_utils:/opt/ros/humble /usr/bin/cmake --build /root/ws_moveit/build/my_robot -- -j20 -l20
[0.292s] Invoked command in '/root/ws_moveit/build/my_robot' returned '0': CMAKE_PREFIX_PATH=${CMAKE_PREFIX_PATH}:/root/ws_moveit/install/moveit_configs_utils:/opt/ros/humble /usr/bin/cmake --build /root/ws_moveit/build/my_robot -- -j20 -l20
[0.360s] Invoking command in '/root/ws_moveit/build/my_robot': CMAKE_PREFIX_PATH=${CMAKE_PREFIX_PATH}:/root/ws_moveit/install/moveit_configs_utils:/opt/ros/humble /usr/bin/cmake --install /root/ws_moveit/build/my_robot
[0.394s] -- Install configuration: ""
[0.394s] -- Up-to-date: /root/ws_moveit/install/my_robot/share/ament_index/resource_index/package_run_dependencies/my_robot
[0.394s] -- Up-to-date: /root/ws_moveit/install/my_robot/share/ament_index/resource_index/parent_prefix_path/my_robot
[0.394s] -- Up-to-date: /root/ws_moveit/install/my_robot/share/my_robot/environment/ament_prefix_path.sh
[0.394s] -- Up-to-date: /root/ws_moveit/install/my_robot/share/my_robot/environment/ament_prefix_path.dsv
[0.395s] -- Up-to-date: /root/ws_moveit/install/my_robot/share/my_robot/environment/path.sh
[0.395s] -- Up-to-date: /root/ws_moveit/install/my_robot/share/my_robot/environment/path.dsv
[0.395s] -- Up-to-date: /root/ws_moveit/install/my_robot/share/my_robot/local_setup.bash
[0.395s] -- Up-to-date: /root/ws_moveit/install/my_robot/share/my_robot/local_setup.sh
[0.395s] -- Up-to-date: /root/ws_moveit/install/my_robot/share/my_robot/local_setup.zsh
[0.395s] -- Up-to-date: /root/ws_moveit/install/my_robot/share/my_robot/local_setup.dsv
[0.395s] -- Up-to-date: /root/ws_moveit/install/my_robot/share/my_robot/package.dsv
[0.395s] -- Up-to-date: /root/ws_moveit/install/my_robot/share/ament_index/resource_index/packages/my_robot
[0.395s] -- Up-to-date: /root/ws_moveit/install/my_robot/share/my_robot/cmake/my_robotConfig.cmake
[0.395s] -- Up-to-date: /root/ws_moveit/install/my_robot/share/my_robot/cmake/my_robotConfig-version.cmake
[0.395s] -- Up-to-date: /root/ws_moveit/install/my_robot/share/my_robot/package.xml
[0.421s] Invoked command in '/root/ws_moveit/build/my_robot' returned '0': CMAKE_PREFIX_PATH=${CMAKE_PREFIX_PATH}:/root/ws_moveit/install/moveit_configs_utils:/opt/ros/humble /usr/bin/cmake --install /root/ws_moveit/build/my_robot
