[  1%] [34m[1mAutomatic MOC for target motion_planning_tasks_utils[0m
[  3%] [34m[1mAutomatic MOC for target moveit_task_visualization_tools[0m
[  4%] [34m[1mAutomatic MOC for target motion_planning_tasks_properties[0m
[  6%] [34m[1mAutomatic MOC for target gmock[0m
[  6%] Built target motion_planning_tasks_utils_autogen
[  6%] Built target motion_planning_tasks_properties_autogen
[  7%] [34m[1mAutomatic MOC for target gtest_main[0m
[  7%] Built target moveit_task_visualization_tools_autogen
[  9%] [34m[1mAutomatic MOC for target gmock_main[0m
[  9%] Built target gmock_autogen
[35m[1mConsolidate compiler generated dependencies of target motion_planning_tasks_utils[0m
[ 10%] [34m[1mAutomatic MOC for target gtest[0m
[35m[1mConsolidate compiler generated dependencies of target moveit_task_visualization_tools[0m
[35m[1mConsolidate compiler generated dependencies of target gmock[0m
[35m[1mConsolidate compiler generated dependencies of target motion_planning_tasks_properties[0m
[ 18%] Built target motion_planning_tasks_utils
[ 24%] Built target gmock
[ 24%] Built target gtest_main_autogen
[ 24%] Built target gmock_main_autogen
[ 30%] Built target motion_planning_tasks_properties
[ 40%] Built target moveit_task_visualization_tools
[35m[1mConsolidate compiler generated dependencies of target gmock_main[0m
[35m[1mConsolidate compiler generated dependencies of target gtest_main[0m
[ 40%] Built target gtest_autogen
[ 44%] Built target gtest_main
[ 49%] Built target gmock_main
[35m[1mConsolidate compiler generated dependencies of target gtest[0m
[ 50%] [34m[1mAutomatic MOC for target motion_planning_tasks_rviz_plugin[0m
[ 55%] Built target gtest
[ 55%] Built target motion_planning_tasks_rviz_plugin_autogen
[ 56%] [34m[1mAutomatic MOC for target moveit_task_constructor_visualization-test-merge-models[0m
[35m[1mConsolidate compiler generated dependencies of target motion_planning_tasks_rviz_plugin[0m
[ 56%] Built target moveit_task_constructor_visualization-test-merge-models_autogen
[ 58%] [32mBuilding CXX object motion_planning_tasks/src/CMakeFiles/motion_planning_tasks_rviz_plugin.dir/meta_task_list_model.cpp.o[0m
[ 60%] [32mBuilding CXX object motion_planning_tasks/src/CMakeFiles/motion_planning_tasks_rviz_plugin.dir/task_list_model.cpp.o[0m
[ 61%] [32mBuilding CXX object motion_planning_tasks/src/CMakeFiles/motion_planning_tasks_rviz_plugin.dir/task_display.cpp.o[0m
[ 63%] [32mBuilding CXX object motion_planning_tasks/src/CMakeFiles/motion_planning_tasks_rviz_plugin.dir/remote_task_model.cpp.o[0m
[35m[1mConsolidate compiler generated dependencies of target moveit_task_constructor_visualization-test-merge-models[0m
[ 64%] [32mBuilding CXX object motion_planning_tasks/src/CMakeFiles/motion_planning_tasks_rviz_plugin.dir/task_panel.cpp.o[0m
[ 69%] Built target moveit_task_constructor_visualization-test-merge-models
