[0.162s] Invoking command in '/root/ws_moveit/build/my_robot': CMAKE_PREFIX_PATH=${CMAKE_PREFIX_PATH}:/root/ws_moveit/install/robotiq_driver:/root/ws_moveit/install/moveit_configs_utils:/opt/ros/humble /usr/bin/cmake /root/ws_moveit/src/my_robot -DCMAKE_INSTALL_PREFIX=/root/ws_moveit/install/my_robot
[0.206s] -- The C compiler identification is GNU 11.4.0
[0.255s] -- The CXX compiler identification is GNU 11.4.0
[0.260s] -- Detecting C compiler ABI info
[0.323s] -- Detecting C compiler ABI info - done
[0.327s] -- Check for working C compiler: /usr/bin/cc - skipped
[0.327s] -- Detecting C compile features
[0.327s] -- Detecting C compile features - done
[0.329s] -- Detecting CXX compiler ABI info
[0.406s] -- Detecting CXX compiler ABI info - done
[0.414s] -- Check for working CXX compiler: /usr/bin/c++ - skipped
[0.414s] -- Detecting CXX compile features
[0.414s] -- Detecting CXX compile features - done
[0.419s] -- Found ament_cmake: 1.3.9 (/opt/ros/humble/share/ament_cmake/cmake)
[0.557s] -- Found Python3: /usr/bin/python3 (found version "3.10.12") found components: Interpreter 
[0.678s] -- Found ament_lint_auto: 0.12.11 (/opt/ros/humble/share/ament_lint_auto/cmake)
[0.788s] -- Added test 'lint_cmake' to check CMake code style
[0.789s] -- Added test 'xmllint' to check XML markup files
[0.792s] -- Configuring done
[0.792s] -- Generating done
[0.792s] -- Build files have been written to: /root/ws_moveit/build/my_robot
[0.805s] Invoked command in '/root/ws_moveit/build/my_robot' returned '0': CMAKE_PREFIX_PATH=${CMAKE_PREFIX_PATH}:/root/ws_moveit/install/robotiq_driver:/root/ws_moveit/install/moveit_configs_utils:/opt/ros/humble /usr/bin/cmake /root/ws_moveit/src/my_robot -DCMAKE_INSTALL_PREFIX=/root/ws_moveit/install/my_robot
[0.807s] Invoking command in '/root/ws_moveit/build/my_robot': CMAKE_PREFIX_PATH=${CMAKE_PREFIX_PATH}:/root/ws_moveit/install/robotiq_driver:/root/ws_moveit/install/moveit_configs_utils:/opt/ros/humble /usr/bin/cmake --build /root/ws_moveit/build/my_robot -- -j20 -l20
[0.859s] Invoked command in '/root/ws_moveit/build/my_robot' returned '0': CMAKE_PREFIX_PATH=${CMAKE_PREFIX_PATH}:/root/ws_moveit/install/robotiq_driver:/root/ws_moveit/install/moveit_configs_utils:/opt/ros/humble /usr/bin/cmake --build /root/ws_moveit/build/my_robot -- -j20 -l20
[0.900s] Invoking command in '/root/ws_moveit/build/my_robot': CMAKE_PREFIX_PATH=${CMAKE_PREFIX_PATH}:/root/ws_moveit/install/robotiq_driver:/root/ws_moveit/install/moveit_configs_utils:/opt/ros/humble /usr/bin/cmake --install /root/ws_moveit/build/my_robot
[0.904s] -- Install configuration: ""
[0.905s] -- Installing: /root/ws_moveit/install/my_robot/share/ament_index/resource_index/package_run_dependencies/my_robot
[0.905s] -- Installing: /root/ws_moveit/install/my_robot/share/ament_index/resource_index/parent_prefix_path/my_robot
[0.906s] -- Installing: /root/ws_moveit/install/my_robot/share/my_robot/environment/ament_prefix_path.sh
[0.906s] -- Installing: /root/ws_moveit/install/my_robot/share/my_robot/environment/ament_prefix_path.dsv
[0.906s] -- Installing: /root/ws_moveit/install/my_robot/share/my_robot/environment/path.sh
[0.906s] -- Installing: /root/ws_moveit/install/my_robot/share/my_robot/environment/path.dsv
[0.907s] -- Installing: /root/ws_moveit/install/my_robot/share/my_robot/local_setup.bash
[0.907s] -- Installing: /root/ws_moveit/install/my_robot/share/my_robot/local_setup.sh
[0.907s] -- Installing: /root/ws_moveit/install/my_robot/share/my_robot/local_setup.zsh
[0.907s] -- Installing: /root/ws_moveit/install/my_robot/share/my_robot/local_setup.dsv
[0.907s] -- Installing: /root/ws_moveit/install/my_robot/share/my_robot/package.dsv
[0.907s] -- Installing: /root/ws_moveit/install/my_robot/share/ament_index/resource_index/packages/my_robot
[0.907s] -- Installing: /root/ws_moveit/install/my_robot/share/my_robot/cmake/my_robotConfig.cmake
[0.907s] -- Installing: /root/ws_moveit/install/my_robot/share/my_robot/cmake/my_robotConfig-version.cmake
[0.907s] -- Installing: /root/ws_moveit/install/my_robot/share/my_robot/package.xml
[0.918s] Invoked command in '/root/ws_moveit/build/my_robot' returned '0': CMAKE_PREFIX_PATH=${CMAKE_PREFIX_PATH}:/root/ws_moveit/install/robotiq_driver:/root/ws_moveit/install/moveit_configs_utils:/opt/ros/humble /usr/bin/cmake --install /root/ws_moveit/build/my_robot
