[0.213s] Invoking command in '/root/ws_moveit/build/moveit_resources_fanuc_description': CMAKE_PREFIX_PATH=${CMAKE_PREFIX_PATH}:/root/ws_moveit/install/moveit_configs_utils:/opt/ros/humble /usr/bin/cmake --build /root/ws_moveit/build/moveit_resources_fanuc_description -- -j20 -l20
[0.259s] Invoked command in '/root/ws_moveit/build/moveit_resources_fanuc_description' returned '0': CMAKE_PREFIX_PATH=${CMAKE_PREFIX_PATH}:/root/ws_moveit/install/moveit_configs_utils:/opt/ros/humble /usr/bin/cmake --build /root/ws_moveit/build/moveit_resources_fanuc_description -- -j20 -l20
[0.332s] Invoking command in '/root/ws_moveit/build/moveit_resources_fanuc_description': CMAKE_PREFIX_PATH=${CMAKE_PREFIX_PATH}:/root/ws_moveit/install/moveit_configs_utils:/opt/ros/humble /usr/bin/cmake --install /root/ws_moveit/build/moveit_resources_fanuc_description
[0.363s] -- Install configuration: ""
[0.364s] -- Up-to-date: /root/ws_moveit/install/moveit_resources_fanuc_description/share/ament_index/resource_index/package_run_dependencies/moveit_resources_fanuc_description
[0.364s] -- Up-to-date: /root/ws_moveit/install/moveit_resources_fanuc_description/share/ament_index/resource_index/parent_prefix_path/moveit_resources_fanuc_description
[0.365s] -- Up-to-date: /root/ws_moveit/install/moveit_resources_fanuc_description/share/moveit_resources_fanuc_description/environment/ament_prefix_path.sh
[0.366s] -- Up-to-date: /root/ws_moveit/install/moveit_resources_fanuc_description/share/moveit_resources_fanuc_description/environment/ament_prefix_path.dsv
[0.366s] -- Up-to-date: /root/ws_moveit/install/moveit_resources_fanuc_description/share/moveit_resources_fanuc_description/environment/path.sh
[0.366s] -- Up-to-date: /root/ws_moveit/install/moveit_resources_fanuc_description/share/moveit_resources_fanuc_description/environment/path.dsv
[0.370s] -- Up-to-date: /root/ws_moveit/install/moveit_resources_fanuc_description/share/moveit_resources_fanuc_description/local_setup.bash
[0.370s] -- Up-to-date: /root/ws_moveit/install/moveit_resources_fanuc_description/share/moveit_resources_fanuc_description/local_setup.sh
[0.370s] -- Up-to-date: /root/ws_moveit/install/moveit_resources_fanuc_description/share/moveit_resources_fanuc_description/local_setup.zsh
[0.370s] -- Up-to-date: /root/ws_moveit/install/moveit_resources_fanuc_description/share/moveit_resources_fanuc_description/local_setup.dsv
[0.370s] -- Installing: /root/ws_moveit/install/moveit_resources_fanuc_description/share/moveit_resources_fanuc_description/package.dsv
[0.371s] -- Up-to-date: /root/ws_moveit/install/moveit_resources_fanuc_description/share/ament_index/resource_index/packages/moveit_resources_fanuc_description
[0.372s] -- Up-to-date: /root/ws_moveit/install/moveit_resources_fanuc_description/share/moveit_resources_fanuc_description/cmake/moveit_resources_fanuc_descriptionConfig.cmake
[0.372s] -- Up-to-date: /root/ws_moveit/install/moveit_resources_fanuc_description/share/moveit_resources_fanuc_description/cmake/moveit_resources_fanuc_descriptionConfig-version.cmake
[0.372s] -- Up-to-date: /root/ws_moveit/install/moveit_resources_fanuc_description/share/moveit_resources_fanuc_description/package.xml
[0.372s] -- Up-to-date: /root/ws_moveit/install/moveit_resources_fanuc_description/share/moveit_resources_fanuc_description/meshes
[0.373s] -- Up-to-date: /root/ws_moveit/install/moveit_resources_fanuc_description/share/moveit_resources_fanuc_description/meshes/visual
[0.374s] -- Up-to-date: /root/ws_moveit/install/moveit_resources_fanuc_description/share/moveit_resources_fanuc_description/meshes/visual/link_3.stl
[0.374s] -- Up-to-date: /root/ws_moveit/install/moveit_resources_fanuc_description/share/moveit_resources_fanuc_description/meshes/visual/link_4.stl
[0.374s] -- Up-to-date: /root/ws_moveit/install/moveit_resources_fanuc_description/share/moveit_resources_fanuc_description/meshes/visual/base_link.stl
[0.374s] -- Up-to-date: /root/ws_moveit/install/moveit_resources_fanuc_description/share/moveit_resources_fanuc_description/meshes/visual/link_2.stl
[0.374s] -- Up-to-date: /root/ws_moveit/install/moveit_resources_fanuc_description/share/moveit_resources_fanuc_description/meshes/visual/link_6.stl
[0.374s] -- Up-to-date: /root/ws_moveit/install/moveit_resources_fanuc_description/share/moveit_resources_fanuc_description/meshes/visual/link_1.stl
[0.374s] -- Up-to-date: /root/ws_moveit/install/moveit_resources_fanuc_description/share/moveit_resources_fanuc_description/meshes/visual/link_5.stl
[0.374s] -- Up-to-date: /root/ws_moveit/install/moveit_resources_fanuc_description/share/moveit_resources_fanuc_description/meshes/collision
[0.374s] -- Up-to-date: /root/ws_moveit/install/moveit_resources_fanuc_description/share/moveit_resources_fanuc_description/meshes/collision/link_3.stl
[0.374s] -- Up-to-date: /root/ws_moveit/install/moveit_resources_fanuc_description/share/moveit_resources_fanuc_description/meshes/collision/link_4.stl
[0.374s] -- Up-to-date: /root/ws_moveit/install/moveit_resources_fanuc_description/share/moveit_resources_fanuc_description/meshes/collision/base_link.stl
[0.375s] -- Up-to-date: /root/ws_moveit/install/moveit_resources_fanuc_description/share/moveit_resources_fanuc_description/meshes/collision/link_2.stl
[0.375s] -- Up-to-date: /root/ws_moveit/install/moveit_resources_fanuc_description/share/moveit_resources_fanuc_description/meshes/collision/link_6.stl
[0.375s] -- Up-to-date: /root/ws_moveit/install/moveit_resources_fanuc_description/share/moveit_resources_fanuc_description/meshes/collision/link_1.stl
[0.375s] -- Up-to-date: /root/ws_moveit/install/moveit_resources_fanuc_description/share/moveit_resources_fanuc_description/meshes/collision/link_5.stl
[0.375s] -- Up-to-date: /root/ws_moveit/install/moveit_resources_fanuc_description/share/moveit_resources_fanuc_description/urdf
[0.375s] -- Up-to-date: /root/ws_moveit/install/moveit_resources_fanuc_description/share/moveit_resources_fanuc_description/urdf/fanuc.urdf
[0.415s] Invoked command in '/root/ws_moveit/build/moveit_resources_fanuc_description' returned '0': CMAKE_PREFIX_PATH=${CMAKE_PREFIX_PATH}:/root/ws_moveit/install/moveit_configs_utils:/opt/ros/humble /usr/bin/cmake --install /root/ws_moveit/build/moveit_resources_fanuc_description
