-- Found moveit_common: 2.9.0 (/root/ws_moveit/install/moveit_common/share/moveit_common/cmake)
-- Found ament_cmake: 1.3.9 (/opt/ros/humble/share/ament_cmake/cmake)
-- Override CMake install command with custom implementation using symlinks instead of copying resources
-- Could NOT find libbfd (missing: LIBBFD_LIBRARY LIBBFD_INCLUDE_DIR) 
-- BACKWARD_HAS_UNWIND=1
-- BACKWARD_HAS_BACKTRACE=0
-- BACKWARD_HAS_BACKTRACE_SYMBOL=0
-- BACKWARD_HAS_DW=1
-- BACKWARD_HAS_BFD=0
-- Found Backward: /opt/ros/humble/share/backward_ros/cmake  
[0mmoveit_servo: You did not request a specific build type: Choosing 'Release' for maximum performance[0m
-- Found generate_parameter_library: 0.3.8 (/opt/ros/humble/share/generate_parameter_library/cmake)
-- Found parameter_traits: 0.3.8 (/opt/ros/humble/share/parameter_traits/cmake)
-- Found rosidl_generator_c: 3.1.5 (/opt/ros/humble/share/rosidl_generator_c/cmake)
-- Found rosidl_adapter: 3.1.5 (/opt/ros/humble/share/rosidl_adapter/cmake)
-- Found rosidl_generator_cpp: 3.1.5 (/opt/ros/humble/share/rosidl_generator_cpp/cmake)
-- Using all available rosidl_typesupport_c: rosidl_typesupport_fastrtps_c;rosidl_typesupport_introspection_c
-- Using all available rosidl_typesupport_cpp: rosidl_typesupport_fastrtps_cpp;rosidl_typesupport_introspection_cpp
-- Found rmw_implementation_cmake: 6.1.2 (/opt/ros/humble/share/rmw_implementation_cmake/cmake)
-- Found rmw_fastrtps_cpp: 6.2.6 (/opt/ros/humble/share/rmw_fastrtps_cpp/cmake)
-- Using RMW implementation 'rmw_fastrtps_cpp' as default
-- Found rclcpp_lifecycle: 16.0.9 (/opt/ros/humble/share/rclcpp_lifecycle/cmake)
-- Found control_msgs: 4.6.0 (/opt/ros/humble/share/control_msgs/cmake)
-- Found moveit_core: 2.9.0 (/root/ws_moveit/install/moveit_core/share/moveit_core/cmake)
-- Found Boost: /usr/lib/x86_64-linux-gnu/cmake/Boost-1.74.0/BoostConfig.cmake (found version "1.74.0") found components: chrono date_time filesystem iostreams program_options regex serialization system thread 
-- Found Boost: /usr/lib/x86_64-linux-gnu/cmake/Boost-1.74.0/BoostConfig.cmake (found version "1.74.0") found components: filesystem 
-- library: /usr/lib/x86_64-linux-gnu/libcurl.so
-- Ensuring Eigen3 include directory is part of orocos-kdl CMake target
-- Found moveit_ros_planning: 2.9.0 (/root/ws_moveit/install/moveit_ros_planning/share/moveit_ros_planning/cmake)
-- Found Boost: /usr/lib/x86_64-linux-gnu/cmake/Boost-1.74.0/BoostConfig.cmake (found version "1.74.0") found components: system filesystem date_time program_options thread chrono 
-- Found moveit_ros_planning_interface: 2.9.0 (/root/ws_moveit/install/moveit_ros_planning_interface/share/moveit_ros_planning_interface/cmake)
-- Found Boost: /usr/lib/x86_64-linux-gnu/cmake/Boost-1.74.0/BoostConfig.cmake (found version "1.74.0") found components: date_time filesystem program_options system thread 
-- Found Boost: /usr/lib/x86_64-linux-gnu/cmake/Boost-1.74.0/BoostConfig.cmake (found version "1.74.0") found components: thread system filesystem regex date_time program_options 
-- Found Boost: /usr/lib/x86_64-linux-gnu/cmake/Boost-1.74.0/BoostConfig.cmake (found version "1.74.0") found components: system filesystem date_time program_options thread 
-- Found realtime_tools: 2.5.0 (/opt/ros/humble/share/realtime_tools/cmake)
-- Found ament_cmake_gtest: 1.3.9 (/opt/ros/humble/share/ament_cmake_gtest/cmake)
-- Found ros_testing: 0.4.0 (/opt/ros/humble/share/ros_testing/cmake)
-- Found launch_testing_ament_cmake: 1.0.6 (/opt/ros/humble/share/launch_testing_ament_cmake/cmake)
-- Found python_cmake_module: 0.10.0 (/opt/ros/humble/share/python_cmake_module/cmake)
-- Using PYTHON_EXECUTABLE: /usr/bin/python3
-- Using PYTHON_INCLUDE_DIRS: /usr/include/python3.10
-- Using PYTHON_LIBRARIES: /usr/lib/x86_64-linux-gnu/libpython3.10.so
-- Found gtest sources under '/opt/ros/humble/src/gtest_vendor': C++ tests using 'Google Test' will be built
-- Configuring done
-- Generating done
-- Build files have been written to: /root/ws_moveit/build/moveit_servo
[35m[1mConsolidate compiler generated dependencies of target servo_keyboard_input[0m
[35m[1mConsolidate compiler generated dependencies of target gtest[0m
[35m[1mConsolidate compiler generated dependencies of target gtest_main[0m
[35m[1mConsolidate compiler generated dependencies of target servo_node[0m
[  3%] Built target moveit_servo_lib_parameters
[ 10%] Built target gtest_main
[ 17%] Built target gtest
[ 21%] [32m[1mLinking CXX executable servo_keyboard_input[0m
[ 25%] [32m[1mLinking CXX executable servo_node[0m
[35m[1mConsolidate compiler generated dependencies of target moveit_servo_ros_integration_test[0m
[35m[1mConsolidate compiler generated dependencies of target moveit_servo_lib_cpp[0m
[ 32%] Built target moveit_servo_ros_integration_test
[ 50%] Built target moveit_servo_lib_cpp
[35m[1mConsolidate compiler generated dependencies of target demo_twist[0m
[35m[1mConsolidate compiler generated dependencies of target moveit_servo_lib_ros[0m
[35m[1mConsolidate compiler generated dependencies of target moveit_servo_utils_test[0m
[35m[1mConsolidate compiler generated dependencies of target demo_pose[0m
[35m[1mConsolidate compiler generated dependencies of target moveit_servo_cpp_integration_test[0m
[35m[1mConsolidate compiler generated dependencies of target demo_joint_jog[0m
[ 53%] [32m[1mLinking CXX executable demo_twist[0m
[ 60%] Built target moveit_servo_lib_ros
[ 64%] [32m[1mLinking CXX executable demo_joint_jog[0m
[ 67%] [32m[1mLinking CXX executable demo_pose[0m
[ 75%] Built target moveit_servo_utils_test
[ 82%] Built target moveit_servo_cpp_integration_test
[ 85%] Built target servo_node
[ 89%] Built target servo_keyboard_input
[ 92%] Built target demo_twist
[ 96%] Built target demo_pose
[100%] Built target demo_joint_jog
-- Install configuration: "Release"
-- Execute custom install script
-- Symlinking: /root/ws_moveit/install/moveit_servo/include/moveit_servo_lib_parameters/moveit_servo_lib_parameters.hpp
-- Symlinking: /root/ws_moveit/install/moveit_servo/lib/moveit_servo/servo_node
-- Symlinking: /root/ws_moveit/install/moveit_servo/lib/moveit_servo/demo_joint_jog
-- Symlinking: /root/ws_moveit/install/moveit_servo/lib/moveit_servo/demo_twist
-- Symlinking: /root/ws_moveit/install/moveit_servo/lib/moveit_servo/demo_pose
-- Up-to-date symlink: /root/ws_moveit/install/moveit_servo/lib/moveit_servo/servo_node
-- Symlinking: /root/ws_moveit/install/moveit_servo/lib/moveit_servo/servo_keyboard_input
-- Symlinking: /root/ws_moveit/install/moveit_servo/include/moveit_servo/moveit_servo/collision_monitor.hpp
-- Symlinking: /root/ws_moveit/install/moveit_servo/include/moveit_servo/moveit_servo/servo.hpp
-- Symlinking: /root/ws_moveit/install/moveit_servo/include/moveit_servo/moveit_servo/servo_node.hpp
-- Symlinking: /root/ws_moveit/install/moveit_servo/include/moveit_servo/moveit_servo/utils/command.hpp
-- Symlinking: /root/ws_moveit/install/moveit_servo/include/moveit_servo/moveit_servo/utils/common.hpp
-- Symlinking: /root/ws_moveit/install/moveit_servo/include/moveit_servo/moveit_servo/utils/datatypes.hpp
-- Symlinking: /root/ws_moveit/install/moveit_servo/share/moveit_servo/launch/demo_joint_jog.launch.py
-- Symlinking: /root/ws_moveit/install/moveit_servo/share/moveit_servo/launch/demo_pose.launch.py
-- Symlinking: /root/ws_moveit/install/moveit_servo/share/moveit_servo/launch/demo_ros_api.launch.py
-- Symlinking: /root/ws_moveit/install/moveit_servo/share/moveit_servo/launch/demo_twist.launch.py
-- Symlinking: /root/ws_moveit/install/moveit_servo/share/moveit_servo/config/demo_rviz_config.rviz
-- Symlinking: /root/ws_moveit/install/moveit_servo/share/moveit_servo/config/demo_rviz_config_ros.rviz
-- Symlinking: /root/ws_moveit/install/moveit_servo/share/moveit_servo/config/panda_simulated_config.yaml
-- Symlinking: /root/ws_moveit/install/moveit_servo/share/moveit_servo/config/servo_parameters.yaml
-- Symlinking: /root/ws_moveit/install/moveit_servo/share/moveit_servo/config/test_config_panda.yaml
-- Symlinking: /root/ws_moveit/install/moveit_servo/share/moveit_servo/environment/library_path.sh
-- Symlinking: /root/ws_moveit/install/moveit_servo/share/moveit_servo/environment/library_path.dsv
-- Symlinking: /root/ws_moveit/install/moveit_servo/share/ament_index/resource_index/package_run_dependencies/moveit_servo
-- Symlinking: /root/ws_moveit/install/moveit_servo/share/ament_index/resource_index/parent_prefix_path/moveit_servo
-- Symlinking: /root/ws_moveit/install/moveit_servo/share/moveit_servo/environment/ament_prefix_path.sh
-- Symlinking: /root/ws_moveit/install/moveit_servo/share/moveit_servo/environment/ament_prefix_path.dsv
-- Symlinking: /root/ws_moveit/install/moveit_servo/share/moveit_servo/environment/path.sh
-- Symlinking: /root/ws_moveit/install/moveit_servo/share/moveit_servo/environment/path.dsv
-- Symlinking: /root/ws_moveit/install/moveit_servo/share/moveit_servo/local_setup.bash
-- Symlinking: /root/ws_moveit/install/moveit_servo/share/moveit_servo/local_setup.sh
-- Symlinking: /root/ws_moveit/install/moveit_servo/share/moveit_servo/local_setup.zsh
-- Symlinking: /root/ws_moveit/install/moveit_servo/share/moveit_servo/local_setup.dsv
-- Symlinking: /root/ws_moveit/install/moveit_servo/share/moveit_servo/package.dsv
-- Symlinking: /root/ws_moveit/install/moveit_servo/share/ament_index/resource_index/packages/moveit_servo
-- Symlinking: /root/ws_moveit/install/moveit_servo/share/ament_index/resource_index/rclcpp_components/moveit_servo
-- Symlinking: /root/ws_moveit/install/moveit_servo/share/moveit_servo/cmake/ament_cmake_export_targets-extras.cmake
-- Symlinking: /root/ws_moveit/install/moveit_servo/share/moveit_servo/cmake/ament_cmake_export_dependencies-extras.cmake
-- Symlinking: /root/ws_moveit/install/moveit_servo/share/moveit_servo/cmake/moveit_servoConfig.cmake
-- Symlinking: /root/ws_moveit/install/moveit_servo/share/moveit_servo/cmake/moveit_servoConfig-version.cmake
-- Symlinking: /root/ws_moveit/install/moveit_servo/share/moveit_servo/package.xml
-- Up-to-date: /root/ws_moveit/install/moveit_servo/lib/libmoveit_servo_lib_cpp.so.2.9.0
-- Up-to-date: /root/ws_moveit/install/moveit_servo/lib/libmoveit_servo_lib_cpp.so
-- Up-to-date: /root/ws_moveit/install/moveit_servo/lib/libmoveit_servo_lib_ros.so.2.9.0
-- Up-to-date: /root/ws_moveit/install/moveit_servo/lib/libmoveit_servo_lib_ros.so
-- Up-to-date: /root/ws_moveit/install/moveit_servo/share/moveit_servo/cmake/moveit_servoTargetsExport.cmake
-- Up-to-date: /root/ws_moveit/install/moveit_servo/share/moveit_servo/cmake/moveit_servoTargetsExport-release.cmake
